[01m[K/root/jky/racer_explore/src/RACER/swarm_exploration/path_searching/src/astar2.cpp:[m[K In member function ‘[01m[Kint fast_planner::Astar::search(const Vector3d&, const Vector3d&, bool)[m[K’:
[01m[K/root/jky/racer_explore/src/RACER/swarm_exploration/path_searching/src/astar2.cpp:48:48:[m[K [01;31m[Kerror: [m[K‘[01m[Kusing element_type = class fast_planner::SDFMap[m[K’ {aka ‘[01m[Kclass fast_planner::SDFMap[m[K’} has no member named ‘[01m[KgetGroundHeight[m[K’
   48 |     const double fixed_z = edt_env_->sdf_map_->[01;31m[KgetGroundHeight[m[K();
      |                                                [01;31m[K^~~~~~~~~~~~~~~[m[K
[01m[K/root/jky/racer_explore/src/RACER/swarm_exploration/path_searching/src/astar2.cpp:56:5:[m[K [01;31m[Kerror: [m[K‘[01m[KposToIndex2D[m[K’ was not declared in this scope; did you mean ‘[01m[KposToIndex[m[K’?
   56 |     [01;31m[KposToIndex2D[m[K(cur_node->position, start_idx);
      |     [01;31m[K^~~~~~~~~~~~[m[K
      |     [32m[KposToIndex[m[K
[01m[K/root/jky/racer_explore/src/RACER/swarm_exploration/path_searching/src/astar2.cpp:59:39:[m[K [01;31m[Kerror: [m[K‘[01m[KgetDiagHeu2D[m[K’ was not declared in this scope; did you mean ‘[01m[KgetDiagHeu[m[K’?
   59 |     cur_node->f_score = lambda_heu_ * [01;31m[KgetDiagHeu2D[m[K(cur_node->position, end_pt);
      |                                       [01;31m[K^~~~~~~~~~~~[m[K
      |                                       [32m[KgetDiagHeu[m[K
[01m[K/root/jky/racer_explore/src/RACER/swarm_exploration/path_searching/src/astar2.cpp:78:13:[m[K [01;31m[Kerror: [m[K‘[01m[Kbacktrack2D[m[K’ was not declared in this scope; did you mean ‘[01m[Kbacktrack[m[K’?
   78 |             [01;31m[Kbacktrack2D[m[K(cur_node, end_pt);
      |             [01;31m[K^~~~~~~~~~~[m[K
      |             [32m[Kbacktrack[m[K
[01m[K/root/jky/racer_explore/src/RACER/swarm_exploration/path_searching/src/astar2.cpp:[m[K In static member function ‘[01m[Kstatic double fast_planner::Astar::pathLength(const std::vector<Eigen::Matrix<double, 3, 1> >&)[m[K’:
[01m[K/root/jky/racer_explore/src/RACER/swarm_exploration/path_searching/src/astar2.cpp:189:23:[m[K [01;35m[Kwarning: [m[Kcomparison of integer expressions of different signedness: ‘[01m[Kint[m[K’ and ‘[01m[Kstd::vector<Eigen::Matrix<double, 3, 1> >::size_type[m[K’ {aka ‘[01m[Klong unsigned int[m[K’} [[01;35m[K-Wsign-compare[m[K]
  189 |     for (int i = 0; [01;35m[Ki < path.size() - 1[m[K; ++i) length += (path[i + 1] - path[i]).norm();
      |                     [01;35m[K~~^~~~~~~~~~~~~~~~~[m[K
[01m[K/root/jky/racer_explore/src/RACER/swarm_exploration/path_searching/src/astar2.cpp:[m[K At global scope:
[01m[K/root/jky/racer_explore/src/RACER/swarm_exploration/path_searching/src/astar2.cpp:193:6:[m[K [01;31m[Kerror: [m[Kno declaration matches ‘[01m[Kvoid fast_planner::Astar::backtrack2D(fast_planner::Node* const&, const Vector3d&)[m[K’
  193 | void [01;31m[KAstar[m[K::backtrack2D(const NodePtr &end_node, const Eigen::Vector3d &end) {
      |      [01;31m[K^~~~~[m[K
[01m[K/root/jky/racer_explore/src/RACER/swarm_exploration/path_searching/src/astar2.cpp:193:6:[m[K [01;36m[Knote: [m[Kno functions named ‘[01m[Kvoid fast_planner::Astar::backtrack2D(fast_planner::Node* const&, const Vector3d&)[m[K’
In file included from [01m[K/root/jky/racer_explore/src/RACER/swarm_exploration/path_searching/src/astar2.cpp:1[m[K:
[01m[K/root/jky/racer_explore/src/RACER/swarm_exploration/path_searching/include/path_searching/astar2.h:38:7:[m[K [01;36m[Knote: [m[K‘[01m[Kclass fast_planner::Astar[m[K’ defined here
   38 | class [01;36m[KAstar[m[K {
      |       [01;36m[K^~~~~[m[K
[01m[K/root/jky/racer_explore/src/RACER/swarm_exploration/path_searching/src/astar2.cpp:216:8:[m[K [01;31m[Kerror: [m[Kno declaration matches ‘[01m[Kdouble fast_planner::Astar::getDiagHeu2D(const Vector3d&, const Vector3d&)[m[K’
  216 | double [01;31m[KAstar[m[K::getDiagHeu2D(const Eigen::Vector3d &x1, const Eigen::Vector3d &x2) {
      |        [01;31m[K^~~~~[m[K
[01m[K/root/jky/racer_explore/src/RACER/swarm_exploration/path_searching/src/astar2.cpp:216:8:[m[K [01;36m[Knote: [m[Kno functions named ‘[01m[Kdouble fast_planner::Astar::getDiagHeu2D(const Vector3d&, const Vector3d&)[m[K’
In file included from [01m[K/root/jky/racer_explore/src/RACER/swarm_exploration/path_searching/src/astar2.cpp:1[m[K:
[01m[K/root/jky/racer_explore/src/RACER/swarm_exploration/path_searching/include/path_searching/astar2.h:38:7:[m[K [01;36m[Knote: [m[K‘[01m[Kclass fast_planner::Astar[m[K’ defined here
   38 | class [01;36m[KAstar[m[K {
      |       [01;36m[K^~~~~[m[K
[01m[K/root/jky/racer_explore/src/RACER/swarm_exploration/path_searching/src/astar2.cpp:[m[K In member function ‘[01m[Kstd::vector<Eigen::Matrix<double, 3, 1> > fast_planner::Astar::getVisited()[m[K’:
[01m[K/root/jky/racer_explore/src/RACER/swarm_exploration/path_searching/src/astar2.cpp:241:63:[m[K [01;31m[Kerror: [m[K‘[01m[Kusing element_type = class fast_planner::SDFMap[m[K’ {aka ‘[01m[Kclass fast_planner::SDFMap[m[K’} has no member named ‘[01m[KgetGroundHeight[m[K’
  241 |         path_node_pool_[i]->position(2) = edt_env_->sdf_map_->[01;31m[KgetGroundHeight[m[K();
      |                                                               [01;31m[K^~~~~~~~~~~~~~~[m[K
[01m[K/root/jky/racer_explore/src/RACER/swarm_exploration/path_searching/src/astar2.cpp:[m[K At global scope:
[01m[K/root/jky/racer_explore/src/RACER/swarm_exploration/path_searching/src/astar2.cpp:247:6:[m[K [01;31m[Kerror: [m[Kno declaration matches ‘[01m[Kvoid fast_planner::Astar::posToIndex2D(const Vector3d&, Eigen::Vector2i&)[m[K’
  247 | void [01;31m[KAstar[m[K::posToIndex2D(const Eigen::Vector3d &pt, Eigen::Vector2i &idx) {
      |      [01;31m[K^~~~~[m[K
[01m[K/root/jky/racer_explore/src/RACER/swarm_exploration/path_searching/src/astar2.cpp:247:6:[m[K [01;36m[Knote: [m[Kno functions named ‘[01m[Kvoid fast_planner::Astar::posToIndex2D(const Vector3d&, Eigen::Vector2i&)[m[K’
In file included from [01m[K/root/jky/racer_explore/src/RACER/swarm_exploration/path_searching/src/astar2.cpp:1[m[K:
[01m[K/root/jky/racer_explore/src/RACER/swarm_exploration/path_searching/include/path_searching/astar2.h:38:7:[m[K [01;36m[Knote: [m[K‘[01m[Kclass fast_planner::Astar[m[K’ defined here
   38 | class [01;36m[KAstar[m[K {
      |       [01;36m[K^~~~~[m[K
In file included from [01m[K/usr/include/eigen3/Eigen/Core:366[m[K,
                 from [01m[K/usr/include/eigen3/Eigen/Dense:1[m[K,
                 from [01m[K/usr/include/eigen3/Eigen/Eigen:1[m[K,
                 from [01m[K/root/jky/racer_explore/src/RACER/swarm_exploration/path_searching/include/path_searching/astar2.h:4[m[K,
                 from [01m[K/root/jky/racer_explore/src/RACER/swarm_exploration/path_searching/src/astar2.cpp:1[m[K:
/usr/include/eigen3/Eigen/src/Core/AssignEvaluator.h: In instantiation of ‘[01m[Kvoid Eigen::internal::call_assignment_no_alias(Dst&, const Src&, const Func&) [with Dst = Eigen::Matrix<int, 3, 1>; Src = Eigen::Matrix<int, 2, 1>; Func = Eigen::internal::assign_op<int, int>][m[K’:
[01m[K/usr/include/eigen3/Eigen/src/Core/PlainObjectBase.h:732:41:[m[K   required from ‘[01m[KDerived& Eigen::PlainObjectBase<Derived>::_set_noalias(const Eigen::DenseBase<OtherDerived>&) [with OtherDerived = Eigen::Matrix<int, 2, 1>; Derived = Eigen::Matrix<int, 3, 1>][m[K’
[01m[K/usr/include/eigen3/Eigen/src/Core/PlainObjectBase.h:537:7:[m[K   required from ‘[01m[KEigen::PlainObjectBase<Derived>::PlainObjectBase(const Eigen::DenseBase<OtherDerived>&) [with OtherDerived = Eigen::Matrix<int, 2, 1>; Derived = Eigen::Matrix<int, 3, 1>][m[K’
[01m[K/usr/include/eigen3/Eigen/src/Core/Matrix.h:377:29:[m[K   required from ‘[01m[KEigen::Matrix<_Scalar, _Rows, _Cols, _Options, _MaxRows, _MaxCols>::Matrix(const Eigen::EigenBase<OtherDerived>&) [with OtherDerived = Eigen::Matrix<int, 2, 1>; _Scalar = int; int _Rows = 3; int _Cols = 1; int _Options = 0; int _MaxRows = 3; int _MaxCols = 1][m[K’
[01m[K/root/jky/racer_explore/src/RACER/swarm_exploration/path_searching/src/astar2.cpp:89:84:[m[K   required from here
[01m[K/usr/include/eigen3/Eigen/src/Core/AssignEvaluator.h:833:3:[m[K [01;31m[Kerror: [m[Kstatic assertion failed: YOU_MIXED_MATRICES_OF_DIFFERENT_SIZES
  833 |   [01;31m[KEIGEN_STATIC_ASSERT_SAME_MATRIX_SIZE[m[K(ActualDstTypeCleaned,Src)
      |   [01;31m[K^~~~~~~~~~~~~~~~~~~~~~~~~~~~~~~~~~~~[m[K
make[2]: *** [CMakeFiles/path_searching.dir/build.make:76: CMakeFiles/path_searching.dir/src/astar2.cpp.o] Error 1
make[1]: *** [CMakeFiles/Makefile2:580: CMakeFiles/path_searching.dir/all] Error 2
make: *** [Makefile:141: all] Error 2
