[01m[K/root/jky/racer_explore/src/RACER/swarm_exploration/path_searching/src/astar2.cpp:[m[K In member function ‘[01m[Kint fast_planner::Astar::search(const Vector3d&, const Vector3d&, bool)[m[K’:
[01m[K/root/jky/racer_explore/src/RACER/swarm_exploration/path_searching/src/astar2.cpp:174:24:[m[K [01;31m[Kerror: [m[Kexpected ‘[01m[K;[m[K’ before ‘[01m[K}[m[K’ token
  174 |                 fixed_z
      |                        [01;31m[K^[m[K
      |                        [32m[K;[m[K
......
  177 |     [32m[K}[m[K
      |     [32m[K~[m[K                   
[01m[K/root/jky/racer_explore/src/RACER/swarm_exploration/path_searching/src/astar2.cpp:174:17:[m[K [01;35m[Kwarning: [m[Kstatement has no effect [[01;35m[K-Wunused-value[m[K]
  174 |                 [01;35m[Kfixed_z[m[K
      |                 [01;35m[K^~~~~~~[m[K
[01m[K/root/jky/racer_explore/src/RACER/swarm_exploration/path_searching/src/astar2.cpp:105:13:[m[K [01;35m[Kwarning: [m[Kunused variable ‘[01m[Kvalid_neighbors[m[K’ [[01;35m[K-Wunused-variable[m[K]
  105 |         int [01;35m[Kvalid_neighbors[m[K = 0; // Track valid neighbors for this node
      |             [01;35m[K^~~~~~~~~~~~~~~[m[K
[01m[K/root/jky/racer_explore/src/RACER/swarm_exploration/path_searching/src/astar2.cpp:183:36:[m[K [01;31m[Kerror: [m[Kqualified-id in declaration before ‘[01m[K([m[K’ token
  183 | double Astar::getEarlyTerminateCost[01;31m[K([m[K)
      |                                    [01;31m[K^[m[K
[01m[K/root/jky/racer_explore/src/RACER/swarm_exploration/path_searching/src/astar2.cpp:188:18:[m[K [01;31m[Kerror: [m[Kqualified-id in declaration before ‘[01m[K([m[K’ token
  188 | void Astar::reset[01;31m[K([m[K)
      |                  [01;31m[K^[m[K
[01m[K/root/jky/racer_explore/src/RACER/swarm_exploration/path_searching/src/astar2.cpp:204:25:[m[K [01;31m[Kerror: [m[Kqualified-id in declaration before ‘[01m[K([m[K’ token
  204 | double Astar::pathLength[01;31m[K([m[Kconst vector<Eigen::Vector3d> &path)
      |                         [01;31m[K^[m[K
[01m[K/root/jky/racer_explore/src/RACER/swarm_exploration/path_searching/src/astar2.cpp:212:22:[m[K [01;31m[Kerror: [m[Kqualified-id in declaration before ‘[01m[K([m[K’ token
  212 | void Astar::backtrack[01;31m[K([m[Kconst NodePtr &end_node, const Eigen::Vector3d &end)
      |                      [01;31m[K^[m[K
[01m[K/root/jky/racer_explore/src/RACER/swarm_exploration/path_searching/src/astar2.cpp:225:44:[m[K [01;31m[Kerror: [m[Kqualified-id in declaration before ‘[01m[K([m[K’ token
  225 | std::vector<Eigen::Vector3d> Astar::getPath[01;31m[K([m[K)
      |                                            [01;31m[K^[m[K
[01m[K/root/jky/racer_explore/src/RACER/swarm_exploration/path_searching/src/astar2.cpp:230:25:[m[K [01;31m[Kerror: [m[Kqualified-id in declaration before ‘[01m[K([m[K’ token
  230 | double Astar::getDiagHeu[01;31m[K([m[Kconst Eigen::Vector3d &x1, const Eigen::Vector3d &x2)
      |                         [01;31m[K^[m[K
[01m[K/root/jky/racer_explore/src/RACER/swarm_exploration/path_searching/src/astar2.cpp:246:25:[m[K [01;31m[Kerror: [m[Kqualified-id in declaration before ‘[01m[K([m[K’ token
  246 | double Astar::getManhHeu[01;31m[K([m[Kconst Eigen::Vector3d &x1, const Eigen::Vector3d &x2)
      |                         [01;31m[K^[m[K
[01m[K/root/jky/racer_explore/src/RACER/swarm_exploration/path_searching/src/astar2.cpp:254:25:[m[K [01;31m[Kerror: [m[Kqualified-id in declaration before ‘[01m[K([m[K’ token
  254 | double Astar::getEuclHeu[01;31m[K([m[Kconst Eigen::Vector3d &x1, const Eigen::Vector3d &x2)
      |                         [01;31m[K^[m[K
[01m[K/root/jky/racer_explore/src/RACER/swarm_exploration/path_searching/src/astar2.cpp:259:47:[m[K [01;31m[Kerror: [m[Kqualified-id in declaration before ‘[01m[K([m[K’ token
  259 | std::vector<Eigen::Vector3d> Astar::getVisited[01;31m[K([m[K)
      |                                               [01;31m[K^[m[K
[01m[K/root/jky/racer_explore/src/RACER/swarm_exploration/path_searching/src/astar2.cpp:266:23:[m[K [01;31m[Kerror: [m[Kqualified-id in declaration before ‘[01m[K([m[K’ token
  266 | void Astar::posToIndex[01;31m[K([m[Kconst Eigen::Vector3d &pt, Eigen::Vector3i &idx)
      |                       [01;31m[K^[m[K
[01m[K/root/jky/racer_explore/src/RACER/swarm_exploration/path_searching/src/astar2.cpp:[m[K At global scope:
[01m[K/root/jky/racer_explore/src/RACER/swarm_exploration/path_searching/src/astar2.cpp:271:1:[m[K [01;31m[Kerror: [m[Kexpected ‘[01m[K}[m[K’ at end of input
  271 | [01;31m[K}[m[K // namespace fast_planner
      | [01;31m[K^[m[K
[01m[K/root/jky/racer_explore/src/RACER/swarm_exploration/path_searching/src/astar2.cpp:9:1:[m[K [01;36m[Knote: [m[Kto match this ‘[01m[K{[m[K’
    9 | [01;36m[K{[m[K
      | [01;36m[K^[m[K
[01m[K/root/jky/racer_explore/src/RACER/swarm_exploration/path_searching/src/astar2.cpp:[m[K In member function ‘[01m[Kint fast_planner::Astar::search(const Vector3d&, const Vector3d&, bool)[m[K’:
[01m[K/root/jky/racer_explore/src/RACER/swarm_exploration/path_searching/src/astar2.cpp:271:1:[m[K [01;35m[Kwarning: [m[Kcontrol reaches end of non-void function [[01;35m[K-Wreturn-type[m[K]
  271 | [01;35m[K}[m[K // namespace fast_planner
      | [01;35m[K^[m[K
make[2]: *** [CMakeFiles/path_searching.dir/build.make:76: CMakeFiles/path_searching.dir/src/astar2.cpp.o] Error 1
make[1]: *** [CMakeFiles/Makefile2:580: CMakeFiles/path_searching.dir/all] Error 2
make: *** [Makefile:141: all] Error 2
