Symlinking /home/zqh/phoenixZ/racer_explore/devel/include/bspline/Bspline.h
Symlinking /home/zqh/phoenixZ/racer_explore/devel/share/roseus/ros/bspline/manifest.l
Symlinking /home/zqh/phoenixZ/racer_explore/devel/share/roseus/ros/bspline/msg/Bspline.l
Symlinking /home/zqh/phoenixZ/racer_explore/devel/share/common-lisp/ros/bspline/msg/bspline-msg.asd
Symlinking /home/zqh/phoenixZ/racer_explore/devel/share/common-lisp/ros/bspline/msg/_package.lisp
Symlinking /home/zqh/phoenixZ/racer_explore/devel/share/common-lisp/ros/bspline/msg/_package_Bspline.lisp
Symlinking /home/zqh/phoenixZ/racer_explore/devel/share/common-lisp/ros/bspline/msg/Bspline.lisp
Symlinking /home/zqh/phoenixZ/racer_explore/devel/share/bspline/cmake/bsplineConfig.cmake
Symlinking /home/zqh/phoenixZ/racer_explore/devel/share/bspline/cmake/bsplineConfig-version.cmake
Symlinking /home/zqh/phoenixZ/racer_explore/devel/share/bspline/cmake/bspline-msg-extras.cmake
Symlinking /home/zqh/phoenixZ/racer_explore/devel/share/bspline/cmake/bspline-msg-paths.cmake
Symlinking /home/zqh/phoenixZ/racer_explore/devel/share/gennodejs/ros/bspline/_index.js
Symlinking /home/zqh/phoenixZ/racer_explore/devel/share/gennodejs/ros/bspline/msg/Bspline.js
Symlinking /home/zqh/phoenixZ/racer_explore/devel/share/gennodejs/ros/bspline/msg/_index.js
Symlinking /home/zqh/phoenixZ/racer_explore/devel/lib/libbspline.so
Symlinking /home/zqh/phoenixZ/racer_explore/devel/lib/python3/dist-packages/bspline/__init__.py
Symlinking /home/zqh/phoenixZ/racer_explore/devel/lib/python3/dist-packages/bspline/msg/__init__.py
Symlinking /home/zqh/phoenixZ/racer_explore/devel/lib/python3/dist-packages/bspline/msg/_Bspline.py
Symlinking /home/zqh/phoenixZ/racer_explore/devel/lib/pkgconfig/bspline.pc
Cleaning: (/root/jky/racer_explore/devel/.private/bspline/cmake.lock, /root/jky/racer_explore/devel/./cmake.lock)
Cleaning: (/root/jky/racer_explore/devel/.private/bspline/include/bspline/Bspline.h, /root/jky/racer_explore/devel/include/bspline/Bspline.h)
Cleaning: (/root/jky/racer_explore/devel/.private/bspline/share/roseus/ros/bspline/manifest.l, /root/jky/racer_explore/devel/share/roseus/ros/bspline/manifest.l)
Cleaning: (/root/jky/racer_explore/devel/.private/bspline/share/roseus/ros/bspline/msg/Bspline.l, /root/jky/racer_explore/devel/share/roseus/ros/bspline/msg/Bspline.l)
Cleaning: (/root/jky/racer_explore/devel/.private/bspline/share/common-lisp/ros/bspline/msg/bspline-msg.asd, /root/jky/racer_explore/devel/share/common-lisp/ros/bspline/msg/bspline-msg.asd)
Cleaning: (/root/jky/racer_explore/devel/.private/bspline/share/common-lisp/ros/bspline/msg/_package.lisp, /root/jky/racer_explore/devel/share/common-lisp/ros/bspline/msg/_package.lisp)
Cleaning: (/root/jky/racer_explore/devel/.private/bspline/share/common-lisp/ros/bspline/msg/_package_Bspline.lisp, /root/jky/racer_explore/devel/share/common-lisp/ros/bspline/msg/_package_Bspline.lisp)
Cleaning: (/root/jky/racer_explore/devel/.private/bspline/share/common-lisp/ros/bspline/msg/Bspline.lisp, /root/jky/racer_explore/devel/share/common-lisp/ros/bspline/msg/Bspline.lisp)
Cleaning: (/root/jky/racer_explore/devel/.private/bspline/share/bspline/cmake/bsplineConfig.cmake, /root/jky/racer_explore/devel/share/bspline/cmake/bsplineConfig.cmake)
Cleaning: (/root/jky/racer_explore/devel/.private/bspline/share/bspline/cmake/bsplineConfig-version.cmake, /root/jky/racer_explore/devel/share/bspline/cmake/bsplineConfig-version.cmake)
Cleaning: (/root/jky/racer_explore/devel/.private/bspline/share/bspline/cmake/bspline-msg-extras.cmake, /root/jky/racer_explore/devel/share/bspline/cmake/bspline-msg-extras.cmake)
Cleaning: (/root/jky/racer_explore/devel/.private/bspline/share/bspline/cmake/bspline-msg-paths.cmake, /root/jky/racer_explore/devel/share/bspline/cmake/bspline-msg-paths.cmake)
Cleaning: (/root/jky/racer_explore/devel/.private/bspline/share/gennodejs/ros/bspline/_index.js, /root/jky/racer_explore/devel/share/gennodejs/ros/bspline/_index.js)
Cleaning: (/root/jky/racer_explore/devel/.private/bspline/share/gennodejs/ros/bspline/msg/Bspline.js, /root/jky/racer_explore/devel/share/gennodejs/ros/bspline/msg/Bspline.js)
Cleaning: (/root/jky/racer_explore/devel/.private/bspline/share/gennodejs/ros/bspline/msg/_index.js, /root/jky/racer_explore/devel/share/gennodejs/ros/bspline/msg/_index.js)
Cleaning: (/root/jky/racer_explore/devel/.private/bspline/lib/libbspline.so, /root/jky/racer_explore/devel/lib/libbspline.so)
Cleaning: (/root/jky/racer_explore/devel/.private/bspline/lib/python3/dist-packages/bspline/__init__.py, /root/jky/racer_explore/devel/lib/python3/dist-packages/bspline/__init__.py)
Cleaning: (/root/jky/racer_explore/devel/.private/bspline/lib/python3/dist-packages/bspline/msg/__init__.py, /root/jky/racer_explore/devel/lib/python3/dist-packages/bspline/msg/__init__.py)
Cleaning: (/root/jky/racer_explore/devel/.private/bspline/lib/python3/dist-packages/bspline/msg/_Bspline.py, /root/jky/racer_explore/devel/lib/python3/dist-packages/bspline/msg/_Bspline.py)
Cleaning: (/root/jky/racer_explore/devel/.private/bspline/lib/pkgconfig/bspline.pc, /root/jky/racer_explore/devel/lib/pkgconfig/bspline.pc)
Unlinking: /root/jky/racer_explore/devel/include/bspline/Bspline.h
Already unlinked: {}
Unlinking: /root/jky/racer_explore/devel/share/roseus/ros/bspline/manifest.l
Already unlinked: {}
Unlinking: /root/jky/racer_explore/devel/share/roseus/ros/bspline/msg/Bspline.l
Already unlinked: {}
Unlinking: /root/jky/racer_explore/devel/share/common-lisp/ros/bspline/msg/bspline-msg.asd
Already unlinked: {}
Unlinking: /root/jky/racer_explore/devel/share/common-lisp/ros/bspline/msg/_package.lisp
Already unlinked: {}
Unlinking: /root/jky/racer_explore/devel/share/common-lisp/ros/bspline/msg/_package_Bspline.lisp
Already unlinked: {}
Unlinking: /root/jky/racer_explore/devel/share/common-lisp/ros/bspline/msg/Bspline.lisp
Already unlinked: {}
Unlinking: /root/jky/racer_explore/devel/share/bspline/cmake/bsplineConfig.cmake
Already unlinked: {}
Unlinking: /root/jky/racer_explore/devel/share/bspline/cmake/bsplineConfig-version.cmake
Already unlinked: {}
Unlinking: /root/jky/racer_explore/devel/share/bspline/cmake/bspline-msg-extras.cmake
Already unlinked: {}
Unlinking: /root/jky/racer_explore/devel/share/bspline/cmake/bspline-msg-paths.cmake
Already unlinked: {}
Unlinking: /root/jky/racer_explore/devel/share/gennodejs/ros/bspline/_index.js
Already unlinked: {}
Unlinking: /root/jky/racer_explore/devel/share/gennodejs/ros/bspline/msg/Bspline.js
Already unlinked: {}
Unlinking: /root/jky/racer_explore/devel/share/gennodejs/ros/bspline/msg/_index.js
Already unlinked: {}
Unlinking: /root/jky/racer_explore/devel/lib/libbspline.so
Already unlinked: {}
Unlinking: /root/jky/racer_explore/devel/lib/python3/dist-packages/bspline/__init__.py
Already unlinked: {}
Unlinking: /root/jky/racer_explore/devel/lib/python3/dist-packages/bspline/msg/__init__.py
Already unlinked: {}
Unlinking: /root/jky/racer_explore/devel/lib/python3/dist-packages/bspline/msg/_Bspline.py
Already unlinked: {}
Unlinking: /root/jky/racer_explore/devel/lib/pkgconfig/bspline.pc
Already unlinked: {}
