Symlinking /home/zqh/phoenixZ/racer_ws/devel/share/so3_quadrotor_simulator/cmake/so3_quadrotor_simulatorConfig-version.cmake
Symlinking /home/zqh/phoenixZ/racer_ws/devel/share/so3_quadrotor_simulator/cmake/so3_quadrotor_simulatorConfig.cmake
Symlinking /home/zqh/phoenixZ/racer_ws/devel/lib/libquadrotor_dynamics.so
Symlinking /home/zqh/phoenixZ/racer_ws/devel/lib/pkgconfig/so3_quadrotor_simulator.pc
Symlinking /home/zqh/phoenixZ/racer_ws/devel/lib/so3_quadrotor_simulator/quadrotor_simulator_so3
Cleaning: (/home/racer_ws/devel/.private/so3_quadrotor_simulator/cmake.lock, /home/racer_ws/devel/./cmake.lock)
Cleaning: (/home/racer_ws/devel/.private/so3_quadrotor_simulator/share/so3_quadrotor_simulator/cmake/so3_quadrotor_simulatorConfig-version.cmake, /home/racer_ws/devel/share/so3_quadrotor_simulator/cmake/so3_quadrotor_simulatorConfig-version.cmake)
Cleaning: (/home/racer_ws/devel/.private/so3_quadrotor_simulator/share/so3_quadrotor_simulator/cmake/so3_quadrotor_simulatorConfig.cmake, /home/racer_ws/devel/share/so3_quadrotor_simulator/cmake/so3_quadrotor_simulatorConfig.cmake)
Cleaning: (/home/racer_ws/devel/.private/so3_quadrotor_simulator/lib/libquadrotor_dynamics.so, /home/racer_ws/devel/lib/libquadrotor_dynamics.so)
Cleaning: (/home/racer_ws/devel/.private/so3_quadrotor_simulator/lib/pkgconfig/so3_quadrotor_simulator.pc, /home/racer_ws/devel/lib/pkgconfig/so3_quadrotor_simulator.pc)
Cleaning: (/home/racer_ws/devel/.private/so3_quadrotor_simulator/lib/so3_quadrotor_simulator/quadrotor_simulator_so3, /home/racer_ws/devel/lib/so3_quadrotor_simulator/quadrotor_simulator_so3)
Unlinking: /home/racer_ws/devel/share/so3_quadrotor_simulator/cmake/so3_quadrotor_simulatorConfig-version.cmake
Already unlinked: {}
Unlinking: /home/racer_ws/devel/share/so3_quadrotor_simulator/cmake/so3_quadrotor_simulatorConfig.cmake
Already unlinked: {}
Unlinking: /home/racer_ws/devel/lib/libquadrotor_dynamics.so
Already unlinked: {}
Unlinking: /home/racer_ws/devel/lib/pkgconfig/so3_quadrotor_simulator.pc
Already unlinked: {}
Unlinking: /home/racer_ws/devel/lib/so3_quadrotor_simulator/quadrotor_simulator_so3
Already unlinked: {}
