Symlinking /home/zqh/phoenixZ/racer_explore/devel/share/so3_quadrotor_simulator/cmake/so3_quadrotor_simulatorConfig-version.cmake
Symlinking /home/zqh/phoenixZ/racer_explore/devel/share/so3_quadrotor_simulator/cmake/so3_quadrotor_simulatorConfig.cmake
Symlinking /home/zqh/phoenixZ/racer_explore/devel/lib/libquadrotor_dynamics.so
Symlinking /home/zqh/phoenixZ/racer_explore/devel/lib/pkgconfig/so3_quadrotor_simulator.pc
Symlinking /home/zqh/phoenixZ/racer_explore/devel/lib/so3_quadrotor_simulator/quadrotor_simulator_so3
Cleaning: (/root/jky/racer_explore/devel/.private/so3_quadrotor_simulator/cmake.lock, /root/jky/racer_explore/devel/./cmake.lock)
Cleaning: (/root/jky/racer_explore/devel/.private/so3_quadrotor_simulator/share/so3_quadrotor_simulator/cmake/so3_quadrotor_simulatorConfig-version.cmake, /root/jky/racer_explore/devel/share/so3_quadrotor_simulator/cmake/so3_quadrotor_simulatorConfig-version.cmake)
Cleaning: (/root/jky/racer_explore/devel/.private/so3_quadrotor_simulator/share/so3_quadrotor_simulator/cmake/so3_quadrotor_simulatorConfig.cmake, /root/jky/racer_explore/devel/share/so3_quadrotor_simulator/cmake/so3_quadrotor_simulatorConfig.cmake)
Cleaning: (/root/jky/racer_explore/devel/.private/so3_quadrotor_simulator/lib/libquadrotor_dynamics.so, /root/jky/racer_explore/devel/lib/libquadrotor_dynamics.so)
Cleaning: (/root/jky/racer_explore/devel/.private/so3_quadrotor_simulator/lib/pkgconfig/so3_quadrotor_simulator.pc, /root/jky/racer_explore/devel/lib/pkgconfig/so3_quadrotor_simulator.pc)
Cleaning: (/root/jky/racer_explore/devel/.private/so3_quadrotor_simulator/lib/so3_quadrotor_simulator/quadrotor_simulator_so3, /root/jky/racer_explore/devel/lib/so3_quadrotor_simulator/quadrotor_simulator_so3)
Unlinking: /root/jky/racer_explore/devel/share/so3_quadrotor_simulator/cmake/so3_quadrotor_simulatorConfig-version.cmake
Already unlinked: {}
Unlinking: /root/jky/racer_explore/devel/share/so3_quadrotor_simulator/cmake/so3_quadrotor_simulatorConfig.cmake
Already unlinked: {}
Unlinking: /root/jky/racer_explore/devel/lib/libquadrotor_dynamics.so
Already unlinked: {}
Unlinking: /root/jky/racer_explore/devel/lib/pkgconfig/so3_quadrotor_simulator.pc
Already unlinked: {}
Unlinking: /root/jky/racer_explore/devel/lib/so3_quadrotor_simulator/quadrotor_simulator_so3
Already unlinked: {}
