Symlinking /home/zqh/phoenixZ/racer_explore/devel/share/so3_control/cmake/so3_controlConfig.cmake
Symlinking /home/zqh/phoenixZ/racer_explore/devel/share/so3_control/cmake/so3_controlConfig-version.cmake
Symlinking /home/zqh/phoenixZ/racer_explore/devel/lib/libSO3Control.so
Symlinking /home/zqh/phoenixZ/racer_explore/devel/lib/libso3_control_nodelet.so
Symlinking /home/zqh/phoenixZ/racer_explore/devel/lib/pkgconfig/so3_control.pc
Cleaning: (/root/jky/racer_explore/devel/.private/so3_control/cmake.lock, /root/jky/racer_explore/devel/./cmake.lock)
Cleaning: (/root/jky/racer_explore/devel/.private/so3_control/share/so3_control/cmake/so3_controlConfig.cmake, /root/jky/racer_explore/devel/share/so3_control/cmake/so3_controlConfig.cmake)
Cleaning: (/root/jky/racer_explore/devel/.private/so3_control/share/so3_control/cmake/so3_controlConfig-version.cmake, /root/jky/racer_explore/devel/share/so3_control/cmake/so3_controlConfig-version.cmake)
Cleaning: (/root/jky/racer_explore/devel/.private/so3_control/lib/libSO3Control.so, /root/jky/racer_explore/devel/lib/libSO3Control.so)
Cleaning: (/root/jky/racer_explore/devel/.private/so3_control/lib/libso3_control_nodelet.so, /root/jky/racer_explore/devel/lib/libso3_control_nodelet.so)
Cleaning: (/root/jky/racer_explore/devel/.private/so3_control/lib/pkgconfig/so3_control.pc, /root/jky/racer_explore/devel/lib/pkgconfig/so3_control.pc)
Unlinking: /root/jky/racer_explore/devel/share/so3_control/cmake/so3_controlConfig.cmake
Already unlinked: {}
Unlinking: /root/jky/racer_explore/devel/share/so3_control/cmake/so3_controlConfig-version.cmake
Already unlinked: {}
Unlinking: /root/jky/racer_explore/devel/lib/libSO3Control.so
Already unlinked: {}
Unlinking: /root/jky/racer_explore/devel/lib/libso3_control_nodelet.so
Already unlinked: {}
Unlinking: /root/jky/racer_explore/devel/lib/pkgconfig/so3_control.pc
Already unlinked: {}
