Symlinking /home/zqh/phoenixZ/racer_explore/devel/share/traj_utils/cmake/traj_utilsConfig.cmake
Symlinking /home/zqh/phoenixZ/racer_explore/devel/share/traj_utils/cmake/traj_utilsConfig-version.cmake
Symlinking /home/zqh/phoenixZ/racer_explore/devel/lib/libtraj_utils.so
Symlinking /home/zqh/phoenixZ/racer_explore/devel/lib/pkgconfig/traj_utils.pc
Symlinking /home/zqh/phoenixZ/racer_explore/devel/lib/traj_utils/process_msg
Cleaning: (/root/jky/racer_explore/devel/.private/traj_utils/cmake.lock, /root/jky/racer_explore/devel/./cmake.lock)
Cleaning: (/root/jky/racer_explore/devel/.private/traj_utils/share/traj_utils/cmake/traj_utilsConfig.cmake, /root/jky/racer_explore/devel/share/traj_utils/cmake/traj_utilsConfig.cmake)
Cleaning: (/root/jky/racer_explore/devel/.private/traj_utils/share/traj_utils/cmake/traj_utilsConfig-version.cmake, /root/jky/racer_explore/devel/share/traj_utils/cmake/traj_utilsConfig-version.cmake)
Cleaning: (/root/jky/racer_explore/devel/.private/traj_utils/lib/libtraj_utils.so, /root/jky/racer_explore/devel/lib/libtraj_utils.so)
Cleaning: (/root/jky/racer_explore/devel/.private/traj_utils/lib/pkgconfig/traj_utils.pc, /root/jky/racer_explore/devel/lib/pkgconfig/traj_utils.pc)
Cleaning: (/root/jky/racer_explore/devel/.private/traj_utils/lib/traj_utils/process_msg, /root/jky/racer_explore/devel/lib/traj_utils/process_msg)
Unlinking: /root/jky/racer_explore/devel/share/traj_utils/cmake/traj_utilsConfig.cmake
Already unlinked: {}
Unlinking: /root/jky/racer_explore/devel/share/traj_utils/cmake/traj_utilsConfig-version.cmake
Already unlinked: {}
Unlinking: /root/jky/racer_explore/devel/lib/libtraj_utils.so
Already unlinked: {}
Unlinking: /root/jky/racer_explore/devel/lib/pkgconfig/traj_utils.pc
Already unlinked: {}
Unlinking: /root/jky/racer_explore/devel/lib/traj_utils/process_msg
Already unlinked: {}
