[01m[K/home/zqh/phoenixZ/racer_explore/src/RACER/swarm_exploration/traj_utils/src/planning_visualization.cpp:[m[K In member function ‘[01m[Kvoid fast_planner::PlanningVisualization::drawLines(const std::vector<Eigen::Matrix<double, 3, 1> >&, const double&, const Vector4d&, const string&, const int&, const int&)[m[K’:
[01m[K/home/zqh/phoenixZ/racer_explore/src/RACER/swarm_exploration/traj_utils/src/planning_visualization.cpp:199:21:[m[K [01;35m[Kwarning: [m[Kcomparison of integer expressions of different signedness: ‘[01m[Kint[m[K’ and ‘[01m[Kstd::vector<Eigen::Matrix<double, 3, 1> >::size_type[m[K’ {aka ‘[01m[Klong unsigned int[m[K’} [[01;35m[K-Wsign-compare[m[K]
  199 |   for (int i = 0; [01;35m[Ki < list.size() - 1[m[K; ++i) {
      |                   [01;35m[K~~^~~~~~~~~~~~~~~~~[m[K
[01m[K/home/zqh/phoenixZ/racer_explore/src/RACER/swarm_exploration/traj_utils/src/planning_visualization.cpp:[m[K In member function ‘[01m[Kvoid fast_planner::PlanningVisualization::drawBsplinesPhase1(std::vector<fast_planner::NonUniformBspline>&, double)[m[K’:
[01m[K/home/zqh/phoenixZ/racer_explore/src/RACER/swarm_exploration/traj_utils/src/planning_visualization.cpp:333:21:[m[K [01;35m[Kwarning: [m[Kcomparison of integer expressions of different signedness: ‘[01m[Kint[m[K’ and ‘[01m[Kstd::vector<fast_planner::NonUniformBspline>::size_type[m[K’ {aka ‘[01m[Klong unsigned int[m[K’} [[01;35m[K-Wsign-compare[m[K]
  333 |   for (int i = 0; [01;35m[Ki < bsplines.size()[m[K; ++i) {
      |                   [01;35m[K~~^~~~~~~~~~~~~~~~~[m[K
[01m[K/home/zqh/phoenixZ/racer_explore/src/RACER/swarm_exploration/traj_utils/src/planning_visualization.cpp:[m[K In member function ‘[01m[Kvoid fast_planner::PlanningVisualization::drawBsplinesPhase2(std::vector<fast_planner::NonUniformBspline>&, double)[m[K’:
[01m[K/home/zqh/phoenixZ/racer_explore/src/RACER/swarm_exploration/traj_utils/src/planning_visualization.cpp:351:21:[m[K [01;35m[Kwarning: [m[Kcomparison of integer expressions of different signedness: ‘[01m[Kint[m[K’ and ‘[01m[Kstd::vector<fast_planner::NonUniformBspline>::size_type[m[K’ {aka ‘[01m[Klong unsigned int[m[K’} [[01;35m[K-Wsign-compare[m[K]
  351 |   for (int i = 0; [01;35m[Ki < bsplines.size()[m[K; ++i) {
      |                   [01;35m[K~~^~~~~~~~~~~~~~~~~[m[K
[01m[K/home/zqh/phoenixZ/racer_explore/src/RACER/swarm_exploration/traj_utils/src/planning_visualization.cpp:[m[K In member function ‘[01m[Kvoid fast_planner::PlanningVisualization::drawTopoGraph(std::__cxx11::list<std::shared_ptr<fast_planner::GraphNode> >&, double, double, const Vector4d&, const Vector4d&, const Vector4d&, int)[m[K’:
[01m[K/home/zqh/phoenixZ/racer_explore/src/RACER/swarm_exploration/traj_utils/src/planning_visualization.cpp:410:23:[m[K [01;35m[Kwarning: [m[Kcomparison of integer expressions of different signedness: ‘[01m[Kint[m[K’ and ‘[01m[Kstd::vector<std::shared_ptr<fast_planner::GraphNode> >::size_type[m[K’ {aka ‘[01m[Klong unsigned int[m[K’} [[01;35m[K-Wsign-compare[m[K]
  410 |     for (int k = 0; [01;35m[Kk < (*iter)->neighbors_.size()[m[K; ++k) {
      |                     [01;35m[K~~^~~~~~~~~~~~~~~~~~~~~~~~~~~~[m[K
[01m[K/home/zqh/phoenixZ/racer_explore/src/RACER/swarm_exploration/traj_utils/src/planning_visualization.cpp:[m[K In member function ‘[01m[Kvoid fast_planner::PlanningVisualization::drawTopoPathsPhase2(std::vector<std::vector<Eigen::Matrix<double, 3, 1> > >&, double)[m[K’:
[01m[K/home/zqh/phoenixZ/racer_explore/src/RACER/swarm_exploration/traj_utils/src/planning_visualization.cpp:431:21:[m[K [01;35m[Kwarning: [m[Kcomparison of integer expressions of different signedness: ‘[01m[Kint[m[K’ and ‘[01m[Kstd::vector<std::vector<Eigen::Matrix<double, 3, 1> > >::size_type[m[K’ {aka ‘[01m[Klong unsigned int[m[K’} [[01;35m[K-Wsign-compare[m[K]
  431 |   for (int i = 0; [01;35m[Ki < paths.size()[m[K; ++i) {
      |                   [01;35m[K~~^~~~~~~~~~~~~~[m[K
[01m[K/home/zqh/phoenixZ/racer_explore/src/RACER/swarm_exploration/traj_utils/src/planning_visualization.cpp:434:23:[m[K [01;35m[Kwarning: [m[Kcomparison of integer expressions of different signedness: ‘[01m[Kint[m[K’ and ‘[01m[Kstd::vector<Eigen::Matrix<double, 3, 1> >::size_type[m[K’ {aka ‘[01m[Klong unsigned int[m[K’} [[01;35m[K-Wsign-compare[m[K]
  434 |     for (int j = 0; [01;35m[Kj < paths[i].size() - 1[m[K; ++j) {
      |                     [01;35m[K~~^~~~~~~~~~~~~~~~~~~~~[m[K
[01m[K/home/zqh/phoenixZ/racer_explore/src/RACER/swarm_exploration/traj_utils/src/planning_visualization.cpp:[m[K In member function ‘[01m[Kvoid fast_planner::PlanningVisualization::drawTopoPathsPhase1(std::vector<std::vector<Eigen::Matrix<double, 3, 1> > >&, double)[m[K’:
[01m[K/home/zqh/phoenixZ/racer_explore/src/RACER/swarm_exploration/traj_utils/src/planning_visualization.cpp:456:21:[m[K [01;35m[Kwarning: [m[Kcomparison of integer expressions of different signedness: ‘[01m[Kint[m[K’ and ‘[01m[Kstd::vector<std::vector<Eigen::Matrix<double, 3, 1> > >::size_type[m[K’ {aka ‘[01m[Klong unsigned int[m[K’} [[01;35m[K-Wsign-compare[m[K]
  456 |   for (int i = 0; [01;35m[Ki < paths.size()[m[K; ++i) {
      |                   [01;35m[K~~^~~~~~~~~~~~~~[m[K
[01m[K/home/zqh/phoenixZ/racer_explore/src/RACER/swarm_exploration/traj_utils/src/planning_visualization.cpp:459:23:[m[K [01;35m[Kwarning: [m[Kcomparison of integer expressions of different signedness: ‘[01m[Kint[m[K’ and ‘[01m[Kstd::vector<Eigen::Matrix<double, 3, 1> >::size_type[m[K’ {aka ‘[01m[Klong unsigned int[m[K’} [[01;35m[K-Wsign-compare[m[K]
  459 |     for (int j = 0; [01;35m[Kj < paths[i].size() - 1[m[K; ++j) {
      |                     [01;35m[K~~^~~~~~~~~~~~~~~~~~~~~[m[K
[01m[K/home/zqh/phoenixZ/racer_explore/src/RACER/swarm_exploration/traj_utils/src/planning_visualization.cpp:[m[K In member function ‘[01m[Kvoid fast_planner::PlanningVisualization::drawPrediction(fast_planner::ObjPrediction, double, const Vector4d&, int)[m[K’:
[01m[K/home/zqh/phoenixZ/racer_explore/src/RACER/swarm_exploration/traj_utils/src/planning_visualization.cpp:494:21:[m[K [01;35m[Kwarning: [m[Kcomparison of integer expressions of different signedness: ‘[01m[Kint[m[K’ and ‘[01m[Kstd::vector<fast_planner::PolynomialPrediction>::size_type[m[K’ {aka ‘[01m[Klong unsigned int[m[K’} [[01;35m[K-Wsign-compare[m[K]
  494 |   for (int i = 0; [01;35m[Ki < pred->size()[m[K; i++) {
      |                   [01;35m[K~~^~~~~~~~~~~~~~[m[K
[01m[K/home/zqh/phoenixZ/racer_explore/src/RACER/swarm_exploration/traj_utils/src/planning_visualization.cpp:[m[K In member function ‘[01m[Kvoid fast_planner::PlanningVisualization::drawFrontier(const std::vector<std::vector<Eigen::Matrix<double, 3, 1> > >&)[m[K’:
[01m[K/home/zqh/phoenixZ/racer_explore/src/RACER/swarm_exploration/traj_utils/src/planning_visualization.cpp:590:21:[m[K [01;35m[Kwarning: [m[Kcomparison of integer expressions of different signedness: ‘[01m[Kint[m[K’ and ‘[01m[Kstd::vector<std::vector<Eigen::Matrix<double, 3, 1> > >::size_type[m[K’ {aka ‘[01m[Klong unsigned int[m[K’} [[01;35m[K-Wsign-compare[m[K]
  590 |   for (int i = 0; [01;35m[Ki < frontiers.size()[m[K; ++i) {
      |                   [01;35m[K~~^~~~~~~~~~~~~~~~~~[m[K
[01m[K/home/zqh/phoenixZ/racer_explore/src/RACER/swarm_exploration/traj_utils/src/planning_visualization.cpp:[m[K In member function ‘[01m[Kvoid fast_planner::PlanningVisualization::drawYawPath(fast_planner::NonUniformBspline&, const std::vector<double>&, const double&)[m[K’:
[01m[K/home/zqh/phoenixZ/racer_explore/src/RACER/swarm_exploration/traj_utils/src/planning_visualization.cpp:625:21:[m[K [01;35m[Kwarning: [m[Kcomparison of integer expressions of different signedness: ‘[01m[Kint[m[K’ and ‘[01m[Kstd::vector<double>::size_type[m[K’ {aka ‘[01m[Klong unsigned int[m[K’} [[01;35m[K-Wsign-compare[m[K]
  625 |   for (int i = 0; [01;35m[Ki < yaw.size()[m[K; ++i) {
      |                   [01;35m[K~~^~~~~~~~~~~~[m[K
[01m[K/home/zqh/phoenixZ/racer_explore/src/RACER/swarm_exploration/traj_utils/src/planning_visualization.cpp:[m[K In static member function ‘[01m[Kstatic Eigen::Vector4d fast_planner::PlanningVisualization::getColor(const double&, double)[m[K’:
[01m[K/home/zqh/phoenixZ/racer_explore/src/RACER/swarm_exploration/traj_utils/src/planning_visualization.cpp:643:10:[m[K [01;35m[Kwarning: [m[K‘[01m[Klambda[m[K’ may be used uninitialized in this function [[01;35m[K-Wmaybe-uninitialized[m[K]
  643 |   double [01;35m[Klambda[m[K;
      |          [01;35m[K^~~~~~[m[K
[01m[K/home/zqh/phoenixZ/racer_explore/src/RACER/swarm_exploration/traj_utils/src/process_msg.cpp:[m[K In function ‘[01m[Kvoid cloudCallback(const PointCloud2ConstPtr&)[m[K’:
[01m[K/home/zqh/phoenixZ/racer_explore/src/RACER/swarm_exploration/traj_utils/src/process_msg.cpp:39:21:[m[K [01;35m[Kwarning: [m[Kcomparison of integer expressions of different signedness: ‘[01m[Kint[m[K’ and ‘[01m[Kstd::vector<pcl::PointXYZ, Eigen::aligned_allocator<pcl::PointXYZ> >::size_type[m[K’ {aka ‘[01m[Klong unsigned int[m[K’} [[01;35m[K-Wsign-compare[m[K]
   39 |   for (int i = 0; [01;35m[Ki < pts.points.size()[m[K; ++i) {
      |                   [01;35m[K~~^~~~~~~~~~~~~~~~~~~[m[K
