In file included from [01m[K/opt/ros/noetic/include/ros/ros.h:40[m[K,
                 from [01m[K/home/zqh/phoenixZ/racer_explore/src/RACER/swarm_exploration/plan_env/include/plan_env/obj_predictor.h:9[m[K,
                 from [01m[K/home/zqh/phoenixZ/racer_explore/src/RACER/swarm_exploration/plan_env/include/plan_env/edt_environment.h:8[m[K,
                 from [01m[K/home/zqh/phoenixZ/racer_explore/src/RACER/swarm_exploration/active_perception/include/active_perception/traj_visibility.h:4[m[K,
                 from [01m[K/home/zqh/phoenixZ/racer_explore/src/RACER/swarm_exploration/bspline_opt/include/bspline_opt/bspline_optimizer.h:5[m[K,
                 from [01m[K/home/zqh/phoenixZ/racer_explore/src/RACER/swarm_exploration/plan_manage/include/plan_manage/planner_manager.h:4[m[K,
                 from [01m[K/home/zqh/phoenixZ/racer_explore/src/RACER/swarm_exploration/plan_manage/src/planner_manager.cpp:2[m[K:
[01m[K/home/zqh/phoenixZ/racer_explore/src/RACER/swarm_exploration/plan_manage/src/planner_manager.cpp:[m[K In member function ‘[01m[Kbool fast_planner::FastPlannerManager::checkTrajCollision(double&, Eigen::Vector3d&)[m[K’:
[01m[K/home/zqh/phoenixZ/racer_explore/src/RACER/swarm_exploration/plan_manage/src/planner_manager.cpp:133:22:[m[K [01;35m[Kwarning: [m[Kformat ‘[01m[K%f[m[K’ expects a matching ‘[01m[Kdouble[m[K’ argument [[01;35m[K-Wformat=[m[K]
  133 |             ROS_INFO([01;35m[K"[Collision] collision at: [%f, %f, %f], dist: %f"[m[K, fut_pt.x(), fut_pt.y(), fut_pt.z());
      |                      [01;35m[K^~~~~~~~~~~~~~~~~~~~~~~~~~~~~~~~~~~~~~~~~~~~~~~~~~[m[K
[01m[K/home/zqh/phoenixZ/racer_explore/src/RACER/swarm_exploration/plan_manage/src/planner_manager.cpp:133:70:[m[K [01;36m[Knote: [m[Kformat string is defined here
  133 |             ROS_INFO("[Collision] collision at: [%f, %f, %f], dist: [01;36m[K%f[m[K", fut_pt.x(), fut_pt.y(), fut_pt.z());
      |                                                                     [01;36m[K~^[m[K
      |                                                                      [01;36m[K|[m[K
      |                                                                      [01;36m[Kdouble[m[K
[01m[K/home/zqh/phoenixZ/racer_explore/src/RACER/swarm_exploration/plan_manage/src/planner_manager.cpp:[m[K In member function ‘[01m[Kbool fast_planner::FastPlannerManager::kinodynamicReplan(const Vector3d&, const Vector3d&, const Vector3d&, const Vector3d&, const Vector3d&, const double&)[m[K’:
[01m[K/home/zqh/phoenixZ/racer_explore/src/RACER/swarm_exploration/plan_manage/src/planner_manager.cpp:198:21:[m[K [01;35m[Kwarning: [m[Kvariable ‘[01m[Kinit_pos[m[K’ set but not used [[01;35m[K-Wunused-but-set-variable[m[K]
  198 |     Eigen::Vector3d [01;35m[Kinit_pos[m[K = start_pt;
      |                     [01;35m[K^~~~~~~~[m[K
[01m[K/home/zqh/phoenixZ/racer_explore/src/RACER/swarm_exploration/plan_manage/src/planner_manager.cpp:199:21:[m[K [01;35m[Kwarning: [m[Kvariable ‘[01m[Kinit_vel[m[K’ set but not used [[01;35m[K-Wunused-but-set-variable[m[K]
  199 |     Eigen::Vector3d [01;35m[Kinit_vel[m[K = start_vel;
      |                     [01;35m[K^~~~~~~~[m[K
[01m[K/home/zqh/phoenixZ/racer_explore/src/RACER/swarm_exploration/plan_manage/src/planner_manager.cpp:200:21:[m[K [01;35m[Kwarning: [m[Kvariable ‘[01m[Kinit_acc[m[K’ set but not used [[01;35m[K-Wunused-but-set-variable[m[K]
  200 |     Eigen::Vector3d [01;35m[Kinit_acc[m[K = start_acc;
      |                     [01;35m[K^~~~~~~~[m[K
[01m[K/home/zqh/phoenixZ/racer_explore/src/RACER/swarm_exploration/plan_manage/src/planner_manager.cpp:222:12:[m[K [01;35m[Kwarning: [m[Kunused variable ‘[01m[Kt_search[m[K’ [[01;35m[K-Wunused-variable[m[K]
  222 |     double [01;35m[Kt_search[m[K = (ros::Time::now() - t1).toSec();
      |            [01;35m[K^~~~~~~~[m[K
[01m[K/home/zqh/phoenixZ/racer_explore/src/RACER/swarm_exploration/plan_manage/src/planner_manager.cpp:263:12:[m[K [01;35m[Kwarning: [m[Kunused variable ‘[01m[Kt_opt[m[K’ [[01;35m[K-Wunused-variable[m[K]
  263 |     double [01;35m[Kt_opt[m[K = (ros::Time::now() - t1).toSec();
      |            [01;35m[K^~~~~[m[K
In file included from [01m[K/opt/ros/noetic/include/ros/ros.h:40[m[K,
                 from [01m[K/home/zqh/phoenixZ/racer_explore/src/RACER/swarm_exploration/plan_env/include/plan_env/obj_predictor.h:9[m[K,
                 from [01m[K/home/zqh/phoenixZ/racer_explore/src/RACER/swarm_exploration/plan_env/include/plan_env/edt_environment.h:8[m[K,
                 from [01m[K/home/zqh/phoenixZ/racer_explore/src/RACER/swarm_exploration/active_perception/include/active_perception/traj_visibility.h:4[m[K,
                 from [01m[K/home/zqh/phoenixZ/racer_explore/src/RACER/swarm_exploration/bspline_opt/include/bspline_opt/bspline_optimizer.h:5[m[K,
                 from [01m[K/home/zqh/phoenixZ/racer_explore/src/RACER/swarm_exploration/plan_manage/include/plan_manage/planner_manager.h:4[m[K,
                 from [01m[K/home/zqh/phoenixZ/racer_explore/src/RACER/swarm_exploration/plan_manage/src/planner_manager.cpp:2[m[K:
[01m[K/home/zqh/phoenixZ/racer_explore/src/RACER/swarm_exploration/plan_manage/src/planner_manager.cpp:[m[K In member function ‘[01m[Kbool fast_planner::FastPlannerManager::checkTrajCollision(double&, Eigen::Vector3d&)[m[K’:
[01m[K/home/zqh/phoenixZ/racer_explore/src/RACER/swarm_exploration/plan_manage/src/planner_manager.cpp:133:22:[m[K [01;35m[Kwarning: [m[Kformat ‘[01m[K%f[m[K’ expects a matching ‘[01m[Kdouble[m[K’ argument [[01;35m[K-Wformat=[m[K]
  133 |             ROS_INFO([01;35m[K"[Collision] collision at: [%f, %f, %f], dist: %f"[m[K, fut_pt.x(), fut_pt.y(), fut_pt.z());
      |                      [01;35m[K^~~~~~~~~~~~~~~~~~~~~~~~~~~~~~~~~~~~~~~~~~~~~~~~~~[m[K
[01m[K/home/zqh/phoenixZ/racer_explore/src/RACER/swarm_exploration/plan_manage/src/planner_manager.cpp:133:70:[m[K [01;36m[Knote: [m[Kformat string is defined here
  133 |             ROS_INFO("[Collision] collision at: [%f, %f, %f], dist: [01;36m[K%f[m[K", fut_pt.x(), fut_pt.y(), fut_pt.z());
      |                                                                     [01;36m[K~^[m[K
      |                                                                      [01;36m[K|[m[K
      |                                                                      [01;36m[Kdouble[m[K
[01m[K/home/zqh/phoenixZ/racer_explore/src/RACER/swarm_exploration/plan_manage/src/planner_manager.cpp:[m[K In member function ‘[01m[Kbool fast_planner::FastPlannerManager::kinodynamicReplan(const Vector3d&, const Vector3d&, const Vector3d&, const Vector3d&, const Vector3d&, const double&)[m[K’:
[01m[K/home/zqh/phoenixZ/racer_explore/src/RACER/swarm_exploration/plan_manage/src/planner_manager.cpp:198:21:[m[K [01;35m[Kwarning: [m[Kvariable ‘[01m[Kinit_pos[m[K’ set but not used [[01;35m[K-Wunused-but-set-variable[m[K]
  198 |     Eigen::Vector3d [01;35m[Kinit_pos[m[K = start_pt;
      |                     [01;35m[K^~~~~~~~[m[K
[01m[K/home/zqh/phoenixZ/racer_explore/src/RACER/swarm_exploration/plan_manage/src/planner_manager.cpp:199:21:[m[K [01;35m[Kwarning: [m[Kvariable ‘[01m[Kinit_vel[m[K’ set but not used [[01;35m[K-Wunused-but-set-variable[m[K]
  199 |     Eigen::Vector3d [01;35m[Kinit_vel[m[K = start_vel;
      |                     [01;35m[K^~~~~~~~[m[K
[01m[K/home/zqh/phoenixZ/racer_explore/src/RACER/swarm_exploration/plan_manage/src/planner_manager.cpp:200:21:[m[K [01;35m[Kwarning: [m[Kvariable ‘[01m[Kinit_acc[m[K’ set but not used [[01;35m[K-Wunused-but-set-variable[m[K]
  200 |     Eigen::Vector3d [01;35m[Kinit_acc[m[K = start_acc;
      |                     [01;35m[K^~~~~~~~[m[K
[01m[K/home/zqh/phoenixZ/racer_explore/src/RACER/swarm_exploration/plan_manage/src/planner_manager.cpp:222:12:[m[K [01;35m[Kwarning: [m[Kunused variable ‘[01m[Kt_search[m[K’ [[01;35m[K-Wunused-variable[m[K]
  222 |     double [01;35m[Kt_search[m[K = (ros::Time::now() - t1).toSec();
      |            [01;35m[K^~~~~~~~[m[K
[01m[K/home/zqh/phoenixZ/racer_explore/src/RACER/swarm_exploration/plan_manage/src/planner_manager.cpp:263:12:[m[K [01;35m[Kwarning: [m[Kunused variable ‘[01m[Kt_opt[m[K’ [[01;35m[K-Wunused-variable[m[K]
  263 |     double [01;35m[Kt_opt[m[K = (ros::Time::now() - t1).toSec();
      |            [01;35m[K^~~~~[m[K
[01m[K/home/zqh/phoenixZ/racer_explore/src/RACER/swarm_exploration/plan_manage/src/planner_manager.cpp:[m[K In member function ‘[01m[Kbool fast_planner::FastPlannerManager::planGlobalTraj(const Vector3d&)[m[K’:
[01m[K/home/zqh/phoenixZ/racer_explore/src/RACER/swarm_exploration/plan_manage/src/planner_manager.cpp:350:23:[m[K [01;35m[Kwarning: [m[Kcomparison of integer expressions of different signedness: ‘[01m[Kint[m[K’ and ‘[01m[Kstd::vector<Eigen::Matrix<double, 3, 1> >::size_type[m[K’ {aka ‘[01m[Klong unsigned int[m[K’} [[01;35m[K-Wsign-compare[m[K]
  350 |     for (int i = 0; [01;35m[Ki < points.size() - 1[m[K; ++i)
      |                     [01;35m[K~~^~~~~~~~~~~~~~~~~~~[m[K
[01m[K/home/zqh/phoenixZ/racer_explore/src/RACER/swarm_exploration/plan_manage/src/planner_manager.cpp:[m[K In member function ‘[01m[Kbool fast_planner::FastPlannerManager::planGlobalTraj(const Vector3d&)[m[K’:
[01m[K/home/zqh/phoenixZ/racer_explore/src/RACER/swarm_exploration/plan_manage/src/planner_manager.cpp:350:23:[m[K [01;35m[Kwarning: [m[Kcomparison of integer expressions of different signedness: ‘[01m[Kint[m[K’ and ‘[01m[Kstd::vector<Eigen::Matrix<double, 3, 1> >::size_type[m[K’ {aka ‘[01m[Klong unsigned int[m[K’} [[01;35m[K-Wsign-compare[m[K]
  350 |     for (int i = 0; [01;35m[Ki < points.size() - 1[m[K; ++i)
      |                     [01;35m[K~~^~~~~~~~~~~~~~~~~~~[m[K
[01m[K/home/zqh/phoenixZ/racer_explore/src/RACER/swarm_exploration/plan_manage/src/planner_manager.cpp:[m[K In member function ‘[01m[Kbool fast_planner::FastPlannerManager::topoReplan(bool)[m[K’:
[01m[K/home/zqh/phoenixZ/racer_explore/src/RACER/swarm_exploration/plan_manage/src/planner_manager.cpp:473:31:[m[K [01;35m[Kwarning: [m[Kcomparison of integer expressions of different signedness: ‘[01m[Kint[m[K’ and ‘[01m[Kstd::vector<std::vector<Eigen::Matrix<double, 3, 1> > >::size_type[m[K’ {aka ‘[01m[Klong unsigned int[m[K’} [[01;35m[K-Wsign-compare[m[K]
  473 |             for (int i = 0; [01;35m[Ki < select_paths.size()[m[K; ++i)
      |                             [01;35m[K~~^~~~~~~~~~~~~~~~~~~~~[m[K
[01m[K/home/zqh/phoenixZ/racer_explore/src/RACER/swarm_exploration/plan_manage/src/planner_manager.cpp:479:31:[m[K [01;35m[Kwarning: [m[Kcomparison of integer expressions of different signedness: ‘[01m[Kint[m[K’ and ‘[01m[Kstd::vector<std::vector<Eigen::Matrix<double, 3, 1> > >::size_type[m[K’ {aka ‘[01m[Klong unsigned int[m[K’} [[01;35m[K-Wsign-compare[m[K]
  479 |             for (int i = 0; [01;35m[Ki < select_paths.size()[m[K; ++i) optimize_threads[i].join();
      |                             [01;35m[K~~^~~~~~~~~~~~~~~~~~~~~[m[K
[01m[K/home/zqh/phoenixZ/racer_explore/src/RACER/swarm_exploration/plan_manage/src/planner_manager.cpp:[m[K In member function ‘[01m[Kvoid fast_planner::FastPlannerManager::refineTraj(fast_planner::NonUniformBspline&)[m[K’:
[01m[K/home/zqh/phoenixZ/racer_explore/src/RACER/swarm_exploration/plan_manage/src/planner_manager.cpp:511:15:[m[K [01;35m[Kwarning: [m[Kvariable ‘[01m[Kt1[m[K’ set but not used [[01;35m[K-Wunused-but-set-variable[m[K]
  511 |     ros::Time [01;35m[Kt1[m[K = ros::Time::now();
      |               [01;35m[K^~[m[K
[01m[K/home/zqh/phoenixZ/racer_explore/src/RACER/swarm_exploration/plan_manage/src/planner_manager.cpp:[m[K In member function ‘[01m[Kvoid fast_planner::FastPlannerManager::reparamBspline(fast_planner::NonUniformBspline&, double, Eigen::MatrixXd&, double&, double&)[m[K’:
[01m[K/home/zqh/phoenixZ/racer_explore/src/RACER/swarm_exploration/plan_manage/src/planner_manager.cpp:557:9:[m[K [01;35m[Kwarning: [m[Kunused variable ‘[01m[Kprev_num[m[K’ [[01;35m[K-Wunused-variable[m[K]
  557 |     int [01;35m[Kprev_num[m[K = bspline.getControlPoint().rows();
      |         [01;35m[K^~~~~~~~[m[K
[01m[K/home/zqh/phoenixZ/racer_explore/src/RACER/swarm_exploration/plan_manage/src/planner_manager.cpp:[m[K In member function ‘[01m[Kvoid fast_planner::FastPlannerManager::optimizeTopoBspline(double, double, std::vector<Eigen::Matrix<double, 3, 1> >, int)[m[K’:
[01m[K/home/zqh/phoenixZ/racer_explore/src/RACER/swarm_exploration/plan_manage/src/planner_manager.cpp:599:30:[m[K [01;35m[Kwarning: [m[Kcomparison of integer expressions of different signedness: ‘[01m[Kstd::vector<Eigen::Matrix<double, 3, 1> >::size_type[m[K’ {aka ‘[01m[Klong unsigned int[m[K’} and ‘[01m[Kint[m[K’ [[01;35m[K-Wsign-compare[m[K]
  599 |         if ([01;35m[Kguide_pts.size() != int(ctrl_pts.rows()) - 6[m[K) ROS_WARN("Incorrect guide for 3 degree");
      |             [01;35m[K~~~~~~~~~~~~~~~~~^~~~~~~~~~~~~~~~~~~~~~~~~~~[m[K
[01m[K/home/zqh/phoenixZ/racer_explore/src/RACER/swarm_exploration/plan_manage/src/planner_manager.cpp:604:27:[m[K [01;35m[Kwarning: [m[Kcomparison of integer expressions of different signedness: ‘[01m[Kint[m[K’ and ‘[01m[Kstd::vector<Eigen::Matrix<double, 3, 1> >::size_type[m[K’ {aka ‘[01m[Klong unsigned int[m[K’} [[01;35m[K-Wsign-compare[m[K]
  604 |         for (int i = 0; [01;35m[Ki < tmp_pts.size()[m[K; ++i)
      |                         [01;35m[K~~^~~~~~~~~~~~~~~~[m[K
[01m[K/home/zqh/phoenixZ/racer_explore/src/RACER/swarm_exploration/plan_manage/src/planner_manager.cpp:606:43:[m[K [01;35m[Kwarning: [m[Kcomparison of integer expressions of different signedness: ‘[01m[Kint[m[K’ and ‘[01m[Kstd::vector<Eigen::Matrix<double, 3, 1> >::size_type[m[K’ {aka ‘[01m[Klong unsigned int[m[K’} [[01;35m[K-Wsign-compare[m[K]
  606 |             if (i % 2 == 1 && i >= 5 && [01;35m[Ki <= tmp_pts.size() - 6[m[K) guide_pts.push_back(tmp_pts[i]);
      |                                         [01;35m[K~~^~~~~~~~~~~~~~~~~~~~~[m[K
[01m[K/home/zqh/phoenixZ/racer_explore/src/RACER/swarm_exploration/plan_manage/src/planner_manager.cpp:608:30:[m[K [01;35m[Kwarning: [m[Kcomparison of integer expressions of different signedness: ‘[01m[Kstd::vector<Eigen::Matrix<double, 3, 1> >::size_type[m[K’ {aka ‘[01m[Klong unsigned int[m[K’} and ‘[01m[Kint[m[K’ [[01;35m[K-Wsign-compare[m[K]
  608 |         if ([01;35m[Kguide_pts.size() != int(ctrl_pts.rows()) - 8[m[K) ROS_WARN("Incorrect guide for 4 degree");
      |             [01;35m[K~~~~~~~~~~~~~~~~~^~~~~~~~~~~~~~~~~~~~~~~~~~~[m[K
[01m[K/home/zqh/phoenixZ/racer_explore/src/RACER/swarm_exploration/plan_manage/src/planner_manager.cpp:[m[K In member function ‘[01m[Kbool fast_planner::FastPlannerManager::topoReplan(bool)[m[K’:
[01m[K/home/zqh/phoenixZ/racer_explore/src/RACER/swarm_exploration/plan_manage/src/planner_manager.cpp:473:31:[m[K [01;35m[Kwarning: [m[Kcomparison of integer expressions of different signedness: ‘[01m[Kint[m[K’ and ‘[01m[Kstd::vector<std::vector<Eigen::Matrix<double, 3, 1> > >::size_type[m[K’ {aka ‘[01m[Klong unsigned int[m[K’} [[01;35m[K-Wsign-compare[m[K]
  473 |             for (int i = 0; [01;35m[Ki < select_paths.size()[m[K; ++i)
      |                             [01;35m[K~~^~~~~~~~~~~~~~~~~~~~~[m[K
[01m[K/home/zqh/phoenixZ/racer_explore/src/RACER/swarm_exploration/plan_manage/src/planner_manager.cpp:613:12:[m[K [01;35m[Kwarning: [m[Kunused variable ‘[01m[Ktm1[m[K’ [[01;35m[K-Wunused-variable[m[K]
  613 |     double [01;35m[Ktm1[m[K = (ros::Time::now() - t1).toSec();
      |            [01;35m[K^~~[m[K
[01m[K/home/zqh/phoenixZ/racer_explore/src/RACER/swarm_exploration/plan_manage/src/planner_manager.cpp:622:12:[m[K [01;35m[Kwarning: [m[Kunused variable ‘[01m[Ktm2[m[K’ [[01;35m[K-Wunused-variable[m[K]
  622 |     double [01;35m[Ktm2[m[K = (ros::Time::now() - t1).toSec();
      |            [01;35m[K^~~[m[K
[01m[K/home/zqh/phoenixZ/racer_explore/src/RACER/swarm_exploration/plan_manage/src/planner_manager.cpp:633:12:[m[K [01;35m[Kwarning: [m[Kunused variable ‘[01m[Ktm3[m[K’ [[01;35m[K-Wunused-variable[m[K]
  633 |     double [01;35m[Ktm3[m[K = (ros::Time::now() - t1).toSec();
      |            [01;35m[K^~~[m[K
[01m[K/home/zqh/phoenixZ/racer_explore/src/RACER/swarm_exploration/plan_manage/src/planner_manager.cpp:479:31:[m[K [01;35m[Kwarning: [m[Kcomparison of integer expressions of different signedness: ‘[01m[Kint[m[K’ and ‘[01m[Kstd::vector<std::vector<Eigen::Matrix<double, 3, 1> > >::size_type[m[K’ {aka ‘[01m[Klong unsigned int[m[K’} [[01;35m[K-Wsign-compare[m[K]
  479 |             for (int i = 0; [01;35m[Ki < select_paths.size()[m[K; ++i) optimize_threads[i].join();
      |                             [01;35m[K~~^~~~~~~~~~~~~~~~~~~~~[m[K
[01m[K/home/zqh/phoenixZ/racer_explore/src/RACER/swarm_exploration/plan_manage/src/planner_manager.cpp:[m[K In member function ‘[01m[Kvoid fast_planner::FastPlannerManager::refineTraj(fast_planner::NonUniformBspline&)[m[K’:
[01m[K/home/zqh/phoenixZ/racer_explore/src/RACER/swarm_exploration/plan_manage/src/planner_manager.cpp:511:15:[m[K [01;35m[Kwarning: [m[Kvariable ‘[01m[Kt1[m[K’ set but not used [[01;35m[K-Wunused-but-set-variable[m[K]
  511 |     ros::Time [01;35m[Kt1[m[K = ros::Time::now();
      |               [01;35m[K^~[m[K
[01m[K/home/zqh/phoenixZ/racer_explore/src/RACER/swarm_exploration/plan_manage/src/planner_manager.cpp:[m[K In member function ‘[01m[Kvoid fast_planner::FastPlannerManager::reparamBspline(fast_planner::NonUniformBspline&, double, Eigen::MatrixXd&, double&, double&)[m[K’:
[01m[K/home/zqh/phoenixZ/racer_explore/src/RACER/swarm_exploration/plan_manage/src/planner_manager.cpp:557:9:[m[K [01;35m[Kwarning: [m[Kunused variable ‘[01m[Kprev_num[m[K’ [[01;35m[K-Wunused-variable[m[K]
  557 |     int [01;35m[Kprev_num[m[K = bspline.getControlPoint().rows();
      |         [01;35m[K^~~~~~~~[m[K
[01m[K/home/zqh/phoenixZ/racer_explore/src/RACER/swarm_exploration/plan_manage/src/planner_manager.cpp:[m[K In member function ‘[01m[Kvoid fast_planner::FastPlannerManager::optimizeTopoBspline(double, double, std::vector<Eigen::Matrix<double, 3, 1> >, int)[m[K’:
[01m[K/home/zqh/phoenixZ/racer_explore/src/RACER/swarm_exploration/plan_manage/src/planner_manager.cpp:599:30:[m[K [01;35m[Kwarning: [m[Kcomparison of integer expressions of different signedness: ‘[01m[Kstd::vector<Eigen::Matrix<double, 3, 1> >::size_type[m[K’ {aka ‘[01m[Klong unsigned int[m[K’} and ‘[01m[Kint[m[K’ [[01;35m[K-Wsign-compare[m[K]
  599 |         if ([01;35m[Kguide_pts.size() != int(ctrl_pts.rows()) - 6[m[K) ROS_WARN("Incorrect guide for 3 degree");
      |             [01;35m[K~~~~~~~~~~~~~~~~~^~~~~~~~~~~~~~~~~~~~~~~~~~~[m[K
[01m[K/home/zqh/phoenixZ/racer_explore/src/RACER/swarm_exploration/plan_manage/src/planner_manager.cpp:604:27:[m[K [01;35m[Kwarning: [m[Kcomparison of integer expressions of different signedness: ‘[01m[Kint[m[K’ and ‘[01m[Kstd::vector<Eigen::Matrix<double, 3, 1> >::size_type[m[K’ {aka ‘[01m[Klong unsigned int[m[K’} [[01;35m[K-Wsign-compare[m[K]
  604 |         for (int i = 0; [01;35m[Ki < tmp_pts.size()[m[K; ++i)
      |                         [01;35m[K~~^~~~~~~~~~~~~~~~[m[K
[01m[K/home/zqh/phoenixZ/racer_explore/src/RACER/swarm_exploration/plan_manage/src/planner_manager.cpp:606:43:[m[K [01;35m[Kwarning: [m[Kcomparison of integer expressions of different signedness: ‘[01m[Kint[m[K’ and ‘[01m[Kstd::vector<Eigen::Matrix<double, 3, 1> >::size_type[m[K’ {aka ‘[01m[Klong unsigned int[m[K’} [[01;35m[K-Wsign-compare[m[K]
  606 |             if (i % 2 == 1 && i >= 5 && [01;35m[Ki <= tmp_pts.size() - 6[m[K) guide_pts.push_back(tmp_pts[i]);
      |                                         [01;35m[K~~^~~~~~~~~~~~~~~~~~~~~[m[K
[01m[K/home/zqh/phoenixZ/racer_explore/src/RACER/swarm_exploration/plan_manage/src/planner_manager.cpp:608:30:[m[K [01;35m[Kwarning: [m[Kcomparison of integer expressions of different signedness: ‘[01m[Kstd::vector<Eigen::Matrix<double, 3, 1> >::size_type[m[K’ {aka ‘[01m[Klong unsigned int[m[K’} and ‘[01m[Kint[m[K’ [[01;35m[K-Wsign-compare[m[K]
  608 |         if ([01;35m[Kguide_pts.size() != int(ctrl_pts.rows()) - 8[m[K) ROS_WARN("Incorrect guide for 4 degree");
      |             [01;35m[K~~~~~~~~~~~~~~~~~^~~~~~~~~~~~~~~~~~~~~~~~~~~[m[K
[01m[K/home/zqh/phoenixZ/racer_explore/src/RACER/swarm_exploration/plan_manage/src/planner_manager.cpp:613:12:[m[K [01;35m[Kwarning: [m[Kunused variable ‘[01m[Ktm1[m[K’ [[01;35m[K-Wunused-variable[m[K]
  613 |     double [01;35m[Ktm1[m[K = (ros::Time::now() - t1).toSec();
      |            [01;35m[K^~~[m[K
[01m[K/home/zqh/phoenixZ/racer_explore/src/RACER/swarm_exploration/plan_manage/src/planner_manager.cpp:622:12:[m[K [01;35m[Kwarning: [m[Kunused variable ‘[01m[Ktm2[m[K’ [[01;35m[K-Wunused-variable[m[K]
  622 |     double [01;35m[Ktm2[m[K = (ros::Time::now() - t1).toSec();
      |            [01;35m[K^~~[m[K
[01m[K/home/zqh/phoenixZ/racer_explore/src/RACER/swarm_exploration/plan_manage/src/planner_manager.cpp:633:12:[m[K [01;35m[Kwarning: [m[Kunused variable ‘[01m[Ktm3[m[K’ [[01;35m[K-Wunused-variable[m[K]
  633 |     double [01;35m[Ktm3[m[K = (ros::Time::now() - t1).toSec();
      |            [01;35m[K^~~[m[K
[01m[K/home/zqh/phoenixZ/racer_explore/src/RACER/swarm_exploration/plan_manage/src/planner_manager.cpp:[m[K In member function ‘[01m[Kvoid fast_planner::FastPlannerManager::planYaw(const Vector3d&)[m[K’:
[01m[K/home/zqh/phoenixZ/racer_explore/src/RACER/swarm_exploration/plan_manage/src/planner_manager.cpp:810:23:[m[K [01;35m[Kwarning: [m[Kcomparison of integer expressions of different signedness: ‘[01m[Kint[m[K’ and ‘[01m[Kstd::vector<Eigen::Matrix<double, 3, 1> >::size_type[m[K’ {aka ‘[01m[Klong unsigned int[m[K’} [[01;35m[K-Wsign-compare[m[K]
  810 |     for (int i = 0; [01;35m[Ki < waypts.size()[m[K; ++i) path_yaw.push_back(waypts[i][0]);
      |                     [01;35m[K~~^~~~~~~~~~~~~~~[m[K
[01m[K/home/zqh/phoenixZ/racer_explore/src/RACER/swarm_exploration/plan_manage/src/planner_manager.cpp:[m[K In member function ‘[01m[Kvoid fast_planner::FastPlannerManager::planYaw(const Vector3d&)[m[K’:
[01m[K/home/zqh/phoenixZ/racer_explore/src/RACER/swarm_exploration/plan_manage/src/planner_manager.cpp:810:23:[m[K [01;35m[Kwarning: [m[Kcomparison of integer expressions of different signedness: ‘[01m[Kint[m[K’ and ‘[01m[Kstd::vector<Eigen::Matrix<double, 3, 1> >::size_type[m[K’ {aka ‘[01m[Klong unsigned int[m[K’} [[01;35m[K-Wsign-compare[m[K]
  810 |     for (int i = 0; [01;35m[Ki < waypts.size()[m[K; ++i) path_yaw.push_back(waypts[i][0]);
      |                     [01;35m[K~~^~~~~~~~~~~~~~~[m[K
[01m[K/home/zqh/phoenixZ/racer_explore/src/RACER/swarm_exploration/plan_manage/src/planner_manager.cpp:[m[K In member function ‘[01m[Kvoid fast_planner::FastPlannerManager::planYawExplore(const Vector3d&, const double&, bool, const double&)[m[K’:
[01m[K/home/zqh/phoenixZ/racer_explore/src/RACER/swarm_exploration/plan_manage/src/planner_manager.cpp:854:19:[m[K [01;35m[Kwarning: [m[Kunused variable ‘[01m[Krelax_num1[m[K’ [[01;35m[K-Wunused-variable[m[K]
  854 |         const int [01;35m[Krelax_num1[m[K = pp_.relax_time1_ / dt_yaw;
      |                   [01;35m[K^~~~~~~~~~[m[K
[01m[K/home/zqh/phoenixZ/racer_explore/src/RACER/swarm_exploration/plan_manage/src/planner_manager.cpp:920:10:[m[K [01;35m[Kwarning: [m[Kvariable ‘[01m[Kt1[m[K’ set but not used [[01;35m[K-Wunused-but-set-variable[m[K]
  920 |     auto [01;35m[Kt1[m[K = ros::Time::now();
      |          [01;35m[K^~[m[K
[01m[K/home/zqh/phoenixZ/racer_explore/src/RACER/swarm_exploration/plan_manage/src/planner_manager.cpp:[m[K In member function ‘[01m[Kvoid fast_planner::FastPlannerManager::planYawExplore(const Vector3d&, const double&, bool, const double&)[m[K’:
[01m[K/home/zqh/phoenixZ/racer_explore/src/RACER/swarm_exploration/plan_manage/src/planner_manager.cpp:854:19:[m[K [01;35m[Kwarning: [m[Kunused variable ‘[01m[Krelax_num1[m[K’ [[01;35m[K-Wunused-variable[m[K]
  854 |         const int [01;35m[Krelax_num1[m[K = pp_.relax_time1_ / dt_yaw;
      |                   [01;35m[K^~~~~~~~~~[m[K
[01m[K/home/zqh/phoenixZ/racer_explore/src/RACER/swarm_exploration/plan_manage/src/planner_manager.cpp:920:10:[m[K [01;35m[Kwarning: [m[Kvariable ‘[01m[Kt1[m[K’ set but not used [[01;35m[K-Wunused-but-set-variable[m[K]
  920 |     auto [01;35m[Kt1[m[K = ros::Time::now();
      |          [01;35m[K^~[m[K
[01m[K/home/zqh/phoenixZ/racer_explore/src/RACER/swarm_exploration/plan_manage/src/planner_manager.cpp:[m[K In member function ‘[01m[Kvoid fast_planner::FastPlannerManager::findCollisionRange(std::vector<Eigen::Matrix<double, 3, 1> >&, std::vector<Eigen::Matrix<double, 3, 1> >&, std::vector<Eigen::Matrix<double, 3, 1> >&, std::vector<Eigen::Matrix<double, 3, 1> >&)[m[K’:
[01m[K/home/zqh/phoenixZ/racer_explore/src/RACER/swarm_exploration/plan_manage/src/planner_manager.cpp:712:21:[m[K [01;35m[Kwarning: [m[K‘[01m[Kt_e[m[K’ may be used uninitialized in this function [[01;35m[K-Wmaybe-uninitialized[m[K]
  712 |     sn = ceil([01;35m[K(t_mp - t_e)[m[K / dt);
      |               [01;35m[K~~~~~~^~~~~~[m[K
[01m[K/home/zqh/phoenixZ/racer_explore/src/RACER/swarm_exploration/plan_manage/src/planner_manager.cpp:[m[K In member function ‘[01m[Kvoid fast_planner::FastPlannerManager::findCollisionRange(std::vector<Eigen::Matrix<double, 3, 1> >&, std::vector<Eigen::Matrix<double, 3, 1> >&, std::vector<Eigen::Matrix<double, 3, 1> >&, std::vector<Eigen::Matrix<double, 3, 1> >&)[m[K’:
[01m[K/home/zqh/phoenixZ/racer_explore/src/RACER/swarm_exploration/plan_manage/src/planner_manager.cpp:712:21:[m[K [01;35m[Kwarning: [m[K‘[01m[Kt_e[m[K’ may be used uninitialized in this function [[01;35m[K-Wmaybe-uninitialized[m[K]
  712 |     sn = ceil([01;35m[K(t_mp - t_e)[m[K / dt);
      |               [01;35m[K~~~~~~^~~~~~[m[K
