Symlinking /home/zqh/phoenixZ/racer_explore/devel/share/plan_manage/cmake/plan_manageConfig.cmake
Symlinking /home/zqh/phoenixZ/racer_explore/devel/share/plan_manage/cmake/plan_manageConfig-version.cmake
Symlinking /home/zqh/phoenixZ/racer_explore/devel/lib/libplan_manage.so
Symlinking /home/zqh/phoenixZ/racer_explore/devel/lib/plan_manage/fast_planner_node
Symlinking /home/zqh/phoenixZ/racer_explore/devel/lib/plan_manage/proc_msg2
Symlinking /home/zqh/phoenixZ/racer_explore/devel/lib/plan_manage/traj_server
Symlinking /home/zqh/phoenixZ/racer_explore/devel/lib/plan_manage/proc_msg
Symlinking /home/zqh/phoenixZ/racer_explore/devel/lib/pkgconfig/plan_manage.pc
Cleaning: (/root/jky/racer_explore/devel/.private/plan_manage/cmake.lock, /root/jky/racer_explore/devel/./cmake.lock)
Cleaning: (/root/jky/racer_explore/devel/.private/plan_manage/share/plan_manage/cmake/plan_manageConfig.cmake, /root/jky/racer_explore/devel/share/plan_manage/cmake/plan_manageConfig.cmake)
Cleaning: (/root/jky/racer_explore/devel/.private/plan_manage/share/plan_manage/cmake/plan_manageConfig-version.cmake, /root/jky/racer_explore/devel/share/plan_manage/cmake/plan_manageConfig-version.cmake)
Cleaning: (/root/jky/racer_explore/devel/.private/plan_manage/lib/libplan_manage.so, /root/jky/racer_explore/devel/lib/libplan_manage.so)
Cleaning: (/root/jky/racer_explore/devel/.private/plan_manage/lib/plan_manage/fast_planner_node, /root/jky/racer_explore/devel/lib/plan_manage/fast_planner_node)
Cleaning: (/root/jky/racer_explore/devel/.private/plan_manage/lib/plan_manage/proc_msg2, /root/jky/racer_explore/devel/lib/plan_manage/proc_msg2)
Cleaning: (/root/jky/racer_explore/devel/.private/plan_manage/lib/plan_manage/traj_server, /root/jky/racer_explore/devel/lib/plan_manage/traj_server)
Cleaning: (/root/jky/racer_explore/devel/.private/plan_manage/lib/plan_manage/proc_msg, /root/jky/racer_explore/devel/lib/plan_manage/proc_msg)
Cleaning: (/root/jky/racer_explore/devel/.private/plan_manage/lib/pkgconfig/plan_manage.pc, /root/jky/racer_explore/devel/lib/pkgconfig/plan_manage.pc)
Unlinking: /root/jky/racer_explore/devel/share/plan_manage/cmake/plan_manageConfig.cmake
Already unlinked: {}
Unlinking: /root/jky/racer_explore/devel/share/plan_manage/cmake/plan_manageConfig-version.cmake
Already unlinked: {}
Unlinking: /root/jky/racer_explore/devel/lib/libplan_manage.so
Already unlinked: {}
Unlinking: /root/jky/racer_explore/devel/lib/plan_manage/fast_planner_node
Already unlinked: {}
Unlinking: /root/jky/racer_explore/devel/lib/plan_manage/proc_msg2
Already unlinked: {}
Unlinking: /root/jky/racer_explore/devel/lib/plan_manage/traj_server
Already unlinked: {}
Unlinking: /root/jky/racer_explore/devel/lib/plan_manage/proc_msg
Already unlinked: {}
Unlinking: /root/jky/racer_explore/devel/lib/pkgconfig/plan_manage.pc
Already unlinked: {}
