[01m[K/root/jky/racer_explore/src/RACER/swarm_exploration/plan_manage/src/traj_server.cpp:[m[K In function ‘[01m[Kdouble calcPathLength(const std::vector<Eigen::Matrix<double, 3, 1> >&)[m[K’:
[01m[K/root/jky/racer_explore/src/RACER/swarm_exploration/plan_manage/src/traj_server.cpp:62:23:[m[K [01;35m[Kwarning: [m[Kcomparison of integer expressions of different signedness: ‘[01m[Kint[m[K’ and ‘[01m[Kstd::vector<Eigen::Matrix<double, 3, 1> >::size_type[m[K’ {aka ‘[01m[Klong unsigned int[m[K’} [[01;35m[K-Wsign-compare[m[K]
   62 |     for (int i = 0; [01;35m[Ki < path.size() - 1[m[K; ++i)
      |                     [01;35m[K~~^~~~~~~~~~~~~~~~~[m[K
[01m[K/root/jky/racer_explore/src/RACER/swarm_exploration/plan_manage/src/traj_server.cpp:[m[K In function ‘[01m[Kvoid bsplineCallback(const BsplineConstPtr&)[m[K’:
[01m[K/root/jky/racer_explore/src/RACER/swarm_exploration/plan_manage/src/traj_server.cpp:247:23:[m[K [01;35m[Kwarning: [m[Kcomparison of integer expressions of different signedness: ‘[01m[Kint[m[K’ and ‘[01m[Kstd::vector<double>::size_type[m[K’ {aka ‘[01m[Klong unsigned int[m[K’} [[01;35m[K-Wsign-compare[m[K]
  247 |     for (int i = 0; [01;35m[Ki < msg->knots.size()[m[K; ++i)
      |                     [01;35m[K~~^~~~~~~~~~~~~~~~~~~[m[K
[01m[K/root/jky/racer_explore/src/RACER/swarm_exploration/plan_manage/src/traj_server.cpp:251:23:[m[K [01;35m[Kwarning: [m[Kcomparison of integer expressions of different signedness: ‘[01m[Kint[m[K’ and ‘[01m[Kstd::vector<geometry_msgs::Point_<std::allocator<void> >, std::allocator<geometry_msgs::Point_<std::allocator<void> > > >::size_type[m[K’ {aka ‘[01m[Klong unsigned int[m[K’} [[01;35m[K-Wsign-compare[m[K]
  251 |     for (int i = 0; [01;35m[Ki < msg->pos_pts.size()[m[K; ++i)
      |                     [01;35m[K~~^~~~~~~~~~~~~~~~~~~~~[m[K
[01m[K/root/jky/racer_explore/src/RACER/swarm_exploration/plan_manage/src/traj_server.cpp:261:23:[m[K [01;35m[Kwarning: [m[Kcomparison of integer expressions of different signedness: ‘[01m[Kint[m[K’ and ‘[01m[Kstd::vector<double>::size_type[m[K’ {aka ‘[01m[Klong unsigned int[m[K’} [[01;35m[K-Wsign-compare[m[K]
  261 |     for (int i = 0; [01;35m[Ki < msg->yaw_pts.size()[m[K; ++i) yaw_pts(i, 0) = msg->yaw_pts[i];
      |                     [01;35m[K~~^~~~~~~~~~~~~~~~~~~~~[m[K
[01m[K/root/jky/racer_explore/src/RACER/swarm_exploration/plan_manage/src/traj_server.cpp:[m[K In function ‘[01m[Kvoid cmdCallback(const ros::TimerEvent&)[m[K’:
[01m[K/root/jky/racer_explore/src/RACER/swarm_exploration/plan_manage/src/traj_server.cpp:292:22:[m[K [01;31m[Kerror: [m[K‘[01m[KBSpline[m[K’ was not declared in this scope; did you mean ‘[01m[Kbspline[m[K’?
  292 |   static std::vector<[01;31m[KBSpline[m[K> traj_; // B样条轨迹（假设BSpline类已定义）
      |                      [01;31m[K^~~~~~~[m[K
      |                      [32m[Kbspline[m[K
[01m[K/root/jky/racer_explore/src/RACER/swarm_exploration/plan_manage/src/traj_server.cpp:292:29:[m[K [01;31m[Kerror: [m[Ktemplate argument 1 is invalid
  292 |   static std::vector<BSpline[01;31m[K>[m[K traj_; // B样条轨迹（假设BSpline类已定义）
      |                             [01;31m[K^[m[K
[01m[K/root/jky/racer_explore/src/RACER/swarm_exploration/plan_manage/src/traj_server.cpp:292:29:[m[K [01;31m[Kerror: [m[Ktemplate argument 2 is invalid
[01m[K/root/jky/racer_explore/src/RACER/swarm_exploration/plan_manage/src/traj_server.cpp:302:10:[m[K [01;31m[Kerror: [m[K‘[01m[KSDFMap2D[m[K’ does not name a type
  302 |   static [01;31m[KSDFMap2D[m[K sdf_map_2d;      // 2D SDF地图
      |          [01;31m[K^~~~~~~~[m[K
[01m[K/root/jky/racer_explore/src/RACER/swarm_exploration/plan_manage/src/traj_server.cpp:324:20:[m[K [01;31m[Kerror: [m[Kinvalid types ‘[01m[Kint[int][m[K’ for array subscript
  324 |       pos = traj_[0[01;31m[K][m[K.evaluateDeBoorT(t_cur);
      |                    [01;31m[K^[m[K
[01m[K/root/jky/racer_explore/src/RACER/swarm_exploration/plan_manage/src/traj_server.cpp:325:20:[m[K [01;31m[Kerror: [m[Kinvalid types ‘[01m[Kint[int][m[K’ for array subscript
  325 |       vel = traj_[1[01;31m[K][m[K.evaluateDeBoorT(t_cur);
      |                    [01;31m[K^[m[K
[01m[K/root/jky/racer_explore/src/RACER/swarm_exploration/plan_manage/src/traj_server.cpp:326:20:[m[K [01;31m[Kerror: [m[Kinvalid types ‘[01m[Kint[int][m[K’ for array subscript
  326 |       acc = traj_[2[01;31m[K][m[K.evaluateDeBoorT(t_cur);
      |                    [01;31m[K^[m[K
[01m[K/root/jky/racer_explore/src/RACER/swarm_exploration/plan_manage/src/traj_server.cpp:327:20:[m[K [01;31m[Kerror: [m[Kinvalid types ‘[01m[Kint[int][m[K’ for array subscript
  327 |       yaw = traj_[3[01;31m[K][m[K.evaluateDeBoorT(t_cur)[0];
      |                    [01;31m[K^[m[K
[01m[K/root/jky/racer_explore/src/RACER/swarm_exploration/plan_manage/src/traj_server.cpp:328:23:[m[K [01;31m[Kerror: [m[Kinvalid types ‘[01m[Kint[int][m[K’ for array subscript
  328 |       yawdot = traj_[4[01;31m[K][m[K.evaluateDeBoorT(t_cur)[0];
      |                       [01;31m[K^[m[K
[01m[K/root/jky/racer_explore/src/RACER/swarm_exploration/plan_manage/src/traj_server.cpp:329:20:[m[K [01;31m[Kerror: [m[Kinvalid types ‘[01m[Kint[int][m[K’ for array subscript
  329 |       jer = traj_[5[01;31m[K][m[K.evaluateDeBoorT(t_cur);
      |                    [01;31m[K^[m[K
[01m[K/root/jky/racer_explore/src/RACER/swarm_exploration/plan_manage/src/traj_server.cpp:333:20:[m[K [01;31m[Kerror: [m[Kinvalid types ‘[01m[Kint[int][m[K’ for array subscript
  333 |       pos = traj_[0[01;31m[K][m[K.evaluateDeBoorT(traj_duration_);
      |                    [01;31m[K^[m[K
[01m[K/root/jky/racer_explore/src/RACER/swarm_exploration/plan_manage/src/traj_server.cpp:336:20:[m[K [01;31m[Kerror: [m[Kinvalid types ‘[01m[Kint[int][m[K’ for array subscript
  336 |       yaw = traj_[3[01;31m[K][m[K.evaluateDeBoorT(traj_duration_)[0];
      |                    [01;31m[K^[m[K
[01m[K/root/jky/racer_explore/src/RACER/swarm_exploration/plan_manage/src/traj_server.cpp:371:22:[m[K [01;31m[Kerror: [m[K‘[01m[Ksdf_map_2d[m[K’ was not declared in this scope
  371 |   bool is_feasible = [01;31m[Ksdf_map_2d[m[K.getSDF(pos_2d(0), pos_2d(1)) > safety_margin;
      |                      [01;31m[K^~~~~~~~~~[m[K
[01m[K/root/jky/racer_explore/src/RACER/swarm_exploration/plan_manage/src/traj_server.cpp:393:30:[m[K [01;31m[Kerror: [m[K‘[01m[Ka_star_2d[m[K’ was not declared in this scope
  393 |               current_path = [01;31m[Ka_star_2d[m[K(last_feasible_pos, goal, sdf_map_2d);
      |                              [01;31m[K^~~~~~~~~[m[K
[01m[K/root/jky/racer_explore/src/RACER/swarm_exploration/plan_manage/src/traj_server.cpp:394:30:[m[K [01;31m[Kerror: [m[K‘[01m[Ksmooth_path[m[K’ was not declared in this scope
  394 |               current_path = [01;31m[Ksmooth_path[m[K(current_path, min_turn_radius);
      |                              [01;31m[K^~~~~~~~~~~[m[K
[01m[K/root/jky/racer_explore/src/RACER/swarm_exploration/plan_manage/src/traj_server.cpp:430:15:[m[K [01;31m[Kerror: [m[K‘[01m[Knormalize_angle[m[K’ was not declared in this scope
  430 |   delta_yaw = [01;31m[Knormalize_angle[m[K(delta_yaw);
      |               [01;31m[K^~~~~~~~~~~~~~~[m[K
[01m[K/root/jky/racer_explore/src/RACER/swarm_exploration/plan_manage/src/traj_server.cpp:439:13:[m[K [01;31m[Kerror: [m[K‘[01m[Kgeometry_msgs::Twist[m[K’ {aka ‘[01m[Kstruct geometry_msgs::Twist_<std::allocator<void> >[m[K’} has no member named ‘[01m[Kheader[m[K’
  439 |   twist_cmd.[01;31m[Kheader[m[K.stamp = time_now;
      |             [01;31m[K^~~~~~[m[K
[01m[K/root/jky/racer_explore/src/RACER/swarm_exploration/plan_manage/src/traj_server.cpp:498:1:[m[K [01;31m[Kerror: [m[Kexpected primary-expression before ‘[01m[K)[m[K’ token
  498 | [01;31m[K)[m[K;
      | [01;31m[K^[m[K
[01m[K/root/jky/racer_explore/src/RACER/swarm_exploration/plan_manage/src/traj_server.cpp:349:10:[m[K [01;35m[Kwarning: [m[Kunused variable ‘[01m[Kyawdot_2d[m[K’ [[01;35m[K-Wunused-variable[m[K]
  349 |   double [01;35m[Kyawdot_2d[m[K = yawdot;
      |          [01;35m[K^~~~~~~~~[m[K
[01m[K/root/jky/racer_explore/src/RACER/swarm_exploration/plan_manage/src/traj_server.cpp:[m[K In function ‘[01m[Kvoid test()[m[K’:
[01m[K/root/jky/racer_explore/src/RACER/swarm_exploration/plan_manage/src/traj_server.cpp:538:23:[m[K [01;35m[Kwarning: [m[Kcomparison of integer expressions of different signedness: ‘[01m[Kint[m[K’ and ‘[01m[Kstd::vector<Eigen::Matrix<double, 3, 1> >::size_type[m[K’ {aka ‘[01m[Klong unsigned int[m[K’} [[01;35m[K-Wsign-compare[m[K]
  538 |     for (int i = 0; [01;35m[Ki < samples.size()[m[K; ++i) points.row(i) = samples[i].transpose();
      |                     [01;35m[K~~^~~~~~~~~~~~~~~~[m[K
make[2]: *** [CMakeFiles/traj_server.dir/build.make:63: CMakeFiles/traj_server.dir/src/traj_server.cpp.o] Error 1
make[1]: *** [CMakeFiles/Makefile2:1430: CMakeFiles/traj_server.dir/all] Error 2
make: *** [Makefile:141: all] Error 2
