[35m[1mScanning dependencies of target plan_manage[0m
[35m[1mScanning dependencies of target fast_planner_node[0m
[ 12%] Built target traj_server
[ 37%] Built target proc_msg
[ 37%] Built target proc_msg2
[ 43%] [32mBuilding CXX object CMakeFiles/plan_manage.dir/src/planner_manager.cpp.o[0m
[ 50%] [32mBuilding CXX object CMakeFiles/fast_planner_node.dir/src/planner_manager.cpp.o[0m
[01m[K/home/zqh/phoenixZ/racer_explore/src/RACER/swarm_exploration/plan_manage/src/planner_manager.cpp:[m[K In member function ‘[01m[Kbool fast_planner::FastPlannerManager::kinodynamicReplan(const Vector3d&, const Vector3d&, const Vector3d&, const Vector3d&, const Vector3d&, const double&)[m[K’:
[01m[K/home/zqh/phoenixZ/racer_explore/src/RACER/swarm_exploration/plan_manage/src/planner_manager.cpp:157:21:[m[K [01;35m[Kwarning: [m[Kvariable ‘[01m[Kinit_pos[m[K’ set but not used [[01;35m[K-Wunused-but-set-variable[m[K]
  157 |     Eigen::Vector3d [01;35m[Kinit_pos[m[K = start_pt;
      |                     [01;35m[K^~~~~~~~[m[K
[01m[K/home/zqh/phoenixZ/racer_explore/src/RACER/swarm_exploration/plan_manage/src/planner_manager.cpp:158:21:[m[K [01;35m[Kwarning: [m[Kvariable ‘[01m[Kinit_vel[m[K’ set but not used [[01;35m[K-Wunused-but-set-variable[m[K]
  158 |     Eigen::Vector3d [01;35m[Kinit_vel[m[K = start_vel;
      |                     [01;35m[K^~~~~~~~[m[K
[01m[K/home/zqh/phoenixZ/racer_explore/src/RACER/swarm_exploration/plan_manage/src/planner_manager.cpp:159:21:[m[K [01;35m[Kwarning: [m[Kvariable ‘[01m[Kinit_acc[m[K’ set but not used [[01;35m[K-Wunused-but-set-variable[m[K]
  159 |     Eigen::Vector3d [01;35m[Kinit_acc[m[K = start_acc;
      |                     [01;35m[K^~~~~~~~[m[K
[01m[K/home/zqh/phoenixZ/racer_explore/src/RACER/swarm_exploration/plan_manage/src/planner_manager.cpp:181:12:[m[K [01;35m[Kwarning: [m[Kunused variable ‘[01m[Kt_search[m[K’ [[01;35m[K-Wunused-variable[m[K]
  181 |     double [01;35m[Kt_search[m[K = (ros::Time::now() - t1).toSec();
      |            [01;35m[K^~~~~~~~[m[K
[01m[K/home/zqh/phoenixZ/racer_explore/src/RACER/swarm_exploration/plan_manage/src/planner_manager.cpp:222:12:[m[K [01;35m[Kwarning: [m[Kunused variable ‘[01m[Kt_opt[m[K’ [[01;35m[K-Wunused-variable[m[K]
  222 |     double [01;35m[Kt_opt[m[K = (ros::Time::now() - t1).toSec();
      |            [01;35m[K^~~~~[m[K
[01m[K/home/zqh/phoenixZ/racer_explore/src/RACER/swarm_exploration/plan_manage/src/planner_manager.cpp:[m[K In member function ‘[01m[Kbool fast_planner::FastPlannerManager::kinodynamicReplan(const Vector3d&, const Vector3d&, const Vector3d&, const Vector3d&, const Vector3d&, const double&)[m[K’:
[01m[K/home/zqh/phoenixZ/racer_explore/src/RACER/swarm_exploration/plan_manage/src/planner_manager.cpp:157:21:[m[K [01;35m[Kwarning: [m[Kvariable ‘[01m[Kinit_pos[m[K’ set but not used [[01;35m[K-Wunused-but-set-variable[m[K]
  157 |     Eigen::Vector3d [01;35m[Kinit_pos[m[K = start_pt;
      |                     [01;35m[K^~~~~~~~[m[K
[01m[K/home/zqh/phoenixZ/racer_explore/src/RACER/swarm_exploration/plan_manage/src/planner_manager.cpp:158:21:[m[K [01;35m[Kwarning: [m[Kvariable ‘[01m[Kinit_vel[m[K’ set but not used [[01;35m[K-Wunused-but-set-variable[m[K]
  158 |     Eigen::Vector3d [01;35m[Kinit_vel[m[K = start_vel;
      |                     [01;35m[K^~~~~~~~[m[K
[01m[K/home/zqh/phoenixZ/racer_explore/src/RACER/swarm_exploration/plan_manage/src/planner_manager.cpp:159:21:[m[K [01;35m[Kwarning: [m[Kvariable ‘[01m[Kinit_acc[m[K’ set but not used [[01;35m[K-Wunused-but-set-variable[m[K]
  159 |     Eigen::Vector3d [01;35m[Kinit_acc[m[K = start_acc;
      |                     [01;35m[K^~~~~~~~[m[K
[01m[K/home/zqh/phoenixZ/racer_explore/src/RACER/swarm_exploration/plan_manage/src/planner_manager.cpp:181:12:[m[K [01;35m[Kwarning: [m[Kunused variable ‘[01m[Kt_search[m[K’ [[01;35m[K-Wunused-variable[m[K]
  181 |     double [01;35m[Kt_search[m[K = (ros::Time::now() - t1).toSec();
      |            [01;35m[K^~~~~~~~[m[K
[01m[K/home/zqh/phoenixZ/racer_explore/src/RACER/swarm_exploration/plan_manage/src/planner_manager.cpp:222:12:[m[K [01;35m[Kwarning: [m[Kunused variable ‘[01m[Kt_opt[m[K’ [[01;35m[K-Wunused-variable[m[K]
  222 |     double [01;35m[Kt_opt[m[K = (ros::Time::now() - t1).toSec();
      |            [01;35m[K^~~~~[m[K
[01m[K/home/zqh/phoenixZ/racer_explore/src/RACER/swarm_exploration/plan_manage/src/planner_manager.cpp:[m[K In member function ‘[01m[Kbool fast_planner::FastPlannerManager::planGlobalTraj(const Vector3d&)[m[K’:
[01m[K/home/zqh/phoenixZ/racer_explore/src/RACER/swarm_exploration/plan_manage/src/planner_manager.cpp:309:23:[m[K [01;35m[Kwarning: [m[Kcomparison of integer expressions of different signedness: ‘[01m[Kint[m[K’ and ‘[01m[Kstd::vector<Eigen::Matrix<double, 3, 1> >::size_type[m[K’ {aka ‘[01m[Klong unsigned int[m[K’} [[01;35m[K-Wsign-compare[m[K]
  309 |     for (int i = 0; [01;35m[Ki < points.size() - 1[m[K; ++i)
      |                     [01;35m[K~~^~~~~~~~~~~~~~~~~~~[m[K
[01m[K/home/zqh/phoenixZ/racer_explore/src/RACER/swarm_exploration/plan_manage/src/planner_manager.cpp:[m[K In member function ‘[01m[Kbool fast_planner::FastPlannerManager::planGlobalTraj(const Vector3d&)[m[K’:
[01m[K/home/zqh/phoenixZ/racer_explore/src/RACER/swarm_exploration/plan_manage/src/planner_manager.cpp:309:23:[m[K [01;35m[Kwarning: [m[Kcomparison of integer expressions of different signedness: ‘[01m[Kint[m[K’ and ‘[01m[Kstd::vector<Eigen::Matrix<double, 3, 1> >::size_type[m[K’ {aka ‘[01m[Klong unsigned int[m[K’} [[01;35m[K-Wsign-compare[m[K]
  309 |     for (int i = 0; [01;35m[Ki < points.size() - 1[m[K; ++i)
      |                     [01;35m[K~~^~~~~~~~~~~~~~~~~~~[m[K
[01m[K/home/zqh/phoenixZ/racer_explore/src/RACER/swarm_exploration/plan_manage/src/planner_manager.cpp:[m[K In member function ‘[01m[Kbool fast_planner::FastPlannerManager::topoReplan(bool)[m[K’:
[01m[K/home/zqh/phoenixZ/racer_explore/src/RACER/swarm_exploration/plan_manage/src/planner_manager.cpp:432:31:[m[K [01;35m[Kwarning: [m[Kcomparison of integer expressions of different signedness: ‘[01m[Kint[m[K’ and ‘[01m[Kstd::vector<std::vector<Eigen::Matrix<double, 3, 1> > >::size_type[m[K’ {aka ‘[01m[Klong unsigned int[m[K’} [[01;35m[K-Wsign-compare[m[K]
  432 |             for (int i = 0; [01;35m[Ki < select_paths.size()[m[K; ++i)
      |                             [01;35m[K~~^~~~~~~~~~~~~~~~~~~~~[m[K
[01m[K/home/zqh/phoenixZ/racer_explore/src/RACER/swarm_exploration/plan_manage/src/planner_manager.cpp:438:31:[m[K [01;35m[Kwarning: [m[Kcomparison of integer expressions of different signedness: ‘[01m[Kint[m[K’ and ‘[01m[Kstd::vector<std::vector<Eigen::Matrix<double, 3, 1> > >::size_type[m[K’ {aka ‘[01m[Klong unsigned int[m[K’} [[01;35m[K-Wsign-compare[m[K]
  438 |             for (int i = 0; [01;35m[Ki < select_paths.size()[m[K; ++i) optimize_threads[i].join();
      |                             [01;35m[K~~^~~~~~~~~~~~~~~~~~~~~[m[K
[01m[K/home/zqh/phoenixZ/racer_explore/src/RACER/swarm_exploration/plan_manage/src/planner_manager.cpp:[m[K In member function ‘[01m[Kvoid fast_planner::FastPlannerManager::refineTraj(fast_planner::NonUniformBspline&)[m[K’:
[01m[K/home/zqh/phoenixZ/racer_explore/src/RACER/swarm_exploration/plan_manage/src/planner_manager.cpp:470:15:[m[K [01;35m[Kwarning: [m[Kvariable ‘[01m[Kt1[m[K’ set but not used [[01;35m[K-Wunused-but-set-variable[m[K]
  470 |     ros::Time [01;35m[Kt1[m[K = ros::Time::now();
      |               [01;35m[K^~[m[K
[01m[K/home/zqh/phoenixZ/racer_explore/src/RACER/swarm_exploration/plan_manage/src/planner_manager.cpp:[m[K In member function ‘[01m[Kvoid fast_planner::FastPlannerManager::reparamBspline(fast_planner::NonUniformBspline&, double, Eigen::MatrixXd&, double&, double&)[m[K’:
[01m[K/home/zqh/phoenixZ/racer_explore/src/RACER/swarm_exploration/plan_manage/src/planner_manager.cpp:516:9:[m[K [01;35m[Kwarning: [m[Kunused variable ‘[01m[Kprev_num[m[K’ [[01;35m[K-Wunused-variable[m[K]
  516 |     int [01;35m[Kprev_num[m[K = bspline.getControlPoint().rows();
      |         [01;35m[K^~~~~~~~[m[K
[01m[K/home/zqh/phoenixZ/racer_explore/src/RACER/swarm_exploration/plan_manage/src/planner_manager.cpp:[m[K In member function ‘[01m[Kvoid fast_planner::FastPlannerManager::optimizeTopoBspline(double, double, std::vector<Eigen::Matrix<double, 3, 1> >, int)[m[K’:
[01m[K/home/zqh/phoenixZ/racer_explore/src/RACER/swarm_exploration/plan_manage/src/planner_manager.cpp:558:30:[m[K [01;35m[Kwarning: [m[Kcomparison of integer expressions of different signedness: ‘[01m[Kstd::vector<Eigen::Matrix<double, 3, 1> >::size_type[m[K’ {aka ‘[01m[Klong unsigned int[m[K’} and ‘[01m[Kint[m[K’ [[01;35m[K-Wsign-compare[m[K]
  558 |         if ([01;35m[Kguide_pts.size() != int(ctrl_pts.rows()) - 6[m[K) ROS_WARN("Incorrect guide for 3 degree");
      |             [01;35m[K~~~~~~~~~~~~~~~~~^~~~~~~~~~~~~~~~~~~~~~~~~~~[m[K
[01m[K/home/zqh/phoenixZ/racer_explore/src/RACER/swarm_exploration/plan_manage/src/planner_manager.cpp:563:27:[m[K [01;35m[Kwarning: [m[Kcomparison of integer expressions of different signedness: ‘[01m[Kint[m[K’ and ‘[01m[Kstd::vector<Eigen::Matrix<double, 3, 1> >::size_type[m[K’ {aka ‘[01m[Klong unsigned int[m[K’} [[01;35m[K-Wsign-compare[m[K]
  563 |         for (int i = 0; [01;35m[Ki < tmp_pts.size()[m[K; ++i)
      |                         [01;35m[K~~^~~~~~~~~~~~~~~~[m[K
[01m[K/home/zqh/phoenixZ/racer_explore/src/RACER/swarm_exploration/plan_manage/src/planner_manager.cpp:565:43:[m[K [01;35m[Kwarning: [m[Kcomparison of integer expressions of different signedness: ‘[01m[Kint[m[K’ and ‘[01m[Kstd::vector<Eigen::Matrix<double, 3, 1> >::size_type[m[K’ {aka ‘[01m[Klong unsigned int[m[K’} [[01;35m[K-Wsign-compare[m[K]
  565 |             if (i % 2 == 1 && i >= 5 && [01;35m[Ki <= tmp_pts.size() - 6[m[K) guide_pts.push_back(tmp_pts[i]);
      |                                         [01;35m[K~~^~~~~~~~~~~~~~~~~~~~~[m[K
[01m[K/home/zqh/phoenixZ/racer_explore/src/RACER/swarm_exploration/plan_manage/src/planner_manager.cpp:567:30:[m[K [01;35m[Kwarning: [m[Kcomparison of integer expressions of different signedness: ‘[01m[Kstd::vector<Eigen::Matrix<double, 3, 1> >::size_type[m[K’ {aka ‘[01m[Klong unsigned int[m[K’} and ‘[01m[Kint[m[K’ [[01;35m[K-Wsign-compare[m[K]
  567 |         if ([01;35m[Kguide_pts.size() != int(ctrl_pts.rows()) - 8[m[K) ROS_WARN("Incorrect guide for 4 degree");
      |             [01;35m[K~~~~~~~~~~~~~~~~~^~~~~~~~~~~~~~~~~~~~~~~~~~~[m[K
[01m[K/home/zqh/phoenixZ/racer_explore/src/RACER/swarm_exploration/plan_manage/src/planner_manager.cpp:[m[K In member function ‘[01m[Kbool fast_planner::FastPlannerManager::topoReplan(bool)[m[K’:
[01m[K/home/zqh/phoenixZ/racer_explore/src/RACER/swarm_exploration/plan_manage/src/planner_manager.cpp:432:31:[m[K [01;35m[Kwarning: [m[Kcomparison of integer expressions of different signedness: ‘[01m[Kint[m[K’ and ‘[01m[Kstd::vector<std::vector<Eigen::Matrix<double, 3, 1> > >::size_type[m[K’ {aka ‘[01m[Klong unsigned int[m[K’} [[01;35m[K-Wsign-compare[m[K]
  432 |             for (int i = 0; [01;35m[Ki < select_paths.size()[m[K; ++i)
      |                             [01;35m[K~~^~~~~~~~~~~~~~~~~~~~~[m[K
[01m[K/home/zqh/phoenixZ/racer_explore/src/RACER/swarm_exploration/plan_manage/src/planner_manager.cpp:438:31:[m[K [01;35m[Kwarning: [m[Kcomparison of integer expressions of different signedness: ‘[01m[Kint[m[K’ and ‘[01m[Kstd::vector<std::vector<Eigen::Matrix<double, 3, 1> > >::size_type[m[K’ {aka ‘[01m[Klong unsigned int[m[K’} [[01;35m[K-Wsign-compare[m[K]
  438 |             for (int i = 0; [01;35m[Ki < select_paths.size()[m[K; ++i) optimize_threads[i].join();
      |                             [01;35m[K~~^~~~~~~~~~~~~~~~~~~~~[m[K
[01m[K/home/zqh/phoenixZ/racer_explore/src/RACER/swarm_exploration/plan_manage/src/planner_manager.cpp:572:12:[m[K [01;35m[Kwarning: [m[Kunused variable ‘[01m[Ktm1[m[K’ [[01;35m[K-Wunused-variable[m[K]
  572 |     double [01;35m[Ktm1[m[K = (ros::Time::now() - t1).toSec();
      |            [01;35m[K^~~[m[K
[01m[K/home/zqh/phoenixZ/racer_explore/src/RACER/swarm_exploration/plan_manage/src/planner_manager.cpp:581:12:[m[K [01;35m[Kwarning: [m[Kunused variable ‘[01m[Ktm2[m[K’ [[01;35m[K-Wunused-variable[m[K]
  581 |     double [01;35m[Ktm2[m[K = (ros::Time::now() - t1).toSec();
      |            [01;35m[K^~~[m[K
[01m[K/home/zqh/phoenixZ/racer_explore/src/RACER/swarm_exploration/plan_manage/src/planner_manager.cpp:592:12:[m[K [01;35m[Kwarning: [m[Kunused variable ‘[01m[Ktm3[m[K’ [[01;35m[K-Wunused-variable[m[K]
  592 |     double [01;35m[Ktm3[m[K = (ros::Time::now() - t1).toSec();
      |            [01;35m[K^~~[m[K
[01m[K/home/zqh/phoenixZ/racer_explore/src/RACER/swarm_exploration/plan_manage/src/planner_manager.cpp:[m[K In member function ‘[01m[Kvoid fast_planner::FastPlannerManager::refineTraj(fast_planner::NonUniformBspline&)[m[K’:
[01m[K/home/zqh/phoenixZ/racer_explore/src/RACER/swarm_exploration/plan_manage/src/planner_manager.cpp:470:15:[m[K [01;35m[Kwarning: [m[Kvariable ‘[01m[Kt1[m[K’ set but not used [[01;35m[K-Wunused-but-set-variable[m[K]
  470 |     ros::Time [01;35m[Kt1[m[K = ros::Time::now();
      |               [01;35m[K^~[m[K
[01m[K/home/zqh/phoenixZ/racer_explore/src/RACER/swarm_exploration/plan_manage/src/planner_manager.cpp:[m[K In member function ‘[01m[Kvoid fast_planner::FastPlannerManager::reparamBspline(fast_planner::NonUniformBspline&, double, Eigen::MatrixXd&, double&, double&)[m[K’:
[01m[K/home/zqh/phoenixZ/racer_explore/src/RACER/swarm_exploration/plan_manage/src/planner_manager.cpp:516:9:[m[K [01;35m[Kwarning: [m[Kunused variable ‘[01m[Kprev_num[m[K’ [[01;35m[K-Wunused-variable[m[K]
  516 |     int [01;35m[Kprev_num[m[K = bspline.getControlPoint().rows();
      |         [01;35m[K^~~~~~~~[m[K
[01m[K/home/zqh/phoenixZ/racer_explore/src/RACER/swarm_exploration/plan_manage/src/planner_manager.cpp:[m[K In member function ‘[01m[Kvoid fast_planner::FastPlannerManager::optimizeTopoBspline(double, double, std::vector<Eigen::Matrix<double, 3, 1> >, int)[m[K’:
[01m[K/home/zqh/phoenixZ/racer_explore/src/RACER/swarm_exploration/plan_manage/src/planner_manager.cpp:558:30:[m[K [01;35m[Kwarning: [m[Kcomparison of integer expressions of different signedness: ‘[01m[Kstd::vector<Eigen::Matrix<double, 3, 1> >::size_type[m[K’ {aka ‘[01m[Klong unsigned int[m[K’} and ‘[01m[Kint[m[K’ [[01;35m[K-Wsign-compare[m[K]
  558 |         if ([01;35m[Kguide_pts.size() != int(ctrl_pts.rows()) - 6[m[K) ROS_WARN("Incorrect guide for 3 degree");
      |             [01;35m[K~~~~~~~~~~~~~~~~~^~~~~~~~~~~~~~~~~~~~~~~~~~~[m[K
[01m[K/home/zqh/phoenixZ/racer_explore/src/RACER/swarm_exploration/plan_manage/src/planner_manager.cpp:563:27:[m[K [01;35m[Kwarning: [m[Kcomparison of integer expressions of different signedness: ‘[01m[Kint[m[K’ and ‘[01m[Kstd::vector<Eigen::Matrix<double, 3, 1> >::size_type[m[K’ {aka ‘[01m[Klong unsigned int[m[K’} [[01;35m[K-Wsign-compare[m[K]
  563 |         for (int i = 0; [01;35m[Ki < tmp_pts.size()[m[K; ++i)
      |                         [01;35m[K~~^~~~~~~~~~~~~~~~[m[K
[01m[K/home/zqh/phoenixZ/racer_explore/src/RACER/swarm_exploration/plan_manage/src/planner_manager.cpp:565:43:[m[K [01;35m[Kwarning: [m[Kcomparison of integer expressions of different signedness: ‘[01m[Kint[m[K’ and ‘[01m[Kstd::vector<Eigen::Matrix<double, 3, 1> >::size_type[m[K’ {aka ‘[01m[Klong unsigned int[m[K’} [[01;35m[K-Wsign-compare[m[K]
  565 |             if (i % 2 == 1 && i >= 5 && [01;35m[Ki <= tmp_pts.size() - 6[m[K) guide_pts.push_back(tmp_pts[i]);
      |                                         [01;35m[K~~^~~~~~~~~~~~~~~~~~~~~[m[K
[01m[K/home/zqh/phoenixZ/racer_explore/src/RACER/swarm_exploration/plan_manage/src/planner_manager.cpp:567:30:[m[K [01;35m[Kwarning: [m[Kcomparison of integer expressions of different signedness: ‘[01m[Kstd::vector<Eigen::Matrix<double, 3, 1> >::size_type[m[K’ {aka ‘[01m[Klong unsigned int[m[K’} and ‘[01m[Kint[m[K’ [[01;35m[K-Wsign-compare[m[K]
  567 |         if ([01;35m[Kguide_pts.size() != int(ctrl_pts.rows()) - 8[m[K) ROS_WARN("Incorrect guide for 4 degree");
      |             [01;35m[K~~~~~~~~~~~~~~~~~^~~~~~~~~~~~~~~~~~~~~~~~~~~[m[K
[01m[K/home/zqh/phoenixZ/racer_explore/src/RACER/swarm_exploration/plan_manage/src/planner_manager.cpp:572:12:[m[K [01;35m[Kwarning: [m[Kunused variable ‘[01m[Ktm1[m[K’ [[01;35m[K-Wunused-variable[m[K]
  572 |     double [01;35m[Ktm1[m[K = (ros::Time::now() - t1).toSec();
      |            [01;35m[K^~~[m[K
[01m[K/home/zqh/phoenixZ/racer_explore/src/RACER/swarm_exploration/plan_manage/src/planner_manager.cpp:581:12:[m[K [01;35m[Kwarning: [m[Kunused variable ‘[01m[Ktm2[m[K’ [[01;35m[K-Wunused-variable[m[K]
  581 |     double [01;35m[Ktm2[m[K = (ros::Time::now() - t1).toSec();
      |            [01;35m[K^~~[m[K
[01m[K/home/zqh/phoenixZ/racer_explore/src/RACER/swarm_exploration/plan_manage/src/planner_manager.cpp:592:12:[m[K [01;35m[Kwarning: [m[Kunused variable ‘[01m[Ktm3[m[K’ [[01;35m[K-Wunused-variable[m[K]
  592 |     double [01;35m[Ktm3[m[K = (ros::Time::now() - t1).toSec();
      |            [01;35m[K^~~[m[K
[01m[K/home/zqh/phoenixZ/racer_explore/src/RACER/swarm_exploration/plan_manage/src/planner_manager.cpp:[m[K In member function ‘[01m[Kvoid fast_planner::FastPlannerManager::planYaw(const Vector3d&)[m[K’:
[01m[K/home/zqh/phoenixZ/racer_explore/src/RACER/swarm_exploration/plan_manage/src/planner_manager.cpp:769:23:[m[K [01;35m[Kwarning: [m[Kcomparison of integer expressions of different signedness: ‘[01m[Kint[m[K’ and ‘[01m[Kstd::vector<Eigen::Matrix<double, 3, 1> >::size_type[m[K’ {aka ‘[01m[Klong unsigned int[m[K’} [[01;35m[K-Wsign-compare[m[K]
  769 |     for (int i = 0; [01;35m[Ki < waypts.size()[m[K; ++i) path_yaw.push_back(waypts[i][0]);
      |                     [01;35m[K~~^~~~~~~~~~~~~~~[m[K
[01m[K/home/zqh/phoenixZ/racer_explore/src/RACER/swarm_exploration/plan_manage/src/planner_manager.cpp:[m[K In member function ‘[01m[Kvoid fast_planner::FastPlannerManager::planYaw(const Vector3d&)[m[K’:
[01m[K/home/zqh/phoenixZ/racer_explore/src/RACER/swarm_exploration/plan_manage/src/planner_manager.cpp:769:23:[m[K [01;35m[Kwarning: [m[Kcomparison of integer expressions of different signedness: ‘[01m[Kint[m[K’ and ‘[01m[Kstd::vector<Eigen::Matrix<double, 3, 1> >::size_type[m[K’ {aka ‘[01m[Klong unsigned int[m[K’} [[01;35m[K-Wsign-compare[m[K]
  769 |     for (int i = 0; [01;35m[Ki < waypts.size()[m[K; ++i) path_yaw.push_back(waypts[i][0]);
      |                     [01;35m[K~~^~~~~~~~~~~~~~~[m[K
[01m[K/home/zqh/phoenixZ/racer_explore/src/RACER/swarm_exploration/plan_manage/src/planner_manager.cpp:[m[K In member function ‘[01m[Kvoid fast_planner::FastPlannerManager::planYawExplore(const Vector3d&, const double&, bool, const double&)[m[K’:
[01m[K/home/zqh/phoenixZ/racer_explore/src/RACER/swarm_exploration/plan_manage/src/planner_manager.cpp:813:19:[m[K [01;35m[Kwarning: [m[Kunused variable ‘[01m[Krelax_num1[m[K’ [[01;35m[K-Wunused-variable[m[K]
  813 |         const int [01;35m[Krelax_num1[m[K = pp_.relax_time1_ / dt_yaw;
      |                   [01;35m[K^~~~~~~~~~[m[K
[01m[K/home/zqh/phoenixZ/racer_explore/src/RACER/swarm_exploration/plan_manage/src/planner_manager.cpp:879:10:[m[K [01;35m[Kwarning: [m[Kvariable ‘[01m[Kt1[m[K’ set but not used [[01;35m[K-Wunused-but-set-variable[m[K]
  879 |     auto [01;35m[Kt1[m[K = ros::Time::now();
      |          [01;35m[K^~[m[K
[01m[K/home/zqh/phoenixZ/racer_explore/src/RACER/swarm_exploration/plan_manage/src/planner_manager.cpp:[m[K In member function ‘[01m[Kvoid fast_planner::FastPlannerManager::planYawExplore(const Vector3d&, const double&, bool, const double&)[m[K’:
[01m[K/home/zqh/phoenixZ/racer_explore/src/RACER/swarm_exploration/plan_manage/src/planner_manager.cpp:813:19:[m[K [01;35m[Kwarning: [m[Kunused variable ‘[01m[Krelax_num1[m[K’ [[01;35m[K-Wunused-variable[m[K]
  813 |         const int [01;35m[Krelax_num1[m[K = pp_.relax_time1_ / dt_yaw;
      |                   [01;35m[K^~~~~~~~~~[m[K
[01m[K/home/zqh/phoenixZ/racer_explore/src/RACER/swarm_exploration/plan_manage/src/planner_manager.cpp:879:10:[m[K [01;35m[Kwarning: [m[Kvariable ‘[01m[Kt1[m[K’ set but not used [[01;35m[K-Wunused-but-set-variable[m[K]
  879 |     auto [01;35m[Kt1[m[K = ros::Time::now();
      |          [01;35m[K^~[m[K
[01m[K/home/zqh/phoenixZ/racer_explore/src/RACER/swarm_exploration/plan_manage/src/planner_manager.cpp:[m[K In member function ‘[01m[Kvoid fast_planner::FastPlannerManager::findCollisionRange(std::vector<Eigen::Matrix<double, 3, 1> >&, std::vector<Eigen::Matrix<double, 3, 1> >&, std::vector<Eigen::Matrix<double, 3, 1> >&, std::vector<Eigen::Matrix<double, 3, 1> >&)[m[K’:
[01m[K/home/zqh/phoenixZ/racer_explore/src/RACER/swarm_exploration/plan_manage/src/planner_manager.cpp:671:21:[m[K [01;35m[Kwarning: [m[K‘[01m[Kt_e[m[K’ may be used uninitialized in this function [[01;35m[K-Wmaybe-uninitialized[m[K]
  671 |     sn = ceil([01;35m[K(t_mp - t_e)[m[K / dt);
      |               [01;35m[K~~~~~~^~~~~~[m[K
[01m[K/home/zqh/phoenixZ/racer_explore/src/RACER/swarm_exploration/plan_manage/src/planner_manager.cpp:[m[K In member function ‘[01m[Kvoid fast_planner::FastPlannerManager::findCollisionRange(std::vector<Eigen::Matrix<double, 3, 1> >&, std::vector<Eigen::Matrix<double, 3, 1> >&, std::vector<Eigen::Matrix<double, 3, 1> >&, std::vector<Eigen::Matrix<double, 3, 1> >&)[m[K’:
[01m[K/home/zqh/phoenixZ/racer_explore/src/RACER/swarm_exploration/plan_manage/src/planner_manager.cpp:671:21:[m[K [01;35m[Kwarning: [m[K‘[01m[Kt_e[m[K’ may be used uninitialized in this function [[01;35m[K-Wmaybe-uninitialized[m[K]
  671 |     sn = ceil([01;35m[K(t_mp - t_e)[m[K / dt);
      |               [01;35m[K~~~~~~^~~~~~[m[K
[ 56%] [32m[1mLinking CXX executable /home/zqh/phoenixZ/racer_explore/devel/.private/plan_manage/lib/plan_manage/fast_planner_node[0m
[ 62%] [32m[1mLinking CXX shared library /home/zqh/phoenixZ/racer_explore/devel/.private/plan_manage/lib/libplan_manage.so[0m
[ 68%] Built target plan_manage
[100%] Built target fast_planner_node
