[  0%] Built target std_msgs_generate_messages_lisp
[  0%] Built target std_msgs_generate_messages_cpp
[  0%] Built target rosgraph_msgs_generate_messages_cpp
[  0%] Built target std_msgs_generate_messages_py
[  0%] Built target geometry_msgs_generate_messages_py
[  0%] Built target std_msgs_generate_messages_eus
[  7%] Built target obj_generator
[  7%] Built target sensor_msgs_generate_messages_lisp
[  7%] Built target rosgraph_msgs_generate_messages_eus
[  7%] Built target roscpp_generate_messages_nodejs
[  7%] Built target sensor_msgs_generate_messages_nodejs
[  7%] Built target sensor_msgs_generate_messages_py
[  7%] Built target std_msgs_generate_messages_nodejs
[  7%] Built target sensor_msgs_generate_messages_cpp
[  7%] Built target geometry_msgs_generate_messages_eus
[  7%] Built target _plan_env_generate_messages_check_deps_IdxList
[  7%] Built target roscpp_generate_messages_eus
[  7%] Built target _plan_env_generate_messages_check_deps_ChunkStamps
[  7%] Built target roscpp_generate_messages_lisp
[  7%] Built target roscpp_generate_messages_cpp
[  7%] Built target sensor_msgs_generate_messages_eus
[  7%] Built target geometry_msgs_generate_messages_lisp
[  7%] Built target rosgraph_msgs_generate_messages_py
[  7%] Built target visualization_msgs_generate_messages_cpp
[  7%] Built target rosgraph_msgs_generate_messages_nodejs
[  7%] Built target roscpp_generate_messages_py
[  7%] Built target visualization_msgs_generate_messages_py
[  7%] Built target _plan_env_generate_messages_check_deps_ChunkData
[  7%] Built target geometry_msgs_generate_messages_nodejs
[  7%] Built target rosgraph_msgs_generate_messages_lisp
[  7%] Built target visualization_msgs_generate_messages_eus
[  7%] Built target visualization_msgs_generate_messages_lisp
[  7%] Built target geometry_msgs_generate_messages_cpp
[  7%] Built target visualization_msgs_generate_messages_nodejs
[ 19%] Built target plan_env_generate_messages_cpp
[ 34%] Built target plan_env_generate_messages_py
[ 46%] Built target plan_env_generate_messages_nodejs
[ 57%] Built target plan_env_generate_messages_lisp
[ 73%] Built target plan_env_generate_messages_eus
[ 73%] Built target plan_env_generate_messages
[35m[1mScanning dependencies of target plan_env[0m
[ 76%] [32mBuilding CXX object CMakeFiles/plan_env.dir/src/sdf_map.cpp.o[0m
[ 80%] [32mBuilding CXX object CMakeFiles/plan_env.dir/src/map_ros.cpp.o[0m
[01m[K/home/zqh/phoenixZ/racer_explore/src/RACER/swarm_exploration/plan_env/src/sdf_map.cpp:[m[K In member function ‘[01m[Kvoid fast_planner::SDFMap::initMap(ros::NodeHandle&)[m[K’:
[01m[K/home/zqh/phoenixZ/racer_explore/src/RACER/swarm_exploration/plan_env/src/sdf_map.cpp:126:21:[m[K [01;35m[Kwarning: [m[Kcomparison of integer expressions of different signedness: ‘[01m[Kint[m[K’ and ‘[01m[Kstd::vector<Eigen::Matrix<double, 3, 1> >::size_type[m[K’ {aka ‘[01m[Klong unsigned int[m[K’} [[01;35m[K-Wsign-compare[m[K]
  126 |   for (int j = 1; [01;35m[Kj < mp_->vertices_.size()[m[K; ++j) {
      |                   [01;35m[K~~^~~~~~~~~~~~~~~~~~~~~~~[m[K
[ 84%] [32m[1mLinking CXX shared library /home/zqh/phoenixZ/racer_explore/devel/.private/plan_env/lib/libplan_env.so[0m
[100%] Built target plan_env
