Symlinking /home/racer_ws/devel/include/plan_env/IdxList.h
Symlinking /home/racer_ws/devel/include/plan_env/ChunkData.h
Symlinking /home/racer_ws/devel/include/plan_env/ChunkStamps.h
Symlinking /home/racer_ws/devel/share/roseus/ros/plan_env/manifest.l
Symlinking /home/racer_ws/devel/share/roseus/ros/plan_env/msg/ChunkStamps.l
Symlinking /home/racer_ws/devel/share/roseus/ros/plan_env/msg/IdxList.l
Symlinking /home/racer_ws/devel/share/roseus/ros/plan_env/msg/ChunkData.l
Symlinking /home/racer_ws/devel/share/common-lisp/ros/plan_env/msg/_package_ChunkData.lisp
Symlinking /home/racer_ws/devel/share/common-lisp/ros/plan_env/msg/IdxList.lisp
Symlinking /home/racer_ws/devel/share/common-lisp/ros/plan_env/msg/plan_env-msg.asd
Symlinking /home/racer_ws/devel/share/common-lisp/ros/plan_env/msg/_package.lisp
Symlinking /home/racer_ws/devel/share/common-lisp/ros/plan_env/msg/ChunkData.lisp
Symlinking /home/racer_ws/devel/share/common-lisp/ros/plan_env/msg/ChunkStamps.lisp
Symlinking /home/racer_ws/devel/share/common-lisp/ros/plan_env/msg/_package_IdxList.lisp
Symlinking /home/racer_ws/devel/share/common-lisp/ros/plan_env/msg/_package_ChunkStamps.lisp
Symlinking /home/racer_ws/devel/share/gennodejs/ros/plan_env/_index.js
Symlinking /home/racer_ws/devel/share/gennodejs/ros/plan_env/msg/_index.js
Symlinking /home/racer_ws/devel/share/gennodejs/ros/plan_env/msg/IdxList.js
Symlinking /home/racer_ws/devel/share/gennodejs/ros/plan_env/msg/ChunkStamps.js
Symlinking /home/racer_ws/devel/share/gennodejs/ros/plan_env/msg/ChunkData.js
Symlinking /home/racer_ws/devel/share/plan_env/cmake/plan_envConfig-version.cmake
Symlinking /home/racer_ws/devel/share/plan_env/cmake/plan_env-msg-paths.cmake
Symlinking /home/racer_ws/devel/share/plan_env/cmake/plan_env-msg-extras.cmake
Symlinking /home/racer_ws/devel/share/plan_env/cmake/plan_envConfig.cmake
Symlinking /home/racer_ws/devel/lib/libplan_env.so
Symlinking /home/racer_ws/devel/lib/python3/dist-packages/plan_env/__init__.py
Symlinking /home/racer_ws/devel/lib/python3/dist-packages/plan_env/msg/_ChunkData.py
Symlinking /home/racer_ws/devel/lib/python3/dist-packages/plan_env/msg/__init__.py
Symlinking /home/racer_ws/devel/lib/python3/dist-packages/plan_env/msg/_IdxList.py
Symlinking /home/racer_ws/devel/lib/python3/dist-packages/plan_env/msg/_ChunkStamps.py
Symlinking /home/racer_ws/devel/lib/pkgconfig/plan_env.pc
Symlinking /home/racer_ws/devel/lib/plan_env/obj_generator
Cleaning: (/home/zqh/phoenixZ/racer_ws/devel/.private/plan_env/cmake.lock, /home/zqh/phoenixZ/racer_ws/devel/./cmake.lock)
Cleaning: (/home/zqh/phoenixZ/racer_ws/devel/.private/plan_env/include/plan_env/IdxList.h, /home/zqh/phoenixZ/racer_ws/devel/include/plan_env/IdxList.h)
Cleaning: (/home/zqh/phoenixZ/racer_ws/devel/.private/plan_env/include/plan_env/ChunkData.h, /home/zqh/phoenixZ/racer_ws/devel/include/plan_env/ChunkData.h)
Cleaning: (/home/zqh/phoenixZ/racer_ws/devel/.private/plan_env/include/plan_env/ChunkStamps.h, /home/zqh/phoenixZ/racer_ws/devel/include/plan_env/ChunkStamps.h)
Cleaning: (/home/zqh/phoenixZ/racer_ws/devel/.private/plan_env/share/roseus/ros/plan_env/manifest.l, /home/zqh/phoenixZ/racer_ws/devel/share/roseus/ros/plan_env/manifest.l)
Cleaning: (/home/zqh/phoenixZ/racer_ws/devel/.private/plan_env/share/roseus/ros/plan_env/msg/ChunkStamps.l, /home/zqh/phoenixZ/racer_ws/devel/share/roseus/ros/plan_env/msg/ChunkStamps.l)
Cleaning: (/home/zqh/phoenixZ/racer_ws/devel/.private/plan_env/share/roseus/ros/plan_env/msg/IdxList.l, /home/zqh/phoenixZ/racer_ws/devel/share/roseus/ros/plan_env/msg/IdxList.l)
Cleaning: (/home/zqh/phoenixZ/racer_ws/devel/.private/plan_env/share/roseus/ros/plan_env/msg/ChunkData.l, /home/zqh/phoenixZ/racer_ws/devel/share/roseus/ros/plan_env/msg/ChunkData.l)
Cleaning: (/home/zqh/phoenixZ/racer_ws/devel/.private/plan_env/share/common-lisp/ros/plan_env/msg/_package_ChunkData.lisp, /home/zqh/phoenixZ/racer_ws/devel/share/common-lisp/ros/plan_env/msg/_package_ChunkData.lisp)
Cleaning: (/home/zqh/phoenixZ/racer_ws/devel/.private/plan_env/share/common-lisp/ros/plan_env/msg/IdxList.lisp, /home/zqh/phoenixZ/racer_ws/devel/share/common-lisp/ros/plan_env/msg/IdxList.lisp)
Cleaning: (/home/zqh/phoenixZ/racer_ws/devel/.private/plan_env/share/common-lisp/ros/plan_env/msg/plan_env-msg.asd, /home/zqh/phoenixZ/racer_ws/devel/share/common-lisp/ros/plan_env/msg/plan_env-msg.asd)
Cleaning: (/home/zqh/phoenixZ/racer_ws/devel/.private/plan_env/share/common-lisp/ros/plan_env/msg/_package.lisp, /home/zqh/phoenixZ/racer_ws/devel/share/common-lisp/ros/plan_env/msg/_package.lisp)
Cleaning: (/home/zqh/phoenixZ/racer_ws/devel/.private/plan_env/share/common-lisp/ros/plan_env/msg/ChunkData.lisp, /home/zqh/phoenixZ/racer_ws/devel/share/common-lisp/ros/plan_env/msg/ChunkData.lisp)
Cleaning: (/home/zqh/phoenixZ/racer_ws/devel/.private/plan_env/share/common-lisp/ros/plan_env/msg/ChunkStamps.lisp, /home/zqh/phoenixZ/racer_ws/devel/share/common-lisp/ros/plan_env/msg/ChunkStamps.lisp)
Cleaning: (/home/zqh/phoenixZ/racer_ws/devel/.private/plan_env/share/common-lisp/ros/plan_env/msg/_package_IdxList.lisp, /home/zqh/phoenixZ/racer_ws/devel/share/common-lisp/ros/plan_env/msg/_package_IdxList.lisp)
Cleaning: (/home/zqh/phoenixZ/racer_ws/devel/.private/plan_env/share/common-lisp/ros/plan_env/msg/_package_ChunkStamps.lisp, /home/zqh/phoenixZ/racer_ws/devel/share/common-lisp/ros/plan_env/msg/_package_ChunkStamps.lisp)
Cleaning: (/home/zqh/phoenixZ/racer_ws/devel/.private/plan_env/share/gennodejs/ros/plan_env/_index.js, /home/zqh/phoenixZ/racer_ws/devel/share/gennodejs/ros/plan_env/_index.js)
Cleaning: (/home/zqh/phoenixZ/racer_ws/devel/.private/plan_env/share/gennodejs/ros/plan_env/msg/_index.js, /home/zqh/phoenixZ/racer_ws/devel/share/gennodejs/ros/plan_env/msg/_index.js)
Cleaning: (/home/zqh/phoenixZ/racer_ws/devel/.private/plan_env/share/gennodejs/ros/plan_env/msg/IdxList.js, /home/zqh/phoenixZ/racer_ws/devel/share/gennodejs/ros/plan_env/msg/IdxList.js)
Cleaning: (/home/zqh/phoenixZ/racer_ws/devel/.private/plan_env/share/gennodejs/ros/plan_env/msg/ChunkStamps.js, /home/zqh/phoenixZ/racer_ws/devel/share/gennodejs/ros/plan_env/msg/ChunkStamps.js)
Cleaning: (/home/zqh/phoenixZ/racer_ws/devel/.private/plan_env/share/gennodejs/ros/plan_env/msg/ChunkData.js, /home/zqh/phoenixZ/racer_ws/devel/share/gennodejs/ros/plan_env/msg/ChunkData.js)
Cleaning: (/home/zqh/phoenixZ/racer_ws/devel/.private/plan_env/share/plan_env/cmake/plan_envConfig-version.cmake, /home/zqh/phoenixZ/racer_ws/devel/share/plan_env/cmake/plan_envConfig-version.cmake)
Cleaning: (/home/zqh/phoenixZ/racer_ws/devel/.private/plan_env/share/plan_env/cmake/plan_env-msg-paths.cmake, /home/zqh/phoenixZ/racer_ws/devel/share/plan_env/cmake/plan_env-msg-paths.cmake)
Cleaning: (/home/zqh/phoenixZ/racer_ws/devel/.private/plan_env/share/plan_env/cmake/plan_env-msg-extras.cmake, /home/zqh/phoenixZ/racer_ws/devel/share/plan_env/cmake/plan_env-msg-extras.cmake)
Cleaning: (/home/zqh/phoenixZ/racer_ws/devel/.private/plan_env/share/plan_env/cmake/plan_envConfig.cmake, /home/zqh/phoenixZ/racer_ws/devel/share/plan_env/cmake/plan_envConfig.cmake)
Cleaning: (/home/zqh/phoenixZ/racer_ws/devel/.private/plan_env/lib/libplan_env.so, /home/zqh/phoenixZ/racer_ws/devel/lib/libplan_env.so)
Cleaning: (/home/zqh/phoenixZ/racer_ws/devel/.private/plan_env/lib/python3/dist-packages/plan_env/__init__.py, /home/zqh/phoenixZ/racer_ws/devel/lib/python3/dist-packages/plan_env/__init__.py)
Cleaning: (/home/zqh/phoenixZ/racer_ws/devel/.private/plan_env/lib/python3/dist-packages/plan_env/msg/_ChunkData.py, /home/zqh/phoenixZ/racer_ws/devel/lib/python3/dist-packages/plan_env/msg/_ChunkData.py)
Cleaning: (/home/zqh/phoenixZ/racer_ws/devel/.private/plan_env/lib/python3/dist-packages/plan_env/msg/__init__.py, /home/zqh/phoenixZ/racer_ws/devel/lib/python3/dist-packages/plan_env/msg/__init__.py)
Cleaning: (/home/zqh/phoenixZ/racer_ws/devel/.private/plan_env/lib/python3/dist-packages/plan_env/msg/_IdxList.py, /home/zqh/phoenixZ/racer_ws/devel/lib/python3/dist-packages/plan_env/msg/_IdxList.py)
Cleaning: (/home/zqh/phoenixZ/racer_ws/devel/.private/plan_env/lib/python3/dist-packages/plan_env/msg/_ChunkStamps.py, /home/zqh/phoenixZ/racer_ws/devel/lib/python3/dist-packages/plan_env/msg/_ChunkStamps.py)
Cleaning: (/home/zqh/phoenixZ/racer_ws/devel/.private/plan_env/lib/pkgconfig/plan_env.pc, /home/zqh/phoenixZ/racer_ws/devel/lib/pkgconfig/plan_env.pc)
Cleaning: (/home/zqh/phoenixZ/racer_ws/devel/.private/plan_env/lib/plan_env/obj_generator, /home/zqh/phoenixZ/racer_ws/devel/lib/plan_env/obj_generator)
Unlinking: /home/zqh/phoenixZ/racer_ws/devel/include/plan_env/IdxList.h
Already unlinked: {}
Unlinking: /home/zqh/phoenixZ/racer_ws/devel/include/plan_env/ChunkData.h
Already unlinked: {}
Unlinking: /home/zqh/phoenixZ/racer_ws/devel/include/plan_env/ChunkStamps.h
Already unlinked: {}
Unlinking: /home/zqh/phoenixZ/racer_ws/devel/share/roseus/ros/plan_env/manifest.l
Already unlinked: {}
Unlinking: /home/zqh/phoenixZ/racer_ws/devel/share/roseus/ros/plan_env/msg/ChunkStamps.l
Already unlinked: {}
Unlinking: /home/zqh/phoenixZ/racer_ws/devel/share/roseus/ros/plan_env/msg/IdxList.l
Already unlinked: {}
Unlinking: /home/zqh/phoenixZ/racer_ws/devel/share/roseus/ros/plan_env/msg/ChunkData.l
Already unlinked: {}
Unlinking: /home/zqh/phoenixZ/racer_ws/devel/share/common-lisp/ros/plan_env/msg/_package_ChunkData.lisp
Already unlinked: {}
Unlinking: /home/zqh/phoenixZ/racer_ws/devel/share/common-lisp/ros/plan_env/msg/IdxList.lisp
Already unlinked: {}
Unlinking: /home/zqh/phoenixZ/racer_ws/devel/share/common-lisp/ros/plan_env/msg/plan_env-msg.asd
Already unlinked: {}
Unlinking: /home/zqh/phoenixZ/racer_ws/devel/share/common-lisp/ros/plan_env/msg/_package.lisp
Already unlinked: {}
Unlinking: /home/zqh/phoenixZ/racer_ws/devel/share/common-lisp/ros/plan_env/msg/ChunkData.lisp
Already unlinked: {}
Unlinking: /home/zqh/phoenixZ/racer_ws/devel/share/common-lisp/ros/plan_env/msg/ChunkStamps.lisp
Already unlinked: {}
Unlinking: /home/zqh/phoenixZ/racer_ws/devel/share/common-lisp/ros/plan_env/msg/_package_IdxList.lisp
Already unlinked: {}
Unlinking: /home/zqh/phoenixZ/racer_ws/devel/share/common-lisp/ros/plan_env/msg/_package_ChunkStamps.lisp
Already unlinked: {}
Unlinking: /home/zqh/phoenixZ/racer_ws/devel/share/gennodejs/ros/plan_env/_index.js
Already unlinked: {}
Unlinking: /home/zqh/phoenixZ/racer_ws/devel/share/gennodejs/ros/plan_env/msg/_index.js
Already unlinked: {}
Unlinking: /home/zqh/phoenixZ/racer_ws/devel/share/gennodejs/ros/plan_env/msg/IdxList.js
Already unlinked: {}
Unlinking: /home/zqh/phoenixZ/racer_ws/devel/share/gennodejs/ros/plan_env/msg/ChunkStamps.js
Already unlinked: {}
Unlinking: /home/zqh/phoenixZ/racer_ws/devel/share/gennodejs/ros/plan_env/msg/ChunkData.js
Already unlinked: {}
Unlinking: /home/zqh/phoenixZ/racer_ws/devel/share/plan_env/cmake/plan_envConfig-version.cmake
Already unlinked: {}
Unlinking: /home/zqh/phoenixZ/racer_ws/devel/share/plan_env/cmake/plan_env-msg-paths.cmake
Already unlinked: {}
Unlinking: /home/zqh/phoenixZ/racer_ws/devel/share/plan_env/cmake/plan_env-msg-extras.cmake
Already unlinked: {}
Unlinking: /home/zqh/phoenixZ/racer_ws/devel/share/plan_env/cmake/plan_envConfig.cmake
Already unlinked: {}
Unlinking: /home/zqh/phoenixZ/racer_ws/devel/lib/libplan_env.so
Already unlinked: {}
Unlinking: /home/zqh/phoenixZ/racer_ws/devel/lib/python3/dist-packages/plan_env/__init__.py
Already unlinked: {}
Unlinking: /home/zqh/phoenixZ/racer_ws/devel/lib/python3/dist-packages/plan_env/msg/_ChunkData.py
Already unlinked: {}
Unlinking: /home/zqh/phoenixZ/racer_ws/devel/lib/python3/dist-packages/plan_env/msg/__init__.py
Already unlinked: {}
Unlinking: /home/zqh/phoenixZ/racer_ws/devel/lib/python3/dist-packages/plan_env/msg/_IdxList.py
Already unlinked: {}
Unlinking: /home/zqh/phoenixZ/racer_ws/devel/lib/python3/dist-packages/plan_env/msg/_ChunkStamps.py
Already unlinked: {}
Unlinking: /home/zqh/phoenixZ/racer_ws/devel/lib/pkgconfig/plan_env.pc
Already unlinked: {}
Unlinking: /home/zqh/phoenixZ/racer_ws/devel/lib/plan_env/obj_generator
Already unlinked: {}
