[01m[K/home/zqh/phoenixZ/racer_explore/src/RACER/swarm_exploration/plan_env/src/map_ros.cpp:[m[K In constructor ‘[01m[Kfast_planner::MapROS::MapROS()[m[K’:
[01m[K/home/zqh/phoenixZ/racer_explore/src/RACER/swarm_exploration/plan_env/src/map_ros.cpp:14:1:[m[K [01;35m[Kwarning: [m[K  when initialized here [[01;35m[K-Wreorder[m[K]
   14 | [01;35m[KMapROS[m[K::MapROS()
      | [01;35m[K^~~~~~[m[K
[01m[K/home/zqh/phoenixZ/racer_explore/src/RACER/swarm_exploration/plan_env/src/sdf_map.cpp:[m[K In member function ‘[01m[Kvoid fast_planner::SDFMap::initMap(ros::NodeHandle&)[m[K’:
[01m[K/home/zqh/phoenixZ/racer_explore/src/RACER/swarm_exploration/plan_env/src/sdf_map.cpp:139:23:[m[K [01;35m[Kwarning: [m[Kcomparison of integer expressions of different signedness: ‘[01m[Kint[m[K’ and ‘[01m[Kstd::vector<Eigen::Matrix<double, 3, 1> >::size_type[m[K’ {aka ‘[01m[Klong unsigned int[m[K’} [[01;35m[K-Wsign-compare[m[K]
  139 |     for (int j = 1; [01;35m[Kj < mp_->vertices_.size()[m[K; ++j)
      |                     [01;35m[K~~^~~~~~~~~~~~~~~~~~~~~~~[m[K
[01m[K/home/zqh/phoenixZ/racer_explore/src/RACER/swarm_exploration/plan_env/src/map_ros.cpp:[m[K In member function ‘[01m[Kvoid fast_planner::MapROS::droneStateCallback(const ConstPtr&)[m[K’:
[01m[K/home/zqh/phoenixZ/racer_explore/src/RACER/swarm_exploration/plan_env/src/map_ros.cpp:107:32:[m[K [01;31m[Kerror: [m[K‘[01m[Kconst struct msg_set::DroneState_<std::allocator<void> >[m[K’ has no member named ‘[01m[Kheader[m[K’
  107 |         state.timestamp = msg->[01;31m[Kheader[m[K.stamp;
      |                                [01;31m[K^~~~~~[m[K
[01m[K/home/zqh/phoenixZ/racer_explore/src/RACER/swarm_exploration/plan_env/src/map_ros.cpp:[m[K In member function ‘[01m[Kbool fast_planner::MapROS::isCornerPoint(const Vector3d&)[m[K’:
[01m[K/home/zqh/phoenixZ/racer_explore/src/RACER/swarm_exploration/plan_env/src/map_ros.cpp:336:34:[m[K [01;31m[Kerror: [m[K‘[01m[Kclass fast_planner::SDFMap[m[K’ has no member named ‘[01m[KgetGradient[m[K’
  336 |     Eigen::Vector3d grad = map_->[01;31m[KgetGradient[m[K(pt); // 获取 SDF 梯度
      |                                  [01;31m[K^~~~~~~~~~~[m[K
make[2]: *** [CMakeFiles/plan_env.dir/build.make:115: CMakeFiles/plan_env.dir/src/map_ros.cpp.o] Error 1
make[2]: *** Waiting for unfinished jobs....
make[1]: *** [CMakeFiles/Makefile2:1074: CMakeFiles/plan_env.dir/all] Error 2
make: *** [Makefile:141: all] Error 2
