Linked: (/home/racer_ws/devel/.private/plan_env/include/plan_env/IdxList.h, /home/racer_ws/devel/include/plan_env/IdxList.h)
Linked: (/home/racer_ws/devel/.private/plan_env/include/plan_env/ChunkData.h, /home/racer_ws/devel/include/plan_env/ChunkData.h)
Linked: (/home/racer_ws/devel/.private/plan_env/include/plan_env/ChunkStamps.h, /home/racer_ws/devel/include/plan_env/ChunkStamps.h)
Linked: (/home/racer_ws/devel/.private/plan_env/share/roseus/ros/plan_env/manifest.l, /home/racer_ws/devel/share/roseus/ros/plan_env/manifest.l)
Linked: (/home/racer_ws/devel/.private/plan_env/share/roseus/ros/plan_env/msg/ChunkStamps.l, /home/racer_ws/devel/share/roseus/ros/plan_env/msg/ChunkStamps.l)
Linked: (/home/racer_ws/devel/.private/plan_env/share/roseus/ros/plan_env/msg/IdxList.l, /home/racer_ws/devel/share/roseus/ros/plan_env/msg/IdxList.l)
Linked: (/home/racer_ws/devel/.private/plan_env/share/roseus/ros/plan_env/msg/ChunkData.l, /home/racer_ws/devel/share/roseus/ros/plan_env/msg/ChunkData.l)
Linked: (/home/racer_ws/devel/.private/plan_env/share/common-lisp/ros/plan_env/msg/_package_ChunkData.lisp, /home/racer_ws/devel/share/common-lisp/ros/plan_env/msg/_package_ChunkData.lisp)
Linked: (/home/racer_ws/devel/.private/plan_env/share/common-lisp/ros/plan_env/msg/IdxList.lisp, /home/racer_ws/devel/share/common-lisp/ros/plan_env/msg/IdxList.lisp)
Linked: (/home/racer_ws/devel/.private/plan_env/share/common-lisp/ros/plan_env/msg/plan_env-msg.asd, /home/racer_ws/devel/share/common-lisp/ros/plan_env/msg/plan_env-msg.asd)
Linked: (/home/racer_ws/devel/.private/plan_env/share/common-lisp/ros/plan_env/msg/_package.lisp, /home/racer_ws/devel/share/common-lisp/ros/plan_env/msg/_package.lisp)
Linked: (/home/racer_ws/devel/.private/plan_env/share/common-lisp/ros/plan_env/msg/ChunkData.lisp, /home/racer_ws/devel/share/common-lisp/ros/plan_env/msg/ChunkData.lisp)
Linked: (/home/racer_ws/devel/.private/plan_env/share/common-lisp/ros/plan_env/msg/ChunkStamps.lisp, /home/racer_ws/devel/share/common-lisp/ros/plan_env/msg/ChunkStamps.lisp)
Linked: (/home/racer_ws/devel/.private/plan_env/share/common-lisp/ros/plan_env/msg/_package_IdxList.lisp, /home/racer_ws/devel/share/common-lisp/ros/plan_env/msg/_package_IdxList.lisp)
Linked: (/home/racer_ws/devel/.private/plan_env/share/common-lisp/ros/plan_env/msg/_package_ChunkStamps.lisp, /home/racer_ws/devel/share/common-lisp/ros/plan_env/msg/_package_ChunkStamps.lisp)
Linked: (/home/racer_ws/devel/.private/plan_env/share/gennodejs/ros/plan_env/_index.js, /home/racer_ws/devel/share/gennodejs/ros/plan_env/_index.js)
Linked: (/home/racer_ws/devel/.private/plan_env/share/gennodejs/ros/plan_env/msg/_index.js, /home/racer_ws/devel/share/gennodejs/ros/plan_env/msg/_index.js)
Linked: (/home/racer_ws/devel/.private/plan_env/share/gennodejs/ros/plan_env/msg/IdxList.js, /home/racer_ws/devel/share/gennodejs/ros/plan_env/msg/IdxList.js)
Linked: (/home/racer_ws/devel/.private/plan_env/share/gennodejs/ros/plan_env/msg/ChunkStamps.js, /home/racer_ws/devel/share/gennodejs/ros/plan_env/msg/ChunkStamps.js)
Linked: (/home/racer_ws/devel/.private/plan_env/share/gennodejs/ros/plan_env/msg/ChunkData.js, /home/racer_ws/devel/share/gennodejs/ros/plan_env/msg/ChunkData.js)
Linked: (/home/racer_ws/devel/.private/plan_env/share/plan_env/cmake/plan_envConfig-version.cmake, /home/racer_ws/devel/share/plan_env/cmake/plan_envConfig-version.cmake)
Linked: (/home/racer_ws/devel/.private/plan_env/share/plan_env/cmake/plan_env-msg-paths.cmake, /home/racer_ws/devel/share/plan_env/cmake/plan_env-msg-paths.cmake)
Linked: (/home/racer_ws/devel/.private/plan_env/share/plan_env/cmake/plan_env-msg-extras.cmake, /home/racer_ws/devel/share/plan_env/cmake/plan_env-msg-extras.cmake)
Linked: (/home/racer_ws/devel/.private/plan_env/share/plan_env/cmake/plan_envConfig.cmake, /home/racer_ws/devel/share/plan_env/cmake/plan_envConfig.cmake)
Linked: (/home/racer_ws/devel/.private/plan_env/lib/libplan_env.so, /home/racer_ws/devel/lib/libplan_env.so)
Linked: (/home/racer_ws/devel/.private/plan_env/lib/python3/dist-packages/plan_env/__init__.py, /home/racer_ws/devel/lib/python3/dist-packages/plan_env/__init__.py)
Linked: (/home/racer_ws/devel/.private/plan_env/lib/python3/dist-packages/plan_env/msg/_ChunkData.py, /home/racer_ws/devel/lib/python3/dist-packages/plan_env/msg/_ChunkData.py)
Linked: (/home/racer_ws/devel/.private/plan_env/lib/python3/dist-packages/plan_env/msg/__init__.py, /home/racer_ws/devel/lib/python3/dist-packages/plan_env/msg/__init__.py)
Linked: (/home/racer_ws/devel/.private/plan_env/lib/python3/dist-packages/plan_env/msg/_IdxList.py, /home/racer_ws/devel/lib/python3/dist-packages/plan_env/msg/_IdxList.py)
Linked: (/home/racer_ws/devel/.private/plan_env/lib/python3/dist-packages/plan_env/msg/_ChunkStamps.py, /home/racer_ws/devel/lib/python3/dist-packages/plan_env/msg/_ChunkStamps.py)
Linked: (/home/racer_ws/devel/.private/plan_env/lib/pkgconfig/plan_env.pc, /home/racer_ws/devel/lib/pkgconfig/plan_env.pc)
Linked: (/home/racer_ws/devel/.private/plan_env/lib/plan_env/obj_generator, /home/racer_ws/devel/lib/plan_env/obj_generator)
