[  0%] Built target geometry_msgs_generate_messages_nodejs
[  0%] Built target sensor_msgs_generate_messages_nodejs
[  0%] Built target std_msgs_generate_messages_nodejs
[  0%] Built target geometry_msgs_generate_messages_eus
[  0%] Built target visualization_msgs_generate_messages_nodejs
[  0%] Built target visualization_msgs_generate_messages_eus
[  0%] Built target std_msgs_generate_messages_py
[  0%] Built target visualization_msgs_generate_messages_lisp
[  0%] Built target visualization_msgs_generate_messages_py
[  0%] Built target geometry_msgs_generate_messages_cpp
[  0%] Built target roscpp_generate_messages_lisp
[  0%] Built target rosgraph_msgs_generate_messages_nodejs
[  0%] Built target std_msgs_generate_messages_cpp
[  0%] Built target std_msgs_generate_messages_lisp
[  0%] Built target rosgraph_msgs_generate_messages_py
[  0%] Built target roscpp_generate_messages_cpp
[  0%] Built target geometry_msgs_generate_messages_lisp
[  0%] Built target rosgraph_msgs_generate_messages_lisp
[  0%] Built target roscpp_generate_messages_py
[  0%] Built target roscpp_generate_messages_eus
[  0%] Built target std_msgs_generate_messages_eus
[  0%] Built target sensor_msgs_generate_messages_py
[  0%] Built target rosgraph_msgs_generate_messages_cpp
[  0%] Built target rosgraph_msgs_generate_messages_eus
[  0%] Built target msg_set_generate_messages_py
[  0%] Built target msg_set_generate_messages_cpp
[  0%] Built target roscpp_generate_messages_nodejs
[  0%] Built target sensor_msgs_generate_messages_cpp
[  0%] Built target sensor_msgs_generate_messages_lisp
[  0%] Built target visualization_msgs_generate_messages_cpp
[  0%] Built target geometry_msgs_generate_messages_py
[  0%] Built target sensor_msgs_generate_messages_eus
[  0%] Built target msg_set_generate_messages_nodejs
[  0%] Built target _plan_env_generate_messages_check_deps_ChunkStamps
[  0%] Built target msg_set_generate_messages_eus
[  0%] Built target msg_set_generate_messages_lisp
[  0%] Built target _plan_env_generate_messages_check_deps_ChunkData
[  7%] Built target obj_generator
[  7%] Built target _plan_env_generate_messages_check_deps_IdxList
[ 19%] Built target plan_env_generate_messages_cpp
[ 38%] Built target plan_env_generate_messages_lisp
[ 46%] Built target plan_env_generate_messages_eus
[ 61%] Built target plan_env_generate_messages_py
[ 73%] Built target plan_env_generate_messages_nodejs
[ 73%] Built target plan_env_generate_messages
[100%] Built target plan_env
