[  0%] Built target sensor_msgs_generate_messages_nodejs
[  0%] Built target geometry_msgs_generate_messages_nodejs
[  0%] Built target std_msgs_generate_messages_nodejs
[  0%] Built target geometry_msgs_generate_messages_eus
[  0%] Built target visualization_msgs_generate_messages_nodejs
[  0%] Built target visualization_msgs_generate_messages_lisp
[  0%] Built target geometry_msgs_generate_messages_cpp
[  0%] Built target visualization_msgs_generate_messages_eus
[  0%] Built target std_msgs_generate_messages_cpp
[  0%] Built target rosgraph_msgs_generate_messages_nodejs
[  0%] Built target std_msgs_generate_messages_lisp
[  0%] Built target visualization_msgs_generate_messages_py
[  0%] Built target roscpp_generate_messages_lisp
[  0%] Built target std_msgs_generate_messages_py
[  0%] Built target roscpp_generate_messages_cpp
[  0%] Built target rosgraph_msgs_generate_messages_py
[  0%] Built target rosgraph_msgs_generate_messages_lisp
[  0%] Built target roscpp_generate_messages_nodejs
[  0%] Built target std_msgs_generate_messages_eus
[  0%] Built target roscpp_generate_messages_py
[  0%] Built target roscpp_generate_messages_eus
[  0%] Built target rosgraph_msgs_generate_messages_cpp
[  0%] Built target rosgraph_msgs_generate_messages_eus
[  0%] Built target msg_set_generate_messages_cpp
[  0%] Built target geometry_msgs_generate_messages_lisp
[  0%] Built target msg_set_generate_messages_py
[  0%] Built target sensor_msgs_generate_messages_cpp
[  0%] Built target _plan_env_generate_messages_check_deps_IdxList
[  0%] Built target sensor_msgs_generate_messages_py
[  0%] Built target msg_set_generate_messages_eus
[  0%] Built target visualization_msgs_generate_messages_cpp
[  0%] Built target msg_set_generate_messages_lisp
[  0%] Built target _plan_env_generate_messages_check_deps_ChunkStamps
[  0%] Built target msg_set_generate_messages_nodejs
[  0%] Built target geometry_msgs_generate_messages_py
[  0%] Built target sensor_msgs_generate_messages_eus
[  0%] Built target sensor_msgs_generate_messages_lisp
[  7%] Built target obj_generator
[  7%] Built target _plan_env_generate_messages_check_deps_ChunkData
[ 23%] Built target plan_env_generate_messages_cpp
[ 34%] Built target plan_env_generate_messages_eus
[ 46%] Built target plan_env_generate_messages_lisp
[ 65%] Built target plan_env_generate_messages_nodejs
[ 73%] Built target plan_env_generate_messages_py
[35m[1mScanning dependencies of target plan_env[0m
[ 73%] Built target plan_env_generate_messages
[ 76%] [32mBuilding CXX object CMakeFiles/plan_env.dir/src/map_ros.cpp.o[0m
[01m[K/home/zqh/phoenixZ/racer_explore/src/RACER/swarm_exploration/plan_env/src/map_ros.cpp:[m[K In member function ‘[01m[Kvoid fast_planner::MapROS::processDepthImage()[m[K’:
[01m[K/home/zqh/phoenixZ/racer_explore/src/RACER/swarm_exploration/plan_env/src/map_ros.cpp:342:21:[m[K [01;35m[Kwarning: [m[Kvariable ‘[01m[Kworld_z[m[K’ set but not used [[01;35m[K-Wunused-but-set-variable[m[K]
  342 |     Eigen::Vector3d [01;35m[Kworld_z[m[K = camera_r * camera_z;
      |                     [01;35m[K^~~~~~~[m[K
[ 80%] [32m[1mLinking CXX shared library /home/zqh/phoenixZ/racer_explore/devel/.private/plan_env/lib/libplan_env.so[0m
[100%] Built target plan_env
