[35m[1mScanning dependencies of target tf2_msgs_generate_messages_nodejs[0m
[35m[1mScanning dependencies of target _multi_map_server_generate_messages_check_deps_MultiOccupancyGrid[0m
[35m[1mScanning dependencies of target _multi_map_server_generate_messages_check_deps_MultiSparseMap3D[0m
[35m[1mScanning dependencies of target _multi_map_server_generate_messages_check_deps_SparseMap3D[0m
[35m[1mScanning dependencies of target geometry_msgs_generate_messages_eus[0m
[  0%] Built target geometry_msgs_generate_messages_eus
[  0%] Built target tf2_msgs_generate_messages_nodejs
[35m[1mScanning dependencies of target _multi_map_server_generate_messages_check_deps_VerticalOccupancyGridList[0m
[  0%] Built target _multi_map_server_generate_messages_check_deps_MultiOccupancyGrid
[  0%] Built target _multi_map_server_generate_messages_check_deps_MultiSparseMap3D
[35m[1mScanning dependencies of target nav_msgs_generate_messages_eus[0m
[35m[1mScanning dependencies of target quadrotor_msgs_generate_messages_py[0m
[35m[1mScanning dependencies of target quadrotor_msgs_generate_messages_nodejs[0m
[  0%] Built target _multi_map_server_generate_messages_check_deps_SparseMap3D
[  0%] Built target _multi_map_server_generate_messages_check_deps_VerticalOccupancyGridList
[  0%] Built target nav_msgs_generate_messages_eus
[  0%] Built target quadrotor_msgs_generate_messages_nodejs
[  0%] Built target quadrotor_msgs_generate_messages_py
[35m[1mScanning dependencies of target quadrotor_msgs_generate_messages_cpp[0m
[35m[1mScanning dependencies of target quadrotor_msgs_generate_messages_eus[0m
[35m[1mScanning dependencies of target std_srvs_generate_messages_nodejs[0m
[35m[1mScanning dependencies of target std_srvs_generate_messages_eus[0m
[35m[1mScanning dependencies of target std_srvs_generate_messages_lisp[0m
[  0%] Built target quadrotor_msgs_generate_messages_cpp
[  0%] Built target std_srvs_generate_messages_nodejs
[  0%] Built target quadrotor_msgs_generate_messages_eus
[35m[1mScanning dependencies of target quadrotor_msgs_generate_messages_lisp[0m
[  0%] Built target std_srvs_generate_messages_eus
[35m[1mScanning dependencies of target tf2_msgs_generate_messages_py[0m
[35m[1mScanning dependencies of target nav_msgs_generate_messages_py[0m
[  0%] Built target quadrotor_msgs_generate_messages_lisp
[35m[1mScanning dependencies of target geometry_msgs_generate_messages_py[0m
[  0%] Built target std_srvs_generate_messages_lisp
[35m[1mScanning dependencies of target roscpp_generate_messages_eus[0m
[  0%] Built target nav_msgs_generate_messages_py
[  0%] Built target tf2_msgs_generate_messages_py
[35m[1mScanning dependencies of target actionlib_msgs_generate_messages_py[0m
[35m[1mScanning dependencies of target rosgraph_msgs_generate_messages_nodejs[0m
[  0%] Built target roscpp_generate_messages_eus
[  0%] Built target geometry_msgs_generate_messages_py
[35m[1mScanning dependencies of target actionlib_generate_messages_cpp[0m
[  0%] Built target rosgraph_msgs_generate_messages_nodejs
[35m[1mScanning dependencies of target std_msgs_generate_messages_py[0m
[35m[1mScanning dependencies of target actionlib_msgs_generate_messages_eus[0m
[  0%] Built target actionlib_msgs_generate_messages_py
[35m[1mScanning dependencies of target actionlib_generate_messages_py[0m
[  0%] Built target std_msgs_generate_messages_py
[35m[1mScanning dependencies of target std_msgs_generate_messages_nodejs[0m
[  0%] Built target actionlib_msgs_generate_messages_eus
[35m[1mScanning dependencies of target roscpp_generate_messages_cpp[0m
[  0%] Built target actionlib_generate_messages_cpp
[  0%] Built target actionlib_generate_messages_py
[35m[1mScanning dependencies of target nav_msgs_generate_messages_lisp[0m
[35m[1mScanning dependencies of target std_srvs_generate_messages_py[0m
[  0%] Built target std_msgs_generate_messages_nodejs
[  0%] Built target nav_msgs_generate_messages_lisp
[35m[1mScanning dependencies of target tf2_msgs_generate_messages_eus[0m
[  0%] Built target roscpp_generate_messages_cpp
[  0%] Built target std_srvs_generate_messages_py
[35m[1mScanning dependencies of target sensor_msgs_generate_messages_py[0m
[35m[1mScanning dependencies of target rosgraph_msgs_generate_messages_eus[0m
[35m[1mScanning dependencies of target roscpp_generate_messages_lisp[0m
[  0%] Built target tf2_msgs_generate_messages_eus
[35m[1mScanning dependencies of target nav_msgs_generate_messages_nodejs[0m
[35m[1mScanning dependencies of target actionlib_generate_messages_lisp[0m
[  0%] Built target sensor_msgs_generate_messages_py
[  0%] Built target roscpp_generate_messages_lisp
[  0%] Built target rosgraph_msgs_generate_messages_eus
[35m[1mScanning dependencies of target geometry_msgs_generate_messages_nodejs[0m
[  0%] Built target nav_msgs_generate_messages_nodejs
[  0%] Built target actionlib_generate_messages_lisp
[35m[1mScanning dependencies of target rosgraph_msgs_generate_messages_py[0m
[  0%] Built target geometry_msgs_generate_messages_nodejs
[35m[1mScanning dependencies of target nav_msgs_generate_messages_cpp[0m
[35m[1mScanning dependencies of target geometry_msgs_generate_messages_cpp[0m
[35m[1mScanning dependencies of target geometry_msgs_generate_messages_lisp[0m
[35m[1mScanning dependencies of target visualization_msgs_generate_messages_eus[0m
[35m[1mScanning dependencies of target visualization_msgs_generate_messages_lisp[0m
[  0%] Built target rosgraph_msgs_generate_messages_py
[35m[1mScanning dependencies of target std_msgs_generate_messages_cpp[0m
[  0%] Built target geometry_msgs_generate_messages_cpp
[35m[1mScanning dependencies of target rosgraph_msgs_generate_messages_lisp[0m
[  0%] Built target geometry_msgs_generate_messages_lisp
[  0%] Built target nav_msgs_generate_messages_cpp
[  0%] Built target visualization_msgs_generate_messages_eus
[  0%] Built target std_msgs_generate_messages_cpp
[  0%] Built target visualization_msgs_generate_messages_lisp
[35m[1mScanning dependencies of target tf2_msgs_generate_messages_cpp[0m
[35m[1mScanning dependencies of target tf_generate_messages_cpp[0m
[35m[1mScanning dependencies of target tf_generate_messages_eus[0m
[  0%] Built target rosgraph_msgs_generate_messages_lisp
[35m[1mScanning dependencies of target std_srvs_generate_messages_cpp[0m
[35m[1mScanning dependencies of target roscpp_generate_messages_nodejs[0m
[35m[1mScanning dependencies of target std_msgs_generate_messages_lisp[0m
[  0%] Built target tf_generate_messages_cpp
[35m[1mScanning dependencies of target actionlib_msgs_generate_messages_cpp[0m
[  0%] Built target roscpp_generate_messages_nodejs
[  0%] Built target tf_generate_messages_eus
[  0%] Built target std_msgs_generate_messages_lisp
[  0%] Built target tf2_msgs_generate_messages_cpp
[  0%] Built target std_srvs_generate_messages_cpp
[35m[1mScanning dependencies of target actionlib_msgs_generate_messages_nodejs[0m
[35m[1mScanning dependencies of target roscpp_generate_messages_py[0m
[  0%] Built target actionlib_msgs_generate_messages_cpp
[35m[1mScanning dependencies of target std_msgs_generate_messages_eus[0m
[35m[1mScanning dependencies of target actionlib_msgs_generate_messages_lisp[0m
[35m[1mScanning dependencies of target rosgraph_msgs_generate_messages_cpp[0m
[35m[1mScanning dependencies of target actionlib_generate_messages_eus[0m
[  0%] Built target actionlib_msgs_generate_messages_nodejs
[35m[1mScanning dependencies of target tf_generate_messages_py[0m
[  0%] Built target roscpp_generate_messages_py
[35m[1mScanning dependencies of target visualization_msgs_generate_messages_nodejs[0m
[  0%] Built target actionlib_generate_messages_eus
[  0%] Built target actionlib_msgs_generate_messages_lisp
[  0%] Built target rosgraph_msgs_generate_messages_cpp
[  0%] Built target std_msgs_generate_messages_eus
[  0%] Built target tf_generate_messages_py
[35m[1mScanning dependencies of target tf_generate_messages_lisp[0m
[35m[1mScanning dependencies of target visualization_msgs_generate_messages_py[0m
[35m[1mScanning dependencies of target sensor_msgs_generate_messages_eus[0m
[35m[1mScanning dependencies of target sensor_msgs_generate_messages_cpp[0m
[35m[1mScanning dependencies of target tf_generate_messages_nodejs[0m
[  0%] Built target visualization_msgs_generate_messages_nodejs
[35m[1mScanning dependencies of target visualization_msgs_generate_messages_cpp[0m
[  0%] Built target tf_generate_messages_lisp
[  0%] Built target visualization_msgs_generate_messages_py
[35m[1mScanning dependencies of target sensor_msgs_generate_messages_lisp[0m
[  0%] Built target sensor_msgs_generate_messages_eus
[  0%] Built target tf_generate_messages_nodejs
[  0%] Built target sensor_msgs_generate_messages_cpp
[35m[1mScanning dependencies of target sensor_msgs_generate_messages_nodejs[0m
[35m[1mScanning dependencies of target actionlib_generate_messages_nodejs[0m
[  0%] Built target visualization_msgs_generate_messages_cpp
[35m[1mScanning dependencies of target multi_map_server_generate_messages_cpp[0m
[  0%] Built target sensor_msgs_generate_messages_lisp
[35m[1mScanning dependencies of target multi_map_server_generate_messages_py[0m
[35m[1mScanning dependencies of target multi_map_server_generate_messages_eus[0m
[35m[1mScanning dependencies of target tf2_msgs_generate_messages_lisp[0m
[  0%] Built target actionlib_generate_messages_nodejs
[  0%] Built target sensor_msgs_generate_messages_nodejs
[  4%] [34m[1mGenerating C++ code from multi_map_server/MultiOccupancyGrid.msg[0m
[  8%] [34m[1mGenerating Python from MSG multi_map_server/MultiOccupancyGrid[0m
[35m[1mScanning dependencies of target multi_map_server_generate_messages_nodejs[0m
[ 12%] [34m[1mGenerating Python from MSG multi_map_server/MultiSparseMap3D[0m
[35m[1mScanning dependencies of target multi_map_server_generate_messages_lisp[0m
[ 16%] [34m[1mGenerating EusLisp code from multi_map_server/MultiOccupancyGrid.msg[0m
[ 16%] Built target tf2_msgs_generate_messages_lisp
[ 20%] [34m[1mGenerating Python from MSG multi_map_server/SparseMap3D[0m
[ 25%] [34m[1mGenerating Javascript code from multi_map_server/MultiOccupancyGrid.msg[0m
[ 29%] [34m[1mGenerating Lisp code from multi_map_server/MultiOccupancyGrid.msg[0m
[ 33%] [34m[1mGenerating Javascript code from multi_map_server/MultiSparseMap3D.msg[0m
[ 37%] [34m[1mGenerating Lisp code from multi_map_server/MultiSparseMap3D.msg[0m
[ 41%] [34m[1mGenerating Python from MSG multi_map_server/VerticalOccupancyGridList[0m
[ 45%] [34m[1mGenerating Javascript code from multi_map_server/SparseMap3D.msg[0m
[ 50%] [34m[1mGenerating EusLisp code from multi_map_server/MultiSparseMap3D.msg[0m
[ 54%] [34m[1mGenerating C++ code from multi_map_server/MultiSparseMap3D.msg[0m
[ 58%] [34m[1mGenerating Javascript code from multi_map_server/VerticalOccupancyGridList.msg[0m
[ 62%] [34m[1mGenerating Lisp code from multi_map_server/VerticalOccupancyGridList.msg[0m
[ 66%] [34m[1mGenerating Lisp code from multi_map_server/SparseMap3D.msg[0m
[ 70%] [34m[1mGenerating C++ code from multi_map_server/SparseMap3D.msg[0m
[ 70%] Built target multi_map_server_generate_messages_nodejs
[ 75%] [34m[1mGenerating C++ code from multi_map_server/VerticalOccupancyGridList.msg[0m
[ 79%] [34m[1mGenerating EusLisp code from multi_map_server/VerticalOccupancyGridList.msg[0m
[ 83%] [34m[1mGenerating EusLisp code from multi_map_server/SparseMap3D.msg[0m
[ 87%] [34m[1mGenerating EusLisp manifest code for multi_map_server[0m
[ 87%] Built target multi_map_server_generate_messages_lisp
[ 91%] [34m[1mGenerating Python msg __init__.py for multi_map_server[0m
[ 91%] Built target multi_map_server_generate_messages_cpp
[ 91%] Built target multi_map_server_generate_messages_py
[ 91%] Built target multi_map_server_generate_messages_eus
[35m[1mScanning dependencies of target multi_map_visualization[0m
[35m[1mScanning dependencies of target multi_map_server_generate_messages[0m
[ 91%] Built target multi_map_server_generate_messages
[ 95%] [32mBuilding CXX object CMakeFiles/multi_map_visualization.dir/src/multi_map_visualization.cc.o[0m
[100%] [32m[1mLinking CXX executable /home/zqh/phoenixZ/racer_ws/devel/.private/multi_map_server/lib/multi_map_server/multi_map_visualization[0m
[100%] Built target multi_map_visualization
