Symlinking /home/zqh/phoenixZ/racer_explore/devel/include/multi_map_server/MultiOccupancyGrid.h
Symlinking /home/zqh/phoenixZ/racer_explore/devel/include/multi_map_server/SparseMap3D.h
Symlinking /home/zqh/phoenixZ/racer_explore/devel/include/multi_map_server/MultiSparseMap3D.h
Symlinking /home/zqh/phoenixZ/racer_explore/devel/include/multi_map_server/VerticalOccupancyGridList.h
Symlinking /home/zqh/phoenixZ/racer_explore/devel/share/roseus/ros/multi_map_server/manifest.l
Symlinking /home/zqh/phoenixZ/racer_explore/devel/share/roseus/ros/multi_map_server/msg/MultiOccupancyGrid.l
Symlinking /home/zqh/phoenixZ/racer_explore/devel/share/roseus/ros/multi_map_server/msg/SparseMap3D.l
Symlinking /home/zqh/phoenixZ/racer_explore/devel/share/roseus/ros/multi_map_server/msg/VerticalOccupancyGridList.l
Symlinking /home/zqh/phoenixZ/racer_explore/devel/share/roseus/ros/multi_map_server/msg/MultiSparseMap3D.l
Symlinking /home/zqh/phoenixZ/racer_explore/devel/share/common-lisp/ros/multi_map_server/msg/SparseMap3D.lisp
Symlinking /home/zqh/phoenixZ/racer_explore/devel/share/common-lisp/ros/multi_map_server/msg/MultiSparseMap3D.lisp
Symlinking /home/zqh/phoenixZ/racer_explore/devel/share/common-lisp/ros/multi_map_server/msg/_package.lisp
Symlinking /home/zqh/phoenixZ/racer_explore/devel/share/common-lisp/ros/multi_map_server/msg/_package_VerticalOccupancyGridList.lisp
Symlinking /home/zqh/phoenixZ/racer_explore/devel/share/common-lisp/ros/multi_map_server/msg/_package_MultiOccupancyGrid.lisp
Symlinking /home/zqh/phoenixZ/racer_explore/devel/share/common-lisp/ros/multi_map_server/msg/VerticalOccupancyGridList.lisp
Symlinking /home/zqh/phoenixZ/racer_explore/devel/share/common-lisp/ros/multi_map_server/msg/MultiOccupancyGrid.lisp
Symlinking /home/zqh/phoenixZ/racer_explore/devel/share/common-lisp/ros/multi_map_server/msg/multi_map_server-msg.asd
Symlinking /home/zqh/phoenixZ/racer_explore/devel/share/common-lisp/ros/multi_map_server/msg/_package_MultiSparseMap3D.lisp
Symlinking /home/zqh/phoenixZ/racer_explore/devel/share/common-lisp/ros/multi_map_server/msg/_package_SparseMap3D.lisp
Symlinking /home/zqh/phoenixZ/racer_explore/devel/share/multi_map_server/cmake/multi_map_serverConfig-version.cmake
Symlinking /home/zqh/phoenixZ/racer_explore/devel/share/multi_map_server/cmake/multi_map_server-msg-extras.cmake
Symlinking /home/zqh/phoenixZ/racer_explore/devel/share/multi_map_server/cmake/multi_map_server-msg-paths.cmake
Symlinking /home/zqh/phoenixZ/racer_explore/devel/share/multi_map_server/cmake/multi_map_serverConfig.cmake
Symlinking /home/zqh/phoenixZ/racer_explore/devel/share/gennodejs/ros/multi_map_server/_index.js
Symlinking /home/zqh/phoenixZ/racer_explore/devel/share/gennodejs/ros/multi_map_server/msg/_index.js
Symlinking /home/zqh/phoenixZ/racer_explore/devel/share/gennodejs/ros/multi_map_server/msg/VerticalOccupancyGridList.js
Symlinking /home/zqh/phoenixZ/racer_explore/devel/share/gennodejs/ros/multi_map_server/msg/SparseMap3D.js
Symlinking /home/zqh/phoenixZ/racer_explore/devel/share/gennodejs/ros/multi_map_server/msg/MultiSparseMap3D.js
Symlinking /home/zqh/phoenixZ/racer_explore/devel/share/gennodejs/ros/multi_map_server/msg/MultiOccupancyGrid.js
Symlinking /home/zqh/phoenixZ/racer_explore/devel/lib/python3/dist-packages/multi_map_server/__init__.py
Symlinking /home/zqh/phoenixZ/racer_explore/devel/lib/python3/dist-packages/multi_map_server/msg/__init__.py
Symlinking /home/zqh/phoenixZ/racer_explore/devel/lib/python3/dist-packages/multi_map_server/msg/_MultiSparseMap3D.py
Symlinking /home/zqh/phoenixZ/racer_explore/devel/lib/python3/dist-packages/multi_map_server/msg/_MultiOccupancyGrid.py
Symlinking /home/zqh/phoenixZ/racer_explore/devel/lib/python3/dist-packages/multi_map_server/msg/_VerticalOccupancyGridList.py
Symlinking /home/zqh/phoenixZ/racer_explore/devel/lib/python3/dist-packages/multi_map_server/msg/_SparseMap3D.py
Symlinking /home/zqh/phoenixZ/racer_explore/devel/lib/multi_map_server/multi_map_visualization
Symlinking /home/zqh/phoenixZ/racer_explore/devel/lib/pkgconfig/multi_map_server.pc
Cleaning: (/root/jky/racer_explore/devel/.private/multi_map_server/cmake.lock, /root/jky/racer_explore/devel/./cmake.lock)
Cleaning: (/root/jky/racer_explore/devel/.private/multi_map_server/include/multi_map_server/MultiOccupancyGrid.h, /root/jky/racer_explore/devel/include/multi_map_server/MultiOccupancyGrid.h)
Cleaning: (/root/jky/racer_explore/devel/.private/multi_map_server/include/multi_map_server/SparseMap3D.h, /root/jky/racer_explore/devel/include/multi_map_server/SparseMap3D.h)
Cleaning: (/root/jky/racer_explore/devel/.private/multi_map_server/include/multi_map_server/MultiSparseMap3D.h, /root/jky/racer_explore/devel/include/multi_map_server/MultiSparseMap3D.h)
Cleaning: (/root/jky/racer_explore/devel/.private/multi_map_server/include/multi_map_server/VerticalOccupancyGridList.h, /root/jky/racer_explore/devel/include/multi_map_server/VerticalOccupancyGridList.h)
Cleaning: (/root/jky/racer_explore/devel/.private/multi_map_server/share/roseus/ros/multi_map_server/manifest.l, /root/jky/racer_explore/devel/share/roseus/ros/multi_map_server/manifest.l)
Cleaning: (/root/jky/racer_explore/devel/.private/multi_map_server/share/roseus/ros/multi_map_server/msg/MultiOccupancyGrid.l, /root/jky/racer_explore/devel/share/roseus/ros/multi_map_server/msg/MultiOccupancyGrid.l)
Cleaning: (/root/jky/racer_explore/devel/.private/multi_map_server/share/roseus/ros/multi_map_server/msg/SparseMap3D.l, /root/jky/racer_explore/devel/share/roseus/ros/multi_map_server/msg/SparseMap3D.l)
Cleaning: (/root/jky/racer_explore/devel/.private/multi_map_server/share/roseus/ros/multi_map_server/msg/VerticalOccupancyGridList.l, /root/jky/racer_explore/devel/share/roseus/ros/multi_map_server/msg/VerticalOccupancyGridList.l)
Cleaning: (/root/jky/racer_explore/devel/.private/multi_map_server/share/roseus/ros/multi_map_server/msg/MultiSparseMap3D.l, /root/jky/racer_explore/devel/share/roseus/ros/multi_map_server/msg/MultiSparseMap3D.l)
Cleaning: (/root/jky/racer_explore/devel/.private/multi_map_server/share/common-lisp/ros/multi_map_server/msg/SparseMap3D.lisp, /root/jky/racer_explore/devel/share/common-lisp/ros/multi_map_server/msg/SparseMap3D.lisp)
Cleaning: (/root/jky/racer_explore/devel/.private/multi_map_server/share/common-lisp/ros/multi_map_server/msg/MultiSparseMap3D.lisp, /root/jky/racer_explore/devel/share/common-lisp/ros/multi_map_server/msg/MultiSparseMap3D.lisp)
Cleaning: (/root/jky/racer_explore/devel/.private/multi_map_server/share/common-lisp/ros/multi_map_server/msg/_package.lisp, /root/jky/racer_explore/devel/share/common-lisp/ros/multi_map_server/msg/_package.lisp)
Cleaning: (/root/jky/racer_explore/devel/.private/multi_map_server/share/common-lisp/ros/multi_map_server/msg/_package_VerticalOccupancyGridList.lisp, /root/jky/racer_explore/devel/share/common-lisp/ros/multi_map_server/msg/_package_VerticalOccupancyGridList.lisp)
Cleaning: (/root/jky/racer_explore/devel/.private/multi_map_server/share/common-lisp/ros/multi_map_server/msg/_package_MultiOccupancyGrid.lisp, /root/jky/racer_explore/devel/share/common-lisp/ros/multi_map_server/msg/_package_MultiOccupancyGrid.lisp)
Cleaning: (/root/jky/racer_explore/devel/.private/multi_map_server/share/common-lisp/ros/multi_map_server/msg/VerticalOccupancyGridList.lisp, /root/jky/racer_explore/devel/share/common-lisp/ros/multi_map_server/msg/VerticalOccupancyGridList.lisp)
Cleaning: (/root/jky/racer_explore/devel/.private/multi_map_server/share/common-lisp/ros/multi_map_server/msg/MultiOccupancyGrid.lisp, /root/jky/racer_explore/devel/share/common-lisp/ros/multi_map_server/msg/MultiOccupancyGrid.lisp)
Cleaning: (/root/jky/racer_explore/devel/.private/multi_map_server/share/common-lisp/ros/multi_map_server/msg/multi_map_server-msg.asd, /root/jky/racer_explore/devel/share/common-lisp/ros/multi_map_server/msg/multi_map_server-msg.asd)
Cleaning: (/root/jky/racer_explore/devel/.private/multi_map_server/share/common-lisp/ros/multi_map_server/msg/_package_MultiSparseMap3D.lisp, /root/jky/racer_explore/devel/share/common-lisp/ros/multi_map_server/msg/_package_MultiSparseMap3D.lisp)
Cleaning: (/root/jky/racer_explore/devel/.private/multi_map_server/share/common-lisp/ros/multi_map_server/msg/_package_SparseMap3D.lisp, /root/jky/racer_explore/devel/share/common-lisp/ros/multi_map_server/msg/_package_SparseMap3D.lisp)
Cleaning: (/root/jky/racer_explore/devel/.private/multi_map_server/share/multi_map_server/cmake/multi_map_serverConfig-version.cmake, /root/jky/racer_explore/devel/share/multi_map_server/cmake/multi_map_serverConfig-version.cmake)
Cleaning: (/root/jky/racer_explore/devel/.private/multi_map_server/share/multi_map_server/cmake/multi_map_server-msg-extras.cmake, /root/jky/racer_explore/devel/share/multi_map_server/cmake/multi_map_server-msg-extras.cmake)
Cleaning: (/root/jky/racer_explore/devel/.private/multi_map_server/share/multi_map_server/cmake/multi_map_server-msg-paths.cmake, /root/jky/racer_explore/devel/share/multi_map_server/cmake/multi_map_server-msg-paths.cmake)
Cleaning: (/root/jky/racer_explore/devel/.private/multi_map_server/share/multi_map_server/cmake/multi_map_serverConfig.cmake, /root/jky/racer_explore/devel/share/multi_map_server/cmake/multi_map_serverConfig.cmake)
Cleaning: (/root/jky/racer_explore/devel/.private/multi_map_server/share/gennodejs/ros/multi_map_server/_index.js, /root/jky/racer_explore/devel/share/gennodejs/ros/multi_map_server/_index.js)
Cleaning: (/root/jky/racer_explore/devel/.private/multi_map_server/share/gennodejs/ros/multi_map_server/msg/_index.js, /root/jky/racer_explore/devel/share/gennodejs/ros/multi_map_server/msg/_index.js)
Cleaning: (/root/jky/racer_explore/devel/.private/multi_map_server/share/gennodejs/ros/multi_map_server/msg/VerticalOccupancyGridList.js, /root/jky/racer_explore/devel/share/gennodejs/ros/multi_map_server/msg/VerticalOccupancyGridList.js)
Cleaning: (/root/jky/racer_explore/devel/.private/multi_map_server/share/gennodejs/ros/multi_map_server/msg/SparseMap3D.js, /root/jky/racer_explore/devel/share/gennodejs/ros/multi_map_server/msg/SparseMap3D.js)
Cleaning: (/root/jky/racer_explore/devel/.private/multi_map_server/share/gennodejs/ros/multi_map_server/msg/MultiSparseMap3D.js, /root/jky/racer_explore/devel/share/gennodejs/ros/multi_map_server/msg/MultiSparseMap3D.js)
Cleaning: (/root/jky/racer_explore/devel/.private/multi_map_server/share/gennodejs/ros/multi_map_server/msg/MultiOccupancyGrid.js, /root/jky/racer_explore/devel/share/gennodejs/ros/multi_map_server/msg/MultiOccupancyGrid.js)
Cleaning: (/root/jky/racer_explore/devel/.private/multi_map_server/lib/python3/dist-packages/multi_map_server/__init__.py, /root/jky/racer_explore/devel/lib/python3/dist-packages/multi_map_server/__init__.py)
Cleaning: (/root/jky/racer_explore/devel/.private/multi_map_server/lib/python3/dist-packages/multi_map_server/msg/__init__.py, /root/jky/racer_explore/devel/lib/python3/dist-packages/multi_map_server/msg/__init__.py)
Cleaning: (/root/jky/racer_explore/devel/.private/multi_map_server/lib/python3/dist-packages/multi_map_server/msg/_MultiSparseMap3D.py, /root/jky/racer_explore/devel/lib/python3/dist-packages/multi_map_server/msg/_MultiSparseMap3D.py)
Cleaning: (/root/jky/racer_explore/devel/.private/multi_map_server/lib/python3/dist-packages/multi_map_server/msg/_MultiOccupancyGrid.py, /root/jky/racer_explore/devel/lib/python3/dist-packages/multi_map_server/msg/_MultiOccupancyGrid.py)
Cleaning: (/root/jky/racer_explore/devel/.private/multi_map_server/lib/python3/dist-packages/multi_map_server/msg/_VerticalOccupancyGridList.py, /root/jky/racer_explore/devel/lib/python3/dist-packages/multi_map_server/msg/_VerticalOccupancyGridList.py)
Cleaning: (/root/jky/racer_explore/devel/.private/multi_map_server/lib/python3/dist-packages/multi_map_server/msg/_SparseMap3D.py, /root/jky/racer_explore/devel/lib/python3/dist-packages/multi_map_server/msg/_SparseMap3D.py)
Cleaning: (/root/jky/racer_explore/devel/.private/multi_map_server/lib/multi_map_server/multi_map_visualization, /root/jky/racer_explore/devel/lib/multi_map_server/multi_map_visualization)
Cleaning: (/root/jky/racer_explore/devel/.private/multi_map_server/lib/pkgconfig/multi_map_server.pc, /root/jky/racer_explore/devel/lib/pkgconfig/multi_map_server.pc)
Unlinking: /root/jky/racer_explore/devel/include/multi_map_server/MultiOccupancyGrid.h
Already unlinked: {}
Unlinking: /root/jky/racer_explore/devel/include/multi_map_server/SparseMap3D.h
Already unlinked: {}
Unlinking: /root/jky/racer_explore/devel/include/multi_map_server/MultiSparseMap3D.h
Already unlinked: {}
Unlinking: /root/jky/racer_explore/devel/include/multi_map_server/VerticalOccupancyGridList.h
Already unlinked: {}
Unlinking: /root/jky/racer_explore/devel/share/roseus/ros/multi_map_server/manifest.l
Already unlinked: {}
Unlinking: /root/jky/racer_explore/devel/share/roseus/ros/multi_map_server/msg/MultiOccupancyGrid.l
Already unlinked: {}
Unlinking: /root/jky/racer_explore/devel/share/roseus/ros/multi_map_server/msg/SparseMap3D.l
Already unlinked: {}
Unlinking: /root/jky/racer_explore/devel/share/roseus/ros/multi_map_server/msg/VerticalOccupancyGridList.l
Already unlinked: {}
Unlinking: /root/jky/racer_explore/devel/share/roseus/ros/multi_map_server/msg/MultiSparseMap3D.l
Already unlinked: {}
Unlinking: /root/jky/racer_explore/devel/share/common-lisp/ros/multi_map_server/msg/SparseMap3D.lisp
Already unlinked: {}
Unlinking: /root/jky/racer_explore/devel/share/common-lisp/ros/multi_map_server/msg/MultiSparseMap3D.lisp
Already unlinked: {}
Unlinking: /root/jky/racer_explore/devel/share/common-lisp/ros/multi_map_server/msg/_package.lisp
Already unlinked: {}
Unlinking: /root/jky/racer_explore/devel/share/common-lisp/ros/multi_map_server/msg/_package_VerticalOccupancyGridList.lisp
Already unlinked: {}
Unlinking: /root/jky/racer_explore/devel/share/common-lisp/ros/multi_map_server/msg/_package_MultiOccupancyGrid.lisp
Already unlinked: {}
Unlinking: /root/jky/racer_explore/devel/share/common-lisp/ros/multi_map_server/msg/VerticalOccupancyGridList.lisp
Already unlinked: {}
Unlinking: /root/jky/racer_explore/devel/share/common-lisp/ros/multi_map_server/msg/MultiOccupancyGrid.lisp
Already unlinked: {}
Unlinking: /root/jky/racer_explore/devel/share/common-lisp/ros/multi_map_server/msg/multi_map_server-msg.asd
Already unlinked: {}
Unlinking: /root/jky/racer_explore/devel/share/common-lisp/ros/multi_map_server/msg/_package_MultiSparseMap3D.lisp
Already unlinked: {}
Unlinking: /root/jky/racer_explore/devel/share/common-lisp/ros/multi_map_server/msg/_package_SparseMap3D.lisp
Already unlinked: {}
Unlinking: /root/jky/racer_explore/devel/share/multi_map_server/cmake/multi_map_serverConfig-version.cmake
Already unlinked: {}
Unlinking: /root/jky/racer_explore/devel/share/multi_map_server/cmake/multi_map_server-msg-extras.cmake
Already unlinked: {}
Unlinking: /root/jky/racer_explore/devel/share/multi_map_server/cmake/multi_map_server-msg-paths.cmake
Already unlinked: {}
Unlinking: /root/jky/racer_explore/devel/share/multi_map_server/cmake/multi_map_serverConfig.cmake
Already unlinked: {}
Unlinking: /root/jky/racer_explore/devel/share/gennodejs/ros/multi_map_server/_index.js
Already unlinked: {}
Unlinking: /root/jky/racer_explore/devel/share/gennodejs/ros/multi_map_server/msg/_index.js
Already unlinked: {}
Unlinking: /root/jky/racer_explore/devel/share/gennodejs/ros/multi_map_server/msg/VerticalOccupancyGridList.js
Already unlinked: {}
Unlinking: /root/jky/racer_explore/devel/share/gennodejs/ros/multi_map_server/msg/SparseMap3D.js
Already unlinked: {}
Unlinking: /root/jky/racer_explore/devel/share/gennodejs/ros/multi_map_server/msg/MultiSparseMap3D.js
Already unlinked: {}
Unlinking: /root/jky/racer_explore/devel/share/gennodejs/ros/multi_map_server/msg/MultiOccupancyGrid.js
Already unlinked: {}
Unlinking: /root/jky/racer_explore/devel/lib/python3/dist-packages/multi_map_server/__init__.py
Already unlinked: {}
Unlinking: /root/jky/racer_explore/devel/lib/python3/dist-packages/multi_map_server/msg/__init__.py
Already unlinked: {}
Unlinking: /root/jky/racer_explore/devel/lib/python3/dist-packages/multi_map_server/msg/_MultiSparseMap3D.py
Already unlinked: {}
Unlinking: /root/jky/racer_explore/devel/lib/python3/dist-packages/multi_map_server/msg/_MultiOccupancyGrid.py
Already unlinked: {}
Unlinking: /root/jky/racer_explore/devel/lib/python3/dist-packages/multi_map_server/msg/_VerticalOccupancyGridList.py
Already unlinked: {}
Unlinking: /root/jky/racer_explore/devel/lib/python3/dist-packages/multi_map_server/msg/_SparseMap3D.py
Already unlinked: {}
Unlinking: /root/jky/racer_explore/devel/lib/multi_map_server/multi_map_visualization
Already unlinked: {}
Unlinking: /root/jky/racer_explore/devel/lib/pkgconfig/multi_map_server.pc
Already unlinked: {}
