Symlinking /home/racer_ws/devel/include/lkh_tsp_solver/SolveTSP.h
Symlinking /home/racer_ws/devel/include/lkh_tsp_solver/SolveTSPResponse.h
Symlinking /home/racer_ws/devel/include/lkh_tsp_solver/SolveTSPRequest.h
Symlinking /home/racer_ws/devel/share/roseus/ros/lkh_tsp_solver/manifest.l
Symlinking /home/racer_ws/devel/share/roseus/ros/lkh_tsp_solver/srv/SolveTSP.l
Symlinking /home/racer_ws/devel/share/common-lisp/ros/lkh_tsp_solver/srv/lkh_tsp_solver-srv.asd
Symlinking /home/racer_ws/devel/share/common-lisp/ros/lkh_tsp_solver/srv/_package.lisp
Symlinking /home/racer_ws/devel/share/common-lisp/ros/lkh_tsp_solver/srv/SolveTSP.lisp
Symlinking /home/racer_ws/devel/share/common-lisp/ros/lkh_tsp_solver/srv/_package_SolveTSP.lisp
Symlinking /home/racer_ws/devel/share/lkh_tsp_solver/cmake/lkh_tsp_solverConfig.cmake
Symlinking /home/racer_ws/devel/share/lkh_tsp_solver/cmake/lkh_tsp_solver-msg-extras.cmake
Symlinking /home/racer_ws/devel/share/lkh_tsp_solver/cmake/lkh_tsp_solverConfig-version.cmake
Symlinking /home/racer_ws/devel/share/lkh_tsp_solver/cmake/lkh_tsp_solver-msg-paths.cmake
Symlinking /home/racer_ws/devel/share/gennodejs/ros/lkh_tsp_solver/_index.js
Symlinking /home/racer_ws/devel/share/gennodejs/ros/lkh_tsp_solver/srv/_index.js
Symlinking /home/racer_ws/devel/share/gennodejs/ros/lkh_tsp_solver/srv/SolveTSP.js
Symlinking /home/racer_ws/devel/lib/liblkh_tsp_solver.so
Symlinking /home/racer_ws/devel/lib/python3/dist-packages/lkh_tsp_solver/__init__.py
Symlinking /home/racer_ws/devel/lib/python3/dist-packages/lkh_tsp_solver/srv/__init__.py
Symlinking /home/racer_ws/devel/lib/python3/dist-packages/lkh_tsp_solver/srv/_SolveTSP.py
Symlinking /home/racer_ws/devel/lib/pkgconfig/lkh_tsp_solver.pc
Cleaning: (/home/zqh/phoenixZ/racer_ws/devel/.private/lkh_tsp_solver/cmake.lock, /home/zqh/phoenixZ/racer_ws/devel/./cmake.lock)
Cleaning: (/home/zqh/phoenixZ/racer_ws/devel/.private/lkh_tsp_solver/include/lkh_tsp_solver/SolveTSP.h, /home/zqh/phoenixZ/racer_ws/devel/include/lkh_tsp_solver/SolveTSP.h)
Cleaning: (/home/zqh/phoenixZ/racer_ws/devel/.private/lkh_tsp_solver/include/lkh_tsp_solver/SolveTSPResponse.h, /home/zqh/phoenixZ/racer_ws/devel/include/lkh_tsp_solver/SolveTSPResponse.h)
Cleaning: (/home/zqh/phoenixZ/racer_ws/devel/.private/lkh_tsp_solver/include/lkh_tsp_solver/SolveTSPRequest.h, /home/zqh/phoenixZ/racer_ws/devel/include/lkh_tsp_solver/SolveTSPRequest.h)
Cleaning: (/home/zqh/phoenixZ/racer_ws/devel/.private/lkh_tsp_solver/share/roseus/ros/lkh_tsp_solver/manifest.l, /home/zqh/phoenixZ/racer_ws/devel/share/roseus/ros/lkh_tsp_solver/manifest.l)
Cleaning: (/home/zqh/phoenixZ/racer_ws/devel/.private/lkh_tsp_solver/share/roseus/ros/lkh_tsp_solver/srv/SolveTSP.l, /home/zqh/phoenixZ/racer_ws/devel/share/roseus/ros/lkh_tsp_solver/srv/SolveTSP.l)
Cleaning: (/home/zqh/phoenixZ/racer_ws/devel/.private/lkh_tsp_solver/share/common-lisp/ros/lkh_tsp_solver/srv/lkh_tsp_solver-srv.asd, /home/zqh/phoenixZ/racer_ws/devel/share/common-lisp/ros/lkh_tsp_solver/srv/lkh_tsp_solver-srv.asd)
Cleaning: (/home/zqh/phoenixZ/racer_ws/devel/.private/lkh_tsp_solver/share/common-lisp/ros/lkh_tsp_solver/srv/_package.lisp, /home/zqh/phoenixZ/racer_ws/devel/share/common-lisp/ros/lkh_tsp_solver/srv/_package.lisp)
Cleaning: (/home/zqh/phoenixZ/racer_ws/devel/.private/lkh_tsp_solver/share/common-lisp/ros/lkh_tsp_solver/srv/SolveTSP.lisp, /home/zqh/phoenixZ/racer_ws/devel/share/common-lisp/ros/lkh_tsp_solver/srv/SolveTSP.lisp)
Cleaning: (/home/zqh/phoenixZ/racer_ws/devel/.private/lkh_tsp_solver/share/common-lisp/ros/lkh_tsp_solver/srv/_package_SolveTSP.lisp, /home/zqh/phoenixZ/racer_ws/devel/share/common-lisp/ros/lkh_tsp_solver/srv/_package_SolveTSP.lisp)
Cleaning: (/home/zqh/phoenixZ/racer_ws/devel/.private/lkh_tsp_solver/share/lkh_tsp_solver/cmake/lkh_tsp_solverConfig.cmake, /home/zqh/phoenixZ/racer_ws/devel/share/lkh_tsp_solver/cmake/lkh_tsp_solverConfig.cmake)
Cleaning: (/home/zqh/phoenixZ/racer_ws/devel/.private/lkh_tsp_solver/share/lkh_tsp_solver/cmake/lkh_tsp_solver-msg-extras.cmake, /home/zqh/phoenixZ/racer_ws/devel/share/lkh_tsp_solver/cmake/lkh_tsp_solver-msg-extras.cmake)
Cleaning: (/home/zqh/phoenixZ/racer_ws/devel/.private/lkh_tsp_solver/share/lkh_tsp_solver/cmake/lkh_tsp_solverConfig-version.cmake, /home/zqh/phoenixZ/racer_ws/devel/share/lkh_tsp_solver/cmake/lkh_tsp_solverConfig-version.cmake)
Cleaning: (/home/zqh/phoenixZ/racer_ws/devel/.private/lkh_tsp_solver/share/lkh_tsp_solver/cmake/lkh_tsp_solver-msg-paths.cmake, /home/zqh/phoenixZ/racer_ws/devel/share/lkh_tsp_solver/cmake/lkh_tsp_solver-msg-paths.cmake)
Cleaning: (/home/zqh/phoenixZ/racer_ws/devel/.private/lkh_tsp_solver/share/gennodejs/ros/lkh_tsp_solver/_index.js, /home/zqh/phoenixZ/racer_ws/devel/share/gennodejs/ros/lkh_tsp_solver/_index.js)
Cleaning: (/home/zqh/phoenixZ/racer_ws/devel/.private/lkh_tsp_solver/share/gennodejs/ros/lkh_tsp_solver/srv/_index.js, /home/zqh/phoenixZ/racer_ws/devel/share/gennodejs/ros/lkh_tsp_solver/srv/_index.js)
Cleaning: (/home/zqh/phoenixZ/racer_ws/devel/.private/lkh_tsp_solver/share/gennodejs/ros/lkh_tsp_solver/srv/SolveTSP.js, /home/zqh/phoenixZ/racer_ws/devel/share/gennodejs/ros/lkh_tsp_solver/srv/SolveTSP.js)
Cleaning: (/home/zqh/phoenixZ/racer_ws/devel/.private/lkh_tsp_solver/lib/liblkh_tsp_solver.so, /home/zqh/phoenixZ/racer_ws/devel/lib/liblkh_tsp_solver.so)
Cleaning: (/home/zqh/phoenixZ/racer_ws/devel/.private/lkh_tsp_solver/lib/python3/dist-packages/lkh_tsp_solver/__init__.py, /home/zqh/phoenixZ/racer_ws/devel/lib/python3/dist-packages/lkh_tsp_solver/__init__.py)
Cleaning: (/home/zqh/phoenixZ/racer_ws/devel/.private/lkh_tsp_solver/lib/python3/dist-packages/lkh_tsp_solver/srv/__init__.py, /home/zqh/phoenixZ/racer_ws/devel/lib/python3/dist-packages/lkh_tsp_solver/srv/__init__.py)
Cleaning: (/home/zqh/phoenixZ/racer_ws/devel/.private/lkh_tsp_solver/lib/python3/dist-packages/lkh_tsp_solver/srv/_SolveTSP.py, /home/zqh/phoenixZ/racer_ws/devel/lib/python3/dist-packages/lkh_tsp_solver/srv/_SolveTSP.py)
Cleaning: (/home/zqh/phoenixZ/racer_ws/devel/.private/lkh_tsp_solver/lib/pkgconfig/lkh_tsp_solver.pc, /home/zqh/phoenixZ/racer_ws/devel/lib/pkgconfig/lkh_tsp_solver.pc)
Unlinking: /home/zqh/phoenixZ/racer_ws/devel/include/lkh_tsp_solver/SolveTSP.h
Already unlinked: {}
Unlinking: /home/zqh/phoenixZ/racer_ws/devel/include/lkh_tsp_solver/SolveTSPResponse.h
Already unlinked: {}
Unlinking: /home/zqh/phoenixZ/racer_ws/devel/include/lkh_tsp_solver/SolveTSPRequest.h
Already unlinked: {}
Unlinking: /home/zqh/phoenixZ/racer_ws/devel/share/roseus/ros/lkh_tsp_solver/manifest.l
Already unlinked: {}
Unlinking: /home/zqh/phoenixZ/racer_ws/devel/share/roseus/ros/lkh_tsp_solver/srv/SolveTSP.l
Already unlinked: {}
Unlinking: /home/zqh/phoenixZ/racer_ws/devel/share/common-lisp/ros/lkh_tsp_solver/srv/lkh_tsp_solver-srv.asd
Already unlinked: {}
Unlinking: /home/zqh/phoenixZ/racer_ws/devel/share/common-lisp/ros/lkh_tsp_solver/srv/_package.lisp
Already unlinked: {}
Unlinking: /home/zqh/phoenixZ/racer_ws/devel/share/common-lisp/ros/lkh_tsp_solver/srv/SolveTSP.lisp
Already unlinked: {}
Unlinking: /home/zqh/phoenixZ/racer_ws/devel/share/common-lisp/ros/lkh_tsp_solver/srv/_package_SolveTSP.lisp
Already unlinked: {}
Unlinking: /home/zqh/phoenixZ/racer_ws/devel/share/lkh_tsp_solver/cmake/lkh_tsp_solverConfig.cmake
Already unlinked: {}
Unlinking: /home/zqh/phoenixZ/racer_ws/devel/share/lkh_tsp_solver/cmake/lkh_tsp_solver-msg-extras.cmake
Already unlinked: {}
Unlinking: /home/zqh/phoenixZ/racer_ws/devel/share/lkh_tsp_solver/cmake/lkh_tsp_solverConfig-version.cmake
Already unlinked: {}
Unlinking: /home/zqh/phoenixZ/racer_ws/devel/share/lkh_tsp_solver/cmake/lkh_tsp_solver-msg-paths.cmake
Already unlinked: {}
Unlinking: /home/zqh/phoenixZ/racer_ws/devel/share/gennodejs/ros/lkh_tsp_solver/_index.js
Already unlinked: {}
Unlinking: /home/zqh/phoenixZ/racer_ws/devel/share/gennodejs/ros/lkh_tsp_solver/srv/_index.js
Already unlinked: {}
Unlinking: /home/zqh/phoenixZ/racer_ws/devel/share/gennodejs/ros/lkh_tsp_solver/srv/SolveTSP.js
Already unlinked: {}
Unlinking: /home/zqh/phoenixZ/racer_ws/devel/lib/liblkh_tsp_solver.so
Already unlinked: {}
Unlinking: /home/zqh/phoenixZ/racer_ws/devel/lib/python3/dist-packages/lkh_tsp_solver/__init__.py
Already unlinked: {}
Unlinking: /home/zqh/phoenixZ/racer_ws/devel/lib/python3/dist-packages/lkh_tsp_solver/srv/__init__.py
Already unlinked: {}
Unlinking: /home/zqh/phoenixZ/racer_ws/devel/lib/python3/dist-packages/lkh_tsp_solver/srv/_SolveTSP.py
Already unlinked: {}
Unlinking: /home/zqh/phoenixZ/racer_ws/devel/lib/pkgconfig/lkh_tsp_solver.pc
Already unlinked: {}
