[01m[K/home/zqh/phoenixZ/racer_explore/src/RACER/swarm_exploration/active_perception/src/frontier_finder.cpp:[m[K In member function ‘[01m[Kvoid fast_planner::FrontierFinder::searchFrontiers()[m[K’:
[01m[K/home/zqh/phoenixZ/racer_explore/src/RACER/swarm_exploration/active_perception/src/frontier_finder.cpp:115:23:[m[K [01;35m[Kwarning: [m[Kcomparison of integer expressions of different signedness: ‘[01m[Kint[m[K’ and ‘[01m[Kstd::vector<Eigen::Matrix<double, 3, 1> >::size_type[m[K’ {aka ‘[01m[Klong unsigned int[m[K’} [[01;35m[K-Wsign-compare[m[K]
  115 |     for (int i = 0; [01;35m[Ki < mins.size()[m[K; ++i)
      |                     [01;35m[K~~^~~~~~~~~~~~~[m[K
[01m[K/home/zqh/phoenixZ/racer_explore/src/RACER/swarm_exploration/active_perception/src/frontier_finder.cpp:130:23:[m[K [01;35m[Kwarning: [m[Kcomparison of integer expressions of different signedness: ‘[01m[Kint[m[K’ and ‘[01m[Kstd::vector<Eigen::Matrix<double, 3, 1> >::size_type[m[K’ {aka ‘[01m[Klong unsigned int[m[K’} [[01;35m[K-Wsign-compare[m[K]
  130 |     for (int i = 0; [01;35m[Ki < mins.size()[m[K; ++i)
      |                     [01;35m[K~~^~~~~~~~~~~~~[m[K
[01m[K/home/zqh/phoenixZ/racer_explore/src/RACER/swarm_exploration/active_perception/src/frontier_finder.cpp:137:23:[m[K [01;35m[Kwarning: [m[Kcomparison of integer expressions of different signedness: ‘[01m[Kint[m[K’ and ‘[01m[Kstd::vector<Eigen::Matrix<int, 3, 1> >::size_type[m[K’ {aka ‘[01m[Klong unsigned int[m[K’} [[01;35m[K-Wsign-compare[m[K]
  137 |     for (int i = 0; [01;35m[Ki < min_ids.size()[m[K; ++i)
      |                     [01;35m[K~~^~~~~~~~~~~~~~~~[m[K
[01m[K/home/zqh/phoenixZ/racer_explore/src/RACER/swarm_exploration/active_perception/src/frontier_finder.cpp:56:15:[m[K [01;35m[Kwarning: [m[Kvariable ‘[01m[Kt1[m[K’ set but not used [[01;35m[K-Wunused-but-set-variable[m[K]
   56 |     ros::Time [01;35m[Kt1[m[K = ros::Time::now();
      |               [01;35m[K^~[m[K
[01m[K/home/zqh/phoenixZ/racer_explore/src/RACER/swarm_exploration/active_perception/src/frontier_finder.cpp:[m[K In member function ‘[01m[Kvoid fast_planner::FrontierFinder::expandFrontier(const Vector3i&)[m[K’:
[01m[K/home/zqh/phoenixZ/racer_explore/src/RACER/swarm_exploration/active_perception/src/frontier_finder.cpp:190:40:[m[K [01;31m[Kerror: [m[Kcould not convert ‘[01m[K((std::__shared_ptr_access<fast_planner::SDFMap, __gnu_cxx::_S_atomic, false, false>*)(&((std::__shared_ptr_access<fast_planner::EDTEnvironment, __gnu_cxx::_S_atomic, false, false>*)(&((fast_planner::FrontierFinder*)this)->fast_planner::FrontierFinder::edt_env_))->std::__shared_ptr_access<fast_planner::EDTEnvironment, __gnu_cxx::_S_atomic, false, false>::operator->()->fast_planner::EDTEnvironment::sdf_map_))->std::__shared_ptr_access<fast_planner::SDFMap, __gnu_cxx::_S_atomic, false, false>::operator->()->fast_planner::SDFMap::indexToPos((* & first), pos)[m[K’ from ‘[01m[Kvoid[m[K’ to ‘[01m[Kbool[m[K’
  190 |     if (![01;31m[Kedt_env_->sdf_map_->indexToPos(first, pos)[m[K)
      |          [01;31m[K~~~~~~~~~~~~~~~~~~~~~~~~~~~~~~^~~~~~~~~~~~[m[K
      |                                        [01;31m[K|[m[K
      |                                        [01;31m[Kvoid[m[K
[01m[K/home/zqh/phoenixZ/racer_explore/src/RACER/swarm_exploration/active_perception/src/frontier_finder.cpp:190:51:[m[K [01;31m[Kerror: [m[Kin argument to unary !
  190 |     if (!edt_env_->sdf_map_->indexToPos(first, pos[01;31m[K)[m[K)
      |                                                   [01;31m[K^[m[K
[01m[K/home/zqh/phoenixZ/racer_explore/src/RACER/swarm_exploration/active_perception/src/frontier_finder.cpp:235:48:[m[K [01;31m[Kerror: [m[Kcould not convert ‘[01m[K((std::__shared_ptr_access<fast_planner::SDFMap, __gnu_cxx::_S_atomic, false, false>*)(&((std::__shared_ptr_access<fast_planner::EDTEnvironment, __gnu_cxx::_S_atomic, false, false>*)(&((fast_planner::FrontierFinder*)this)->fast_planner::FrontierFinder::edt_env_))->std::__shared_ptr_access<fast_planner::EDTEnvironment, __gnu_cxx::_S_atomic, false, false>::operator->()->fast_planner::EDTEnvironment::sdf_map_))->std::__shared_ptr_access<fast_planner::SDFMap, __gnu_cxx::_S_atomic, false, false>::operator->()->fast_planner::SDFMap::indexToPos((* & nbr), pos)[m[K’ from ‘[01m[Kvoid[m[K’ to ‘[01m[Kbool[m[K’
  235 |             if (![01;31m[Kedt_env_->sdf_map_->indexToPos(nbr, pos)[m[K)
      |                  [01;31m[K~~~~~~~~~~~~~~~~~~~~~~~~~~~~~~^~~~~~~~~~[m[K
      |                                                [01;31m[K|[m[K
      |                                                [01;31m[Kvoid[m[K
[01m[K/home/zqh/phoenixZ/racer_explore/src/RACER/swarm_exploration/active_perception/src/frontier_finder.cpp:235:57:[m[K [01;31m[Kerror: [m[Kin argument to unary !
  235 |             if (!edt_env_->sdf_map_->indexToPos(nbr, pos[01;31m[K)[m[K)
      |                                                         [01;31m[K^[m[K
[01m[K/home/zqh/phoenixZ/racer_explore/src/RACER/swarm_exploration/active_perception/src/frontier_finder.cpp:[m[K In member function ‘[01m[Kvoid fast_planner::FrontierFinder::updateFrontierCostMatrix()[m[K’:
[01m[K/home/zqh/phoenixZ/racer_explore/src/RACER/swarm_exploration/active_perception/src/frontier_finder.cpp:394:31:[m[K [01;35m[Kwarning: [m[Kcomparison of integer expressions of different signedness: ‘[01m[Kint[m[K’ and ‘[01m[Kstd::vector<int>::size_type[m[K’ {aka ‘[01m[Klong unsigned int[m[K’} [[01;35m[K-Wsign-compare[m[K]
  394 |             for (int i = 0; [01;35m[Ki < removed_ids_.size()[m[K; ++i)
      |                             [01;35m[K~~^~~~~~~~~~~~~~~~~~~~~[m[K
[01m[K/home/zqh/phoenixZ/racer_explore/src/RACER/swarm_exploration/active_perception/src/frontier_finder.cpp:[m[K In member function ‘[01m[Kbool fast_planner::FrontierFinder::haveAnyOverlap(const Vector3d&, const Vector3d&, const std::vector<Eigen::Matrix<double, 3, 1> >&, const std::vector<Eigen::Matrix<double, 3, 1> >&)[m[K’:
[01m[K/home/zqh/phoenixZ/racer_explore/src/RACER/swarm_exploration/active_perception/src/frontier_finder.cpp:494:23:[m[K [01;35m[Kwarning: [m[Kcomparison of integer expressions of different signedness: ‘[01m[Kint[m[K’ and ‘[01m[Kstd::vector<Eigen::Matrix<double, 3, 1> >::size_type[m[K’ {aka ‘[01m[Klong unsigned int[m[K’} [[01;35m[K-Wsign-compare[m[K]
  494 |     for (int i = 0; [01;35m[Ki < mins.size()[m[K; ++i)
      |                     [01;35m[K~~^~~~~~~~~~~~~[m[K
[01m[K/home/zqh/phoenixZ/racer_explore/src/RACER/swarm_exploration/active_perception/src/frontier_finder.cpp:[m[K In member function ‘[01m[Kvoid fast_planner::FrontierFinder::getViewpointsInfo(const Vector3d&, const std::vector<int>&, const int&, const double&, std::vector<std::vector<Eigen::Matrix<double, 3, 1> > >&, std::vector<std::vector<double> >&)[m[K’:
[01m[K/home/zqh/phoenixZ/racer_explore/src/RACER/swarm_exploration/active_perception/src/frontier_finder.cpp:632:36:[m[K [01;35m[Kwarning: [m[Kcomparison of integer expressions of different signedness: ‘[01m[Kstd::vector<Eigen::Matrix<double, 3, 1> >::size_type[m[K’ {aka ‘[01m[Klong unsigned int[m[K’} and ‘[01m[Kconst int[m[K’ [[01;35m[K-Wsign-compare[m[K]
  632 |                     if ([01;35m[Kpts.size() >= view_num[m[K || view.visib_num_ <= visib_thresh)
      |                         [01;35m[K~~~~~~~~~~~^~~~~~~~~~~[m[K
[01m[K/home/zqh/phoenixZ/racer_explore/src/RACER/swarm_exploration/active_perception/src/frontier_finder.cpp:644:40:[m[K [01;35m[Kwarning: [m[Kcomparison of integer expressions of different signedness: ‘[01m[Kstd::vector<Eigen::Matrix<double, 3, 1> >::size_type[m[K’ {aka ‘[01m[Klong unsigned int[m[K’} and ‘[01m[Kconst int[m[K’ [[01;35m[K-Wsign-compare[m[K]
  644 |                         if ([01;35m[Kpts.size() >= view_num[m[K || view.visib_num_ <= visib_thresh)
      |                             [01;35m[K~~~~~~~~~~~^~~~~~~~~~~[m[K
[01m[K/home/zqh/phoenixZ/racer_explore/src/RACER/swarm_exploration/active_perception/src/frontier_finder.cpp:[m[K In member function ‘[01m[Kvoid fast_planner::FrontierFinder::getPathForTour(const Vector3d&, const std::vector<int>&, std::vector<Eigen::Matrix<double, 3, 1> >&)[m[K’:
[01m[K/home/zqh/phoenixZ/racer_explore/src/RACER/swarm_exploration/active_perception/src/frontier_finder.cpp:698:23:[m[K [01;35m[Kwarning: [m[Kcomparison of integer expressions of different signedness: ‘[01m[Kint[m[K’ and ‘[01m[Kstd::vector<int>::size_type[m[K’ {aka ‘[01m[Klong unsigned int[m[K’} [[01;35m[K-Wsign-compare[m[K]
  698 |     for (int i = 0; [01;35m[Ki < frontier_ids.size() - 1[m[K; ++i)
      |                     [01;35m[K~~^~~~~~~~~~~~~~~~~~~~~~~~~[m[K
[01m[K/home/zqh/phoenixZ/racer_explore/src/RACER/swarm_exploration/active_perception/src/frontier_finder.cpp:[m[K In member function ‘[01m[Kint fast_planner::FrontierFinder::addFrontiers(const std::vector<std::pair<Eigen::Matrix<double, 3, 1>, double> >&)[m[K’:
[01m[K/home/zqh/phoenixZ/racer_explore/src/RACER/swarm_exploration/active_perception/src/frontier_finder.cpp:969:1:[m[K [01;35m[Kwarning: [m[Kno return statement in function returning non-void [[01;35m[K-Wreturn-type[m[K]
  969 | [01;35m[K}[m[K
      | [01;35m[K^[m[K
[01m[K/home/zqh/phoenixZ/racer_explore/src/RACER/swarm_exploration/active_perception/src/frontier_finder.cpp:[m[K In member function ‘[01m[Kvoid fast_planner::FrontierFinder::findViewpoints(const Vector3d&, const Vector3d&, std::vector<fast_planner::Viewpoint>&)[m[K’:
[01m[K/home/zqh/phoenixZ/racer_explore/src/RACER/swarm_exploration/active_perception/src/frontier_finder.cpp:976:12:[m[K [01;35m[Kwarning: [m[Kunused variable ‘[01m[Kleft_angle_[m[K’ [[01;35m[K-Wunused-variable[m[K]
  976 |     double [01;35m[Kleft_angle_[m[K, right_angle_, vertical_angle_, ray_length_;
      |            [01;35m[K^~~~~~~~~~~[m[K
[01m[K/home/zqh/phoenixZ/racer_explore/src/RACER/swarm_exploration/active_perception/src/frontier_finder.cpp:[m[K In member function ‘[01m[Kvoid fast_planner::FrontierFinder::sampleViewpoints(fast_planner::Frontier&)[m[K’:
[01m[K/home/zqh/phoenixZ/racer_explore/src/RACER/swarm_exploration/active_perception/src/frontier_finder.cpp:1065:31:[m[K [01;35m[Kwarning: [m[Kcomparison of integer expressions of different signedness: ‘[01m[Kint[m[K’ and ‘[01m[Kstd::vector<Eigen::Matrix<double, 3, 1> >::size_type[m[K’ {aka ‘[01m[Klong unsigned int[m[K’} [[01;35m[K-Wsign-compare[m[K]
 1065 |             for (int i = 1; [01;35m[Ki < cells.size()[m[K; ++i)
      |                             [01;35m[K~~^~~~~~~~~~~~~~[m[K
[01m[K/home/zqh/phoenixZ/racer_explore/src/RACER/swarm_exploration/active_perception/src/frontier_finder.cpp:[m[K In member function ‘[01m[KEigen::Vector3i fast_planner::FrontierFinder::searchClearVoxel(const Vector3i&)[m[K’:
[01m[K/home/zqh/phoenixZ/racer_explore/src/RACER/swarm_exploration/active_perception/src/frontier_finder.cpp:1221:17:[m[K [01;35m[Kwarning: [m[Kunused variable ‘[01m[Kadr[m[K’ [[01;35m[K-Wunused-variable[m[K]
 1221 |             int [01;35m[Kadr[m[K = toadr(nbr);
      |                 [01;35m[K^~~[m[K
make[2]: *** [CMakeFiles/active_perception.dir/build.make:89: CMakeFiles/active_perception.dir/src/frontier_finder.cpp.o] Error 1
make[1]: *** [CMakeFiles/Makefile2:180: CMakeFiles/active_perception.dir/all] Error 2
make: *** [Makefile:141: all] Error 2
