[35m[1mScanning dependencies of target active_perception[0m
[ 37%] [32mBuilding CXX object CMakeFiles/active_perception.dir/src/hgrid.cpp.o[0m
[ 37%] [32mBuilding CXX object CMakeFiles/active_perception.dir/src/perception_utils.cpp.o[0m
[ 37%] [32mBuilding CXX object CMakeFiles/active_perception.dir/src/uniform_grid.cpp.o[0m
[ 50%] [32mBuilding CXX object CMakeFiles/active_perception.dir/src/graph_node.cpp.o[0m
[ 62%] [32mBuilding CXX object CMakeFiles/active_perception.dir/src/traj_visibility.cpp.o[0m
[ 75%] [32mBuilding CXX object CMakeFiles/active_perception.dir/src/frontier_finder.cpp.o[0m
[ 87%] [32mBuilding CXX object CMakeFiles/active_perception.dir/src/heading_planner.cpp.o[0m
[01m[K/home/zqh/phoenixZ/racer_ws/src/RACER/swarm_exploration/active_perception/src/graph_node.cpp:[m[K In static member function ‘[01m[Kstatic double fast_planner::ViewNode::searchPath(const Vector3d&, const Vector3d&, std::vector<Eigen::Matrix<double, 3, 1> >&)[m[K’:
[01m[K/home/zqh/phoenixZ/racer_ws/src/RACER/swarm_exploration/active_perception/src/graph_node.cpp:50:21:[m[K [01;35m[Kwarning: [m[Kcomparison of integer expressions of different signedness: ‘[01m[Kint[m[K’ and ‘[01m[Kstd::vector<double>::size_type[m[K’ {aka ‘[01m[Klong unsigned int[m[K’} [[01;35m[K-Wsign-compare[m[K]
   50 |   for (int k = 0; [01;35m[Kk < res.size()[m[K; ++k) {
      |                   [01;35m[K~~^~~~~~~~~~~~[m[K
[01m[K/home/zqh/phoenixZ/racer_ws/src/RACER/swarm_exploration/active_perception/src/hgrid.cpp:[m[K In member function ‘[01m[Kvoid fast_planner::HGrid::getConsistentGrid(const std::vector<int>&, const std::vector<int>&, std::vector<int>&, std::vector<int>&)[m[K’:
[01m[K/home/zqh/phoenixZ/racer_ws/src/RACER/swarm_exploration/active_perception/src/hgrid.cpp:187:23:[m[K [01;35m[Kwarning: [m[Kcomparison of integer expressions of different signedness: ‘[01m[Kint[m[K’ and ‘[01m[Kstd::vector<int>::size_type[m[K’ {aka ‘[01m[Klong unsigned int[m[K’} [[01;35m[K-Wsign-compare[m[K]
  187 |     for (int i = 1; [01;35m[Ki < last_ids.size()[m[K; ++i)
      |                     [01;35m[K~~^~~~~~~~~~~~~~~~~[m[K
[01m[K/home/zqh/phoenixZ/racer_ws/src/RACER/swarm_exploration/active_perception/src/traj_visibility.cpp:[m[K In member function ‘[01m[Kvoid fast_planner::VisibilityUtil::findVisibPairs(const std::vector<Eigen::Matrix<double, 3, 1> >&, std::vector<fast_planner::VisiblePair>&)[m[K’:
[01m[K/home/zqh/phoenixZ/racer_ws/src/RACER/swarm_exploration/active_perception/src/traj_visibility.cpp:127:21:[m[K [01;35m[Kwarning: [m[Kcomparison of integer expressions of different signedness: ‘[01m[Kint[m[K’ and ‘[01m[Kstd::vector<Eigen::Matrix<double, 3, 1> >::size_type[m[K’ {aka ‘[01m[Klong unsigned int[m[K’} [[01;35m[K-Wsign-compare[m[K]
  127 |   for (int i = 0; [01;35m[Ki < pts.size() - visible_num_[m[K; ++i) {
      |                   [01;35m[K~~^~~~~~~~~~~~~~~~~~~~~~~~~~~[m[K
[01m[K/home/zqh/phoenixZ/racer_ws/src/RACER/swarm_exploration/active_perception/src/traj_visibility.cpp:132:38:[m[K [01;35m[Kwarning: [m[Kcomparison of integer expressions of different signedness: ‘[01m[Kint[m[K’ and ‘[01m[Kstd::vector<Eigen::Matrix<double, 3, 1> >::size_type[m[K’ {aka ‘[01m[Klong unsigned int[m[K’} [[01;35m[K-Wsign-compare[m[K]
  132 |     for (int j = i + visible_num_; [01;35m[Kj < pts.size()[m[K; ++j) {
      |                                    [01;35m[K~~^~~~~~~~~~~~[m[K
[01m[K/home/zqh/phoenixZ/racer_ws/src/RACER/swarm_exploration/active_perception/src/traj_visibility.cpp:124:7:[m[K [01;35m[Kwarning: [m[Kunused variable ‘[01m[Kknow_num[m[K’ [[01;35m[K-Wunused-variable[m[K]
  124 |   int [01;35m[Kknow_num[m[K = 0;
      |       [01;35m[K^~~~~~~~[m[K
[01m[K/home/zqh/phoenixZ/racer_ws/src/RACER/swarm_exploration/active_perception/src/hgrid.cpp:[m[K In member function ‘[01m[Kvoid fast_planner::HGrid::getActiveGrids(std::vector<int>&)[m[K’:
[01m[K/home/zqh/phoenixZ/racer_ws/src/RACER/swarm_exploration/active_perception/src/hgrid.cpp:520:23:[m[K [01;35m[Kwarning: [m[Kcomparison of integer expressions of different signedness: ‘[01m[Kint[m[K’ and ‘[01m[Kstd::vector<fast_planner::GridInfo>::size_type[m[K’ {aka ‘[01m[Klong unsigned int[m[K’} [[01;35m[K-Wsign-compare[m[K]
  520 |     for (int i = 0; [01;35m[Ki < grid2_->grid_data_.size()[m[K; ++i)
      |                     [01;35m[K~~^~~~~~~~~~~~~~~~~~~~~~~~~~~[m[K
[01m[K/home/zqh/phoenixZ/racer_ws/src/RACER/swarm_exploration/active_perception/src/hgrid.cpp:[m[K In member function ‘[01m[Kbool fast_planner::HGrid::getNextGrid(const std::vector<int>&, Eigen::Vector3d&, double&)[m[K’:
[01m[K/home/zqh/phoenixZ/racer_ws/src/RACER/swarm_exploration/active_perception/src/hgrid.cpp:546:23:[m[K [01;35m[Kwarning: [m[Kcomparison of integer expressions of different signedness: ‘[01m[Kint[m[K’ and ‘[01m[Kstd::vector<int>::size_type[m[K’ {aka ‘[01m[Klong unsigned int[m[K’} [[01;35m[K-Wsign-compare[m[K]
  546 |     for (int i = 1; [01;35m[Ki < grid_ids.size()[m[K; ++i)
      |                     [01;35m[K~~^~~~~~~~~~~~~~~~~[m[K
[01m[K/home/zqh/phoenixZ/racer_ws/src/RACER/swarm_exploration/active_perception/src/hgrid.cpp:[m[K In member function ‘[01m[Kvoid fast_planner::HGrid::getGridTour(const std::vector<int>&, const Vector3d&, std::vector<Eigen::Matrix<double, 3, 1> >&, std::vector<Eigen::Matrix<double, 3, 1> >&)[m[K’:
[01m[K/home/zqh/phoenixZ/racer_ws/src/RACER/swarm_exploration/active_perception/src/hgrid.cpp:680:23:[m[K [01;35m[Kwarning: [m[Kcomparison of integer expressions of different signedness: ‘[01m[Kint[m[K’ and ‘[01m[Kstd::vector<Eigen::Matrix<double, 3, 1> >::size_type[m[K’ {aka ‘[01m[Klong unsigned int[m[K’} [[01;35m[K-Wsign-compare[m[K]
  680 |     for (int i = 0; [01;35m[Ki < centers.size() - 1[m[K; ++i)
      |                     [01;35m[K~~^~~~~~~~~~~~~~~~~~~~[m[K
[01m[K/home/zqh/phoenixZ/racer_ws/src/RACER/swarm_exploration/active_perception/src/hgrid.cpp:[m[K In member function ‘[01m[Kvoid fast_planner::HGrid::getGridMarker2(std::vector<Eigen::Matrix<double, 3, 1> >&, std::vector<std::__cxx11::basic_string<char> >&)[m[K’:
[01m[K/home/zqh/phoenixZ/racer_ws/src/RACER/swarm_exploration/active_perception/src/hgrid.cpp:784:23:[m[K [01;35m[Kwarning: [m[Kcomparison of integer expressions of different signedness: ‘[01m[Kint[m[K’ and ‘[01m[Kstd::vector<fast_planner::GridInfo>::size_type[m[K’ {aka ‘[01m[Klong unsigned int[m[K’} [[01;35m[K-Wsign-compare[m[K]
  784 |     for (int i = 0; [01;35m[Ki < grid1_->grid_data_.size()[m[K; ++i)
      |                     [01;35m[K~~^~~~~~~~~~~~~~~~~~~~~~~~~~~[m[K
[01m[K/home/zqh/phoenixZ/racer_ws/src/RACER/swarm_exploration/active_perception/src/hgrid.cpp:793:23:[m[K [01;35m[Kwarning: [m[Kcomparison of integer expressions of different signedness: ‘[01m[Kint[m[K’ and ‘[01m[Kstd::vector<fast_planner::GridInfo>::size_type[m[K’ {aka ‘[01m[Klong unsigned int[m[K’} [[01;35m[K-Wsign-compare[m[K]
  793 |     for (int i = 0; [01;35m[Ki < grid2_->grid_data_.size()[m[K; ++i)
      |                     [01;35m[K~~^~~~~~~~~~~~~~~~~~~~~~~~~~~[m[K
[01m[K/home/zqh/phoenixZ/racer_ws/src/RACER/swarm_exploration/active_perception/src/perception_utils.cpp:[m[K In member function ‘[01m[Kvoid fast_planner::PerceptionUtils::getFOV(std::vector<Eigen::Matrix<double, 3, 1> >&, std::vector<Eigen::Matrix<double, 3, 1> >&)[m[K’:
[01m[K/home/zqh/phoenixZ/racer_ws/src/RACER/swarm_exploration/active_perception/src/perception_utils.cpp:75:21:[m[K [01;35m[Kwarning: [m[Kcomparison of integer expressions of different signedness: ‘[01m[Kint[m[K’ and ‘[01m[Kstd::vector<Eigen::Matrix<double, 3, 1> >::size_type[m[K’ {aka ‘[01m[Klong unsigned int[m[K’} [[01;35m[K-Wsign-compare[m[K]
   75 |   for (int i = 0; [01;35m[Ki < cam_vertices1_.size()[m[K; ++i) {
      |                   [01;35m[K~~^~~~~~~~~~~~~~~~~~~~~~~[m[K
[01m[K/home/zqh/phoenixZ/racer_ws/src/RACER/swarm_exploration/active_perception/src/traj_visibility.cpp:[m[K In member function ‘[01m[Kbool fast_planner::VisibilityUtil::findDirAndIdx(fast_planner::NonUniformBspline&, const double&, const double&, Eigen::Vector3d&, int&, Eigen::Vector3d&)[m[K’:
[01m[K/home/zqh/phoenixZ/racer_ws/src/RACER/swarm_exploration/active_perception/src/traj_visibility.cpp:232:33:[m[K [01;35m[Kwarning: [m[Kcontrol reaches end of non-void function [[01;35m[K-Wreturn-type[m[K]
  232 |   auto vel = traj.getDerivative([01;35m[K)[m[K;
      |                                 [01;35m[K^[m[K
[01m[K/home/zqh/phoenixZ/racer_ws/src/RACER/swarm_exploration/active_perception/src/uniform_grid.cpp:[m[K In member function ‘[01m[Kvoid fast_planner::UniformGrid::updateBaseCoor()[m[K’:
[01m[K/home/zqh/phoenixZ/racer_ws/src/RACER/swarm_exploration/active_perception/src/uniform_grid.cpp:105:23:[m[K [01;35m[Kwarning: [m[Kcomparison of integer expressions of different signedness: ‘[01m[Kint[m[K’ and ‘[01m[Kstd::vector<fast_planner::GridInfo>::size_type[m[K’ {aka ‘[01m[Klong unsigned int[m[K’} [[01;35m[K-Wsign-compare[m[K]
  105 |     for (int i = 0; [01;35m[Ki < grid_data_.size()[m[K; ++i)
      |                     [01;35m[K~~^~~~~~~~~~~~~~~~~~~[m[K
[01m[K/home/zqh/phoenixZ/racer_ws/src/RACER/swarm_exploration/active_perception/src/uniform_grid.cpp:134:27:[m[K [01;35m[Kwarning: [m[Kcomparison of integer expressions of different signedness: ‘[01m[Kint[m[K’ and ‘[01m[Kstd::vector<Eigen::Matrix<double, 3, 1> >::size_type[m[K’ {aka ‘[01m[Klong unsigned int[m[K’} [[01;35m[K-Wsign-compare[m[K]
  134 |         for (int j = 1; [01;35m[Kj < vertices.size()[m[K; ++j)
      |                         [01;35m[K~~^~~~~~~~~~~~~~~~~[m[K
[01m[K/home/zqh/phoenixZ/racer_ws/src/RACER/swarm_exploration/active_perception/src/uniform_grid.cpp:[m[K In member function ‘[01m[Kvoid fast_planner::UniformGrid::updateGridData(const int&, std::vector<int>&, std::vector<int>&, std::vector<int>&)[m[K’:
[01m[K/home/zqh/phoenixZ/racer_ws/src/RACER/swarm_exploration/active_perception/src/uniform_grid.cpp:198:23:[m[K [01;35m[Kwarning: [m[Kcomparison of integer expressions of different signedness: ‘[01m[Kint[m[K’ and ‘[01m[Kstd::vector<fast_planner::GridInfo>::size_type[m[K’ {aka ‘[01m[Klong unsigned int[m[K’} [[01;35m[K-Wsign-compare[m[K]
  198 |     for (int i = 0; [01;35m[Ki < grid_data_.size()[m[K; ++i)
      |                     [01;35m[K~~^~~~~~~~~~~~~~~~~~~[m[K
[01m[K/home/zqh/phoenixZ/racer_ws/src/RACER/swarm_exploration/active_perception/src/uniform_grid.cpp:206:27:[m[K [01;35m[Kwarning: [m[Kcomparison of integer expressions of different signedness: ‘[01m[Kint[m[K’ and ‘[01m[Kstd::vector<Eigen::Matrix<double, 3, 1> >::size_type[m[K’ {aka ‘[01m[Klong unsigned int[m[K’} [[01;35m[K-Wsign-compare[m[K]
  206 |         for (int j = 0; [01;35m[Kj < update_mins.size()[m[K; ++j)
      |                         [01;35m[K~~^~~~~~~~~~~~~~~~~~~~[m[K
[01m[K/home/zqh/phoenixZ/racer_ws/src/RACER/swarm_exploration/active_perception/src/uniform_grid.cpp:254:23:[m[K [01;35m[Kwarning: [m[Kcomparison of integer expressions of different signedness: ‘[01m[Kint[m[K’ and ‘[01m[Kstd::vector<fast_planner::GridInfo>::size_type[m[K’ {aka ‘[01m[Klong unsigned int[m[K’} [[01;35m[K-Wsign-compare[m[K]
  254 |     for (int i = 0; [01;35m[Ki < grid_data_.size()[m[K; ++i)
      |                     [01;35m[K~~^~~~~~~~~~~~~~~~~~~[m[K
[01m[K/home/zqh/phoenixZ/racer_ws/src/RACER/swarm_exploration/active_perception/src/uniform_grid.cpp:[m[K In member function ‘[01m[Kvoid fast_planner::UniformGrid::inputFrontiers(const std::vector<Eigen::Matrix<double, 3, 1> >&)[m[K’:
[01m[K/home/zqh/phoenixZ/racer_ws/src/RACER/swarm_exploration/active_perception/src/uniform_grid.cpp:435:23:[m[K [01;35m[Kwarning: [m[Kcomparison of integer expressions of different signedness: ‘[01m[Kint[m[K’ and ‘[01m[Kstd::vector<Eigen::Matrix<double, 3, 1> >::size_type[m[K’ {aka ‘[01m[Klong unsigned int[m[K’} [[01;35m[K-Wsign-compare[m[K]
  435 |     for (int i = 0; [01;35m[Ki < avgs.size()[m[K; ++i)
      |                     [01;35m[K~~^~~~~~~~~~~~~[m[K
[01m[K/home/zqh/phoenixZ/racer_ws/src/RACER/swarm_exploration/active_perception/src/uniform_grid.cpp:[m[K In member function ‘[01m[Kvoid fast_planner::UniformGrid::getGridTour(const std::vector<int>&, std::vector<Eigen::Matrix<double, 3, 1> >&)[m[K’:
[01m[K/home/zqh/phoenixZ/racer_ws/src/RACER/swarm_exploration/active_perception/src/uniform_grid.cpp:465:23:[m[K [01;35m[Kwarning: [m[Kcomparison of integer expressions of different signedness: ‘[01m[Kint[m[K’ and ‘[01m[Kstd::vector<int>::size_type[m[K’ {aka ‘[01m[Klong unsigned int[m[K’} [[01;35m[K-Wsign-compare[m[K]
  465 |     for (int i = 0; [01;35m[Ki < ids.size()[m[K; ++i)
      |                     [01;35m[K~~^~~~~~~~~~~~[m[K
[01m[K/home/zqh/phoenixZ/racer_ws/src/RACER/swarm_exploration/active_perception/src/frontier_finder.cpp:[m[K In member function ‘[01m[Kvoid fast_planner::FrontierFinder::searchFrontiers()[m[K’:
[01m[K/home/zqh/phoenixZ/racer_ws/src/RACER/swarm_exploration/active_perception/src/frontier_finder.cpp:123:23:[m[K [01;35m[Kwarning: [m[Kcomparison of integer expressions of different signedness: ‘[01m[Kint[m[K’ and ‘[01m[Kstd::vector<Eigen::Matrix<double, 3, 1> >::size_type[m[K’ {aka ‘[01m[Klong unsigned int[m[K’} [[01;35m[K-Wsign-compare[m[K]
  123 |     for (int i = 0; [01;35m[Ki < mins.size()[m[K; ++i)
      |                     [01;35m[K~~^~~~~~~~~~~~~[m[K
[01m[K/home/zqh/phoenixZ/racer_ws/src/RACER/swarm_exploration/active_perception/src/frontier_finder.cpp:138:23:[m[K [01;35m[Kwarning: [m[Kcomparison of integer expressions of different signedness: ‘[01m[Kint[m[K’ and ‘[01m[Kstd::vector<Eigen::Matrix<double, 3, 1> >::size_type[m[K’ {aka ‘[01m[Klong unsigned int[m[K’} [[01;35m[K-Wsign-compare[m[K]
  138 |     for (int i = 0; [01;35m[Ki < mins.size()[m[K; ++i)
      |                     [01;35m[K~~^~~~~~~~~~~~~[m[K
[01m[K/home/zqh/phoenixZ/racer_ws/src/RACER/swarm_exploration/active_perception/src/frontier_finder.cpp:145:23:[m[K [01;35m[Kwarning: [m[Kcomparison of integer expressions of different signedness: ‘[01m[Kint[m[K’ and ‘[01m[Kstd::vector<Eigen::Matrix<int, 3, 1> >::size_type[m[K’ {aka ‘[01m[Klong unsigned int[m[K’} [[01;35m[K-Wsign-compare[m[K]
  145 |     for (int i = 0; [01;35m[Ki < min_ids.size()[m[K; ++i)
      |                     [01;35m[K~~^~~~~~~~~~~~~~~~[m[K
[01m[K/home/zqh/phoenixZ/racer_ws/src/RACER/swarm_exploration/active_perception/src/frontier_finder.cpp:61:15:[m[K [01;35m[Kwarning: [m[Kvariable ‘[01m[Kt1[m[K’ set but not used [[01;35m[K-Wunused-but-set-variable[m[K]
   61 |     ros::Time [01;35m[Kt1[m[K = ros::Time::now();
      |               [01;35m[K^~[m[K
[01m[K/home/zqh/phoenixZ/racer_ws/src/RACER/swarm_exploration/active_perception/src/frontier_finder.cpp:[m[K In member function ‘[01m[Kvoid fast_planner::FrontierFinder::expandFrontier(const Vector3i&)[m[K’:
[01m[K/home/zqh/phoenixZ/racer_ws/src/RACER/swarm_exploration/active_perception/src/frontier_finder.cpp:205:25:[m[K [01;35m[Kwarning: [m[Kcomparison of integer expressions of different signedness: ‘[01m[Kstd::vector<Eigen::Matrix<double, 3, 1> >::size_type[m[K’ {aka ‘[01m[Klong unsigned int[m[K’} and ‘[01m[Kint[m[K’ [[01;35m[K-Wsign-compare[m[K]
  205 |     if ([01;35m[Kexpanded.size() > cluster_min_[m[K)
      |         [01;35m[K~~~~~~~~~~~~~~~~^~~~~~~~~~~~~~[m[K
[01m[K/home/zqh/phoenixZ/racer_ws/src/RACER/swarm_exploration/active_perception/src/heading_planner.cpp:[m[K In member function ‘[01m[Kvoid fast_planner::HeadingPlanner::searchPathOfYaw(const std::vector<Eigen::Matrix<double, 3, 1> >&, const std::vector<double>&, const double&, const MatrixXd&, std::vector<double>&)[m[K’:
[01m[K/home/zqh/phoenixZ/racer_ws/src/RACER/swarm_exploration/active_perception/src/heading_planner.cpp:178:21:[m[K [01;35m[Kwarning: [m[Kcomparison of integer expressions of different signedness: ‘[01m[Kint[m[K’ and ‘[01m[Kstd::vector<double>::size_type[m[K’ {aka ‘[01m[Klong unsigned int[m[K’} [[01;35m[K-Wsign-compare[m[K]
  178 |   for (int i = 0; [01;35m[Ki < yaws.size()[m[K; ++i) {
      |                   [01;35m[K~~^~~~~~~~~~~~~[m[K
[01m[K/home/zqh/phoenixZ/racer_ws/src/RACER/swarm_exploration/active_perception/src/heading_planner.cpp:181:35:[m[K [01;35m[Kwarning: [m[Kcomparison of integer expressions of different signedness: ‘[01m[Kint[m[K’ and ‘[01m[Kstd::vector<double>::size_type[m[K’ {aka ‘[01m[Klong unsigned int[m[K’} [[01;35m[K-Wsign-compare[m[K]
  181 |     bool start_end = (i == 0 || [01;35m[Ki == yaws.size() - 1[m[K);
      |                                 [01;35m[K~~^~~~~~~~~~~~~~~~~~[m[K
[01m[K/home/zqh/phoenixZ/racer_ws/src/RACER/swarm_exploration/active_perception/src/heading_planner.cpp:180:10:[m[K [01;35m[Kwarning: [m[Kvariable ‘[01m[Kt1[m[K’ set but not used [[01;35m[K-Wunused-but-set-variable[m[K]
  180 |     auto [01;35m[Kt1[m[K = ros::Time::now();
      |          [01;35m[K^~[m[K
[01m[K/home/zqh/phoenixZ/racer_ws/src/RACER/swarm_exploration/active_perception/src/heading_planner.cpp:176:19:[m[K [01;35m[Kwarning: [m[Kvariable ‘[01m[Kcur_pos[m[K’ set but not used [[01;35m[K-Wunused-but-set-variable[m[K]
  176 |   Eigen::Vector3d [01;35m[Kcur_pos[m[K = pts[0];
      |                   [01;35m[K^~~~~~~[m[K
[01m[K/home/zqh/phoenixZ/racer_ws/src/RACER/swarm_exploration/active_perception/src/heading_planner.cpp:223:8:[m[K [01;35m[Kwarning: [m[Kvariable ‘[01m[Kt1[m[K’ set but not used [[01;35m[K-Wunused-but-set-variable[m[K]
  223 |   auto [01;35m[Kt1[m[K = ros::Time::now();
      |        [01;35m[K^~[m[K
[01m[K/home/zqh/phoenixZ/racer_ws/src/RACER/swarm_exploration/active_perception/src/heading_planner.cpp:[m[K In member function ‘[01m[Kdouble fast_planner::HeadingPlanner::calcInformationGain(const Vector3d&, const double&, const MatrixXd&, const int&)[m[K’:
[01m[K/home/zqh/phoenixZ/racer_ws/src/RACER/swarm_exploration/active_perception/src/heading_planner.cpp:238:8:[m[K [01;35m[Kwarning: [m[Kvariable ‘[01m[Kt1[m[K’ set but not used [[01;35m[K-Wunused-but-set-variable[m[K]
  238 |   auto [01;35m[Kt1[m[K = ros::Time::now();
      |        [01;35m[K^~[m[K
[01m[K/home/zqh/phoenixZ/racer_ws/src/RACER/swarm_exploration/active_perception/src/heading_planner.cpp:[m[K In member function ‘[01m[Kdouble fast_planner::HeadingPlanner::calcInfoGain(const Vector3d&, const double&, const int&)[m[K’:
[01m[K/home/zqh/phoenixZ/racer_ws/src/RACER/swarm_exploration/active_perception/src/heading_planner.cpp:325:8:[m[K [01;35m[Kwarning: [m[Kvariable ‘[01m[Kt1[m[K’ set but not used [[01;35m[K-Wunused-but-set-variable[m[K]
  325 |   auto [01;35m[Kt1[m[K = ros::Time::now();
      |        [01;35m[K^~[m[K
[01m[K/home/zqh/phoenixZ/racer_ws/src/RACER/swarm_exploration/active_perception/src/frontier_finder.cpp:[m[K In member function ‘[01m[Kvoid fast_planner::FrontierFinder::updateFrontierCostMatrix()[m[K’:
[01m[K/home/zqh/phoenixZ/racer_ws/src/RACER/swarm_exploration/active_perception/src/frontier_finder.cpp:347:31:[m[K [01;35m[Kwarning: [m[Kcomparison of integer expressions of different signedness: ‘[01m[Kint[m[K’ and ‘[01m[Kstd::vector<int>::size_type[m[K’ {aka ‘[01m[Klong unsigned int[m[K’} [[01;35m[K-Wsign-compare[m[K]
  347 |             for (int i = 0; [01;35m[Ki < removed_ids_.size()[m[K; ++i)
      |                             [01;35m[K~~^~~~~~~~~~~~~~~~~~~~~[m[K
[01m[K/home/zqh/phoenixZ/racer_ws/src/RACER/swarm_exploration/active_perception/src/frontier_finder.cpp:[m[K In member function ‘[01m[Kbool fast_planner::FrontierFinder::haveAnyOverlap(const Vector3d&, const Vector3d&, const std::vector<Eigen::Matrix<double, 3, 1> >&, const std::vector<Eigen::Matrix<double, 3, 1> >&)[m[K’:
[01m[K/home/zqh/phoenixZ/racer_ws/src/RACER/swarm_exploration/active_perception/src/frontier_finder.cpp:460:23:[m[K [01;35m[Kwarning: [m[Kcomparison of integer expressions of different signedness: ‘[01m[Kint[m[K’ and ‘[01m[Kstd::vector<Eigen::Matrix<double, 3, 1> >::size_type[m[K’ {aka ‘[01m[Klong unsigned int[m[K’} [[01;35m[K-Wsign-compare[m[K]
  460 |     for (int i = 0; [01;35m[Ki < mins.size()[m[K; ++i)
      |                     [01;35m[K~~^~~~~~~~~~~~~[m[K
[01m[K/home/zqh/phoenixZ/racer_ws/src/RACER/swarm_exploration/active_perception/src/heading_planner.cpp:[m[K In member function ‘[01m[Kvoid fast_planner::HeadingPlanner::calcVisibFrontier(const Vector3d&, const double&, std::unordered_map<int, int>&)[m[K’:
[01m[K/home/zqh/phoenixZ/racer_ws/src/RACER/swarm_exploration/active_perception/src/heading_planner.cpp:514:8:[m[K [01;35m[Kwarning: [m[Kvariable ‘[01m[Kt1[m[K’ set but not used [[01;35m[K-Wunused-but-set-variable[m[K]
  514 |   auto [01;35m[Kt1[m[K = ros::Time::now();
      |        [01;35m[K^~[m[K
[01m[K/home/zqh/phoenixZ/racer_ws/src/RACER/swarm_exploration/active_perception/src/frontier_finder.cpp:[m[K In member function ‘[01m[Kvoid fast_planner::FrontierFinder::getViewpointsInfo(const Vector3d&, const std::vector<int>&, const int&, const double&, std::vector<std::vector<Eigen::Matrix<double, 3, 1> > >&, std::vector<std::vector<double> >&)[m[K’:
[01m[K/home/zqh/phoenixZ/racer_ws/src/RACER/swarm_exploration/active_perception/src/frontier_finder.cpp:602:36:[m[K [01;35m[Kwarning: [m[Kcomparison of integer expressions of different signedness: ‘[01m[Kstd::vector<Eigen::Matrix<double, 3, 1> >::size_type[m[K’ {aka ‘[01m[Klong unsigned int[m[K’} and ‘[01m[Kconst int[m[K’ [[01;35m[K-Wsign-compare[m[K]
  602 |                     if ([01;35m[Kpts.size() >= view_num[m[K || view.visib_num_ <= visib_thresh)
      |                         [01;35m[K~~~~~~~~~~~^~~~~~~~~~~[m[K
[01m[K/home/zqh/phoenixZ/racer_ws/src/RACER/swarm_exploration/active_perception/src/frontier_finder.cpp:614:40:[m[K [01;35m[Kwarning: [m[Kcomparison of integer expressions of different signedness: ‘[01m[Kstd::vector<Eigen::Matrix<double, 3, 1> >::size_type[m[K’ {aka ‘[01m[Klong unsigned int[m[K’} and ‘[01m[Kconst int[m[K’ [[01;35m[K-Wsign-compare[m[K]
  614 |                         if ([01;35m[Kpts.size() >= view_num[m[K || view.visib_num_ <= visib_thresh)
      |                             [01;35m[K~~~~~~~~~~~^~~~~~~~~~~[m[K
[01m[K/home/zqh/phoenixZ/racer_ws/src/RACER/swarm_exploration/active_perception/src/frontier_finder.cpp:[m[K In member function ‘[01m[Kvoid fast_planner::FrontierFinder::getPathForTour(const Vector3d&, const std::vector<int>&, std::vector<Eigen::Matrix<double, 3, 1> >&)[m[K’:
[01m[K/home/zqh/phoenixZ/racer_ws/src/RACER/swarm_exploration/active_perception/src/frontier_finder.cpp:669:23:[m[K [01;35m[Kwarning: [m[Kcomparison of integer expressions of different signedness: ‘[01m[Kint[m[K’ and ‘[01m[Kstd::vector<int>::size_type[m[K’ {aka ‘[01m[Klong unsigned int[m[K’} [[01;35m[K-Wsign-compare[m[K]
  669 |     for (int i = 0; [01;35m[Ki < frontier_ids.size() - 1[m[K; ++i)
      |                     [01;35m[K~~^~~~~~~~~~~~~~~~~~~~~~~~~[m[K
[01m[K/home/zqh/phoenixZ/racer_ws/src/RACER/swarm_exploration/active_perception/src/frontier_finder.cpp:[m[K In member function ‘[01m[Kint fast_planner::FrontierFinder::addFrontiers(const std::vector<std::pair<Eigen::Matrix<double, 3, 1>, double> >&)[m[K’:
[01m[K/home/zqh/phoenixZ/racer_ws/src/RACER/swarm_exploration/active_perception/src/frontier_finder.cpp:960:1:[m[K [01;35m[Kwarning: [m[Kno return statement in function returning non-void [[01;35m[K-Wreturn-type[m[K]
  960 | [01;35m[K}[m[K
      | [01;35m[K^[m[K
[01m[K/home/zqh/phoenixZ/racer_ws/src/RACER/swarm_exploration/active_perception/src/frontier_finder.cpp:[m[K In member function ‘[01m[Kvoid fast_planner::FrontierFinder::findViewpoints(const Vector3d&, const Vector3d&, std::vector<fast_planner::Viewpoint>&)[m[K’:
[01m[K/home/zqh/phoenixZ/racer_ws/src/RACER/swarm_exploration/active_perception/src/frontier_finder.cpp:967:12:[m[K [01;35m[Kwarning: [m[Kunused variable ‘[01m[Kleft_angle_[m[K’ [[01;35m[K-Wunused-variable[m[K]
  967 |     double [01;35m[Kleft_angle_[m[K, right_angle_, vertical_angle_, ray_length_;
      |            [01;35m[K^~~~~~~~~~~[m[K
[01m[K/home/zqh/phoenixZ/racer_ws/src/RACER/swarm_exploration/active_perception/src/frontier_finder.cpp:[m[K In member function ‘[01m[Kvoid fast_planner::FrontierFinder::sampleViewpoints(fast_planner::Frontier&)[m[K’:
[01m[K/home/zqh/phoenixZ/racer_ws/src/RACER/swarm_exploration/active_perception/src/frontier_finder.cpp:1058:31:[m[K [01;35m[Kwarning: [m[Kcomparison of integer expressions of different signedness: ‘[01m[Kint[m[K’ and ‘[01m[Kstd::vector<Eigen::Matrix<double, 3, 1> >::size_type[m[K’ {aka ‘[01m[Klong unsigned int[m[K’} [[01;35m[K-Wsign-compare[m[K]
 1058 |             for (int i = 1; [01;35m[Ki < cells.size()[m[K; ++i)
      |                             [01;35m[K~~^~~~~~~~~~~~~~[m[K
[01m[K/home/zqh/phoenixZ/racer_ws/src/RACER/swarm_exploration/active_perception/src/frontier_finder.cpp:[m[K In member function ‘[01m[KEigen::Vector3i fast_planner::FrontierFinder::searchClearVoxel(const Vector3i&)[m[K’:
[01m[K/home/zqh/phoenixZ/racer_ws/src/RACER/swarm_exploration/active_perception/src/frontier_finder.cpp:1219:17:[m[K [01;35m[Kwarning: [m[Kunused variable ‘[01m[Kadr[m[K’ [[01;35m[K-Wunused-variable[m[K]
 1219 |             int [01;35m[Kadr[m[K = toadr(nbr);
      |                 [01;35m[K^~~[m[K
[01m[K/home/zqh/phoenixZ/racer_ws/src/RACER/swarm_exploration/active_perception/src/heading_planner.cpp:[m[K In member function ‘[01m[Kbool fast_planner::HeadingPlanner::insideFoV(const Vector4d&)[m[K’:
[01m[K/home/zqh/phoenixZ/racer_ws/src/RACER/swarm_exploration/active_perception/src/heading_planner.cpp:620:9:[m[K [01;35m[Kwarning: [m[K‘[01m[K*((void*)& pc +16)[m[K’ is used uninitialized in this function [[01;35m[K-Wuninitialized[m[K]
  620 |   if ([01;35m[Kpc(2)[m[K < near_ || pc(2) > far_) {
      |       [01;35m[K~~^~~[m[K
[01m[K/home/zqh/phoenixZ/racer_ws/src/RACER/swarm_exploration/active_perception/src/heading_planner.cpp:624:18:[m[K [01;35m[Kwarning: [m[K‘[01m[Kpc[m[K’ may be used uninitialized in this function [[01;35m[K-Wmaybe-uninitialized[m[K]
  624 |   double txz = [01;35m[Kpc(0)[m[K / pc(2);
      |                [01;35m[K~~^~~[m[K
[01m[K/home/zqh/phoenixZ/racer_ws/src/RACER/swarm_exploration/active_perception/src/heading_planner.cpp:629:18:[m[K [01;35m[Kwarning: [m[K‘[01m[K*((void*)& pc +8)[m[K’ may be used uninitialized in this function [[01;35m[K-Wmaybe-uninitialized[m[K]
  629 |   double tyz = [01;35m[Kpc(1)[m[K / pc(2);
      |                [01;35m[K~~^~~[m[K
[01m[K/home/zqh/phoenixZ/racer_ws/src/RACER/swarm_exploration/active_perception/src/frontier_finder.cpp:[m[K In member function ‘[01m[Kvoid fast_planner::FrontierFinder::findViewpoints(const Vector3d&, const Vector3d&, std::vector<fast_planner::Viewpoint>&)[m[K’:
[01m[K/home/zqh/phoenixZ/racer_ws/src/RACER/swarm_exploration/active_perception/src/frontier_finder.cpp:979:21:[m[K [01;35m[Kwarning: [m[K‘[01m[Kvertical_angle_[m[K’ may be used uninitialized in this function [[01;35m[K-Wmaybe-uninitialized[m[K]
  979 |         for (double [01;35m[Kphi_v[m[K = -vertical_angle_; phi_v <= vertical_angle_; phi_v += vertical_angle_ / 3)
      |                     [01;35m[K^~~~~[m[K
[01m[K/home/zqh/phoenixZ/racer_ws/src/RACER/swarm_exploration/active_perception/src/frontier_finder.cpp:983:46:[m[K [01;35m[Kwarning: [m[K‘[01m[Kray_length_[m[K’ may be used uninitialized in this function [[01;35m[K-Wmaybe-uninitialized[m[K]
  983 |             end[0] = sample[0] + [01;35m[Kray_length_ * cos(phi_v)[m[K * cos(hc + phi_h);
      |                                  [01;35m[K~~~~~~~~~~~~^~~~~~~~~~~~[m[K
[01m[K/home/zqh/phoenixZ/racer_ws/src/RACER/swarm_exploration/active_perception/src/frontier_finder.cpp:1007:52:[m[K [01;35m[Kwarning: [m[K‘[01m[Kright_angle_[m[K’ may be used uninitialized in this function [[01;35m[K-Wmaybe-uninitialized[m[K]
 1007 |         double yaw  = [01;35m[Khc - M_PI_2 + M_PI / 9.0 * i + right_angle_[m[K;
      |                       [01;35m[K~~~~~~~~~~~~~~~~~~~~~~~~~~~~~^~~~~~~~~~~~~~[m[K
[100%] [32m[1mLinking CXX shared library /home/zqh/phoenixZ/racer_ws/devel/.private/active_perception/lib/libactive_perception.so[0m
[100%] Built target active_perception
