[01m[K/home/zqh/phoenixZ/racer_explore/src/RACER/swarm_exploration/active_perception/src/hgrid.cpp:[m[K In member function ‘[01m[Kbool fast_planner::HGrid::levelToGlobalId(int, int, int&)[m[K’:
[01m[K/home/zqh/phoenixZ/racer_explore/src/RACER/swarm_exploration/active_perception/src/hgrid.cpp:52:69:[m[K [01;35m[Kwarning: [m[Kcomparison of integer expressions of different signedness: ‘[01m[Kint[m[K’ and ‘[01m[Kstd::vector<fast_planner::GridInfo>::size_type[m[K’ {aka ‘[01m[Klong unsigned int[m[K’} [[01;35m[K-Wsign-compare[m[K]
   52 |     if (level < 1 || level > max_level_ || local_id < 0 || [01;35m[Klocal_id >= grids_[level - 1]->grid_data_.size()[m[K)
      |                                                            [01;35m[K~~~~~~~~~^~~~~~~~~~~~~~~~~~~~~~~~~~~~~~~~~~~~~~~[m[K
[01m[K/home/zqh/phoenixZ/racer_explore/src/RACER/swarm_exploration/active_perception/src/hgrid.cpp:[m[K In member function ‘[01m[Kbool fast_planner::HGrid::globalToLevelId(int, int&, int&)[m[K’:
[01m[K/home/zqh/phoenixZ/racer_explore/src/RACER/swarm_exploration/active_perception/src/hgrid.cpp:69:29:[m[K [01;35m[Kwarning: [m[Kcomparison of integer expressions of different signedness: ‘[01m[Kint[m[K’ and ‘[01m[Kstd::vector<fast_planner::GridInfo>::size_type[m[K’ {aka ‘[01m[Klong unsigned int[m[K’} [[01;35m[K-Wsign-compare[m[K]
   69 |             return [01;35m[Klocal_id < grids_[i]->grid_data_.size()[m[K;
      |                    [01;35m[K~~~~~~~~~^~~~~~~~~~~~~~~~~~~~~~~~~~~~~~[m[K
[01m[K/home/zqh/phoenixZ/racer_explore/src/RACER/swarm_exploration/active_perception/src/hgrid.cpp:[m[K In member function ‘[01m[Kvoid fast_planner::HGrid::getConsistentGrid(const std::vector<int>&, const std::vector<int>&, std::vector<int>&, std::vector<int>&)[m[K’:
[01m[K/home/zqh/phoenixZ/racer_explore/src/RACER/swarm_exploration/active_perception/src/hgrid.cpp:165:23:[m[K [01;35m[Kwarning: [m[Kcomparison of integer expressions of different signedness: ‘[01m[Kint[m[K’ and ‘[01m[Kstd::vector<int>::size_type[m[K’ {aka ‘[01m[Klong unsigned int[m[K’} [[01;35m[K-Wsign-compare[m[K]
  165 |     for (int i = 1; [01;35m[Ki < last_ids.size()[m[K; ++i)
      |                     [01;35m[K~~^~~~~~~~~~~~~~~~~[m[K
[01m[K/home/zqh/phoenixZ/racer_explore/src/RACER/swarm_exploration/active_perception/src/hgrid.cpp:[m[K At global scope:
[01m[K/home/zqh/phoenixZ/racer_explore/src/RACER/swarm_exploration/active_perception/src/hgrid.cpp:442:11:[m[K [01;31m[Kerror: [m[Kno declaration matches ‘[01m[Kfast_planner::GridInfo& fast_planner::HGrid::getGrid(const int&)[m[K’
  442 | GridInfo &[01;31m[KHGrid[m[K::getGrid(const int &id)
      |           [01;31m[K^~~~~[m[K
In file included from [01m[K/home/zqh/phoenixZ/racer_explore/src/RACER/swarm_exploration/active_perception/src/hgrid.cpp:2[m[K:
[01m[K/home/zqh/phoenixZ/racer_explore/src/RACER/swarm_exploration/active_perception/include/active_perception/hgrid.h:61:15:[m[K [01;36m[Knote: [m[Kcandidate is: ‘[01m[Kfast_planner::GridInfo& fast_planner::HGrid::getGrid(int)[m[K’
   61 |     GridInfo &[01;36m[KgetGrid[m[K(int global_id);
      |               [01;36m[K^~~~~~~[m[K
In file included from [01m[K/home/zqh/phoenixZ/racer_explore/src/RACER/swarm_exploration/active_perception/src/hgrid.cpp:2[m[K:
[01m[K/home/zqh/phoenixZ/racer_explore/src/RACER/swarm_exploration/active_perception/include/active_perception/hgrid.h:29:7:[m[K [01;36m[Knote: [m[K‘[01m[Kclass fast_planner::HGrid[m[K’ defined here
   29 | class [01;36m[KHGrid[m[K
      |       [01;36m[K^~~~~[m[K
[01m[K/home/zqh/phoenixZ/racer_explore/src/RACER/swarm_exploration/active_perception/src/hgrid.cpp:[m[K In member function ‘[01m[Kvoid fast_planner::HGrid::getActiveGrids(std::vector<int>&)[m[K’:
[01m[K/home/zqh/phoenixZ/racer_explore/src/RACER/swarm_exploration/active_perception/src/hgrid.cpp:457:27:[m[K [01;35m[Kwarning: [m[Kcomparison of integer expressions of different signedness: ‘[01m[Kint[m[K’ and ‘[01m[Kstd::vector<fast_planner::GridInfo>::size_type[m[K’ {aka ‘[01m[Klong unsigned int[m[K’} [[01;35m[K-Wsign-compare[m[K]
  457 |         for (int i = 0; [01;35m[Ki < grids_[level - 1]->grid_data_.size()[m[K; ++i)
      |                         [01;35m[K~~^~~~~~~~~~~~~~~~~~~~~~~~~~~~~~~~~~~~~~[m[K
[01m[K/home/zqh/phoenixZ/racer_explore/src/RACER/swarm_exploration/active_perception/src/hgrid.cpp:[m[K In member function ‘[01m[Kbool fast_planner::HGrid::getNextGrid(const std::vector<int>&, Eigen::Vector3d&, double&)[m[K’:
[01m[K/home/zqh/phoenixZ/racer_explore/src/RACER/swarm_exploration/active_perception/src/hgrid.cpp:485:23:[m[K [01;35m[Kwarning: [m[Kcomparison of integer expressions of different signedness: ‘[01m[Kint[m[K’ and ‘[01m[Kstd::vector<int>::size_type[m[K’ {aka ‘[01m[Klong unsigned int[m[K’} [[01;35m[K-Wsign-compare[m[K]
  485 |     for (int i = 1; [01;35m[Ki < grid_ids.size()[m[K; ++i)
      |                     [01;35m[K~~^~~~~~~~~~~~~~~~~[m[K
[01m[K/home/zqh/phoenixZ/racer_explore/src/RACER/swarm_exploration/active_perception/src/hgrid.cpp:[m[K At global scope:
[01m[K/home/zqh/phoenixZ/racer_explore/src/RACER/swarm_exploration/active_perception/src/hgrid.cpp:513:6:[m[K [01;31m[Kerror: [m[Kno declaration matches ‘[01m[Kbool fast_planner::HGrid::isClose(const int&, const int&)[m[K’
  513 | bool [01;31m[KHGrid[m[K::isClose(const int &id1, const int &id2)
      |      [01;31m[K^~~~~[m[K
In file included from [01m[K/home/zqh/phoenixZ/racer_explore/src/RACER/swarm_exploration/active_perception/src/hgrid.cpp:2[m[K:
[01m[K/home/zqh/phoenixZ/racer_explore/src/RACER/swarm_exploration/active_perception/include/active_perception/hgrid.h:62:10:[m[K [01;36m[Knote: [m[Kcandidate is: ‘[01m[Kbool fast_planner::HGrid::isClose(int, int)[m[K’
   62 |     bool [01;36m[KisClose[m[K(int id1, int id2);
      |          [01;36m[K^~~~~~~[m[K
In file included from [01m[K/home/zqh/phoenixZ/racer_explore/src/RACER/swarm_exploration/active_perception/src/hgrid.cpp:2[m[K:
[01m[K/home/zqh/phoenixZ/racer_explore/src/RACER/swarm_exploration/active_perception/include/active_perception/hgrid.h:29:7:[m[K [01;36m[Knote: [m[K‘[01m[Kclass fast_planner::HGrid[m[K’ defined here
   29 | class [01;36m[KHGrid[m[K
      |       [01;36m[K^~~~~[m[K
[01m[K/home/zqh/phoenixZ/racer_explore/src/RACER/swarm_exploration/active_perception/src/hgrid.cpp:[m[K In member function ‘[01m[Kvoid fast_planner::HGrid::getGridTour(const std::vector<int>&, const Vector3d&, std::vector<Eigen::Matrix<double, 3, 1> >&, std::vector<Eigen::Matrix<double, 3, 1> >&)[m[K’:
[01m[K/home/zqh/phoenixZ/racer_explore/src/RACER/swarm_exploration/active_perception/src/hgrid.cpp:580:23:[m[K [01;35m[Kwarning: [m[Kcomparison of integer expressions of different signedness: ‘[01m[Kint[m[K’ and ‘[01m[Kstd::vector<Eigen::Matrix<double, 3, 1> >::size_type[m[K’ {aka ‘[01m[Klong unsigned int[m[K’} [[01;35m[K-Wsign-compare[m[K]
  580 |     for (int i = 0; [01;35m[Ki < tour.size() - 1[m[K; ++i)
      |                     [01;35m[K~~^~~~~~~~~~~~~~~~~[m[K
[01m[K/home/zqh/phoenixZ/racer_explore/src/RACER/swarm_exploration/active_perception/src/hgrid.cpp:[m[K In member function ‘[01m[Kvoid fast_planner::HGrid::getGridMarker2(std::vector<Eigen::Matrix<double, 3, 1> >&, std::vector<std::__cxx11::basic_string<char> >&)[m[K’:
[01m[K/home/zqh/phoenixZ/racer_explore/src/RACER/swarm_exploration/active_perception/src/hgrid.cpp:687:27:[m[K [01;35m[Kwarning: [m[Kcomparison of integer expressions of different signedness: ‘[01m[Kint[m[K’ and ‘[01m[Kstd::vector<fast_planner::GridInfo>::size_type[m[K’ {aka ‘[01m[Klong unsigned int[m[K’} [[01;35m[K-Wsign-compare[m[K]
  687 |         for (int i = 0; [01;35m[Ki < grids_[level - 1]->grid_data_.size()[m[K; ++i)
      |                         [01;35m[K~~^~~~~~~~~~~~~~~~~~~~~~~~~~~~~~~~~~~~~~[m[K
make[2]: *** [CMakeFiles/active_perception.dir/build.make:141: CMakeFiles/active_perception.dir/src/hgrid.cpp.o] Error 1
make[1]: *** [CMakeFiles/Makefile2:180: CMakeFiles/active_perception.dir/all] Error 2
make: *** [Makefile:141: all] Error 2
