[35m[1mScanning dependencies of target active_perception[0m
[ 25%] [32mBuilding CXX object CMakeFiles/active_perception.dir/src/hgrid.cpp.o[0m
[ 25%] [32mBuilding CXX object CMakeFiles/active_perception.dir/src/uniform_grid.cpp.o[0m
[01m[K/home/zqh/phoenixZ/racer_explore/src/RACER/swarm_exploration/active_perception/src/hgrid.cpp:[m[K In member function ‘[01m[Kvoid fast_planner::HGrid::updateGridData(const int&, std::vector<int>&, bool, const std::vector<int>&, std::vector<int>&, std::vector<int>&)[m[K’:
[01m[K/home/zqh/phoenixZ/racer_explore/src/RACER/swarm_exploration/active_perception/src/hgrid.cpp:113:21:[m[K [01;31m[Kerror: [m[K‘[01m[Kclass fast_planner::UniformGrid[m[K’ has no member named ‘[01m[KgetUnknownCellsNum[m[K’
  113 |         if (grid2_->[01;31m[KgetUnknownCellsNum[m[K(id) > 50 || grid2_->grid_data_[id].center_.norm() < 10.0)
      |                     [01;31m[K^~~~~~~~~~~~~~~~~~[m[K
[01m[K/home/zqh/phoenixZ/racer_explore/src/RACER/swarm_exploration/active_perception/src/hgrid.cpp:[m[K In member function ‘[01m[Kvoid fast_planner::HGrid::getConsistentGrid(const std::vector<int>&, const std::vector<int>&, std::vector<int>&, std::vector<int>&)[m[K’:
[01m[K/home/zqh/phoenixZ/racer_explore/src/RACER/swarm_exploration/active_perception/src/hgrid.cpp:175:23:[m[K [01;35m[Kwarning: [m[Kcomparison of integer expressions of different signedness: ‘[01m[Kint[m[K’ and ‘[01m[Kstd::vector<int>::size_type[m[K’ {aka ‘[01m[Klong unsigned int[m[K’} [[01;35m[K-Wsign-compare[m[K]
  175 |     for (int i = 1; [01;35m[Ki < last_ids.size()[m[K; ++i)
      |                     [01;35m[K~~^~~~~~~~~~~~~~~~~[m[K
[01m[K/home/zqh/phoenixZ/racer_explore/src/RACER/swarm_exploration/active_perception/src/hgrid.cpp:[m[K In member function ‘[01m[Kvoid fast_planner::HGrid::getActiveGrids(std::vector<int>&)[m[K’:
[01m[K/home/zqh/phoenixZ/racer_explore/src/RACER/swarm_exploration/active_perception/src/hgrid.cpp:497:23:[m[K [01;35m[Kwarning: [m[Kcomparison of integer expressions of different signedness: ‘[01m[Kint[m[K’ and ‘[01m[Kstd::vector<fast_planner::GridInfo>::size_type[m[K’ {aka ‘[01m[Klong unsigned int[m[K’} [[01;35m[K-Wsign-compare[m[K]
  497 |     for (int i = 0; [01;35m[Ki < grid3_->grid_data_.size()[m[K; ++i)
      |                     [01;35m[K~~^~~~~~~~~~~~~~~~~~~~~~~~~~~[m[K
[01m[K/home/zqh/phoenixZ/racer_explore/src/RACER/swarm_exploration/active_perception/src/hgrid.cpp:[m[K In member function ‘[01m[Kbool fast_planner::HGrid::getNextGrid(const std::vector<int>&, Eigen::Vector3d&, double&)[m[K’:
[01m[K/home/zqh/phoenixZ/racer_explore/src/RACER/swarm_exploration/active_perception/src/hgrid.cpp:517:23:[m[K [01;35m[Kwarning: [m[Kcomparison of integer expressions of different signedness: ‘[01m[Kint[m[K’ and ‘[01m[Kstd::vector<int>::size_type[m[K’ {aka ‘[01m[Klong unsigned int[m[K’} [[01;35m[K-Wsign-compare[m[K]
  517 |     for (int i = 1; [01;35m[Ki < grid_ids.size()[m[K; ++i)
      |                     [01;35m[K~~^~~~~~~~~~~~~~~~~[m[K
[01m[K/home/zqh/phoenixZ/racer_explore/src/RACER/swarm_exploration/active_perception/src/hgrid.cpp:[m[K In member function ‘[01m[Kvoid fast_planner::HGrid::getGridTour(const std::vector<int>&, const Vector3d&, std::vector<Eigen::Matrix<double, 3, 1> >&, std::vector<Eigen::Matrix<double, 3, 1> >&)[m[K’:
[01m[K/home/zqh/phoenixZ/racer_explore/src/RACER/swarm_exploration/active_perception/src/hgrid.cpp:651:23:[m[K [01;35m[Kwarning: [m[Kcomparison of integer expressions of different signedness: ‘[01m[Kint[m[K’ and ‘[01m[Kstd::vector<Eigen::Matrix<double, 3, 1> >::size_type[m[K’ {aka ‘[01m[Klong unsigned int[m[K’} [[01;35m[K-Wsign-compare[m[K]
  651 |     for (int i = 0; [01;35m[Ki < centers.size() - 1[m[K; ++i)
      |                     [01;35m[K~~^~~~~~~~~~~~~~~~~~~~[m[K
[01m[K/home/zqh/phoenixZ/racer_explore/src/RACER/swarm_exploration/active_perception/src/hgrid.cpp:[m[K In member function ‘[01m[Kvoid fast_planner::HGrid::getGridMarker2(std::vector<Eigen::Matrix<double, 3, 1> >&, std::vector<std::__cxx11::basic_string<char> >&)[m[K’:
[01m[K/home/zqh/phoenixZ/racer_explore/src/RACER/swarm_exploration/active_perception/src/hgrid.cpp:749:23:[m[K [01;35m[Kwarning: [m[Kcomparison of integer expressions of different signedness: ‘[01m[Kint[m[K’ and ‘[01m[Kstd::vector<fast_planner::GridInfo>::size_type[m[K’ {aka ‘[01m[Klong unsigned int[m[K’} [[01;35m[K-Wsign-compare[m[K]
  749 |     for (int i = 0; [01;35m[Ki < grid1_->grid_data_.size()[m[K; ++i)
      |                     [01;35m[K~~^~~~~~~~~~~~~~~~~~~~~~~~~~~[m[K
[01m[K/home/zqh/phoenixZ/racer_explore/src/RACER/swarm_exploration/active_perception/src/hgrid.cpp:758:23:[m[K [01;35m[Kwarning: [m[Kcomparison of integer expressions of different signedness: ‘[01m[Kint[m[K’ and ‘[01m[Kstd::vector<fast_planner::GridInfo>::size_type[m[K’ {aka ‘[01m[Klong unsigned int[m[K’} [[01;35m[K-Wsign-compare[m[K]
  758 |     for (int i = 0; [01;35m[Ki < grid2_->grid_data_.size()[m[K; ++i)
      |                     [01;35m[K~~^~~~~~~~~~~~~~~~~~~~~~~~~~~[m[K
[01m[K/home/zqh/phoenixZ/racer_explore/src/RACER/swarm_exploration/active_perception/src/hgrid.cpp:767:23:[m[K [01;35m[Kwarning: [m[Kcomparison of integer expressions of different signedness: ‘[01m[Kint[m[K’ and ‘[01m[Kstd::vector<fast_planner::GridInfo>::size_type[m[K’ {aka ‘[01m[Klong unsigned int[m[K’} [[01;35m[K-Wsign-compare[m[K]
  767 |     for (int i = 0; [01;35m[Ki < grid3_->grid_data_.size()[m[K; ++i)
      |                     [01;35m[K~~^~~~~~~~~~~~~~~~~~~~~~~~~~~[m[K
make[2]: *** [CMakeFiles/active_perception.dir/build.make:141: CMakeFiles/active_perception.dir/src/hgrid.cpp.o] Error 1
make[2]: *** Waiting for unfinished jobs....
[01m[K/home/zqh/phoenixZ/racer_explore/src/RACER/swarm_exploration/active_perception/src/uniform_grid.cpp:[m[K In member function ‘[01m[Kvoid fast_planner::UniformGrid::updateBaseCoor()[m[K’:
[01m[K/home/zqh/phoenixZ/racer_explore/src/RACER/swarm_exploration/active_perception/src/uniform_grid.cpp:111:23:[m[K [01;35m[Kwarning: [m[Kcomparison of integer expressions of different signedness: ‘[01m[Kint[m[K’ and ‘[01m[Kstd::vector<fast_planner::GridInfo>::size_type[m[K’ {aka ‘[01m[Klong unsigned int[m[K’} [[01;35m[K-Wsign-compare[m[K]
  111 |     for (int i = 0; [01;35m[Ki < grid_data_.size()[m[K; ++i)
      |                     [01;35m[K~~^~~~~~~~~~~~~~~~~~~[m[K
[01m[K/home/zqh/phoenixZ/racer_explore/src/RACER/swarm_exploration/active_perception/src/uniform_grid.cpp:139:27:[m[K [01;35m[Kwarning: [m[Kcomparison of integer expressions of different signedness: ‘[01m[Kint[m[K’ and ‘[01m[Kstd::vector<Eigen::Matrix<double, 3, 1> >::size_type[m[K’ {aka ‘[01m[Klong unsigned int[m[K’} [[01;35m[K-Wsign-compare[m[K]
  139 |         for (int j = 1; [01;35m[Kj < vertices.size()[m[K; ++j)
      |                         [01;35m[K~~^~~~~~~~~~~~~~~~~[m[K
[01m[K/home/zqh/phoenixZ/racer_explore/src/RACER/swarm_exploration/active_perception/src/uniform_grid.cpp:[m[K In member function ‘[01m[Kvoid fast_planner::UniformGrid::updateGridData(const int&, std::vector<int>&, std::vector<int>&, std::vector<int>&)[m[K’:
[01m[K/home/zqh/phoenixZ/racer_explore/src/RACER/swarm_exploration/active_perception/src/uniform_grid.cpp:190:23:[m[K [01;35m[Kwarning: [m[Kcomparison of integer expressions of different signedness: ‘[01m[Kint[m[K’ and ‘[01m[Kstd::vector<fast_planner::GridInfo>::size_type[m[K’ {aka ‘[01m[Klong unsigned int[m[K’} [[01;35m[K-Wsign-compare[m[K]
  190 |     for (int i = 0; [01;35m[Ki < grid_data_.size()[m[K; ++i)
      |                     [01;35m[K~~^~~~~~~~~~~~~~~~~~~[m[K
[01m[K/home/zqh/phoenixZ/racer_explore/src/RACER/swarm_exploration/active_perception/src/uniform_grid.cpp:197:27:[m[K [01;35m[Kwarning: [m[Kcomparison of integer expressions of different signedness: ‘[01m[Kint[m[K’ and ‘[01m[Kstd::vector<Eigen::Matrix<double, 3, 1> >::size_type[m[K’ {aka ‘[01m[Klong unsigned int[m[K’} [[01;35m[K-Wsign-compare[m[K]
  197 |         for (int j = 0; [01;35m[Kj < update_mins.size()[m[K; ++j)
      |                         [01;35m[K~~^~~~~~~~~~~~~~~~~~~~[m[K
[01m[K/home/zqh/phoenixZ/racer_explore/src/RACER/swarm_exploration/active_perception/src/uniform_grid.cpp:243:23:[m[K [01;35m[Kwarning: [m[Kcomparison of integer expressions of different signedness: ‘[01m[Kint[m[K’ and ‘[01m[Kstd::vector<fast_planner::GridInfo>::size_type[m[K’ {aka ‘[01m[Klong unsigned int[m[K’} [[01;35m[K-Wsign-compare[m[K]
  243 |     for (int i = 0; [01;35m[Ki < grid_data_.size()[m[K; ++i)
      |                     [01;35m[K~~^~~~~~~~~~~~~~~~~~~[m[K
[01m[K/home/zqh/phoenixZ/racer_explore/src/RACER/swarm_exploration/active_perception/src/uniform_grid.cpp:[m[K In member function ‘[01m[Kvoid fast_planner::UniformGrid::inputFrontiers(const std::vector<Eigen::Matrix<double, 3, 1> >&)[m[K’:
[01m[K/home/zqh/phoenixZ/racer_explore/src/RACER/swarm_exploration/active_perception/src/uniform_grid.cpp:401:23:[m[K [01;35m[Kwarning: [m[Kcomparison of integer expressions of different signedness: ‘[01m[Kint[m[K’ and ‘[01m[Kstd::vector<Eigen::Matrix<double, 3, 1> >::size_type[m[K’ {aka ‘[01m[Klong unsigned int[m[K’} [[01;35m[K-Wsign-compare[m[K]
  401 |     for (int i = 0; [01;35m[Ki < avgs.size()[m[K; ++i)
      |                     [01;35m[K~~^~~~~~~~~~~~~[m[K
[01m[K/home/zqh/phoenixZ/racer_explore/src/RACER/swarm_exploration/active_perception/src/uniform_grid.cpp:[m[K In member function ‘[01m[Kvoid fast_planner::UniformGrid::getGridTour(const std::vector<int>&, std::vector<Eigen::Matrix<double, 3, 1> >&)[m[K’:
[01m[K/home/zqh/phoenixZ/racer_explore/src/RACER/swarm_exploration/active_perception/src/uniform_grid.cpp:428:23:[m[K [01;35m[Kwarning: [m[Kcomparison of integer expressions of different signedness: ‘[01m[Kint[m[K’ and ‘[01m[Kstd::vector<int>::size_type[m[K’ {aka ‘[01m[Klong unsigned int[m[K’} [[01;35m[K-Wsign-compare[m[K]
  428 |     for (int i = 0; [01;35m[Ki < ids.size()[m[K; ++i)
      |                     [01;35m[K~~^~~~~~~~~~~~[m[K
[01m[K/home/zqh/phoenixZ/racer_explore/src/RACER/swarm_exploration/active_perception/src/uniform_grid.cpp:[m[K In member function ‘[01m[Kvoid fast_planner::UniformGrid::getGridMarker(std::vector<Eigen::Matrix<double, 3, 1> >&, std::vector<Eigen::Matrix<double, 3, 1> >&)[m[K’:
[01m[K/home/zqh/phoenixZ/racer_explore/src/RACER/swarm_exploration/active_perception/src/uniform_grid.cpp:450:23:[m[K [01;35m[Kwarning: [m[Kcomparison of integer expressions of different signedness: ‘[01m[Kint[m[K’ and ‘[01m[Kstd::vector<fast_planner::GridInfo>::size_type[m[K’ {aka ‘[01m[Klong unsigned int[m[K’} [[01;35m[K-Wsign-compare[m[K]
  450 |     for (int i = 0; [01;35m[Ki < grid_data_.size()[m[K; ++i)
      |                     [01;35m[K~~^~~~~~~~~~~~~~~~~~~[m[K
make[1]: *** [CMakeFiles/Makefile2:180: CMakeFiles/active_perception.dir/all] Error 2
make: *** [Makefile:141: all] Error 2
