[01m[K/root/jky/racer_explore/src/RACER/swarm_exploration/active_perception/src/frontier_finder.cpp:[m[K In member function ‘[01m[Kvoid fast_planner::FrontierFinder::searchFrontiers()[m[K’:
[01m[K/root/jky/racer_explore/src/RACER/swarm_exploration/active_perception/src/frontier_finder.cpp:67:39:[m[K [01;31m[Kerror: [m[Kcannot bind non-const lvalue reference of type ‘[01m[KEigen::Vector3d&[m[K’ {aka ‘[01m[KEigen::Matrix<double, 3, 1>&[m[K’} to an rvalue of type ‘[01m[KEigen::Vector3d[m[K’ {aka ‘[01m[KEigen::Matrix<double, 3, 1>[m[K’}
   67 |     edt_env_->sdf_map_->getUpdatedBox([01;31m[Kupdate_min[m[K, update_max, false); // 假设 getUpdatedBox 已适配 2D
      |                                       [01;31m[K^~~~~~~~~~[m[K
In file included from [01m[K/usr/include/eigen3/Eigen/Core:458[m[K,
                 from [01m[K/usr/include/eigen3/Eigen/Dense:1[m[K,
                 from [01m[K/usr/include/eigen3/Eigen/Eigen:1[m[K,
                 from [01m[K/root/jky/racer_explore/src/RACER/swarm_exploration/active_perception/include/active_perception/frontier_finder.h:5[m[K,
                 from [01m[K/root/jky/racer_explore/src/RACER/swarm_exploration/active_perception/src/frontier_finder.cpp:1[m[K:
[01m[K/usr/include/eigen3/Eigen/src/Core/Matrix.h:376:25:[m[K [01;36m[Knote: [m[K  after user-defined conversion: ‘[01m[KEigen::Matrix<_Scalar, _Rows, _Cols, _Options, _MaxRows, _MaxCols>::Matrix(const Eigen::EigenBase<OtherDerived>&) [with OtherDerived = Eigen::Matrix<double, 2, 1>; _Scalar = double; int _Rows = 3; int _Cols = 1; int _Options = 0; int _MaxRows = 3; int _MaxCols = 1][m[K’
  376 |     EIGEN_STRONG_INLINE [01;36m[KMatrix[m[K(const EigenBase<OtherDerived> &other)
      |                         [01;36m[K^~~~~~[m[K
In file included from [01m[K/root/jky/racer_explore/src/RACER/swarm_exploration/active_perception/src/frontier_finder.cpp:3[m[K:
[01m[K/root/jky/racer_explore/src/RACER/swarm_exploration/plan_env/include/plan_env/sdf_map.h:63:39:[m[K [01;36m[Knote: [m[K  initializing argument 1 of ‘[01m[Kvoid fast_planner::SDFMap::getUpdatedBox(Eigen::Vector3d&, Eigen::Vector3d&, bool)[m[K’
   63 |   void getUpdatedBox([01;36m[KEigen::Vector3d& bmin[m[K, Eigen::Vector3d& bmax, bool reset = false);
      |                      [01;36m[K~~~~~~~~~~~~~~~~~^~~~[m[K
[01m[K/root/jky/racer_explore/src/RACER/swarm_exploration/active_perception/src/frontier_finder.cpp:71:44:[m[K [01;31m[Kerror: [m[Kcannot convert ‘[01m[Kstd::vector<Eigen::Matrix<double, 2, 1> >[m[K’ to ‘[01m[Kstd::vector<Eigen::Matrix<double, 3, 1> >&[m[K’
   71 |     edt_env_->sdf_map_->mm_->getChunkBoxes([01;31m[Kchunk_mins[m[K, chunk_maxs, false); // 假设 getChunkBoxes 已适配 2D
      |                                            [01;31m[K^~~~~~~~~~[m[K
      |                                            [01;31m[K|[m[K
      |                                            [01;31m[Kstd::vector<Eigen::Matrix<double, 2, 1> >[m[K
In file included from [01m[K/root/jky/racer_explore/src/RACER/swarm_exploration/active_perception/src/frontier_finder.cpp:11[m[K:
[01m[K/root/jky/racer_explore/src/RACER/swarm_exploration/plan_env/include/plan_env/multi_map_manager.h:56:32:[m[K [01;36m[Knote: [m[K  initializing argument 1 of ‘[01m[Kvoid fast_planner::MultiMapManager::getChunkBoxes(std::vector<Eigen::Matrix<double, 3, 1> >&, std::vector<Eigen::Matrix<double, 3, 1> >&, bool)[m[K’
   56 |       [01;36m[Kvector<Eigen::Vector3d>& mins[m[K, vector<Eigen::Vector3d>& maxs, bool reset = true);
      |       [01;36m[K~~~~~~~~~~~~~~~~~~~~~~~~~^~~~[m[K
[01m[K/root/jky/racer_explore/src/RACER/swarm_exploration/active_perception/src/frontier_finder.cpp:[m[K In lambda function:
[01m[K/root/jky/racer_explore/src/RACER/swarm_exploration/active_perception/src/frontier_finder.cpp:85:50:[m[K [01;31m[Kerror: [m[Kcannot bind non-const lvalue reference of type ‘[01m[KEigen::Vector3i&[m[K’ {aka ‘[01m[KEigen::Matrix<int, 3, 1>&[m[K’} to an rvalue of type ‘[01m[KEigen::Vector3i[m[K’ {aka ‘[01m[KEigen::Matrix<int, 3, 1>[m[K’}
   85 |             edt_env_->sdf_map_->posToIndex(cell, [01;31m[Kidx[m[K); // 假设 posToIndex 已适配 2D
      |                                                  [01;31m[K^~~[m[K
In file included from [01m[K/usr/include/eigen3/Eigen/Core:458[m[K,
                 from [01m[K/usr/include/eigen3/Eigen/Dense:1[m[K,
                 from [01m[K/usr/include/eigen3/Eigen/Eigen:1[m[K,
                 from [01m[K/root/jky/racer_explore/src/RACER/swarm_exploration/active_perception/include/active_perception/frontier_finder.h:5[m[K,
                 from [01m[K/root/jky/racer_explore/src/RACER/swarm_exploration/active_perception/src/frontier_finder.cpp:1[m[K:
[01m[K/usr/include/eigen3/Eigen/src/Core/Matrix.h:376:25:[m[K [01;36m[Knote: [m[K  after user-defined conversion: ‘[01m[KEigen::Matrix<_Scalar, _Rows, _Cols, _Options, _MaxRows, _MaxCols>::Matrix(const Eigen::EigenBase<OtherDerived>&) [with OtherDerived = Eigen::Matrix<int, 2, 1>; _Scalar = int; int _Rows = 3; int _Cols = 1; int _Options = 0; int _MaxRows = 3; int _MaxCols = 1][m[K’
  376 |     EIGEN_STRONG_INLINE [01;36m[KMatrix[m[K(const EigenBase<OtherDerived> &other)
      |                         [01;36m[K^~~~~~[m[K
In file included from [01m[K/root/jky/racer_explore/src/RACER/swarm_exploration/active_perception/src/frontier_finder.cpp:3[m[K:
[01m[K/root/jky/racer_explore/src/RACER/swarm_exploration/plan_env/include/plan_env/sdf_map.h:149:77:[m[K [01;36m[Knote: [m[K  initializing argument 2 of ‘[01m[Kvoid fast_planner::SDFMap::posToIndex(const Vector3d&, Eigen::Vector3i&)[m[K’
  149 | inline void SDFMap::posToIndex(const Eigen::Vector3d& pos, [01;36m[KEigen::Vector3i& id[m[K) {
      |                                                            [01;36m[K~~~~~~~~~~~~~~~~~^~[m[K
[01m[K/root/jky/racer_explore/src/RACER/swarm_exploration/active_perception/src/frontier_finder.cpp:[m[K In member function ‘[01m[Kvoid fast_planner::FrontierFinder::searchFrontiers()[m[K’:
[01m[K/root/jky/racer_explore/src/RACER/swarm_exploration/active_perception/src/frontier_finder.cpp:96:60:[m[K [01;31m[Kerror: [m[Kcannot convert ‘[01m[Kstd::vector<Eigen::Matrix<double, 2, 1> >[m[K’ to ‘[01m[Kconst std::vector<Eigen::Matrix<double, 3, 1> >&[m[K’
   96 |         if (haveAnyOverlap(iter->box_min_, iter->box_max_, [01;31m[Kmins[m[K, maxs) && isFrontierChanged(*iter))
      |                                                            [01;31m[K^~~~[m[K
      |                                                            [01;31m[K|[m[K
      |                                                            [01;31m[Kstd::vector<Eigen::Matrix<double, 2, 1> >[m[K
In file included from [01m[K/root/jky/racer_explore/src/RACER/swarm_exploration/active_perception/src/frontier_finder.cpp:1[m[K:
[01m[K/root/jky/racer_explore/src/RACER/swarm_exploration/active_perception/include/active_perception/frontier_finder.h:97:91:[m[K [01;36m[Knote: [m[K  initializing argument 3 of ‘[01m[Kbool fast_planner::FrontierFinder::haveAnyOverlap(const Vector3d&, const Vector3d&, const std::vector<Eigen::Matrix<double, 3, 1> >&, const std::vector<Eigen::Matrix<double, 3, 1> >&)[m[K’
   97 |   bool haveAnyOverlap(const Vector3d& min1, const Vector3d& max1, [01;36m[Kconst vector<Vector3d>& mins[m[K,
      |                                                                   [01;36m[K~~~~~~~~~~~~~~~~~~~~~~~~^~~~[m[K
[01m[K/root/jky/racer_explore/src/RACER/swarm_exploration/active_perception/src/frontier_finder.cpp:109:60:[m[K [01;31m[Kerror: [m[Kcannot convert ‘[01m[Kstd::vector<Eigen::Matrix<double, 2, 1> >[m[K’ to ‘[01m[Kconst std::vector<Eigen::Matrix<double, 3, 1> >&[m[K’
  109 |         if (haveAnyOverlap(iter->box_min_, iter->box_max_, [01;31m[Kmins[m[K, maxs) && isFrontierChanged(*iter))
      |                                                            [01;31m[K^~~~[m[K
      |                                                            [01;31m[K|[m[K
      |                                                            [01;31m[Kstd::vector<Eigen::Matrix<double, 2, 1> >[m[K
In file included from [01m[K/root/jky/racer_explore/src/RACER/swarm_exploration/active_perception/src/frontier_finder.cpp:1[m[K:
[01m[K/root/jky/racer_explore/src/RACER/swarm_exploration/active_perception/include/active_perception/frontier_finder.h:97:91:[m[K [01;36m[Knote: [m[K  initializing argument 3 of ‘[01m[Kbool fast_planner::FrontierFinder::haveAnyOverlap(const Vector3d&, const Vector3d&, const std::vector<Eigen::Matrix<double, 3, 1> >&, const std::vector<Eigen::Matrix<double, 3, 1> >&)[m[K’
   97 |   bool haveAnyOverlap(const Vector3d& min1, const Vector3d& max1, [01;36m[Kconst vector<Vector3d>& mins[m[K,
      |                                                                   [01;36m[K~~~~~~~~~~~~~~~~~~~~~~~~^~~~[m[K
[01m[K/root/jky/racer_explore/src/RACER/swarm_exploration/active_perception/src/frontier_finder.cpp:117:32:[m[K [01;31m[Kerror: [m[Kcannot bind non-const lvalue reference of type ‘[01m[KEigen::Vector3d&[m[K’ {aka ‘[01m[KEigen::Matrix<double, 3, 1>&[m[K’} to an rvalue of type ‘[01m[KEigen::Vector3d[m[K’ {aka ‘[01m[KEigen::Matrix<double, 3, 1>[m[K’}
  117 |     edt_env_->sdf_map_->getBox([01;31m[Kbox_min[m[K, box_max); // 假设 getBox 已适配 2D
      |                                [01;31m[K^~~~~~~[m[K
In file included from [01m[K/usr/include/eigen3/Eigen/Core:458[m[K,
                 from [01m[K/usr/include/eigen3/Eigen/Dense:1[m[K,
                 from [01m[K/usr/include/eigen3/Eigen/Eigen:1[m[K,
                 from [01m[K/root/jky/racer_explore/src/RACER/swarm_exploration/active_perception/include/active_perception/frontier_finder.h:5[m[K,
                 from [01m[K/root/jky/racer_explore/src/RACER/swarm_exploration/active_perception/src/frontier_finder.cpp:1[m[K:
[01m[K/usr/include/eigen3/Eigen/src/Core/Matrix.h:376:25:[m[K [01;36m[Knote: [m[K  after user-defined conversion: ‘[01m[KEigen::Matrix<_Scalar, _Rows, _Cols, _Options, _MaxRows, _MaxCols>::Matrix(const Eigen::EigenBase<OtherDerived>&) [with OtherDerived = Eigen::Matrix<double, 2, 1>; _Scalar = double; int _Rows = 3; int _Cols = 1; int _Options = 0; int _MaxRows = 3; int _MaxCols = 1][m[K’
  376 |     EIGEN_STRONG_INLINE [01;36m[KMatrix[m[K(const EigenBase<OtherDerived> &other)
      |                         [01;36m[K^~~~~~[m[K
In file included from [01m[K/root/jky/racer_explore/src/RACER/swarm_exploration/active_perception/src/frontier_finder.cpp:3[m[K:
[01m[K/root/jky/racer_explore/src/RACER/swarm_exploration/plan_env/include/plan_env/sdf_map.h:62:32:[m[K [01;36m[Knote: [m[K  initializing argument 1 of ‘[01m[Kvoid fast_planner::SDFMap::getBox(Eigen::Vector3d&, Eigen::Vector3d&)[m[K’
   62 |   void getBox([01;36m[KEigen::Vector3d& bmin[m[K, Eigen::Vector3d& bmax);
      |               [01;36m[K~~~~~~~~~~~~~~~~~^~~~[m[K
[01m[K/root/jky/racer_explore/src/RACER/swarm_exploration/active_perception/src/frontier_finder.cpp:138:66:[m[K [01;31m[Kerror: [m[Kcannot bind non-const lvalue reference of type ‘[01m[KEigen::Vector3i&[m[K’ {aka ‘[01m[KEigen::Matrix<int, 3, 1>&[m[K’} to an rvalue of type ‘[01m[KEigen::Vector3i[m[K’ {aka ‘[01m[KEigen::Matrix<int, 3, 1>[m[K’}
  138 |         edt_env_->sdf_map_->posToIndex(search_mins[i], min_ids[i][01;31m[K)[m[K; // 假设 posToIndex 已适配 2D
      |                                                                  [01;31m[K^[m[K
In file included from [01m[K/usr/include/eigen3/Eigen/Core:458[m[K,
                 from [01m[K/usr/include/eigen3/Eigen/Dense:1[m[K,
                 from [01m[K/usr/include/eigen3/Eigen/Eigen:1[m[K,
                 from [01m[K/root/jky/racer_explore/src/RACER/swarm_exploration/active_perception/include/active_perception/frontier_finder.h:5[m[K,
                 from [01m[K/root/jky/racer_explore/src/RACER/swarm_exploration/active_perception/src/frontier_finder.cpp:1[m[K:
[01m[K/usr/include/eigen3/Eigen/src/Core/Matrix.h:376:25:[m[K [01;36m[Knote: [m[K  after user-defined conversion: ‘[01m[KEigen::Matrix<_Scalar, _Rows, _Cols, _Options, _MaxRows, _MaxCols>::Matrix(const Eigen::EigenBase<OtherDerived>&) [with OtherDerived = Eigen::Matrix<int, 2, 1>; _Scalar = int; int _Rows = 3; int _Cols = 1; int _Options = 0; int _MaxRows = 3; int _MaxCols = 1][m[K’
  376 |     EIGEN_STRONG_INLINE [01;36m[KMatrix[m[K(const EigenBase<OtherDerived> &other)
      |                         [01;36m[K^~~~~~[m[K
In file included from [01m[K/root/jky/racer_explore/src/RACER/swarm_exploration/active_perception/src/frontier_finder.cpp:3[m[K:
[01m[K/root/jky/racer_explore/src/RACER/swarm_exploration/plan_env/include/plan_env/sdf_map.h:149:77:[m[K [01;36m[Knote: [m[K  initializing argument 2 of ‘[01m[Kvoid fast_planner::SDFMap::posToIndex(const Vector3d&, Eigen::Vector3i&)[m[K’
  149 | inline void SDFMap::posToIndex(const Eigen::Vector3d& pos, [01;36m[KEigen::Vector3i& id[m[K) {
      |                                                            [01;36m[K~~~~~~~~~~~~~~~~~^~[m[K
[01m[K/root/jky/racer_explore/src/RACER/swarm_exploration/active_perception/src/frontier_finder.cpp:139:66:[m[K [01;31m[Kerror: [m[Kcannot bind non-const lvalue reference of type ‘[01m[KEigen::Vector3i&[m[K’ {aka ‘[01m[KEigen::Matrix<int, 3, 1>&[m[K’} to an rvalue of type ‘[01m[KEigen::Vector3i[m[K’ {aka ‘[01m[KEigen::Matrix<int, 3, 1>[m[K’}
  139 |         edt_env_->sdf_map_->posToIndex(search_maxs[i], max_ids[i][01;31m[K)[m[K;
      |                                                                  [01;31m[K^[m[K
In file included from [01m[K/usr/include/eigen3/Eigen/Core:458[m[K,
                 from [01m[K/usr/include/eigen3/Eigen/Dense:1[m[K,
                 from [01m[K/usr/include/eigen3/Eigen/Eigen:1[m[K,
                 from [01m[K/root/jky/racer_explore/src/RACER/swarm_exploration/active_perception/include/active_perception/frontier_finder.h:5[m[K,
                 from [01m[K/root/jky/racer_explore/src/RACER/swarm_exploration/active_perception/src/frontier_finder.cpp:1[m[K:
[01m[K/usr/include/eigen3/Eigen/src/Core/Matrix.h:376:25:[m[K [01;36m[Knote: [m[K  after user-defined conversion: ‘[01m[KEigen::Matrix<_Scalar, _Rows, _Cols, _Options, _MaxRows, _MaxCols>::Matrix(const Eigen::EigenBase<OtherDerived>&) [with OtherDerived = Eigen::Matrix<int, 2, 1>; _Scalar = int; int _Rows = 3; int _Cols = 1; int _Options = 0; int _MaxRows = 3; int _MaxCols = 1][m[K’
  376 |     EIGEN_STRONG_INLINE [01;36m[KMatrix[m[K(const EigenBase<OtherDerived> &other)
      |                         [01;36m[K^~~~~~[m[K
In file included from [01m[K/root/jky/racer_explore/src/RACER/swarm_exploration/active_perception/src/frontier_finder.cpp:3[m[K:
[01m[K/root/jky/racer_explore/src/RACER/swarm_exploration/plan_env/include/plan_env/sdf_map.h:149:77:[m[K [01;36m[Knote: [m[K  initializing argument 2 of ‘[01m[Kvoid fast_planner::SDFMap::posToIndex(const Vector3d&, Eigen::Vector3i&)[m[K’
  149 | inline void SDFMap::posToIndex(const Eigen::Vector3d& pos, [01;36m[KEigen::Vector3i& id[m[K) {
      |                                                            [01;36m[K~~~~~~~~~~~~~~~~~^~[m[K
[01m[K/root/jky/racer_explore/src/RACER/swarm_exploration/active_perception/src/frontier_finder.cpp:[m[K In member function ‘[01m[Kvoid fast_planner::FrontierFinder::expandFrontier(const Vector3i&)[m[K’:
[01m[K/root/jky/racer_explore/src/RACER/swarm_exploration/active_perception/src/frontier_finder.cpp:200:25:[m[K [01;35m[Kwarning: [m[Kcomparison of integer expressions of different signedness: ‘[01m[Kstd::vector<Eigen::Matrix<double, 3, 1> >::size_type[m[K’ {aka ‘[01m[Klong unsigned int[m[K’} and ‘[01m[Kint[m[K’ [[01;35m[K-Wsign-compare[m[K]
  200 |     if ([01;35m[Kexpanded.size() > cluster_min_[m[K)
      |         [01;35m[K~~~~~~~~~~~~~~~~^~~~~~~~~~~~~~[m[K
[01m[K/root/jky/racer_explore/src/RACER/swarm_exploration/active_perception/src/frontier_finder.cpp:[m[K In member function ‘[01m[Kvoid fast_planner::FrontierFinder::updateFrontierCostMatrix()[m[K’:
[01m[K/root/jky/racer_explore/src/RACER/swarm_exploration/active_perception/src/frontier_finder.cpp:342:31:[m[K [01;35m[Kwarning: [m[Kcomparison of integer expressions of different signedness: ‘[01m[Kint[m[K’ and ‘[01m[Kstd::vector<int>::size_type[m[K’ {aka ‘[01m[Klong unsigned int[m[K’} [[01;35m[K-Wsign-compare[m[K]
  342 |             for (int i = 0; [01;35m[Ki < removed_ids_.size()[m[K; ++i)
      |                             [01;35m[K~~^~~~~~~~~~~~~~~~~~~~~[m[K
[01m[K/root/jky/racer_explore/src/RACER/swarm_exploration/active_perception/src/frontier_finder.cpp:[m[K In member function ‘[01m[Kbool fast_planner::FrontierFinder::haveAnyOverlap(const Vector3d&, const Vector3d&, const std::vector<Eigen::Matrix<double, 3, 1> >&, const std::vector<Eigen::Matrix<double, 3, 1> >&)[m[K’:
[01m[K/root/jky/racer_explore/src/RACER/swarm_exploration/active_perception/src/frontier_finder.cpp:454:23:[m[K [01;35m[Kwarning: [m[Kcomparison of integer expressions of different signedness: ‘[01m[Kint[m[K’ and ‘[01m[Kstd::vector<Eigen::Matrix<double, 3, 1> >::size_type[m[K’ {aka ‘[01m[Klong unsigned int[m[K’} [[01;35m[K-Wsign-compare[m[K]
  454 |     for (int i = 0; [01;35m[Ki < mins.size()[m[K; ++i)
      |                     [01;35m[K~~^~~~~~~~~~~~~[m[K
[01m[K/root/jky/racer_explore/src/RACER/swarm_exploration/active_perception/src/frontier_finder.cpp:[m[K In member function ‘[01m[Kvoid fast_planner::FrontierFinder::getViewpointsInfo(const Vector3d&, const std::vector<int>&, const int&, const double&, std::vector<std::vector<Eigen::Matrix<double, 3, 1> > >&, std::vector<std::vector<double> >&)[m[K’:
[01m[K/root/jky/racer_explore/src/RACER/swarm_exploration/active_perception/src/frontier_finder.cpp:594:36:[m[K [01;35m[Kwarning: [m[Kcomparison of integer expressions of different signedness: ‘[01m[Kstd::vector<Eigen::Matrix<double, 3, 1> >::size_type[m[K’ {aka ‘[01m[Klong unsigned int[m[K’} and ‘[01m[Kconst int[m[K’ [[01;35m[K-Wsign-compare[m[K]
  594 |                     if ([01;35m[Kpts.size() >= view_num[m[K || view.visib_num_ <= visib_thresh)
      |                         [01;35m[K~~~~~~~~~~~^~~~~~~~~~~[m[K
[01m[K/root/jky/racer_explore/src/RACER/swarm_exploration/active_perception/src/frontier_finder.cpp:606:40:[m[K [01;35m[Kwarning: [m[Kcomparison of integer expressions of different signedness: ‘[01m[Kstd::vector<Eigen::Matrix<double, 3, 1> >::size_type[m[K’ {aka ‘[01m[Klong unsigned int[m[K’} and ‘[01m[Kconst int[m[K’ [[01;35m[K-Wsign-compare[m[K]
  606 |                         if ([01;35m[Kpts.size() >= view_num[m[K || view.visib_num_ <= visib_thresh)
      |                             [01;35m[K~~~~~~~~~~~^~~~~~~~~~~[m[K
[01m[K/root/jky/racer_explore/src/RACER/swarm_exploration/active_perception/src/frontier_finder.cpp:[m[K In member function ‘[01m[Kvoid fast_planner::FrontierFinder::getPathForTour(const Vector3d&, const std::vector<int>&, std::vector<Eigen::Matrix<double, 3, 1> >&)[m[K’:
[01m[K/root/jky/racer_explore/src/RACER/swarm_exploration/active_perception/src/frontier_finder.cpp:661:23:[m[K [01;35m[Kwarning: [m[Kcomparison of integer expressions of different signedness: ‘[01m[Kint[m[K’ and ‘[01m[Kstd::vector<int>::size_type[m[K’ {aka ‘[01m[Klong unsigned int[m[K’} [[01;35m[K-Wsign-compare[m[K]
  661 |     for (int i = 0; [01;35m[Ki < frontier_ids.size() - 1[m[K; ++i)
      |                     [01;35m[K~~^~~~~~~~~~~~~~~~~~~~~~~~~[m[K
[01m[K/root/jky/racer_explore/src/RACER/swarm_exploration/active_perception/src/frontier_finder.cpp:[m[K In member function ‘[01m[Kint fast_planner::FrontierFinder::addFrontiers(const std::vector<std::pair<Eigen::Matrix<double, 3, 1>, double> >&)[m[K’:
[01m[K/root/jky/racer_explore/src/RACER/swarm_exploration/active_perception/src/frontier_finder.cpp:948:1:[m[K [01;35m[Kwarning: [m[Kno return statement in function returning non-void [[01;35m[K-Wreturn-type[m[K]
  948 | [01;35m[K}[m[K
      | [01;35m[K^[m[K
[01m[K/root/jky/racer_explore/src/RACER/swarm_exploration/active_perception/src/frontier_finder.cpp:[m[K In member function ‘[01m[Kvoid fast_planner::FrontierFinder::findViewpoints(const Vector3d&, const Vector3d&, std::vector<fast_planner::Viewpoint>&)[m[K’:
[01m[K/root/jky/racer_explore/src/RACER/swarm_exploration/active_perception/src/frontier_finder.cpp:955:12:[m[K [01;35m[Kwarning: [m[Kunused variable ‘[01m[Kleft_angle_[m[K’ [[01;35m[K-Wunused-variable[m[K]
  955 |     double [01;35m[Kleft_angle_[m[K, right_angle_, vertical_angle_, ray_length_;
      |            [01;35m[K^~~~~~~~~~~[m[K
[01m[K/root/jky/racer_explore/src/RACER/swarm_exploration/active_perception/src/frontier_finder.cpp:[m[K In member function ‘[01m[Kvoid fast_planner::FrontierFinder::sampleViewpoints(fast_planner::Frontier&)[m[K’:
[01m[K/root/jky/racer_explore/src/RACER/swarm_exploration/active_perception/src/frontier_finder.cpp:1045:31:[m[K [01;35m[Kwarning: [m[Kcomparison of integer expressions of different signedness: ‘[01m[Kint[m[K’ and ‘[01m[Kstd::vector<Eigen::Matrix<double, 3, 1> >::size_type[m[K’ {aka ‘[01m[Klong unsigned int[m[K’} [[01;35m[K-Wsign-compare[m[K]
 1045 |             for (int i = 1; [01;35m[Ki < cells.size()[m[K; ++i)
      |                             [01;35m[K~~^~~~~~~~~~~~~~[m[K
[01m[K/root/jky/racer_explore/src/RACER/swarm_exploration/active_perception/src/frontier_finder.cpp:[m[K In member function ‘[01m[KEigen::Vector3i fast_planner::FrontierFinder::searchClearVoxel(const Vector3i&)[m[K’:
[01m[K/root/jky/racer_explore/src/RACER/swarm_exploration/active_perception/src/frontier_finder.cpp:1205:17:[m[K [01;35m[Kwarning: [m[Kunused variable ‘[01m[Kadr[m[K’ [[01;35m[K-Wunused-variable[m[K]
 1205 |             int [01;35m[Kadr[m[K = toadr(nbr);
      |                 [01;35m[K^~~[m[K
In file included from [01m[K/usr/include/eigen3/Eigen/Core:366[m[K,
                 from [01m[K/usr/include/eigen3/Eigen/Dense:1[m[K,
                 from [01m[K/usr/include/eigen3/Eigen/Eigen:1[m[K,
                 from [01m[K/root/jky/racer_explore/src/RACER/swarm_exploration/active_perception/include/active_perception/frontier_finder.h:5[m[K,
                 from [01m[K/root/jky/racer_explore/src/RACER/swarm_exploration/active_perception/src/frontier_finder.cpp:1[m[K:
/usr/include/eigen3/Eigen/src/Core/AssignEvaluator.h: In instantiation of ‘[01m[Kvoid Eigen::internal::call_assignment_no_alias(Dst&, const Src&, const Func&) [with Dst = Eigen::Matrix<double, 3, 1>; Src = Eigen::Matrix<double, 2, 1>; Func = Eigen::internal::assign_op<double, double>][m[K’:
[01m[K/usr/include/eigen3/Eigen/src/Core/PlainObjectBase.h:732:41:[m[K   required from ‘[01m[KDerived& Eigen::PlainObjectBase<Derived>::_set_noalias(const Eigen::DenseBase<OtherDerived>&) [with OtherDerived = Eigen::Matrix<double, 2, 1>; Derived = Eigen::Matrix<double, 3, 1>][m[K’
[01m[K/usr/include/eigen3/Eigen/src/Core/PlainObjectBase.h:537:7:[m[K   required from ‘[01m[KEigen::PlainObjectBase<Derived>::PlainObjectBase(const Eigen::DenseBase<OtherDerived>&) [with OtherDerived = Eigen::Matrix<double, 2, 1>; Derived = Eigen::Matrix<double, 3, 1>][m[K’
[01m[K/usr/include/eigen3/Eigen/src/Core/Matrix.h:377:29:[m[K   required from ‘[01m[KEigen::Matrix<_Scalar, _Rows, _Cols, _Options, _MaxRows, _MaxCols>::Matrix(const Eigen::EigenBase<OtherDerived>&) [with OtherDerived = Eigen::Matrix<double, 2, 1>; _Scalar = double; int _Rows = 3; int _Cols = 1; int _Options = 0; int _MaxRows = 3; int _MaxCols = 1][m[K’
[01m[K/root/jky/racer_explore/src/RACER/swarm_exploration/active_perception/src/frontier_finder.cpp:67:68:[m[K   required from here
[01m[K/usr/include/eigen3/Eigen/src/Core/AssignEvaluator.h:833:3:[m[K [01;31m[Kerror: [m[Kstatic assertion failed: YOU_MIXED_MATRICES_OF_DIFFERENT_SIZES
  833 |   [01;31m[KEIGEN_STATIC_ASSERT_SAME_MATRIX_SIZE[m[K(ActualDstTypeCleaned,Src)
      |   [01;31m[K^~~~~~~~~~~~~~~~~~~~~~~~~~~~~~~~~~~~[m[K
/usr/include/eigen3/Eigen/src/Core/AssignEvaluator.h: In instantiation of ‘[01m[Kvoid Eigen::internal::call_assignment_no_alias(Dst&, const Src&, const Func&) [with Dst = Eigen::Matrix<int, 3, 1>; Src = Eigen::Matrix<int, 2, 1>; Func = Eigen::internal::assign_op<int, int>][m[K’:
[01m[K/usr/include/eigen3/Eigen/src/Core/PlainObjectBase.h:732:41:[m[K   required from ‘[01m[KDerived& Eigen::PlainObjectBase<Derived>::_set_noalias(const Eigen::DenseBase<OtherDerived>&) [with OtherDerived = Eigen::Matrix<int, 2, 1>; Derived = Eigen::Matrix<int, 3, 1>][m[K’
[01m[K/usr/include/eigen3/Eigen/src/Core/PlainObjectBase.h:537:7:[m[K   required from ‘[01m[KEigen::PlainObjectBase<Derived>::PlainObjectBase(const Eigen::DenseBase<OtherDerived>&) [with OtherDerived = Eigen::Matrix<int, 2, 1>; Derived = Eigen::Matrix<int, 3, 1>][m[K’
[01m[K/usr/include/eigen3/Eigen/src/Core/Matrix.h:377:29:[m[K   required from ‘[01m[KEigen::Matrix<_Scalar, _Rows, _Cols, _Options, _MaxRows, _MaxCols>::Matrix(const Eigen::EigenBase<OtherDerived>&) [with OtherDerived = Eigen::Matrix<int, 2, 1>; _Scalar = int; int _Rows = 3; int _Cols = 1; int _Options = 0; int _MaxRows = 3; int _MaxCols = 1][m[K’
[01m[K/root/jky/racer_explore/src/RACER/swarm_exploration/active_perception/src/frontier_finder.cpp:85:53:[m[K   required from here
[01m[K/usr/include/eigen3/Eigen/src/Core/AssignEvaluator.h:833:3:[m[K [01;31m[Kerror: [m[Kstatic assertion failed: YOU_MIXED_MATRICES_OF_DIFFERENT_SIZES
make[2]: *** [CMakeFiles/active_perception.dir/build.make:89: CMakeFiles/active_perception.dir/src/frontier_finder.cpp.o] Error 1
make[1]: *** [CMakeFiles/Makefile2:180: CMakeFiles/active_perception.dir/all] Error 2
make: *** [Makefile:141: all] Error 2
