[01m[K/root/jky/racer_explore/src/RACER/swarm_exploration/active_perception/src/graph_node.cpp:[m[K In static member function ‘[01m[Kstatic double fast_planner::ViewNode::searchPath(const Vector3d&, const Vector3d&, std::vector<Eigen::Matrix<double, 3, 1> >&)[m[K’:
[01m[K/root/jky/racer_explore/src/RACER/swarm_exploration/active_perception/src/graph_node.cpp:57:23:[m[K [01;35m[Kwarning: [m[Kcomparison of integer expressions of different signedness: ‘[01m[Kint[m[K’ and ‘[01m[Kstd::vector<double>::size_type[m[K’ {aka ‘[01m[Klong unsigned int[m[K’} [[01;35m[K-Wsign-compare[m[K]
   57 |     for (int k = 0; [01;35m[Kk < res.size()[m[K; ++k)
      |                     [01;35m[K~~^~~~~~~~~~~~[m[K
[01m[K/root/jky/racer_explore/src/RACER/swarm_exploration/active_perception/src/graph_node.cpp:63:36:[m[K [01;31m[Kerror: [m[Kno match for ‘[01m[Koperator=[m[K’ (operand types are ‘[01m[Kstd::vector<Eigen::Matrix<double, 3, 1> >[m[K’ and ‘[01m[Kstd::vector<Eigen::Matrix<double, 2, 1> >[m[K’)
   63 |             path = astar_->getPath([01;31m[K)[m[K;
      |                                    [01;31m[K^[m[K
In file included from [01m[K/usr/include/c++/9/vector:72[m[K,
                 from [01m[K/root/jky/racer_explore/src/RACER/swarm_exploration/active_perception/include/active_perception/graph_node.h:3[m[K,
                 from [01m[K/root/jky/racer_explore/src/RACER/swarm_exploration/active_perception/src/graph_node.cpp:1[m[K:
[01m[K/usr/include/c++/9/bits/vector.tcc:198:5:[m[K [01;36m[Knote: [m[Kcandidate: ‘[01m[Kstd::vector<_Tp, _Alloc>& std::vector<_Tp, _Alloc>::operator=(const std::vector<_Tp, _Alloc>&) [with _Tp = Eigen::Matrix<double, 3, 1>; _Alloc = std::allocator<Eigen::Matrix<double, 3, 1> >][m[K’
  198 |     [01;36m[Kvector<_Tp, _Alloc>[m[K::
      |     [01;36m[K^~~~~~~~~~~~~~~~~~~[m[K
[01m[K/usr/include/c++/9/bits/vector.tcc:199:42:[m[K [01;36m[Knote: [m[K  no known conversion for argument 1 from ‘[01m[Kstd::vector<Eigen::Matrix<double, 2, 1> >[m[K’ to ‘[01m[Kconst std::vector<Eigen::Matrix<double, 3, 1> >&[m[K’
  199 |     operator=([01;36m[Kconst vector<_Tp, _Alloc>& __x[m[K)
      |               [01;36m[K~~~~~~~~~~~~~~~~~~~~~~~~~~~^~~[m[K
In file included from [01m[K/usr/include/c++/9/vector:67[m[K,
                 from [01m[K/root/jky/racer_explore/src/RACER/swarm_exploration/active_perception/include/active_perception/graph_node.h:3[m[K,
                 from [01m[K/root/jky/racer_explore/src/RACER/swarm_exploration/active_perception/src/graph_node.cpp:1[m[K:
[01m[K/usr/include/c++/9/bits/stl_vector.h:706:7:[m[K [01;36m[Knote: [m[Kcandidate: ‘[01m[Kstd::vector<_Tp, _Alloc>& std::vector<_Tp, _Alloc>::operator=(std::vector<_Tp, _Alloc>&&) [with _Tp = Eigen::Matrix<double, 3, 1>; _Alloc = std::allocator<Eigen::Matrix<double, 3, 1> >][m[K’
  706 |       [01;36m[Koperator[m[K=(vector&& __x) noexcept(_Alloc_traits::_S_nothrow_move())
      |       [01;36m[K^~~~~~~~[m[K
[01m[K/usr/include/c++/9/bits/stl_vector.h:706:26:[m[K [01;36m[Knote: [m[K  no known conversion for argument 1 from ‘[01m[Kstd::vector<Eigen::Matrix<double, 2, 1> >[m[K’ to ‘[01m[Kstd::vector<Eigen::Matrix<double, 3, 1> >&&[m[K’
  706 |       operator=([01;36m[Kvector&& __x[m[K) noexcept(_Alloc_traits::_S_nothrow_move())
      |                 [01;36m[K~~~~~~~~~^~~[m[K
[01m[K/usr/include/c++/9/bits/stl_vector.h:727:7:[m[K [01;36m[Knote: [m[Kcandidate: ‘[01m[Kstd::vector<_Tp, _Alloc>& std::vector<_Tp, _Alloc>::operator=(std::initializer_list<_Tp>) [with _Tp = Eigen::Matrix<double, 3, 1>; _Alloc = std::allocator<Eigen::Matrix<double, 3, 1> >][m[K’
  727 |       [01;36m[Koperator[m[K=(initializer_list<value_type> __l)
      |       [01;36m[K^~~~~~~~[m[K
[01m[K/usr/include/c++/9/bits/stl_vector.h:727:46:[m[K [01;36m[Knote: [m[K  no known conversion for argument 1 from ‘[01m[Kstd::vector<Eigen::Matrix<double, 2, 1> >[m[K’ to ‘[01m[Kstd::initializer_list<Eigen::Matrix<double, 3, 1> >[m[K’
  727 |       operator=([01;36m[Kinitializer_list<value_type> __l[m[K)
      |                 [01;36m[K~~~~~~~~~~~~~~~~~~~~~~~~~~~~~^~~[m[K
[01m[K/root/jky/racer_explore/src/RACER/swarm_exploration/active_perception/src/graph_node.cpp:64:39:[m[K [01;31m[Kerror: [m[Kcannot convert ‘[01m[Kstd::vector<Eigen::Matrix<double, 3, 1> >[m[K’ to ‘[01m[Kconst std::vector<Eigen::Matrix<double, 2, 1> >&[m[K’
   64 |             return astar_->pathLength([01;31m[Kpath[m[K);
      |                                       [01;31m[K^~~~[m[K
      |                                       [01;31m[K|[m[K
      |                                       [01;31m[Kstd::vector<Eigen::Matrix<double, 3, 1> >[m[K
In file included from [01m[K/root/jky/racer_explore/src/RACER/swarm_exploration/active_perception/src/graph_node.cpp:2[m[K:
[01m[K/root/jky/racer_explore/src/RACER/swarm_exploration/path_searching/include/path_searching/astar2.h:48:64:[m[K [01;36m[Knote: [m[K  initializing argument 1 of ‘[01m[Kstatic double fast_planner::Astar::pathLength(const std::vector<Eigen::Matrix<double, 2, 1> >&)[m[K’
   48 |   static double pathLength([01;36m[Kconst std::vector<Eigen::Vector2d>& path[m[K);
      |                            [01;36m[K~~~~~~~~~~~~~~~~~~~~~~~~~~~~~~~~~~~~^~~~[m[K
[01m[K/root/jky/racer_explore/src/RACER/swarm_exploration/active_perception/src/hgrid.cpp:[m[K In member function ‘[01m[Kvoid fast_planner::HGrid::getConsistentGrid(const std::vector<int>&, const std::vector<int>&, std::vector<int>&, std::vector<int>&)[m[K’:
[01m[K/root/jky/racer_explore/src/RACER/swarm_exploration/active_perception/src/hgrid.cpp:188:23:[m[K [01;35m[Kwarning: [m[Kcomparison of integer expressions of different signedness: ‘[01m[Kint[m[K’ and ‘[01m[Kstd::vector<int>::size_type[m[K’ {aka ‘[01m[Klong unsigned int[m[K’} [[01;35m[K-Wsign-compare[m[K]
  188 |     for (int i = 1; [01;35m[Ki < last_ids.size()[m[K; ++i)
      |                     [01;35m[K~~^~~~~~~~~~~~~~~~~[m[K
[01m[K/root/jky/racer_explore/src/RACER/swarm_exploration/active_perception/src/hgrid.cpp:[m[K In member function ‘[01m[Kvoid fast_planner::HGrid::getActiveGrids(std::vector<int>&)[m[K’:
[01m[K/root/jky/racer_explore/src/RACER/swarm_exploration/active_perception/src/hgrid.cpp:535:23:[m[K [01;35m[Kwarning: [m[Kcomparison of integer expressions of different signedness: ‘[01m[Kint[m[K’ and ‘[01m[Kstd::vector<fast_planner::GridInfo>::size_type[m[K’ {aka ‘[01m[Klong unsigned int[m[K’} [[01;35m[K-Wsign-compare[m[K]
  535 |     for (int i = 0; [01;35m[Ki < grid2_->grid_data_.size()[m[K; ++i)
      |                     [01;35m[K~~^~~~~~~~~~~~~~~~~~~~~~~~~~~[m[K
[01m[K/root/jky/racer_explore/src/RACER/swarm_exploration/active_perception/src/hgrid.cpp:[m[K In member function ‘[01m[Kbool fast_planner::HGrid::getNextGrid(const std::vector<int>&, Eigen::Vector3d&, double&)[m[K’:
[01m[K/root/jky/racer_explore/src/RACER/swarm_exploration/active_perception/src/hgrid.cpp:561:23:[m[K [01;35m[Kwarning: [m[Kcomparison of integer expressions of different signedness: ‘[01m[Kint[m[K’ and ‘[01m[Kstd::vector<int>::size_type[m[K’ {aka ‘[01m[Klong unsigned int[m[K’} [[01;35m[K-Wsign-compare[m[K]
  561 |     for (int i = 1; [01;35m[Ki < grid_ids.size()[m[K; ++i)
      |                     [01;35m[K~~^~~~~~~~~~~~~~~~~[m[K
[01m[K/root/jky/racer_explore/src/RACER/swarm_exploration/active_perception/src/hgrid.cpp:[m[K In member function ‘[01m[Kvoid fast_planner::HGrid::getGridTour(const std::vector<int>&, const Vector3d&, std::vector<Eigen::Matrix<double, 3, 1> >&, std::vector<Eigen::Matrix<double, 3, 1> >&)[m[K’:
[01m[K/root/jky/racer_explore/src/RACER/swarm_exploration/active_perception/src/hgrid.cpp:695:23:[m[K [01;35m[Kwarning: [m[Kcomparison of integer expressions of different signedness: ‘[01m[Kint[m[K’ and ‘[01m[Kstd::vector<Eigen::Matrix<double, 3, 1> >::size_type[m[K’ {aka ‘[01m[Klong unsigned int[m[K’} [[01;35m[K-Wsign-compare[m[K]
  695 |     for (int i = 0; [01;35m[Ki < centers.size() - 1[m[K; ++i)
      |                     [01;35m[K~~^~~~~~~~~~~~~~~~~~~~[m[K
[01m[K/root/jky/racer_explore/src/RACER/swarm_exploration/active_perception/src/hgrid.cpp:[m[K In member function ‘[01m[Kvoid fast_planner::HGrid::getGridMarker2(std::vector<Eigen::Matrix<double, 3, 1> >&, std::vector<std::__cxx11::basic_string<char> >&)[m[K’:
[01m[K/root/jky/racer_explore/src/RACER/swarm_exploration/active_perception/src/hgrid.cpp:799:23:[m[K [01;35m[Kwarning: [m[Kcomparison of integer expressions of different signedness: ‘[01m[Kint[m[K’ and ‘[01m[Kstd::vector<fast_planner::GridInfo>::size_type[m[K’ {aka ‘[01m[Klong unsigned int[m[K’} [[01;35m[K-Wsign-compare[m[K]
  799 |     for (int i = 0; [01;35m[Ki < grid1_->grid_data_.size()[m[K; ++i)
      |                     [01;35m[K~~^~~~~~~~~~~~~~~~~~~~~~~~~~~[m[K
[01m[K/root/jky/racer_explore/src/RACER/swarm_exploration/active_perception/src/hgrid.cpp:808:23:[m[K [01;35m[Kwarning: [m[Kcomparison of integer expressions of different signedness: ‘[01m[Kint[m[K’ and ‘[01m[Kstd::vector<fast_planner::GridInfo>::size_type[m[K’ {aka ‘[01m[Klong unsigned int[m[K’} [[01;35m[K-Wsign-compare[m[K]
  808 |     for (int i = 0; [01;35m[Ki < grid2_->grid_data_.size()[m[K; ++i)
      |                     [01;35m[K~~^~~~~~~~~~~~~~~~~~~~~~~~~~~[m[K
In file included from [01m[K/usr/include/eigen3/Eigen/Core:366[m[K,
                 from [01m[K/usr/include/eigen3/Eigen/Dense:1[m[K,
                 from [01m[K/usr/include/eigen3/Eigen/Eigen:1[m[K,
                 from [01m[K/root/jky/racer_explore/src/RACER/swarm_exploration/active_perception/include/active_perception/graph_node.h:11[m[K,
                 from [01m[K/root/jky/racer_explore/src/RACER/swarm_exploration/active_perception/src/graph_node.cpp:1[m[K:
/usr/include/eigen3/Eigen/src/Core/AssignEvaluator.h: In instantiation of ‘[01m[Kvoid Eigen::internal::call_assignment_no_alias(Dst&, const Src&, const Func&) [with Dst = Eigen::Matrix<double, 2, 1>; Src = Eigen::Matrix<double, 3, 1>; Func = Eigen::internal::assign_op<double, double>][m[K’:
[01m[K/usr/include/eigen3/Eigen/src/Core/PlainObjectBase.h:732:41:[m[K   required from ‘[01m[KDerived& Eigen::PlainObjectBase<Derived>::_set_noalias(const Eigen::DenseBase<OtherDerived>&) [with OtherDerived = Eigen::Matrix<double, 3, 1>; Derived = Eigen::Matrix<double, 2, 1>][m[K’
[01m[K/usr/include/eigen3/Eigen/src/Core/PlainObjectBase.h:537:7:[m[K   required from ‘[01m[KEigen::PlainObjectBase<Derived>::PlainObjectBase(const Eigen::DenseBase<OtherDerived>&) [with OtherDerived = Eigen::Matrix<double, 3, 1>; Derived = Eigen::Matrix<double, 2, 1>][m[K’
[01m[K/usr/include/eigen3/Eigen/src/Core/Matrix.h:377:29:[m[K   required from ‘[01m[KEigen::Matrix<_Scalar, _Rows, _Cols, _Options, _MaxRows, _MaxCols>::Matrix(const Eigen::EigenBase<OtherDerived>&) [with OtherDerived = Eigen::Matrix<double, 3, 1>; _Scalar = double; int _Rows = 2; int _Cols = 1; int _Options = 0; int _MaxRows = 2; int _MaxCols = 1][m[K’
[01m[K/root/jky/racer_explore/src/RACER/swarm_exploration/active_perception/src/graph_node.cpp:61:34:[m[K   required from here
[01m[K/usr/include/eigen3/Eigen/src/Core/AssignEvaluator.h:833:3:[m[K [01;31m[Kerror: [m[Kstatic assertion failed: YOU_MIXED_MATRICES_OF_DIFFERENT_SIZES
  833 |   [01;31m[KEIGEN_STATIC_ASSERT_SAME_MATRIX_SIZE[m[K(ActualDstTypeCleaned,Src)
      |   [01;31m[K^~~~~~~~~~~~~~~~~~~~~~~~~~~~~~~~~~~~[m[K
In file included from [01m[K/usr/include/eigen3/Eigen/Core:366[m[K,
                 from [01m[K/usr/include/eigen3/Eigen/Dense:1[m[K,
                 from [01m[K/usr/include/eigen3/Eigen/Eigen:1[m[K,
                 from [01m[K/root/jky/racer_explore/src/RACER/swarm_exploration/active_perception/include/active_perception/graph_node.h:11[m[K,
                 from [01m[K/root/jky/racer_explore/src/RACER/swarm_exploration/active_perception/src/hgrid.cpp:1[m[K:
/usr/include/eigen3/Eigen/src/Core/AssignEvaluator.h: In instantiation of ‘[01m[Kvoid Eigen::internal::call_assignment_no_alias(Dst&, const Src&, const Func&) [with Dst = Eigen::Matrix<double, 2, 1>; Src = Eigen::Matrix<double, 3, 1>; Func = Eigen::internal::assign_op<double, double>][m[K’:
[01m[K/usr/include/eigen3/Eigen/src/Core/PlainObjectBase.h:732:41:[m[K   required from ‘[01m[KDerived& Eigen::PlainObjectBase<Derived>::_set_noalias(const Eigen::DenseBase<OtherDerived>&) [with OtherDerived = Eigen::Matrix<double, 3, 1>; Derived = Eigen::Matrix<double, 2, 1>][m[K’
[01m[K/usr/include/eigen3/Eigen/src/Core/PlainObjectBase.h:537:7:[m[K   required from ‘[01m[KEigen::PlainObjectBase<Derived>::PlainObjectBase(const Eigen::DenseBase<OtherDerived>&) [with OtherDerived = Eigen::Matrix<double, 3, 1>; Derived = Eigen::Matrix<double, 2, 1>][m[K’
[01m[K/usr/include/eigen3/Eigen/src/Core/Matrix.h:377:29:[m[K   required from ‘[01m[KEigen::Matrix<_Scalar, _Rows, _Cols, _Options, _MaxRows, _MaxCols>::Matrix(const Eigen::EigenBase<OtherDerived>&) [with OtherDerived = Eigen::Matrix<double, 3, 1>; _Scalar = double; int _Rows = 2; int _Cols = 1; int _Options = 0; int _MaxRows = 2; int _MaxCols = 1][m[K’
[01m[K/root/jky/racer_explore/src/RACER/swarm_exploration/active_perception/src/hgrid.cpp:405:51:[m[K   required from here
[01m[K/usr/include/eigen3/Eigen/src/Core/AssignEvaluator.h:833:3:[m[K [01;31m[Kerror: [m[Kstatic assertion failed: YOU_MIXED_MATRICES_OF_DIFFERENT_SIZES
  833 |   [01;31m[KEIGEN_STATIC_ASSERT_SAME_MATRIX_SIZE[m[K(ActualDstTypeCleaned,Src)
      |   [01;31m[K^~~~~~~~~~~~~~~~~~~~~~~~~~~~~~~~~~~~[m[K
/usr/include/eigen3/Eigen/src/Core/AssignEvaluator.h: In instantiation of ‘[01m[Kvoid Eigen::internal::call_assignment_no_alias(Dst&, const Src&, const Func&) [with Dst = Eigen::Matrix<double, 3, 1>; Src = Eigen::Matrix<double, 2, 1>; Func = Eigen::internal::assign_op<double, double>][m[K’:
[01m[K/usr/include/eigen3/Eigen/src/Core/PlainObjectBase.h:732:41:[m[K   required from ‘[01m[KDerived& Eigen::PlainObjectBase<Derived>::_set_noalias(const Eigen::DenseBase<OtherDerived>&) [with OtherDerived = Eigen::Matrix<double, 2, 1>; Derived = Eigen::Matrix<double, 3, 1>][m[K’
[01m[K/usr/include/eigen3/Eigen/src/Core/PlainObjectBase.h:816:7:[m[K   required from ‘[01m[Kvoid Eigen::PlainObjectBase<Derived>::_init1(const Eigen::DenseBase<ElseDerived>&) [with T = Eigen::Matrix<double, 2, 1>; OtherDerived = Eigen::Matrix<double, 2, 1>; Derived = Eigen::Matrix<double, 3, 1>][m[K’
[01m[K/usr/include/eigen3/Eigen/src/Core/Matrix.h:294:31:[m[K   required from ‘[01m[KEigen::Matrix<_Scalar, _Rows, _Cols, _Options, _MaxRows, _MaxCols>::Matrix(const T&) [with T = Eigen::Matrix<double, 2, 1>; _Scalar = double; int _Rows = 3; int _Cols = 1; int _Options = 0; int _MaxRows = 3; int _MaxCols = 1][m[K’
[01m[K/usr/include/c++/9/bits/stl_construct.h:75:7:[m[K   required from ‘[01m[Kvoid std::_Construct(_T1*, _Args&& ...) [with _T1 = Eigen::Matrix<double, 3, 1>; _Args = {Eigen::Matrix<double, 2, 1, 0, 2, 1>&}][m[K’
[01m[K/usr/include/c++/9/bits/stl_uninitialized.h:83:18:[m[K   required from ‘[01m[Kstatic _ForwardIterator std::__uninitialized_copy<_TrivialValueTypes>::__uninit_copy(_InputIterator, _InputIterator, _ForwardIterator) [with _InputIterator = __gnu_cxx::__normal_iterator<Eigen::Matrix<double, 2, 1>*, std::vector<Eigen::Matrix<double, 2, 1> > >; _ForwardIterator = Eigen::Matrix<double, 3, 1>*; bool _TrivialValueTypes = false][m[K’
[01m[K/usr/include/c++/9/bits/stl_uninitialized.h:140:15:[m[K   required from ‘[01m[K_ForwardIterator std::uninitialized_copy(_InputIterator, _InputIterator, _ForwardIterator) [with _InputIterator = __gnu_cxx::__normal_iterator<Eigen::Matrix<double, 2, 1>*, std::vector<Eigen::Matrix<double, 2, 1> > >; _ForwardIterator = Eigen::Matrix<double, 3, 1>*][m[K’
[01m[K/usr/include/c++/9/bits/stl_uninitialized.h:307:37:[m[K   required from ‘[01m[K_ForwardIterator std::__uninitialized_copy_a(_InputIterator, _InputIterator, _ForwardIterator, std::allocator<_Tp>&) [with _InputIterator = __gnu_cxx::__normal_iterator<Eigen::Matrix<double, 2, 1>*, std::vector<Eigen::Matrix<double, 2, 1> > >; _ForwardIterator = Eigen::Matrix<double, 3, 1>*; _Tp = Eigen::Matrix<double, 3, 1>][m[K’
[01m[K/usr/include/c++/9/bits/vector.tcc:751:34:[m[K   required from ‘[01m[Kvoid std::vector<_Tp, _Alloc>::_M_range_insert(std::vector<_Tp, _Alloc>::iterator, _ForwardIterator, _ForwardIterator, std::forward_iterator_tag) [with _ForwardIterator = __gnu_cxx::__normal_iterator<Eigen::Matrix<double, 2, 1>*, std::vector<Eigen::Matrix<double, 2, 1> > >; _Tp = Eigen::Matrix<double, 3, 1>; _Alloc = std::allocator<Eigen::Matrix<double, 3, 1> >; std::vector<_Tp, _Alloc>::iterator = __gnu_cxx::__normal_iterator<Eigen::Matrix<double, 3, 1>*, std::vector<Eigen::Matrix<double, 3, 1> > >; typename std::_Vector_base<_Tp, _Alloc>::pointer = Eigen::Matrix<double, 3, 1>*][m[K’
[01m[K/usr/include/c++/9/bits/stl_vector.h:1662:4:[m[K   required from ‘[01m[Kvoid std::vector<_Tp, _Alloc>::_M_insert_dispatch(std::vector<_Tp, _Alloc>::iterator, _InputIterator, _InputIterator, std::__false_type) [with _InputIterator = __gnu_cxx::__normal_iterator<Eigen::Matrix<double, 2, 1>*, std::vector<Eigen::Matrix<double, 2, 1> > >; _Tp = Eigen::Matrix<double, 3, 1>; _Alloc = std::allocator<Eigen::Matrix<double, 3, 1> >; std::vector<_Tp, _Alloc>::iterator = __gnu_cxx::__normal_iterator<Eigen::Matrix<double, 3, 1>*, std::vector<Eigen::Matrix<double, 3, 1> > >; typename std::_Vector_base<_Tp, _Alloc>::pointer = Eigen::Matrix<double, 3, 1>*][m[K’
[01m[K/usr/include/c++/9/bits/stl_vector.h:1380:4:[m[K   required from ‘[01m[Kstd::vector<_Tp, _Alloc>::iterator std::vector<_Tp, _Alloc>::insert(std::vector<_Tp, _Alloc>::const_iterator, _InputIterator, _InputIterator) [with _InputIterator = __gnu_cxx::__normal_iterator<Eigen::Matrix<double, 2, 1>*, std::vector<Eigen::Matrix<double, 2, 1> > >; <template-parameter-2-2> = void; _Tp = Eigen::Matrix<double, 3, 1>; _Alloc = std::allocator<Eigen::Matrix<double, 3, 1> >; std::vector<_Tp, _Alloc>::iterator = __gnu_cxx::__normal_iterator<Eigen::Matrix<double, 3, 1>*, std::vector<Eigen::Matrix<double, 3, 1> > >; typename std::_Vector_base<_Tp, _Alloc>::pointer = Eigen::Matrix<double, 3, 1>*; std::vector<_Tp, _Alloc>::const_iterator = __gnu_cxx::__normal_iterator<const Eigen::Matrix<double, 3, 1>*, std::vector<Eigen::Matrix<double, 3, 1> > >; typename __gnu_cxx::__alloc_traits<typename std::_Vector_base<_Tp, _Alloc>::_Tp_alloc_type>::const_pointer = const Eigen::Matrix<double, 3, 1>*][m[K’
[01m[K/root/jky/racer_explore/src/RACER/swarm_exploration/active_perception/src/hgrid.cpp:701:67:[m[K   required from here
[01m[K/usr/include/eigen3/Eigen/src/Core/AssignEvaluator.h:833:3:[m[K [01;31m[Kerror: [m[Kstatic assertion failed: YOU_MIXED_MATRICES_OF_DIFFERENT_SIZES
make[2]: *** [CMakeFiles/active_perception.dir/build.make:102: CMakeFiles/active_perception.dir/src/graph_node.cpp.o] Error 1
make[2]: *** Waiting for unfinished jobs....
make[2]: *** [CMakeFiles/active_perception.dir/build.make:141: CMakeFiles/active_perception.dir/src/hgrid.cpp.o] Error 1
[01m[K/root/jky/racer_explore/src/RACER/swarm_exploration/active_perception/src/uniform_grid.cpp:[m[K In member function ‘[01m[Kvoid fast_planner::UniformGrid::updateBaseCoor()[m[K’:
[01m[K/root/jky/racer_explore/src/RACER/swarm_exploration/active_perception/src/uniform_grid.cpp:104:23:[m[K [01;35m[Kwarning: [m[Kcomparison of integer expressions of different signedness: ‘[01m[Kint[m[K’ and ‘[01m[Kstd::vector<fast_planner::GridInfo>::size_type[m[K’ {aka ‘[01m[Klong unsigned int[m[K’} [[01;35m[K-Wsign-compare[m[K]
  104 |     for (int i = 0; [01;35m[Ki < grid_data_.size()[m[K; ++i)
      |                     [01;35m[K~~^~~~~~~~~~~~~~~~~~~[m[K
[01m[K/root/jky/racer_explore/src/RACER/swarm_exploration/active_perception/src/uniform_grid.cpp:133:27:[m[K [01;35m[Kwarning: [m[Kcomparison of integer expressions of different signedness: ‘[01m[Kint[m[K’ and ‘[01m[Kstd::vector<Eigen::Matrix<double, 3, 1> >::size_type[m[K’ {aka ‘[01m[Klong unsigned int[m[K’} [[01;35m[K-Wsign-compare[m[K]
  133 |         for (int j = 1; [01;35m[Kj < vertices.size()[m[K; ++j)
      |                         [01;35m[K~~^~~~~~~~~~~~~~~~~[m[K
[01m[K/root/jky/racer_explore/src/RACER/swarm_exploration/active_perception/src/uniform_grid.cpp:[m[K In member function ‘[01m[Kvoid fast_planner::UniformGrid::updateGridData(const int&, std::vector<int>&, std::vector<int>&, std::vector<int>&)[m[K’:
[01m[K/root/jky/racer_explore/src/RACER/swarm_exploration/active_perception/src/uniform_grid.cpp:197:23:[m[K [01;35m[Kwarning: [m[Kcomparison of integer expressions of different signedness: ‘[01m[Kint[m[K’ and ‘[01m[Kstd::vector<fast_planner::GridInfo>::size_type[m[K’ {aka ‘[01m[Klong unsigned int[m[K’} [[01;35m[K-Wsign-compare[m[K]
  197 |     for (int i = 0; [01;35m[Ki < grid_data_.size()[m[K; ++i)
      |                     [01;35m[K~~^~~~~~~~~~~~~~~~~~~[m[K
[01m[K/root/jky/racer_explore/src/RACER/swarm_exploration/active_perception/src/uniform_grid.cpp:205:27:[m[K [01;35m[Kwarning: [m[Kcomparison of integer expressions of different signedness: ‘[01m[Kint[m[K’ and ‘[01m[Kstd::vector<Eigen::Matrix<double, 3, 1> >::size_type[m[K’ {aka ‘[01m[Klong unsigned int[m[K’} [[01;35m[K-Wsign-compare[m[K]
  205 |         for (int j = 0; [01;35m[Kj < update_mins.size()[m[K; ++j)
      |                         [01;35m[K~~^~~~~~~~~~~~~~~~~~~~[m[K
[01m[K/root/jky/racer_explore/src/RACER/swarm_exploration/active_perception/src/uniform_grid.cpp:253:23:[m[K [01;35m[Kwarning: [m[Kcomparison of integer expressions of different signedness: ‘[01m[Kint[m[K’ and ‘[01m[Kstd::vector<fast_planner::GridInfo>::size_type[m[K’ {aka ‘[01m[Klong unsigned int[m[K’} [[01;35m[K-Wsign-compare[m[K]
  253 |     for (int i = 0; [01;35m[Ki < grid_data_.size()[m[K; ++i)
      |                     [01;35m[K~~^~~~~~~~~~~~~~~~~~~[m[K
[01m[K/root/jky/racer_explore/src/RACER/swarm_exploration/active_perception/src/uniform_grid.cpp:[m[K In member function ‘[01m[Kvoid fast_planner::UniformGrid::inputFrontiers(const std::vector<Eigen::Matrix<double, 3, 1> >&)[m[K’:
[01m[K/root/jky/racer_explore/src/RACER/swarm_exploration/active_perception/src/uniform_grid.cpp:433:23:[m[K [01;35m[Kwarning: [m[Kcomparison of integer expressions of different signedness: ‘[01m[Kint[m[K’ and ‘[01m[Kstd::vector<Eigen::Matrix<double, 3, 1> >::size_type[m[K’ {aka ‘[01m[Klong unsigned int[m[K’} [[01;35m[K-Wsign-compare[m[K]
  433 |     for (int i = 0; [01;35m[Ki < avgs.size()[m[K; ++i)
      |                     [01;35m[K~~^~~~~~~~~~~~~[m[K
[01m[K/root/jky/racer_explore/src/RACER/swarm_exploration/active_perception/src/uniform_grid.cpp:[m[K In member function ‘[01m[Kvoid fast_planner::UniformGrid::getGridTour(const std::vector<int>&, std::vector<Eigen::Matrix<double, 3, 1> >&)[m[K’:
[01m[K/root/jky/racer_explore/src/RACER/swarm_exploration/active_perception/src/uniform_grid.cpp:462:23:[m[K [01;35m[Kwarning: [m[Kcomparison of integer expressions of different signedness: ‘[01m[Kint[m[K’ and ‘[01m[Kstd::vector<int>::size_type[m[K’ {aka ‘[01m[Klong unsigned int[m[K’} [[01;35m[K-Wsign-compare[m[K]
  462 |     for (int i = 0; [01;35m[Ki < ids.size()[m[K; ++i)
      |                     [01;35m[K~~^~~~~~~~~~~~[m[K
make[1]: *** [CMakeFiles/Makefile2:180: CMakeFiles/active_perception.dir/all] Error 2
make: *** [Makefile:141: all] Error 2
