Linked: (/home/racer_ws/devel/.private/lkh_mtsp_solver/include/lkh_mtsp_solver/SolveMTSPRequest.h, /home/racer_ws/devel/include/lkh_mtsp_solver/SolveMTSPRequest.h)
Linked: (/home/racer_ws/devel/.private/lkh_mtsp_solver/include/lkh_mtsp_solver/SolveMTSP.h, /home/racer_ws/devel/include/lkh_mtsp_solver/SolveMTSP.h)
Linked: (/home/racer_ws/devel/.private/lkh_mtsp_solver/include/lkh_mtsp_solver/SolveMTSPResponse.h, /home/racer_ws/devel/include/lkh_mtsp_solver/SolveMTSPResponse.h)
Linked: (/home/racer_ws/devel/.private/lkh_mtsp_solver/share/roseus/ros/lkh_mtsp_solver/manifest.l, /home/racer_ws/devel/share/roseus/ros/lkh_mtsp_solver/manifest.l)
Linked: (/home/racer_ws/devel/.private/lkh_mtsp_solver/share/roseus/ros/lkh_mtsp_solver/srv/SolveMTSP.l, /home/racer_ws/devel/share/roseus/ros/lkh_mtsp_solver/srv/SolveMTSP.l)
Linked: (/home/racer_ws/devel/.private/lkh_mtsp_solver/share/common-lisp/ros/lkh_mtsp_solver/srv/lkh_mtsp_solver-srv.asd, /home/racer_ws/devel/share/common-lisp/ros/lkh_mtsp_solver/srv/lkh_mtsp_solver-srv.asd)
Linked: (/home/racer_ws/devel/.private/lkh_mtsp_solver/share/common-lisp/ros/lkh_mtsp_solver/srv/_package.lisp, /home/racer_ws/devel/share/common-lisp/ros/lkh_mtsp_solver/srv/_package.lisp)
Linked: (/home/racer_ws/devel/.private/lkh_mtsp_solver/share/common-lisp/ros/lkh_mtsp_solver/srv/SolveMTSP.lisp, /home/racer_ws/devel/share/common-lisp/ros/lkh_mtsp_solver/srv/SolveMTSP.lisp)
Linked: (/home/racer_ws/devel/.private/lkh_mtsp_solver/share/common-lisp/ros/lkh_mtsp_solver/srv/_package_SolveMTSP.lisp, /home/racer_ws/devel/share/common-lisp/ros/lkh_mtsp_solver/srv/_package_SolveMTSP.lisp)
Linked: (/home/racer_ws/devel/.private/lkh_mtsp_solver/share/lkh_mtsp_solver/cmake/lkh_mtsp_solver-msg-paths.cmake, /home/racer_ws/devel/share/lkh_mtsp_solver/cmake/lkh_mtsp_solver-msg-paths.cmake)
Linked: (/home/racer_ws/devel/.private/lkh_mtsp_solver/share/lkh_mtsp_solver/cmake/lkh_mtsp_solver-msg-extras.cmake, /home/racer_ws/devel/share/lkh_mtsp_solver/cmake/lkh_mtsp_solver-msg-extras.cmake)
Linked: (/home/racer_ws/devel/.private/lkh_mtsp_solver/share/lkh_mtsp_solver/cmake/lkh_mtsp_solverConfig-version.cmake, /home/racer_ws/devel/share/lkh_mtsp_solver/cmake/lkh_mtsp_solverConfig-version.cmake)
Linked: (/home/racer_ws/devel/.private/lkh_mtsp_solver/share/lkh_mtsp_solver/cmake/lkh_mtsp_solverConfig.cmake, /home/racer_ws/devel/share/lkh_mtsp_solver/cmake/lkh_mtsp_solverConfig.cmake)
Linked: (/home/racer_ws/devel/.private/lkh_mtsp_solver/share/gennodejs/ros/lkh_mtsp_solver/_index.js, /home/racer_ws/devel/share/gennodejs/ros/lkh_mtsp_solver/_index.js)
Linked: (/home/racer_ws/devel/.private/lkh_mtsp_solver/share/gennodejs/ros/lkh_mtsp_solver/srv/_index.js, /home/racer_ws/devel/share/gennodejs/ros/lkh_mtsp_solver/srv/_index.js)
Linked: (/home/racer_ws/devel/.private/lkh_mtsp_solver/share/gennodejs/ros/lkh_mtsp_solver/srv/SolveMTSP.js, /home/racer_ws/devel/share/gennodejs/ros/lkh_mtsp_solver/srv/SolveMTSP.js)
Linked: (/home/racer_ws/devel/.private/lkh_mtsp_solver/lib/liblkh_mtsp_solver.so, /home/racer_ws/devel/lib/liblkh_mtsp_solver.so)
Linked: (/home/racer_ws/devel/.private/lkh_mtsp_solver/lib/python3/dist-packages/lkh_mtsp_solver/__init__.py, /home/racer_ws/devel/lib/python3/dist-packages/lkh_mtsp_solver/__init__.py)
Linked: (/home/racer_ws/devel/.private/lkh_mtsp_solver/lib/python3/dist-packages/lkh_mtsp_solver/srv/__init__.py, /home/racer_ws/devel/lib/python3/dist-packages/lkh_mtsp_solver/srv/__init__.py)
Linked: (/home/racer_ws/devel/.private/lkh_mtsp_solver/lib/python3/dist-packages/lkh_mtsp_solver/srv/_SolveMTSP.py, /home/racer_ws/devel/lib/python3/dist-packages/lkh_mtsp_solver/srv/_SolveMTSP.py)
Linked: (/home/racer_ws/devel/.private/lkh_mtsp_solver/lib/lkh_mtsp_solver/mtsp_node, /home/racer_ws/devel/lib/lkh_mtsp_solver/mtsp_node)
Linked: (/home/racer_ws/devel/.private/lkh_mtsp_solver/lib/pkgconfig/lkh_mtsp_solver.pc, /home/racer_ws/devel/lib/pkgconfig/lkh_mtsp_solver.pc)
