Symlinking /home/zqh/phoenixZ/racer_ws/devel/include/lkh_mtsp_solver/SolveMTSPRequest.h
Symlinking /home/zqh/phoenixZ/racer_ws/devel/include/lkh_mtsp_solver/SolveMTSP.h
Symlinking /home/zqh/phoenixZ/racer_ws/devel/include/lkh_mtsp_solver/SolveMTSPResponse.h
Symlinking /home/zqh/phoenixZ/racer_ws/devel/share/roseus/ros/lkh_mtsp_solver/manifest.l
Symlinking /home/zqh/phoenixZ/racer_ws/devel/share/roseus/ros/lkh_mtsp_solver/srv/SolveMTSP.l
Symlinking /home/zqh/phoenixZ/racer_ws/devel/share/common-lisp/ros/lkh_mtsp_solver/srv/lkh_mtsp_solver-srv.asd
Symlinking /home/zqh/phoenixZ/racer_ws/devel/share/common-lisp/ros/lkh_mtsp_solver/srv/_package.lisp
Symlinking /home/zqh/phoenixZ/racer_ws/devel/share/common-lisp/ros/lkh_mtsp_solver/srv/SolveMTSP.lisp
Symlinking /home/zqh/phoenixZ/racer_ws/devel/share/common-lisp/ros/lkh_mtsp_solver/srv/_package_SolveMTSP.lisp
Symlinking /home/zqh/phoenixZ/racer_ws/devel/share/lkh_mtsp_solver/cmake/lkh_mtsp_solver-msg-paths.cmake
Symlinking /home/zqh/phoenixZ/racer_ws/devel/share/lkh_mtsp_solver/cmake/lkh_mtsp_solver-msg-extras.cmake
Symlinking /home/zqh/phoenixZ/racer_ws/devel/share/lkh_mtsp_solver/cmake/lkh_mtsp_solverConfig-version.cmake
Symlinking /home/zqh/phoenixZ/racer_ws/devel/share/lkh_mtsp_solver/cmake/lkh_mtsp_solverConfig.cmake
Symlinking /home/zqh/phoenixZ/racer_ws/devel/share/gennodejs/ros/lkh_mtsp_solver/_index.js
Symlinking /home/zqh/phoenixZ/racer_ws/devel/share/gennodejs/ros/lkh_mtsp_solver/srv/_index.js
Symlinking /home/zqh/phoenixZ/racer_ws/devel/share/gennodejs/ros/lkh_mtsp_solver/srv/SolveMTSP.js
Symlinking /home/zqh/phoenixZ/racer_ws/devel/lib/liblkh_mtsp_solver.so
Symlinking /home/zqh/phoenixZ/racer_ws/devel/lib/python3/dist-packages/lkh_mtsp_solver/__init__.py
Symlinking /home/zqh/phoenixZ/racer_ws/devel/lib/python3/dist-packages/lkh_mtsp_solver/srv/__init__.py
Symlinking /home/zqh/phoenixZ/racer_ws/devel/lib/python3/dist-packages/lkh_mtsp_solver/srv/_SolveMTSP.py
Symlinking /home/zqh/phoenixZ/racer_ws/devel/lib/lkh_mtsp_solver/mtsp_node
Symlinking /home/zqh/phoenixZ/racer_ws/devel/lib/pkgconfig/lkh_mtsp_solver.pc
Cleaning: (/home/racer_ws/devel/.private/lkh_mtsp_solver/cmake.lock, /home/racer_ws/devel/./cmake.lock)
Cleaning: (/home/racer_ws/devel/.private/lkh_mtsp_solver/include/lkh_mtsp_solver/SolveMTSPRequest.h, /home/racer_ws/devel/include/lkh_mtsp_solver/SolveMTSPRequest.h)
Cleaning: (/home/racer_ws/devel/.private/lkh_mtsp_solver/include/lkh_mtsp_solver/SolveMTSP.h, /home/racer_ws/devel/include/lkh_mtsp_solver/SolveMTSP.h)
Cleaning: (/home/racer_ws/devel/.private/lkh_mtsp_solver/include/lkh_mtsp_solver/SolveMTSPResponse.h, /home/racer_ws/devel/include/lkh_mtsp_solver/SolveMTSPResponse.h)
Cleaning: (/home/racer_ws/devel/.private/lkh_mtsp_solver/share/roseus/ros/lkh_mtsp_solver/manifest.l, /home/racer_ws/devel/share/roseus/ros/lkh_mtsp_solver/manifest.l)
Cleaning: (/home/racer_ws/devel/.private/lkh_mtsp_solver/share/roseus/ros/lkh_mtsp_solver/srv/SolveMTSP.l, /home/racer_ws/devel/share/roseus/ros/lkh_mtsp_solver/srv/SolveMTSP.l)
Cleaning: (/home/racer_ws/devel/.private/lkh_mtsp_solver/share/common-lisp/ros/lkh_mtsp_solver/srv/lkh_mtsp_solver-srv.asd, /home/racer_ws/devel/share/common-lisp/ros/lkh_mtsp_solver/srv/lkh_mtsp_solver-srv.asd)
Cleaning: (/home/racer_ws/devel/.private/lkh_mtsp_solver/share/common-lisp/ros/lkh_mtsp_solver/srv/_package.lisp, /home/racer_ws/devel/share/common-lisp/ros/lkh_mtsp_solver/srv/_package.lisp)
Cleaning: (/home/racer_ws/devel/.private/lkh_mtsp_solver/share/common-lisp/ros/lkh_mtsp_solver/srv/SolveMTSP.lisp, /home/racer_ws/devel/share/common-lisp/ros/lkh_mtsp_solver/srv/SolveMTSP.lisp)
Cleaning: (/home/racer_ws/devel/.private/lkh_mtsp_solver/share/common-lisp/ros/lkh_mtsp_solver/srv/_package_SolveMTSP.lisp, /home/racer_ws/devel/share/common-lisp/ros/lkh_mtsp_solver/srv/_package_SolveMTSP.lisp)
Cleaning: (/home/racer_ws/devel/.private/lkh_mtsp_solver/share/lkh_mtsp_solver/cmake/lkh_mtsp_solver-msg-paths.cmake, /home/racer_ws/devel/share/lkh_mtsp_solver/cmake/lkh_mtsp_solver-msg-paths.cmake)
Cleaning: (/home/racer_ws/devel/.private/lkh_mtsp_solver/share/lkh_mtsp_solver/cmake/lkh_mtsp_solver-msg-extras.cmake, /home/racer_ws/devel/share/lkh_mtsp_solver/cmake/lkh_mtsp_solver-msg-extras.cmake)
Cleaning: (/home/racer_ws/devel/.private/lkh_mtsp_solver/share/lkh_mtsp_solver/cmake/lkh_mtsp_solverConfig-version.cmake, /home/racer_ws/devel/share/lkh_mtsp_solver/cmake/lkh_mtsp_solverConfig-version.cmake)
Cleaning: (/home/racer_ws/devel/.private/lkh_mtsp_solver/share/lkh_mtsp_solver/cmake/lkh_mtsp_solverConfig.cmake, /home/racer_ws/devel/share/lkh_mtsp_solver/cmake/lkh_mtsp_solverConfig.cmake)
Cleaning: (/home/racer_ws/devel/.private/lkh_mtsp_solver/share/gennodejs/ros/lkh_mtsp_solver/_index.js, /home/racer_ws/devel/share/gennodejs/ros/lkh_mtsp_solver/_index.js)
Cleaning: (/home/racer_ws/devel/.private/lkh_mtsp_solver/share/gennodejs/ros/lkh_mtsp_solver/srv/_index.js, /home/racer_ws/devel/share/gennodejs/ros/lkh_mtsp_solver/srv/_index.js)
Cleaning: (/home/racer_ws/devel/.private/lkh_mtsp_solver/share/gennodejs/ros/lkh_mtsp_solver/srv/SolveMTSP.js, /home/racer_ws/devel/share/gennodejs/ros/lkh_mtsp_solver/srv/SolveMTSP.js)
Cleaning: (/home/racer_ws/devel/.private/lkh_mtsp_solver/lib/liblkh_mtsp_solver.so, /home/racer_ws/devel/lib/liblkh_mtsp_solver.so)
Cleaning: (/home/racer_ws/devel/.private/lkh_mtsp_solver/lib/python3/dist-packages/lkh_mtsp_solver/__init__.py, /home/racer_ws/devel/lib/python3/dist-packages/lkh_mtsp_solver/__init__.py)
Cleaning: (/home/racer_ws/devel/.private/lkh_mtsp_solver/lib/python3/dist-packages/lkh_mtsp_solver/srv/__init__.py, /home/racer_ws/devel/lib/python3/dist-packages/lkh_mtsp_solver/srv/__init__.py)
Cleaning: (/home/racer_ws/devel/.private/lkh_mtsp_solver/lib/python3/dist-packages/lkh_mtsp_solver/srv/_SolveMTSP.py, /home/racer_ws/devel/lib/python3/dist-packages/lkh_mtsp_solver/srv/_SolveMTSP.py)
Cleaning: (/home/racer_ws/devel/.private/lkh_mtsp_solver/lib/lkh_mtsp_solver/mtsp_node, /home/racer_ws/devel/lib/lkh_mtsp_solver/mtsp_node)
Cleaning: (/home/racer_ws/devel/.private/lkh_mtsp_solver/lib/pkgconfig/lkh_mtsp_solver.pc, /home/racer_ws/devel/lib/pkgconfig/lkh_mtsp_solver.pc)
Unlinking: /home/racer_ws/devel/include/lkh_mtsp_solver/SolveMTSPRequest.h
Already unlinked: {}
Unlinking: /home/racer_ws/devel/include/lkh_mtsp_solver/SolveMTSP.h
Already unlinked: {}
Unlinking: /home/racer_ws/devel/include/lkh_mtsp_solver/SolveMTSPResponse.h
Already unlinked: {}
Unlinking: /home/racer_ws/devel/share/roseus/ros/lkh_mtsp_solver/manifest.l
Already unlinked: {}
Unlinking: /home/racer_ws/devel/share/roseus/ros/lkh_mtsp_solver/srv/SolveMTSP.l
Already unlinked: {}
Unlinking: /home/racer_ws/devel/share/common-lisp/ros/lkh_mtsp_solver/srv/lkh_mtsp_solver-srv.asd
Already unlinked: {}
Unlinking: /home/racer_ws/devel/share/common-lisp/ros/lkh_mtsp_solver/srv/_package.lisp
Already unlinked: {}
Unlinking: /home/racer_ws/devel/share/common-lisp/ros/lkh_mtsp_solver/srv/SolveMTSP.lisp
Already unlinked: {}
Unlinking: /home/racer_ws/devel/share/common-lisp/ros/lkh_mtsp_solver/srv/_package_SolveMTSP.lisp
Already unlinked: {}
Unlinking: /home/racer_ws/devel/share/lkh_mtsp_solver/cmake/lkh_mtsp_solver-msg-paths.cmake
Already unlinked: {}
Unlinking: /home/racer_ws/devel/share/lkh_mtsp_solver/cmake/lkh_mtsp_solver-msg-extras.cmake
Already unlinked: {}
Unlinking: /home/racer_ws/devel/share/lkh_mtsp_solver/cmake/lkh_mtsp_solverConfig-version.cmake
Already unlinked: {}
Unlinking: /home/racer_ws/devel/share/lkh_mtsp_solver/cmake/lkh_mtsp_solverConfig.cmake
Already unlinked: {}
Unlinking: /home/racer_ws/devel/share/gennodejs/ros/lkh_mtsp_solver/_index.js
Already unlinked: {}
Unlinking: /home/racer_ws/devel/share/gennodejs/ros/lkh_mtsp_solver/srv/_index.js
Already unlinked: {}
Unlinking: /home/racer_ws/devel/share/gennodejs/ros/lkh_mtsp_solver/srv/SolveMTSP.js
Already unlinked: {}
Unlinking: /home/racer_ws/devel/lib/liblkh_mtsp_solver.so
Already unlinked: {}
Unlinking: /home/racer_ws/devel/lib/python3/dist-packages/lkh_mtsp_solver/__init__.py
Already unlinked: {}
Unlinking: /home/racer_ws/devel/lib/python3/dist-packages/lkh_mtsp_solver/srv/__init__.py
Already unlinked: {}
Unlinking: /home/racer_ws/devel/lib/python3/dist-packages/lkh_mtsp_solver/srv/_SolveMTSP.py
Already unlinked: {}
Unlinking: /home/racer_ws/devel/lib/lkh_mtsp_solver/mtsp_node
Already unlinked: {}
Unlinking: /home/racer_ws/devel/lib/pkgconfig/lkh_mtsp_solver.pc
Already unlinked: {}
