[35m[1mScanning dependencies of target std_msgs_generate_messages_lisp[0m
[35m[1mScanning dependencies of target std_msgs_generate_messages_cpp[0m
[35m[1mScanning dependencies of target std_msgs_generate_messages_eus[0m
[35m[1mScanning dependencies of target std_msgs_generate_messages_py[0m
[35m[1mScanning dependencies of target _lkh_mtsp_solver_generate_messages_check_deps_SolveMTSP[0m
[35m[1mScanning dependencies of target lkh_mtsp_solver[0m
[  0%] Built target std_msgs_generate_messages_lisp
[  0%] Built target std_msgs_generate_messages_py
[  0%] Built target std_msgs_generate_messages_cpp
[  0%] Built target std_msgs_generate_messages_eus
[35m[1mScanning dependencies of target std_msgs_generate_messages_nodejs[0m
[  0%] Built target std_msgs_generate_messages_nodejs
[  0%] [32mBuilding C object CMakeFiles/lkh_mtsp_solver.dir/src/Activate.c.o[0m
[  0%] [32mBuilding C object CMakeFiles/lkh_mtsp_solver.dir/src/Ascent.c.o[0m
[  1%] [32mBuilding C object CMakeFiles/lkh_mtsp_solver.dir/src/AdjustCandidateSet.c.o[0m
[  2%] [32mBuilding C object CMakeFiles/lkh_mtsp_solver.dir/src/AddCandidate.c.o[0m
[  3%] [32mBuilding C object CMakeFiles/lkh_mtsp_solver.dir/src/Best4OptMove.c.o[0m
[  3%] [32mBuilding C object CMakeFiles/lkh_mtsp_solver.dir/src/AddTourCandidates.c.o[0m
[  3%] [32mBuilding C object CMakeFiles/lkh_mtsp_solver.dir/src/AllocateStructures.c.o[0m
[  3%] [32mBuilding C object CMakeFiles/lkh_mtsp_solver.dir/src/AddExtraCandidates.c.o[0m
[  3%] [32mBuilding C object CMakeFiles/lkh_mtsp_solver.dir/src/Best5OptMove.c.o[0m
[  4%] [32mBuilding C object CMakeFiles/lkh_mtsp_solver.dir/src/BestSpecialOptMove.c.o[0m
[  4%] [32mBuilding C object CMakeFiles/lkh_mtsp_solver.dir/src/Best2OptMove.c.o[0m
[  4%] [32mBuilding C object CMakeFiles/lkh_mtsp_solver.dir/src/AdjustClusters.c.o[0m
[  4%] [32mBuilding C object CMakeFiles/lkh_mtsp_solver.dir/src/Best3OptMove.c.o[0m
[  5%] [32mBuilding C object CMakeFiles/lkh_mtsp_solver.dir/src/BIT.c.o[0m
[  5%] [32mBuilding C object CMakeFiles/lkh_mtsp_solver.dir/src/BestKOptMove.c.o[0m
[  5%] Built target _lkh_mtsp_solver_generate_messages_check_deps_SolveMTSP
[  5%] [32mBuilding C object CMakeFiles/lkh_mtsp_solver.dir/src/Between.c.o[0m
[  5%] [32mBuilding C object CMakeFiles/lkh_mtsp_solver.dir/src/Between_SL.c.o[0m
[  6%] [32mBuilding C object CMakeFiles/lkh_mtsp_solver.dir/src/Between_SSL.c.o[0m
[  6%] [32mBuilding C object CMakeFiles/lkh_mtsp_solver.dir/src/BridgeGain.c.o[0m
[  6%] [32mBuilding C object CMakeFiles/lkh_mtsp_solver.dir/src/BuildKDTree.c.o[0m
[35m[1mScanning dependencies of target lkh_mtsp_solver_generate_messages_lisp[0m
[  6%] [32mBuilding C object CMakeFiles/lkh_mtsp_solver.dir/src/C.c.o[0m
[  6%] [34m[1mGenerating Lisp code from lkh_mtsp_solver/SolveMTSP.srv[0m
[35m[1mScanning dependencies of target lkh_mtsp_solver_generate_messages_nodejs[0m
[35m[1mScanning dependencies of target lkh_mtsp_solver_generate_messages_cpp[0m
[35m[1mScanning dependencies of target lkh_mtsp_solver_generate_messages_py[0m
[  6%] [34m[1mGenerating Javascript code from lkh_mtsp_solver/SolveMTSP.srv[0m
[  6%] [34m[1mGenerating C++ code from lkh_mtsp_solver/SolveMTSP.srv[0m
[  7%] [34m[1mGenerating Python code from SRV lkh_mtsp_solver/SolveMTSP[0m
[  8%] [32mBuilding C object CMakeFiles/lkh_mtsp_solver.dir/src/CTSP_InitialTour.c.o[0m
[  8%] [32mBuilding C object CMakeFiles/lkh_mtsp_solver.dir/src/CVRP_InitialTour.c.o[0m
[  8%] [32mBuilding C object CMakeFiles/lkh_mtsp_solver.dir/src/CandidateReport.c.o[0m
[  9%] [32mBuilding C object CMakeFiles/lkh_mtsp_solver.dir/src/ChooseInitialTour.c.o[0m
[  9%] Built target lkh_mtsp_solver_generate_messages_lisp
[35m[1mScanning dependencies of target lkh_mtsp_solver_generate_messages_eus[0m
[  9%] Built target lkh_mtsp_solver_generate_messages_nodejs
[  9%] [32mBuilding C object CMakeFiles/lkh_mtsp_solver.dir/src/Connect.c.o[0m
[  9%] [34m[1mGenerating Python srv __init__.py for lkh_mtsp_solver[0m
[  9%] [34m[1mGenerating EusLisp code from lkh_mtsp_solver/SolveMTSP.srv[0m
[  9%] [32mBuilding C object CMakeFiles/lkh_mtsp_solver.dir/src/CreateCandidateSet.c.o[0m
[ 10%] [34m[1mGenerating EusLisp manifest code for lkh_mtsp_solver[0m
[ 11%] [32mBuilding C object CMakeFiles/lkh_mtsp_solver.dir/src/CreateDelaunayCandidateSet.c.o[0m
[ 11%] Built target lkh_mtsp_solver_generate_messages_cpp
[ 11%] [32mBuilding C object CMakeFiles/lkh_mtsp_solver.dir/src/CreateNNCandidateSet.c.o[0m
[ 11%] [32mBuilding C object CMakeFiles/lkh_mtsp_solver.dir/src/CreateQuadrantCandidateSet.c.o[0m
[ 11%] Built target lkh_mtsp_solver_generate_messages_py
[ 12%] [32mBuilding C object CMakeFiles/lkh_mtsp_solver.dir/src/Create_POPMUSIC_CandidateSet.c.o[0m
[ 12%] [32mBuilding C object CMakeFiles/lkh_mtsp_solver.dir/src/Distance.c.o[0m
[ 13%] [32mBuilding C object CMakeFiles/lkh_mtsp_solver.dir/src/Distance_MTSP.c.o[0m
[ 13%] [32mBuilding C object CMakeFiles/lkh_mtsp_solver.dir/src/Delaunay.c.o[0m
[ 13%] [32mBuilding C object CMakeFiles/lkh_mtsp_solver.dir/src/Distance_SOP.c.o[0m
[ 13%] [32mBuilding C object CMakeFiles/lkh_mtsp_solver.dir/src/Distance_SPECIAL.c.o[0m
[ 13%] [32mBuilding C object CMakeFiles/lkh_mtsp_solver.dir/src/ERXT.c.o[0m
[ 13%] Built target lkh_mtsp_solver_generate_messages_eus
[ 13%] [32mBuilding C object CMakeFiles/lkh_mtsp_solver.dir/src/Exclude.c.o[0m
[ 14%] [32mBuilding C object CMakeFiles/lkh_mtsp_solver.dir/src/Excludable.c.o[0m
[ 15%] [32mBuilding C object CMakeFiles/lkh_mtsp_solver.dir/src/FixedOrCommonCandidates.c.o[0m
[ 15%] [32mBuilding C object CMakeFiles/lkh_mtsp_solver.dir/src/FindTour.c.o[0m
[35m[1mScanning dependencies of target lkh_mtsp_solver_generate_messages[0m
[ 15%] [32mBuilding C object CMakeFiles/lkh_mtsp_solver.dir/src/Flip.c.o[0m
[ 15%] Built target lkh_mtsp_solver_generate_messages
[ 16%] [32mBuilding C object CMakeFiles/lkh_mtsp_solver.dir/src/Flip_SSL.c.o[0m
[ 16%] [32mBuilding C object CMakeFiles/lkh_mtsp_solver.dir/src/Flip_SL.c.o[0m
[ 16%] [32mBuilding C object CMakeFiles/lkh_mtsp_solver.dir/src/Forbidden.c.o[0m
[ 17%] [32mBuilding C object CMakeFiles/lkh_mtsp_solver.dir/src/Gain23.c.o[0m
[ 17%] [32mBuilding C object CMakeFiles/lkh_mtsp_solver.dir/src/FreeStructures.c.o[0m
[ 17%] [32mBuilding C object CMakeFiles/lkh_mtsp_solver.dir/src/GenerateCandidates.c.o[0m
[ 17%] [32mBuilding C object CMakeFiles/lkh_mtsp_solver.dir/src/Genetic.c.o[0m
[ 17%] [32mBuilding C object CMakeFiles/lkh_mtsp_solver.dir/src/GeoConversion.c.o[0m
[ 18%] [32mBuilding C object CMakeFiles/lkh_mtsp_solver.dir/src/GetTime.c.o[0m
[ 18%] [32mBuilding C object CMakeFiles/lkh_mtsp_solver.dir/src/Hashing.c.o[0m
[ 18%] [32mBuilding C object CMakeFiles/lkh_mtsp_solver.dir/src/GreedyTour.c.o[0m
[ 19%] [32mBuilding C object CMakeFiles/lkh_mtsp_solver.dir/src/Heap.c.o[0m
[ 19%] [32mBuilding C object CMakeFiles/lkh_mtsp_solver.dir/src/Improvement.c.o[0m
[ 19%] [32mBuilding C object CMakeFiles/lkh_mtsp_solver.dir/src/IsBackboneCandidate.c.o[0m
[ 20%] [32mBuilding C object CMakeFiles/lkh_mtsp_solver.dir/src/IsCandidate.c.o[0m
[ 20%] [32mBuilding C object CMakeFiles/lkh_mtsp_solver.dir/src/IsCommonEdge.c.o[0m
[ 20%] [32mBuilding C object CMakeFiles/lkh_mtsp_solver.dir/src/IsPossibleCandidate.c.o[0m
[ 21%] [32mBuilding C object CMakeFiles/lkh_mtsp_solver.dir/src/LinKernighan.c.o[0m
[ 21%] [32mBuilding C object CMakeFiles/lkh_mtsp_solver.dir/src/KSwapKick.c.o[0m
[ 21%] [32mBuilding C object CMakeFiles/lkh_mtsp_solver.dir/src/MTSP2TSP.c.o[0m
[ 22%] [32mBuilding C object CMakeFiles/lkh_mtsp_solver.dir/src/MTSP_InitialTour.c.o[0m
[ 22%] [32mBuilding C object CMakeFiles/lkh_mtsp_solver.dir/src/MTSP_Report.c.o[0m
[ 22%] [32mBuilding C object CMakeFiles/lkh_mtsp_solver.dir/src/MTSP_WriteSolution.c.o[0m
[ 22%] [32mBuilding C object CMakeFiles/lkh_mtsp_solver.dir/src/Make2OptMove.c.o[0m
[ 23%] [32mBuilding C object CMakeFiles/lkh_mtsp_solver.dir/src/Make3OptMove.c.o[0m
[ 23%] [32mBuilding C object CMakeFiles/lkh_mtsp_solver.dir/src/Make5OptMove.c.o[0m
[ 24%] [32mBuilding C object CMakeFiles/lkh_mtsp_solver.dir/src/MakeKOptMove.c.o[0m
[ 24%] [32mBuilding C object CMakeFiles/lkh_mtsp_solver.dir/src/MergeTourWithBestTour.c.o[0m
[ 24%] [32mBuilding C object CMakeFiles/lkh_mtsp_solver.dir/src/Make4OptMove.c.o[0m
[ 24%] [32mBuilding C object CMakeFiles/lkh_mtsp_solver.dir/src/MergeWithTourGPX2.c.o[0m
[ 25%] [32mBuilding C object CMakeFiles/lkh_mtsp_solver.dir/src/MergeWithTourIPT.c.o[0m
[ 25%] [32mBuilding C object CMakeFiles/lkh_mtsp_solver.dir/src/Minimum1TreeCost.c.o[0m
[ 25%] [32mBuilding C object CMakeFiles/lkh_mtsp_solver.dir/src/MinimumSpanningTree.c.o[0m
[ 26%] [32mBuilding C object CMakeFiles/lkh_mtsp_solver.dir/src/NormalizeNodeList.c.o[0m
[ 26%] [32mBuilding C object CMakeFiles/lkh_mtsp_solver.dir/src/NormalizeSegmentList.c.o[0m
[ 26%] [32mBuilding C object CMakeFiles/lkh_mtsp_solver.dir/src/PDPTW_Reduce.c.o[0m
[ 26%] [32mBuilding C object CMakeFiles/lkh_mtsp_solver.dir/src/OrderCandidateSet.c.o[0m
[ 27%] [32mBuilding C object CMakeFiles/lkh_mtsp_solver.dir/src/PatchCycles.c.o[0m
[ 27%] [32mBuilding C object CMakeFiles/lkh_mtsp_solver.dir/src/Penalty_1_PDTSP.c.o[0m
[ 28%] [32mBuilding C object CMakeFiles/lkh_mtsp_solver.dir/src/Penalty_BWTSP.c.o[0m
[ 28%] [32mBuilding C object CMakeFiles/lkh_mtsp_solver.dir/src/Penalty_ACVRP.c.o[0m
[ 28%] [32mBuilding C object CMakeFiles/lkh_mtsp_solver.dir/src/Penalty_CCVRP.c.o[0m
[ 28%] [32mBuilding C object CMakeFiles/lkh_mtsp_solver.dir/src/Penalty_CTSP.c.o[0m
[ 29%] [32mBuilding C object CMakeFiles/lkh_mtsp_solver.dir/src/Penalty_CVRP.c.o[0m
[ 29%] [32mBuilding C object CMakeFiles/lkh_mtsp_solver.dir/src/Penalty_M1_PDTSP.c.o[0m
[ 30%] [32mBuilding C object CMakeFiles/lkh_mtsp_solver.dir/src/Penalty_MLP.c.o[0m
[ 30%] [32mBuilding C object CMakeFiles/lkh_mtsp_solver.dir/src/Penalty_MTSP.c.o[0m
[ 30%] [32mBuilding C object CMakeFiles/lkh_mtsp_solver.dir/src/Penalty_CVRPTW.c.o[0m
[ 30%] [32mBuilding C object CMakeFiles/lkh_mtsp_solver.dir/src/Penalty_M_PDTSP.c.o[0m
[ 31%] [32mBuilding C object CMakeFiles/lkh_mtsp_solver.dir/src/Penalty_PDPTW.c.o[0m
[ 31%] [32mBuilding C object CMakeFiles/lkh_mtsp_solver.dir/src/Penalty_OVRP.c.o[0m
[ 31%] [32mBuilding C object CMakeFiles/lkh_mtsp_solver.dir/src/Penalty_PDTSP.c.o[0m
[ 31%] [32mBuilding C object CMakeFiles/lkh_mtsp_solver.dir/src/Penalty_RCTVRP.c.o[0m
[ 32%] [32mBuilding C object CMakeFiles/lkh_mtsp_solver.dir/src/Penalty_PDTSPL.c.o[0m
[ 32%] [32mBuilding C object CMakeFiles/lkh_mtsp_solver.dir/src/Penalty_SOP.c.o[0m
[ 33%] [32mBuilding C object CMakeFiles/lkh_mtsp_solver.dir/src/Penalty_TRP.c.o[0m
[ 33%] [32mBuilding C object CMakeFiles/lkh_mtsp_solver.dir/src/Penalty_PDTSPF.c.o[0m
[ 33%] [32mBuilding C object CMakeFiles/lkh_mtsp_solver.dir/src/Penalty_TSPPD.c.o[0m
[ 33%] [32mBuilding C object CMakeFiles/lkh_mtsp_solver.dir/src/Penalty_TSPDL.c.o[0m
[ 34%] [32mBuilding C object CMakeFiles/lkh_mtsp_solver.dir/src/Penalty_TSPTW.c.o[0m
[ 34%] [32mBuilding C object CMakeFiles/lkh_mtsp_solver.dir/src/Penalty_VRPB.c.o[0m
[ 34%] [32mBuilding C object CMakeFiles/lkh_mtsp_solver.dir/src/Penalty_VRPBTW.c.o[0m
[ 34%] [32mBuilding C object CMakeFiles/lkh_mtsp_solver.dir/src/Penalty_VRPPD.c.o[0m
[ 34%] [32mBuilding C object CMakeFiles/lkh_mtsp_solver.dir/src/Random.c.o[0m
[ 34%] [32mBuilding C object CMakeFiles/lkh_mtsp_solver.dir/src/ReadCandidates.c.o[0m
[ 35%] [32mBuilding C object CMakeFiles/lkh_mtsp_solver.dir/src/PrintParameters.c.o[0m
[ 36%] [32mBuilding C object CMakeFiles/lkh_mtsp_solver.dir/src/ReadEdges.c.o[0m
[ 36%] [32mBuilding C object CMakeFiles/lkh_mtsp_solver.dir/src/ReadParameters.c.o[0m
[ 36%] [32mBuilding C object CMakeFiles/lkh_mtsp_solver.dir/src/ReadLine.c.o[0m
[ 37%] [32mBuilding C object CMakeFiles/lkh_mtsp_solver.dir/src/ReadPenalties.c.o[0m
[ 37%] [32mBuilding C object CMakeFiles/lkh_mtsp_solver.dir/src/ReadProblem.c.o[0m
[ 37%] [32mBuilding C object CMakeFiles/lkh_mtsp_solver.dir/src/RecordBestTour.c.o[0m
[ 38%] [32mBuilding C object CMakeFiles/lkh_mtsp_solver.dir/src/RecordBetterTour.c.o[0m
[ 38%] [32mBuilding C object CMakeFiles/lkh_mtsp_solver.dir/src/RemoveFirstActive.c.o[0m
[ 38%] [32mBuilding C object CMakeFiles/lkh_mtsp_solver.dir/src/ResetCandidateSet.c.o[0m
[ 39%] [32mBuilding C object CMakeFiles/lkh_mtsp_solver.dir/src/RestoreTour.c.o[0m
[ 39%] [32mBuilding C object CMakeFiles/lkh_mtsp_solver.dir/src/SFCTour.c.o[0m
[ 39%] [32mBuilding C object CMakeFiles/lkh_mtsp_solver.dir/src/SINTEF_WriteSolution.c.o[0m
[ 39%] [32mBuilding C object CMakeFiles/lkh_mtsp_solver.dir/src/SOP_InitialTour.c.o[0m
[ 40%] [32mBuilding C object CMakeFiles/lkh_mtsp_solver.dir/src/SOP_RepairTour.c.o[0m
[ 40%] [32mBuilding C object CMakeFiles/lkh_mtsp_solver.dir/src/SOP_Report.c.o[0m
[ 40%] [32mBuilding C object CMakeFiles/lkh_mtsp_solver.dir/src/STTSP2TSP.c.o[0m
[ 41%] [32mBuilding C object CMakeFiles/lkh_mtsp_solver.dir/src/SegmentSize.c.o[0m
[ 41%] [32mBuilding C object CMakeFiles/lkh_mtsp_solver.dir/src/Sequence.c.o[0m
[ 41%] [32mBuilding C object CMakeFiles/lkh_mtsp_solver.dir/src/SolveCompressedSubproblem.c.o[0m
[ 42%] [32mBuilding C object CMakeFiles/lkh_mtsp_solver.dir/src/SolveDelaunaySubproblems.c.o[0m
[ 42%] [32mBuilding C object CMakeFiles/lkh_mtsp_solver.dir/src/SolveKCenterSubproblems.c.o[0m
[ 42%] [32mBuilding C object CMakeFiles/lkh_mtsp_solver.dir/src/SolveKMeansSubproblems.c.o[0m
[ 42%] [32mBuilding C object CMakeFiles/lkh_mtsp_solver.dir/src/SolveRoheSubproblems.c.o[0m
[ 43%] [32mBuilding C object CMakeFiles/lkh_mtsp_solver.dir/src/SolveKarpSubproblems.c.o[0m
[ 43%] [32mBuilding C object CMakeFiles/lkh_mtsp_solver.dir/src/SolveSFCSubproblems.c.o[0m
[ 43%] [32mBuilding C object CMakeFiles/lkh_mtsp_solver.dir/src/SolveSubproblem.c.o[0m
[ 44%] [32mBuilding C object CMakeFiles/lkh_mtsp_solver.dir/src/SolveSubproblemBorderProblems.c.o[0m
[ 45%] [32mBuilding C object CMakeFiles/lkh_mtsp_solver.dir/src/StatusReport.c.o[0m
[ 45%] [32mBuilding C object CMakeFiles/lkh_mtsp_solver.dir/src/SolveTourSegmentSubproblems.c.o[0m
[ 45%] [32mBuilding C object CMakeFiles/lkh_mtsp_solver.dir/src/Statistics.c.o[0m
[ 45%] [32mBuilding C object CMakeFiles/lkh_mtsp_solver.dir/src/StoreTour.c.o[0m
[ 45%] [32mBuilding C object CMakeFiles/lkh_mtsp_solver.dir/src/SymmetrizeCandidateSet.c.o[0m
[ 46%] [32mBuilding C object CMakeFiles/lkh_mtsp_solver.dir/src/TSPDL_InitialTour.c.o[0m
[ 46%] [32mBuilding C object CMakeFiles/lkh_mtsp_solver.dir/src/TSPTW_MakespanCost.c.o[0m
[ 46%] [32mBuilding C object CMakeFiles/lkh_mtsp_solver.dir/src/TSPTW_Reduce.c.o[0m
[ 47%] [32mBuilding C object CMakeFiles/lkh_mtsp_solver.dir/src/TrimCandidateSet.c.o[0m
[ 47%] [32mBuilding C object CMakeFiles/lkh_mtsp_solver.dir/src/VRPB_Reduce.c.o[0m
[ 47%] [32mBuilding C object CMakeFiles/lkh_mtsp_solver.dir/src/WritePenalties.c.o[0m
[ 47%] [32mBuilding C object CMakeFiles/lkh_mtsp_solver.dir/src/WriteCandidates.c.o[0m
[ 48%] [32mBuilding C object CMakeFiles/lkh_mtsp_solver.dir/src/eprintf.c.o[0m
[ 48%] [32mBuilding C object CMakeFiles/lkh_mtsp_solver.dir/src/WriteTour.c.o[0m
[ 48%] [32mBuilding C object CMakeFiles/lkh_mtsp_solver.dir/src/fscanint.c.o[0m
[ 50%] [32mBuilding C object CMakeFiles/lkh_mtsp_solver.dir/src/gpx.c.o[0m
[ 50%] [32mBuilding C object CMakeFiles/lkh_mtsp_solver.dir/src/printff.c.o[0m
[ 50%] [32mBuilding CXX object CMakeFiles/lkh_mtsp_solver.dir/src2/lkh3_interface.cpp.o[0m
[01m[K/home/zqh/phoenixZ/racer_ws/src/RACER/swarm_exploration/utils/lkh_mtsp_solver/src2/lkh3_interface.cpp:[m[K In function ‘[01m[Kint solveMTSPWithLKH3(const char*)[m[K’:
[01m[K/home/zqh/phoenixZ/racer_ws/src/RACER/swarm_exploration/utils/lkh_mtsp_solver/src2/lkh3_interface.cpp:127:36:[m[K [01;35m[Kwarning: [m[KISO C++ forbids converting a string constant to ‘[01m[Kchar*[m[K’ [[01;35m[K-Wwrite-strings[m[K]
  127 |       StatusReport(Cost, LastTime, [01;35m[K""[m[K);
      |                                    [01;35m[K^~[m[K
[ 51%] [32m[1mLinking CXX shared library /home/zqh/phoenixZ/racer_ws/devel/.private/lkh_mtsp_solver/lib/liblkh_mtsp_solver.so[0m
[ 51%] Built target lkh_mtsp_solver
[35m[1mScanning dependencies of target mtsp_node[0m
[ 51%] [32mBuilding C object CMakeFiles/mtsp_node.dir/src/AddCandidate.c.o[0m
[ 51%] [32mBuilding C object CMakeFiles/mtsp_node.dir/src/Activate.c.o[0m
[ 51%] [32mBuilding C object CMakeFiles/mtsp_node.dir/src/AllocateStructures.c.o[0m
[ 51%] [32mBuilding C object CMakeFiles/mtsp_node.dir/src/AdjustCandidateSet.c.o[0m
[ 52%] [32mBuilding C object CMakeFiles/mtsp_node.dir/src/AddExtraCandidates.c.o[0m
[ 53%] [32mBuilding C object CMakeFiles/mtsp_node.dir/src/BIT.c.o[0m
[ 54%] [32mBuilding C object CMakeFiles/mtsp_node.dir/src/AdjustClusters.c.o[0m
[ 54%] [32mBuilding C object CMakeFiles/mtsp_node.dir/src/Ascent.c.o[0m
[ 54%] [32mBuilding C object CMakeFiles/mtsp_node.dir/src/Best2OptMove.c.o[0m
[ 55%] [32mBuilding C object CMakeFiles/mtsp_node.dir/src/Best4OptMove.c.o[0m
[ 55%] [32mBuilding C object CMakeFiles/mtsp_node.dir/src/Best5OptMove.c.o[0m
[ 55%] [32mBuilding C object CMakeFiles/mtsp_node.dir/src/Best3OptMove.c.o[0m
[ 55%] [32mBuilding C object CMakeFiles/mtsp_node.dir/src/AddTourCandidates.c.o[0m
[ 56%] [32mBuilding C object CMakeFiles/mtsp_node.dir/src/Between.c.o[0m
[ 56%] [32mBuilding C object CMakeFiles/mtsp_node.dir/src/BestKOptMove.c.o[0m
[ 56%] [32mBuilding C object CMakeFiles/mtsp_node.dir/src/BestSpecialOptMove.c.o[0m
[ 56%] [32mBuilding C object CMakeFiles/mtsp_node.dir/src/Between_SL.c.o[0m
[ 57%] [32mBuilding C object CMakeFiles/mtsp_node.dir/src/BridgeGain.c.o[0m
[ 57%] [32mBuilding C object CMakeFiles/mtsp_node.dir/src/Between_SSL.c.o[0m
[ 57%] [32mBuilding C object CMakeFiles/mtsp_node.dir/src/BuildKDTree.c.o[0m
[ 57%] [32mBuilding C object CMakeFiles/mtsp_node.dir/src/CandidateReport.c.o[0m
[ 57%] [32mBuilding C object CMakeFiles/mtsp_node.dir/src/C.c.o[0m
[ 57%] [32mBuilding C object CMakeFiles/mtsp_node.dir/src/CVRP_InitialTour.c.o[0m
[ 58%] [32mBuilding C object CMakeFiles/mtsp_node.dir/src/ChooseInitialTour.c.o[0m
[ 59%] [32mBuilding C object CMakeFiles/mtsp_node.dir/src/CTSP_InitialTour.c.o[0m
[ 59%] [32mBuilding C object CMakeFiles/mtsp_node.dir/src/Connect.c.o[0m
[ 59%] [32mBuilding C object CMakeFiles/mtsp_node.dir/src/CreateCandidateSet.c.o[0m
[ 59%] [32mBuilding C object CMakeFiles/mtsp_node.dir/src/CreateDelaunayCandidateSet.c.o[0m
[ 60%] [32mBuilding C object CMakeFiles/mtsp_node.dir/src/CreateNNCandidateSet.c.o[0m
[ 60%] [32mBuilding C object CMakeFiles/mtsp_node.dir/src/CreateQuadrantCandidateSet.c.o[0m
[ 60%] [32mBuilding C object CMakeFiles/mtsp_node.dir/src/Create_POPMUSIC_CandidateSet.c.o[0m
[ 61%] [32mBuilding C object CMakeFiles/mtsp_node.dir/src/Delaunay.c.o[0m
[ 61%] [32mBuilding C object CMakeFiles/mtsp_node.dir/src/Distance.c.o[0m
[ 61%] [32mBuilding C object CMakeFiles/mtsp_node.dir/src/Distance_MTSP.c.o[0m
[ 62%] [32mBuilding C object CMakeFiles/mtsp_node.dir/src/ERXT.c.o[0m
[ 62%] [32mBuilding C object CMakeFiles/mtsp_node.dir/src/Distance_SOP.c.o[0m
[ 62%] [32mBuilding C object CMakeFiles/mtsp_node.dir/src/Distance_SPECIAL.c.o[0m
[ 63%] [32mBuilding C object CMakeFiles/mtsp_node.dir/src/Excludable.c.o[0m
[ 63%] [32mBuilding C object CMakeFiles/mtsp_node.dir/src/Exclude.c.o[0m
[ 63%] [32mBuilding C object CMakeFiles/mtsp_node.dir/src/FindTour.c.o[0m
[ 64%] [32mBuilding C object CMakeFiles/mtsp_node.dir/src/FixedOrCommonCandidates.c.o[0m
[ 64%] [32mBuilding C object CMakeFiles/mtsp_node.dir/src/Flip_SSL.c.o[0m
[ 64%] [32mBuilding C object CMakeFiles/mtsp_node.dir/src/Flip_SL.c.o[0m
[ 64%] [32mBuilding C object CMakeFiles/mtsp_node.dir/src/Flip.c.o[0m
[ 65%] [32mBuilding C object CMakeFiles/mtsp_node.dir/src/Forbidden.c.o[0m
[ 65%] [32mBuilding C object CMakeFiles/mtsp_node.dir/src/FreeStructures.c.o[0m
[ 66%] [32mBuilding C object CMakeFiles/mtsp_node.dir/src/GenerateCandidates.c.o[0m
[ 66%] [32mBuilding C object CMakeFiles/mtsp_node.dir/src/Gain23.c.o[0m
[ 66%] [32mBuilding C object CMakeFiles/mtsp_node.dir/src/Genetic.c.o[0m
[ 67%] [32mBuilding C object CMakeFiles/mtsp_node.dir/src/GreedyTour.c.o[0m
[ 67%] [32mBuilding C object CMakeFiles/mtsp_node.dir/src/Hashing.c.o[0m
[ 67%] [32mBuilding C object CMakeFiles/mtsp_node.dir/src/Heap.c.o[0m
[ 68%] [32mBuilding C object CMakeFiles/mtsp_node.dir/src/GetTime.c.o[0m
[ 68%] [32mBuilding C object CMakeFiles/mtsp_node.dir/src/GeoConversion.c.o[0m
[ 68%] [32mBuilding C object CMakeFiles/mtsp_node.dir/src/Improvement.c.o[0m
[ 68%] [32mBuilding C object CMakeFiles/mtsp_node.dir/src/IsBackboneCandidate.c.o[0m
[ 68%] [32mBuilding C object CMakeFiles/mtsp_node.dir/src/IsCandidate.c.o[0m
[ 68%] [32mBuilding C object CMakeFiles/mtsp_node.dir/src/IsPossibleCandidate.c.o[0m
[ 69%] [32mBuilding C object CMakeFiles/mtsp_node.dir/src/IsCommonEdge.c.o[0m
[ 69%] [32mBuilding C object CMakeFiles/mtsp_node.dir/src/KSwapKick.c.o[0m
[ 70%] [32mBuilding C object CMakeFiles/mtsp_node.dir/src/LinKernighan.c.o[0m
[ 70%] [32mBuilding C object CMakeFiles/mtsp_node.dir/src/MTSP_InitialTour.c.o[0m
[ 70%] [32mBuilding C object CMakeFiles/mtsp_node.dir/src/MTSP2TSP.c.o[0m
[ 70%] [32mBuilding C object CMakeFiles/mtsp_node.dir/src/MTSP_WriteSolution.c.o[0m
[ 71%] [32mBuilding C object CMakeFiles/mtsp_node.dir/src/MTSP_Report.c.o[0m
[ 72%] [32mBuilding C object CMakeFiles/mtsp_node.dir/src/Make3OptMove.c.o[0m
[ 72%] [32mBuilding C object CMakeFiles/mtsp_node.dir/src/Make2OptMove.c.o[0m
[ 72%] [32mBuilding C object CMakeFiles/mtsp_node.dir/src/Make4OptMove.c.o[0m
[ 72%] [32mBuilding C object CMakeFiles/mtsp_node.dir/src/Make5OptMove.c.o[0m
[ 72%] [32mBuilding C object CMakeFiles/mtsp_node.dir/src/MakeKOptMove.c.o[0m
[ 73%] [32mBuilding C object CMakeFiles/mtsp_node.dir/src/MergeTourWithBestTour.c.o[0m
[ 73%] [32mBuilding C object CMakeFiles/mtsp_node.dir/src/MergeWithTourGPX2.c.o[0m
[ 73%] [32mBuilding C object CMakeFiles/mtsp_node.dir/src/MergeWithTourIPT.c.o[0m
[ 74%] [32mBuilding C object CMakeFiles/mtsp_node.dir/src/Minimum1TreeCost.c.o[0m
[ 74%] [32mBuilding C object CMakeFiles/mtsp_node.dir/src/NormalizeNodeList.c.o[0m
[ 74%] [32mBuilding C object CMakeFiles/mtsp_node.dir/src/MinimumSpanningTree.c.o[0m
[ 75%] [32mBuilding C object CMakeFiles/mtsp_node.dir/src/NormalizeSegmentList.c.o[0m
[ 75%] [32mBuilding C object CMakeFiles/mtsp_node.dir/src/OrderCandidateSet.c.o[0m
[ 75%] [32mBuilding C object CMakeFiles/mtsp_node.dir/src/PDPTW_Reduce.c.o[0m
[ 76%] [32mBuilding C object CMakeFiles/mtsp_node.dir/src/PatchCycles.c.o[0m
[ 76%] [32mBuilding C object CMakeFiles/mtsp_node.dir/src/Penalty_1_PDTSP.c.o[0m
[ 76%] [32mBuilding C object CMakeFiles/mtsp_node.dir/src/Penalty_ACVRP.c.o[0m
[ 77%] [32mBuilding C object CMakeFiles/mtsp_node.dir/src/Penalty_BWTSP.c.o[0m
[ 77%] [32mBuilding C object CMakeFiles/mtsp_node.dir/src/Penalty_CCVRP.c.o[0m
[ 77%] [32mBuilding C object CMakeFiles/mtsp_node.dir/src/Penalty_CTSP.c.o[0m
[ 77%] [32mBuilding C object CMakeFiles/mtsp_node.dir/src/Penalty_CVRP.c.o[0m
[ 78%] [32mBuilding C object CMakeFiles/mtsp_node.dir/src/Penalty_CVRPTW.c.o[0m
[ 78%] [32mBuilding C object CMakeFiles/mtsp_node.dir/src/Penalty_M1_PDTSP.c.o[0m
[ 78%] [32mBuilding C object CMakeFiles/mtsp_node.dir/src/Penalty_M_PDTSP.c.o[0m
[ 78%] [32mBuilding C object CMakeFiles/mtsp_node.dir/src/Penalty_OVRP.c.o[0m
[ 79%] [32mBuilding C object CMakeFiles/mtsp_node.dir/src/Penalty_MTSP.c.o[0m
[ 79%] [32mBuilding C object CMakeFiles/mtsp_node.dir/src/Penalty_MLP.c.o[0m
[ 80%] [32mBuilding C object CMakeFiles/mtsp_node.dir/src/Penalty_PDPTW.c.o[0m
[ 80%] [32mBuilding C object CMakeFiles/mtsp_node.dir/src/Penalty_PDTSP.c.o[0m
[ 80%] [32mBuilding C object CMakeFiles/mtsp_node.dir/src/Penalty_PDTSPF.c.o[0m
[ 80%] [32mBuilding C object CMakeFiles/mtsp_node.dir/src/Penalty_RCTVRP.c.o[0m
[ 81%] [32mBuilding C object CMakeFiles/mtsp_node.dir/src/Penalty_PDTSPL.c.o[0m
[ 81%] [32mBuilding C object CMakeFiles/mtsp_node.dir/src/Penalty_SOP.c.o[0m
[ 81%] [32mBuilding C object CMakeFiles/mtsp_node.dir/src/Penalty_TSPTW.c.o[0m
[ 81%] [32mBuilding C object CMakeFiles/mtsp_node.dir/src/Penalty_TSPPD.c.o[0m
[ 81%] [32mBuilding C object CMakeFiles/mtsp_node.dir/src/Penalty_TRP.c.o[0m
[ 82%] [32mBuilding C object CMakeFiles/mtsp_node.dir/src/Penalty_TSPDL.c.o[0m
[ 83%] [32mBuilding C object CMakeFiles/mtsp_node.dir/src/Penalty_VRPB.c.o[0m
[ 83%] [32mBuilding C object CMakeFiles/mtsp_node.dir/src/Penalty_VRPBTW.c.o[0m
[ 83%] [32mBuilding C object CMakeFiles/mtsp_node.dir/src/Penalty_VRPPD.c.o[0m
[ 83%] [32mBuilding C object CMakeFiles/mtsp_node.dir/src/Random.c.o[0m
[ 84%] [32mBuilding C object CMakeFiles/mtsp_node.dir/src/PrintParameters.c.o[0m
[ 84%] [32mBuilding C object CMakeFiles/mtsp_node.dir/src/ReadCandidates.c.o[0m
[ 85%] [32mBuilding C object CMakeFiles/mtsp_node.dir/src/ReadEdges.c.o[0m
[ 85%] [32mBuilding C object CMakeFiles/mtsp_node.dir/src/ReadLine.c.o[0m
[ 85%] [32mBuilding C object CMakeFiles/mtsp_node.dir/src/ReadPenalties.c.o[0m
[ 85%] [32mBuilding C object CMakeFiles/mtsp_node.dir/src/ReadParameters.c.o[0m
[ 86%] [32mBuilding C object CMakeFiles/mtsp_node.dir/src/ReadProblem.c.o[0m
[ 86%] [32mBuilding C object CMakeFiles/mtsp_node.dir/src/RecordBestTour.c.o[0m
[ 86%] [32mBuilding C object CMakeFiles/mtsp_node.dir/src/RecordBetterTour.c.o[0m
[ 87%] [32mBuilding C object CMakeFiles/mtsp_node.dir/src/RemoveFirstActive.c.o[0m
[ 87%] [32mBuilding C object CMakeFiles/mtsp_node.dir/src/RestoreTour.c.o[0m
[ 87%] [32mBuilding C object CMakeFiles/mtsp_node.dir/src/ResetCandidateSet.c.o[0m
[ 88%] [32mBuilding C object CMakeFiles/mtsp_node.dir/src/SFCTour.c.o[0m
[ 88%] [32mBuilding C object CMakeFiles/mtsp_node.dir/src/SINTEF_WriteSolution.c.o[0m
[ 89%] [32mBuilding C object CMakeFiles/mtsp_node.dir/src/SOP_RepairTour.c.o[0m
[ 89%] [32mBuilding C object CMakeFiles/mtsp_node.dir/src/SOP_Report.c.o[0m
[ 89%] [32mBuilding C object CMakeFiles/mtsp_node.dir/src/SOP_InitialTour.c.o[0m
[ 90%] [32mBuilding C object CMakeFiles/mtsp_node.dir/src/SegmentSize.c.o[0m
[ 90%] [32mBuilding C object CMakeFiles/mtsp_node.dir/src/STTSP2TSP.c.o[0m
[ 90%] [32mBuilding C object CMakeFiles/mtsp_node.dir/src/SolveDelaunaySubproblems.c.o[0m
[ 90%] [32mBuilding C object CMakeFiles/mtsp_node.dir/src/SolveCompressedSubproblem.c.o[0m
[ 91%] [32mBuilding C object CMakeFiles/mtsp_node.dir/src/SolveKCenterSubproblems.c.o[0m
[ 91%] [32mBuilding C object CMakeFiles/mtsp_node.dir/src/Sequence.c.o[0m
[ 91%] [32mBuilding C object CMakeFiles/mtsp_node.dir/src/SolveKMeansSubproblems.c.o[0m
[ 91%] [32mBuilding C object CMakeFiles/mtsp_node.dir/src/SolveKarpSubproblems.c.o[0m
[ 92%] [32mBuilding C object CMakeFiles/mtsp_node.dir/src/SolveRoheSubproblems.c.o[0m
[ 92%] [32mBuilding C object CMakeFiles/mtsp_node.dir/src/SolveSFCSubproblems.c.o[0m
[ 92%] [32mBuilding C object CMakeFiles/mtsp_node.dir/src/SolveSubproblem.c.o[0m
[ 93%] [32mBuilding C object CMakeFiles/mtsp_node.dir/src/SolveSubproblemBorderProblems.c.o[0m
[ 93%] [32mBuilding C object CMakeFiles/mtsp_node.dir/src/SolveTourSegmentSubproblems.c.o[0m
[ 94%] [32mBuilding C object CMakeFiles/mtsp_node.dir/src/Statistics.c.o[0m
[ 94%] [32mBuilding C object CMakeFiles/mtsp_node.dir/src/StatusReport.c.o[0m
[ 94%] [32mBuilding C object CMakeFiles/mtsp_node.dir/src/StoreTour.c.o[0m
[ 94%] [32mBuilding C object CMakeFiles/mtsp_node.dir/src/SymmetrizeCandidateSet.c.o[0m
[ 94%] [32mBuilding C object CMakeFiles/mtsp_node.dir/src/TSPDL_InitialTour.c.o[0m
[ 95%] [32mBuilding C object CMakeFiles/mtsp_node.dir/src/TSPTW_MakespanCost.c.o[0m
[ 95%] [32mBuilding C object CMakeFiles/mtsp_node.dir/src/TSPTW_Reduce.c.o[0m
[ 95%] [32mBuilding C object CMakeFiles/mtsp_node.dir/src/TrimCandidateSet.c.o[0m
[ 96%] [32mBuilding C object CMakeFiles/mtsp_node.dir/src/VRPB_Reduce.c.o[0m
[ 96%] [32mBuilding C object CMakeFiles/mtsp_node.dir/src/WriteCandidates.c.o[0m
[ 96%] [32mBuilding C object CMakeFiles/mtsp_node.dir/src/WritePenalties.c.o[0m
[ 97%] [32mBuilding C object CMakeFiles/mtsp_node.dir/src/WriteTour.c.o[0m
[ 97%] [32mBuilding C object CMakeFiles/mtsp_node.dir/src/eprintf.c.o[0m
[ 97%] [32mBuilding C object CMakeFiles/mtsp_node.dir/src/fscanint.c.o[0m
[ 98%] [32mBuilding C object CMakeFiles/mtsp_node.dir/src/gpx.c.o[0m
[ 98%] [32mBuilding C object CMakeFiles/mtsp_node.dir/src/printff.c.o[0m
[ 98%] [32mBuilding CXX object CMakeFiles/mtsp_node.dir/src2/mtsp_node.cpp.o[0m
[01m[K/home/zqh/phoenixZ/racer_ws/src/RACER/swarm_exploration/utils/lkh_mtsp_solver/src2/mtsp_node.cpp:[m[K In function ‘[01m[Kbool mtspCallback(lkh_mtsp_solver::SolveMTSP::Request&, lkh_mtsp_solver::SolveMTSP::Response&)[m[K’:
[01m[K/home/zqh/phoenixZ/racer_ws/src/RACER/swarm_exploration/utils/lkh_mtsp_solver/src2/mtsp_node.cpp:25:11:[m[K [01;35m[Kwarning: [m[Kignoring return value of ‘[01m[Kint system(const char*)[m[K’, declared with attribute warn_unused_result [[01;35m[K-Wunused-result[m[K]
   25 |     [01;35m[Ksystem(cmd.c_str())[m[K;
      |     [01;35m[K~~~~~~^~~~~~~~~~~~~[m[K
[100%] [32m[1mLinking CXX executable /home/zqh/phoenixZ/racer_ws/devel/.private/lkh_mtsp_solver/lib/lkh_mtsp_solver/mtsp_node[0m
[100%] Built target mtsp_node
