Linked: (/root/jky/racer_explore/devel/.private/lkh_mtsp_solver/lib/liblkh_mtsp_solver.so, /root/jky/racer_explore/devel/lib/liblkh_mtsp_solver.so)
Linked: (/root/jky/racer_explore/devel/.private/lkh_mtsp_solver/lib/lkh_mtsp_solver/mtsp_node, /root/jky/racer_explore/devel/lib/lkh_mtsp_solver/mtsp_node)
Linked: (/root/jky/racer_explore/devel/.private/lkh_mtsp_solver/lib/python3/dist-packages/lkh_mtsp_solver/__init__.py, /root/jky/racer_explore/devel/lib/python3/dist-packages/lkh_mtsp_solver/__init__.py)
Linked: (/root/jky/racer_explore/devel/.private/lkh_mtsp_solver/lib/python3/dist-packages/lkh_mtsp_solver/srv/_SolveMTSP.py, /root/jky/racer_explore/devel/lib/python3/dist-packages/lkh_mtsp_solver/srv/_SolveMTSP.py)
Linked: (/root/jky/racer_explore/devel/.private/lkh_mtsp_solver/lib/python3/dist-packages/lkh_mtsp_solver/srv/__init__.py, /root/jky/racer_explore/devel/lib/python3/dist-packages/lkh_mtsp_solver/srv/__init__.py)
Linked: (/root/jky/racer_explore/devel/.private/lkh_mtsp_solver/lib/pkgconfig/lkh_mtsp_solver.pc, /root/jky/racer_explore/devel/lib/pkgconfig/lkh_mtsp_solver.pc)
Linked: (/root/jky/racer_explore/devel/.private/lkh_mtsp_solver/include/lkh_mtsp_solver/SolveMTSP.h, /root/jky/racer_explore/devel/include/lkh_mtsp_solver/SolveMTSP.h)
Linked: (/root/jky/racer_explore/devel/.private/lkh_mtsp_solver/include/lkh_mtsp_solver/SolveMTSPResponse.h, /root/jky/racer_explore/devel/include/lkh_mtsp_solver/SolveMTSPResponse.h)
Linked: (/root/jky/racer_explore/devel/.private/lkh_mtsp_solver/include/lkh_mtsp_solver/SolveMTSPRequest.h, /root/jky/racer_explore/devel/include/lkh_mtsp_solver/SolveMTSPRequest.h)
Linked: (/root/jky/racer_explore/devel/.private/lkh_mtsp_solver/share/roseus/ros/lkh_mtsp_solver/manifest.l, /root/jky/racer_explore/devel/share/roseus/ros/lkh_mtsp_solver/manifest.l)
Linked: (/root/jky/racer_explore/devel/.private/lkh_mtsp_solver/share/roseus/ros/lkh_mtsp_solver/srv/SolveMTSP.l, /root/jky/racer_explore/devel/share/roseus/ros/lkh_mtsp_solver/srv/SolveMTSP.l)
Linked: (/root/jky/racer_explore/devel/.private/lkh_mtsp_solver/share/gennodejs/ros/lkh_mtsp_solver/_index.js, /root/jky/racer_explore/devel/share/gennodejs/ros/lkh_mtsp_solver/_index.js)
Linked: (/root/jky/racer_explore/devel/.private/lkh_mtsp_solver/share/gennodejs/ros/lkh_mtsp_solver/srv/_index.js, /root/jky/racer_explore/devel/share/gennodejs/ros/lkh_mtsp_solver/srv/_index.js)
Linked: (/root/jky/racer_explore/devel/.private/lkh_mtsp_solver/share/gennodejs/ros/lkh_mtsp_solver/srv/SolveMTSP.js, /root/jky/racer_explore/devel/share/gennodejs/ros/lkh_mtsp_solver/srv/SolveMTSP.js)
Linked: (/root/jky/racer_explore/devel/.private/lkh_mtsp_solver/share/lkh_mtsp_solver/cmake/lkh_mtsp_solver-msg-paths.cmake, /root/jky/racer_explore/devel/share/lkh_mtsp_solver/cmake/lkh_mtsp_solver-msg-paths.cmake)
Linked: (/root/jky/racer_explore/devel/.private/lkh_mtsp_solver/share/lkh_mtsp_solver/cmake/lkh_mtsp_solver-msg-extras.cmake, /root/jky/racer_explore/devel/share/lkh_mtsp_solver/cmake/lkh_mtsp_solver-msg-extras.cmake)
Linked: (/root/jky/racer_explore/devel/.private/lkh_mtsp_solver/share/lkh_mtsp_solver/cmake/lkh_mtsp_solverConfig-version.cmake, /root/jky/racer_explore/devel/share/lkh_mtsp_solver/cmake/lkh_mtsp_solverConfig-version.cmake)
Linked: (/root/jky/racer_explore/devel/.private/lkh_mtsp_solver/share/lkh_mtsp_solver/cmake/lkh_mtsp_solverConfig.cmake, /root/jky/racer_explore/devel/share/lkh_mtsp_solver/cmake/lkh_mtsp_solverConfig.cmake)
Linked: (/root/jky/racer_explore/devel/.private/lkh_mtsp_solver/share/common-lisp/ros/lkh_mtsp_solver/srv/SolveMTSP.lisp, /root/jky/racer_explore/devel/share/common-lisp/ros/lkh_mtsp_solver/srv/SolveMTSP.lisp)
Linked: (/root/jky/racer_explore/devel/.private/lkh_mtsp_solver/share/common-lisp/ros/lkh_mtsp_solver/srv/_package.lisp, /root/jky/racer_explore/devel/share/common-lisp/ros/lkh_mtsp_solver/srv/_package.lisp)
Linked: (/root/jky/racer_explore/devel/.private/lkh_mtsp_solver/share/common-lisp/ros/lkh_mtsp_solver/srv/lkh_mtsp_solver-srv.asd, /root/jky/racer_explore/devel/share/common-lisp/ros/lkh_mtsp_solver/srv/lkh_mtsp_solver-srv.asd)
Linked: (/root/jky/racer_explore/devel/.private/lkh_mtsp_solver/share/common-lisp/ros/lkh_mtsp_solver/srv/_package_SolveMTSP.lisp, /root/jky/racer_explore/devel/share/common-lisp/ros/lkh_mtsp_solver/srv/_package_SolveMTSP.lisp)
