[  0%] Built target geometry_msgs_generate_messages_lisp
[35m[1mScanning dependencies of target exploration_node[0m
[  0%] Built target geometry_msgs_generate_messages_cpp
[  0%] Built target geometry_msgs_generate_messages_eus
[  0%] Built target geometry_msgs_generate_messages_py
[  0%] Built target geometry_msgs_generate_messages_nodejs
[  8%] Built target ground_node
[  8%] Built target _exploration_manager_generate_messages_check_deps_GridTour
[  8%] Built target _exploration_manager_generate_messages_check_deps_PairOptResponse
[  8%] Built target _exploration_manager_generate_messages_check_deps_HGrid
[  8%] Built target _exploration_manager_generate_messages_check_deps_PairOpt
[  8%] Built target _exploration_manager_generate_messages_check_deps_DroneState
[ 11%] [32mBuilding CXX object CMakeFiles/exploration_node.dir/src/fast_exploration_fsm.cpp.o[0m
[ 29%] Built target exploration_manager_generate_messages_cpp
[ 44%] Built target exploration_manager_generate_messages_py
[ 61%] Built target exploration_manager_generate_messages_eus
[ 76%] Built target exploration_manager_generate_messages_lisp
[ 91%] Built target exploration_manager_generate_messages_nodejs
[ 91%] Built target exploration_manager_generate_messages
[01m[K/home/zqh/phoenixZ/racer_ws/src/RACER/swarm_exploration/exploration_manager/src/fast_exploration_fsm.cpp:[m[K In member function ‘[01m[Kvoid fast_planner::FastExplorationFSM::visualize(int)[m[K’:
[01m[K/home/zqh/phoenixZ/racer_ws/src/RACER/swarm_exploration/exploration_manager/src/fast_exploration_fsm.cpp:421:27:[m[K [01;35m[Kwarning: [m[Kcomparison of integer expressions of different signedness: ‘[01m[Kint[m[K’ and ‘[01m[Kstd::vector<std::vector<Eigen::Matrix<double, 3, 1> > >::size_type[m[K’ {aka ‘[01m[Klong unsigned int[m[K’} [[01;35m[K-Wsign-compare[m[K]
  421 |         for (int i = 0; [01;35m[Ki < ed_ptr->frontiers_.size()[m[K; ++i)
      |                         [01;35m[K~~^~~~~~~~~~~~~~~~~~~~~~~~~~~[m[K
[01m[K/home/zqh/phoenixZ/racer_ws/src/RACER/swarm_exploration/exploration_manager/src/fast_exploration_fsm.cpp:420:20:[m[K [01;35m[Kwarning: [m[Kunused variable ‘[01m[Klast_dftr_num[m[K’ [[01;35m[K-Wunused-variable[m[K]
  420 |         static int [01;35m[Klast_dftr_num[m[K = 0;
      |                    [01;35m[K^~~~~~~~~~~~~[m[K
[01m[K/home/zqh/phoenixZ/racer_ws/src/RACER/swarm_exploration/exploration_manager/src/fast_exploration_fsm.cpp:479:31:[m[K [01;35m[Kwarning: [m[Kcomparison of integer expressions of different signedness: ‘[01m[Kint[m[K’ and ‘[01m[Kstd::vector<Eigen::Matrix<double, 3, 1> >::size_type[m[K’ {aka ‘[01m[Klong unsigned int[m[K’} [[01;35m[K-Wsign-compare[m[K]
  479 |             for (int i = 0; [01;35m[Ki < pts.size()[m[K; ++i)
      |                             [01;35m[K~~^~~~~~~~~~~~[m[K
[01m[K/home/zqh/phoenixZ/racer_ws/src/RACER/swarm_exploration/exploration_manager/src/fast_exploration_fsm.cpp:515:27:[m[K [01;35m[Kwarning: [m[Kcomparison of integer expressions of different signedness: ‘[01m[Kint[m[K’ and ‘[01m[Kstd::vector<Eigen::Matrix<double, 3, 1> >::size_type[m[K’ {aka ‘[01m[Klong unsigned int[m[K’} [[01;35m[K-Wsign-compare[m[K]
  515 |         for (int i = 0; [01;35m[Ki < grid_tour.size()[m[K; ++i)
      |                         [01;35m[K~~^~~~~~~~~~~~~~~~~~[m[K
[01m[K/home/zqh/phoenixZ/racer_ws/src/RACER/swarm_exploration/exploration_manager/src/fast_exploration_fsm.cpp:407:10:[m[K [01;35m[Kwarning: [m[Kunused variable ‘[01m[Kplan_data[m[K’ [[01;35m[K-Wunused-variable[m[K]
  407 |     auto [01;35m[Kplan_data[m[K = &planner_manager_->plan_data_;
      |          [01;35m[K^~~~~~~~~[m[K
[01m[K/home/zqh/phoenixZ/racer_ws/src/RACER/swarm_exploration/exploration_manager/src/fast_exploration_fsm.cpp:410:10:[m[K [01;35m[Kwarning: [m[Kvariable ‘[01m[KgetColorVal[m[K’ set but not used [[01;35m[K-Wunused-but-set-variable[m[K]
  410 |     auto [01;35m[KgetColorVal[m[K = [&](const int& id, const int& num, const int& drone_id) {
      |          [01;35m[K^~~~~~~~~~~[m[K
[01m[K/home/zqh/phoenixZ/racer_ws/src/RACER/swarm_exploration/exploration_manager/src/fast_exploration_fsm.cpp:[m[K In member function ‘[01m[Kvoid fast_planner::FastExplorationFSM::frontierCallback(const ros::TimerEvent&)[m[K’:
[01m[K/home/zqh/phoenixZ/racer_ws/src/RACER/swarm_exploration/exploration_manager/src/fast_exploration_fsm.cpp:670:27:[m[K [01;35m[Kwarning: [m[Kcomparison of integer expressions of different signedness: ‘[01m[Kint[m[K’ and ‘[01m[Kstd::vector<std::vector<Eigen::Matrix<double, 3, 1> > >::size_type[m[K’ {aka ‘[01m[Klong unsigned int[m[K’} [[01;35m[K-Wsign-compare[m[K]
  670 |         for (int i = 0; [01;35m[Ki < ed->frontiers_.size()[m[K; ++i)
      |                         [01;35m[K~~^~~~~~~~~~~~~~~~~~~~~~~[m[K
[01m[K/home/zqh/phoenixZ/racer_ws/src/RACER/swarm_exploration/exploration_manager/src/fast_exploration_fsm.cpp:648:14:[m[K [01;35m[Kwarning: [m[Kvariable ‘[01m[KgetColorVal[m[K’ set but not used [[01;35m[K-Wunused-but-set-variable[m[K]
  648 |         auto [01;35m[KgetColorVal[m[K = [&](const int& id, const int& num, const int& drone_id) {
      |              [01;35m[K^~~~~~~~~~~[m[K
[01m[K/home/zqh/phoenixZ/racer_ws/src/RACER/swarm_exploration/exploration_manager/src/fast_exploration_fsm.cpp:[m[K In member function ‘[01m[Kvoid fast_planner::FastExplorationFSM::optTimerCallback(const ros::TimerEvent&)[m[K’:
[01m[K/home/zqh/phoenixZ/racer_ws/src/RACER/swarm_exploration/exploration_manager/src/fast_exploration_fsm.cpp:859:23:[m[K [01;35m[Kwarning: [m[Kcomparison of integer expressions of different signedness: ‘[01m[Kint[m[K’ and ‘[01m[Kstd::vector<fast_planner::DroneState>::size_type[m[K’ {aka ‘[01m[Klong unsigned int[m[K’} [[01;35m[K-Wsign-compare[m[K]
  859 |     for (int i = 0; [01;35m[Ki < states.size()[m[K; ++i)
      |                     [01;35m[K~~^~~~~~~~~~~~~~~[m[K
[01m[K/home/zqh/phoenixZ/racer_ws/src/RACER/swarm_exploration/exploration_manager/src/fast_exploration_fsm.cpp:850:10:[m[K [01;35m[Kwarning: [m[Kunused variable ‘[01m[Kurgent[m[K’ [[01;35m[K-Wunused-variable[m[K]
  850 |     bool [01;35m[Kurgent[m[K = state1.grid_ids_.empty();
      |          [01;35m[K^~~~~~[m[K
[01m[K/home/zqh/phoenixZ/racer_ws/src/RACER/swarm_exploration/exploration_manager/src/fast_exploration_fsm.cpp:[m[K In member function ‘[01m[Kvoid fast_planner::FastExplorationFSM::swarmTrajCallback(const BsplineConstPtr&)[m[K’:
[01m[K/home/zqh/phoenixZ/racer_ws/src/RACER/swarm_exploration/exploration_manager/src/fast_exploration_fsm.cpp:1210:23:[m[K [01;35m[Kwarning: [m[Kcomparison of integer expressions of different signedness: ‘[01m[Kint[m[K’ and ‘[01m[Kstd::vector<double>::size_type[m[K’ {aka ‘[01m[Klong unsigned int[m[K’} [[01;35m[K-Wsign-compare[m[K]
 1210 |     for (int i = 0; [01;35m[Ki < msg->knots.size()[m[K; ++i)
      |                     [01;35m[K~~^~~~~~~~~~~~~~~~~~~[m[K
[01m[K/home/zqh/phoenixZ/racer_ws/src/RACER/swarm_exploration/exploration_manager/src/fast_exploration_fsm.cpp:1213:23:[m[K [01;35m[Kwarning: [m[Kcomparison of integer expressions of different signedness: ‘[01m[Kint[m[K’ and ‘[01m[Kstd::vector<geometry_msgs::Point_<std::allocator<void> >, std::allocator<geometry_msgs::Point_<std::allocator<void> > > >::size_type[m[K’ {aka ‘[01m[Klong unsigned int[m[K’} [[01;35m[K-Wsign-compare[m[K]
 1213 |     for (int i = 0; [01;35m[Ki < msg->pos_pts.size()[m[K; ++i)
      |                     [01;35m[K~~^~~~~~~~~~~~~~~~~~~~~[m[K
[01m[K/home/zqh/phoenixZ/racer_ws/src/RACER/swarm_exploration/exploration_manager/src/fast_exploration_fsm.cpp:[m[K At global scope:
[01m[K/home/zqh/phoenixZ/racer_ws/src/RACER/swarm_exploration/exploration_manager/src/fast_exploration_fsm.cpp:420:20:[m[K [01;35m[Kwarning: [m[K‘[01m[Klast_dftr_num[m[K’ defined but not used [[01;35m[K-Wunused-variable[m[K]
  420 |         static int [01;35m[Klast_dftr_num[m[K = 0;
      |                    [01;35m[K^~~~~~~~~~~~~[m[K
[ 94%] [32m[1mLinking CXX executable /home/zqh/phoenixZ/racer_ws/devel/.private/exploration_manager/lib/exploration_manager/exploration_node[0m
[100%] Built target exploration_node
