[01m[K/home/zqh/phoenixZ/racer_explore/src/RACER/swarm_exploration/exploration_manager/src/racer2gazebo_cmd.cpp:[m[K In constructor ‘[01m[KCommandConverter::CommandConverter()[m[K’:
[01m[K/home/zqh/phoenixZ/racer_explore/src/RACER/swarm_exploration/exploration_manager/src/racer2gazebo_cmd.cpp:164:9:[m[K [01;35m[Kwarning: [m[K‘[01m[KCommandConverter::car_id_num_[m[K’ will be initialized after [[01;35m[K-Wreorder[m[K]
  164 |     int [01;35m[Kcar_id_num_[m[K;
      |         [01;35m[K^~~~~~~~~~~[m[K
[01m[K/home/zqh/phoenixZ/racer_explore/src/RACER/swarm_exploration/exploration_manager/src/racer2gazebo_cmd.cpp:162:10:[m[K [01;35m[Kwarning: [m[K  ‘[01m[Kbool CommandConverter::mission_done_[m[K’ [[01;35m[K-Wreorder[m[K]
  162 |     bool [01;35m[Kmission_done_[m[K;
      |          [01;35m[K^~~~~~~~~~~~~[m[K
[01m[K/home/zqh/phoenixZ/racer_explore/src/RACER/swarm_exploration/exploration_manager/src/racer2gazebo_cmd.cpp:11:5:[m[K [01;35m[Kwarning: [m[K  when initialized here [[01;35m[K-Wreorder[m[K]
   11 |     [01;35m[KCommandConverter[m[K()
      |     [01;35m[K^~~~~~~~~~~~~~~~[m[K
In file included from [01m[K/home/zqh/phoenixZ/racer_explore/src/RACER/swarm_exploration/exploration_manager/src/exploration_node.cpp:2[m[K:
[01m[K/home/zqh/phoenixZ/racer_explore/src/RACER/swarm_exploration/exploration_manager/include/exploration_manager/fast_exploration_fsm.h:79:59:[m[K [01;31m[Kerror: [m[K‘[01m[KDroneStateConstPtr[m[K’ in namespace ‘[01m[Kexploration_manager[m[K’ does not name a type
   79 |     void droneStateMsgCallback(const exploration_manager::[01;31m[KDroneStateConstPtr[m[K &msg);
      |                                                           [01;31m[K^~~~~~~~~~~~~~~~~~[m[K
make[2]: *** [CMakeFiles/exploration_node.dir/build.make:63: CMakeFiles/exploration_node.dir/src/exploration_node.cpp.o] Error 1
make[2]: *** Waiting for unfinished jobs....
[01m[K/home/zqh/phoenixZ/racer_explore/src/RACER/swarm_exploration/exploration_manager/src/fast_exploration_manager.cpp:[m[K In member function ‘[01m[Kint fast_planner::FastExplorationManager::planExploreMotion(const Vector3d&, const Vector3d&, const Vector3d&, const Vector3d&)[m[K’:
[01m[K/home/zqh/phoenixZ/racer_explore/src/RACER/swarm_exploration/exploration_manager/src/fast_exploration_manager.cpp:154:27:[m[K [01;35m[Kwarning: [m[Kcomparison of integer expressions of different signedness: ‘[01m[Kint[m[K’ and ‘[01m[Kstd::vector<Eigen::Matrix<double, 3, 1> >::size_type[m[K’ {aka ‘[01m[Klong unsigned int[m[K’} [[01;35m[K-Wsign-compare[m[K]
  154 |         for (int i = 0; [01;35m[Ki < ed_->averages_.size()[m[K; ++i)
      |                         [01;35m[K~~^~~~~~~~~~~~~~~~~~~~~~~[m[K
[01m[K/home/zqh/phoenixZ/racer_explore/src/RACER/swarm_exploration/exploration_manager/src/fast_exploration_manager.cpp:178:27:[m[K [01;35m[Kwarning: [m[Kcomparison of integer expressions of different signedness: ‘[01m[Kint[m[K’ and ‘[01m[Kstd::vector<Eigen::Matrix<double, 3, 1> >::size_type[m[K’ {aka ‘[01m[Klong unsigned int[m[K’} [[01;35m[K-Wsign-compare[m[K]
  178 |         for (int i = 0; [01;35m[Ki < ed_->points_.size()[m[K; ++i)
      |                         [01;35m[K~~^~~~~~~~~~~~~~~~~~~~~[m[K
[01m[K/home/zqh/phoenixZ/racer_explore/src/RACER/swarm_exploration/exploration_manager/src/fast_exploration_manager.cpp:221:35:[m[K [01;35m[Kwarning: [m[Kcomparison of integer expressions of different signedness: ‘[01m[Kint[m[K’ and ‘[01m[Kstd::vector<Eigen::Matrix<double, 3, 1> >::size_type[m[K’ {aka ‘[01m[Klong unsigned int[m[K’} [[01;35m[K-Wsign-compare[m[K]
  221 |                 for (int i = 0; [01;35m[Ki < ed_->n_points_[0].size()[m[K; ++i)
      |                                 [01;35m[K~~^~~~~~~~~~~~~~~~~~~~~~~~~~[m[K
[01m[K/home/zqh/phoenixZ/racer_explore/src/RACER/swarm_exploration/exploration_manager/src/fast_exploration_manager.cpp:308:27:[m[K [01;35m[Kwarning: [m[Kcomparison of integer expressions of different signedness: ‘[01m[Kint[m[K’ and ‘[01m[Kstd::vector<Eigen::Matrix<double, 3, 1> >::size_type[m[K’ {aka ‘[01m[Klong unsigned int[m[K’} [[01;35m[K-Wsign-compare[m[K]
  308 |         for (int i = 0; [01;35m[Ki < ed_->refined_points_.size()[m[K; ++i)
      |                         [01;35m[K~~^~~~~~~~~~~~~~~~~~~~~~~~~~~~~[m[K
[01m[K/home/zqh/phoenixZ/racer_explore/src/RACER/swarm_exploration/exploration_manager/src/fast_exploration_manager.cpp:315:27:[m[K [01;35m[Kwarning: [m[Kcomparison of integer expressions of different signedness: ‘[01m[Kint[m[K’ and ‘[01m[Kstd::vector<Eigen::Matrix<double, 3, 1> >::size_type[m[K’ {aka ‘[01m[Klong unsigned int[m[K’} [[01;35m[K-Wsign-compare[m[K]
  315 |         for (int i = 0; [01;35m[Ki < ed_->refined_points_.size()[m[K; ++i)
      |                         [01;35m[K~~^~~~~~~~~~~~~~~~~~~~~~~~~~~~~[m[K
[01m[K/home/zqh/phoenixZ/racer_explore/src/RACER/swarm_exploration/exploration_manager/src/fast_exploration_manager.cpp:323:16:[m[K [01;35m[Kwarning: [m[Kunused variable ‘[01m[Klocal_time[m[K’ [[01;35m[K-Wunused-variable[m[K]
  323 |         double [01;35m[Klocal_time[m[K = (ros::Time::now() - t1).toSec();
      |                [01;35m[K^~~~~~~~~~[m[K
[01m[K/home/zqh/phoenixZ/racer_explore/src/RACER/swarm_exploration/exploration_manager/src/fast_exploration_manager.cpp:[m[K In member function ‘[01m[Kint fast_planner::FastExplorationManager::planTrajToView(const Vector3d&, const Vector3d&, const Vector3d&, const Vector3d&, const Vector3d&, const double&)[m[K’:
[01m[K/home/zqh/phoenixZ/racer_explore/src/RACER/swarm_exploration/exploration_manager/src/fast_exploration_manager.cpp:407:27:[m[K [01;35m[Kwarning: [m[Kcomparison of integer expressions of different signedness: ‘[01m[Kint[m[K’ and ‘[01m[Kstd::vector<Eigen::Matrix<double, 3, 1> >::size_type[m[K’ {aka ‘[01m[Klong unsigned int[m[K’} [[01;35m[K-Wsign-compare[m[K]
  407 |         for (int i = 1; [01;35m[Ki < ed_->path_next_goal_.size()[m[K && len2 < radius_far; ++i)
      |                         [01;35m[K~~^~~~~~~~~~~~~~~~~~~~~~~~~~~~~[m[K
[01m[K/home/zqh/phoenixZ/racer_explore/src/RACER/swarm_exploration/exploration_manager/src/fast_exploration_manager.cpp:359:10:[m[K [01;35m[Kwarning: [m[Kunused variable ‘[01m[Kgoal_unknown[m[K’ [[01;35m[K-Wunused-variable[m[K]
  359 |     bool [01;35m[Kgoal_unknown[m[K = (edt_environment_->sdf_map_->getOccupancy(next_pos) == SDFMap::UNKNOWN); // 目标点是不是未知区域
      |          [01;35m[K^~~~~~~~~~~~[m[K
[01m[K/home/zqh/phoenixZ/racer_explore/src/RACER/swarm_exploration/exploration_manager/src/fast_exploration_manager.cpp:432:12:[m[K [01;35m[Kwarning: [m[Kunused variable ‘[01m[Ktraj_plan_time[m[K’ [[01;35m[K-Wunused-variable[m[K]
  432 |     double [01;35m[Ktraj_plan_time[m[K = (ros::Time::now() - t1).toSec(); // 算位置路径花了多久
      |            [01;35m[K^~~~~~~~~~~~~~[m[K
[01m[K/home/zqh/phoenixZ/racer_explore/src/RACER/swarm_exploration/exploration_manager/src/fast_exploration_manager.cpp:436:12:[m[K [01;35m[Kwarning: [m[Kunused variable ‘[01m[Kyaw_time[m[K’ [[01;35m[K-Wunused-variable[m[K]
  436 |     double [01;35m[Kyaw_time[m[K = (ros::Time::now() - t1).toSec();                       // 记录航向规划所需的时间
      |            [01;35m[K^~~~~~~~[m[K
[01m[K/home/zqh/phoenixZ/racer_explore/src/RACER/swarm_exploration/exploration_manager/src/fast_exploration_manager.cpp:[m[K In member function ‘[01m[Kint fast_planner::FastExplorationManager::updateFrontierStruct(const Vector3d&)[m[K’:
[01m[K/home/zqh/phoenixZ/racer_explore/src/RACER/swarm_exploration/exploration_manager/src/fast_exploration_manager.cpp:478:23:[m[K [01;35m[Kwarning: [m[Kcomparison of integer expressions of different signedness: ‘[01m[Kint[m[K’ and ‘[01m[Kstd::vector<Eigen::Matrix<double, 3, 1> >::size_type[m[K’ {aka ‘[01m[Klong unsigned int[m[K’} [[01;35m[K-Wsign-compare[m[K]
  478 |     for (int i = 0; [01;35m[Ki < ed_->points_.size()[m[K; ++i)
      |                     [01;35m[K~~^~~~~~~~~~~~~~~~~~~~~[m[K
[01m[K/home/zqh/phoenixZ/racer_explore/src/RACER/swarm_exploration/exploration_manager/src/fast_exploration_manager.cpp:451:10:[m[K [01;35m[Kwarning: [m[Kvariable ‘[01m[Kt2[m[K’ set but not used [[01;35m[K-Wunused-but-set-variable[m[K]
  451 |     auto [01;35m[Kt2[m[K = t1;
      |          [01;35m[K^~[m[K
[01m[K/home/zqh/phoenixZ/racer_explore/src/RACER/swarm_exploration/exploration_manager/src/fast_exploration_manager.cpp:494:12:[m[K [01;35m[Kwarning: [m[Kunused variable ‘[01m[Ktotal_time[m[K’ [[01;35m[K-Wunused-variable[m[K]
  494 |     double [01;35m[Ktotal_time[m[K = frontier_time + view_time + mat_time;
      |            [01;35m[K^~~~~~~~~~[m[K
In file included from [01m[K/opt/ros/noetic/include/ros/ros.h:40[m[K,
                 from [01m[K/home/zqh/phoenixZ/racer_explore/src/RACER/swarm_exploration/active_perception/include/active_perception/frontier_finder.h:4[m[K,
                 from [01m[K/home/zqh/phoenixZ/racer_explore/src/RACER/swarm_exploration/exploration_manager/src/fast_exploration_manager.cpp:2[m[K:
[01m[K/home/zqh/phoenixZ/racer_explore/src/RACER/swarm_exploration/exploration_manager/src/fast_exploration_manager.cpp:[m[K In member function ‘[01m[Kvoid fast_planner::FastExplorationManager::findGridAndFrontierPath(const Vector3d&, const Vector3d&, const Vector3d&, std::vector<int>&, std::vector<int>&)[m[K’:
[01m[K/home/zqh/phoenixZ/racer_explore/src/RACER/swarm_exploration/exploration_manager/src/fast_exploration_manager.cpp:530:14:[m[K [01;35m[Kwarning: [m[Kformat ‘[01m[K%d[m[K’ expects argument of type ‘[01m[Kint[m[K’, but argument 8 has type ‘[01m[Kstd::vector<int>::size_type[m[K’ {aka ‘[01m[Klong unsigned int[m[K’} [[01;35m[K-Wformat=[m[K]
  530 |     ROS_INFO([01;35m[K"Find frontier tour, %d involved------------"[m[K, [32m[Kftr_ids.size()[m[K);
      |              [01;35m[K^~~~~~~~~~~~~~~~~~~~~~~~~~~~~~~~~~~~~~~~~~~~~[m[K  [32m[K~~~~~~~~~~~~~~[m[K
      |                                                                         [32m[K|[m[K
      |                                                                         [32m[Kstd::vector<int>::size_type {aka long unsigned int}[m[K
[01m[K/home/zqh/phoenixZ/racer_explore/src/RACER/swarm_exploration/exploration_manager/src/fast_exploration_manager.cpp:530:36:[m[K [01;36m[Knote: [m[Kformat string is defined here
  530 |     ROS_INFO("Find frontier tour, [01;36m[K%d[m[K involved------------", ftr_ids.size());
      |                                   [01;36m[K~^[m[K
      |                                    [01;36m[K|[m[K
      |                                    [01;36m[Kint[m[K
      |                                   [32m[K%ld[m[K
[01m[K/home/zqh/phoenixZ/racer_explore/src/RACER/swarm_exploration/exploration_manager/src/fast_exploration_manager.cpp:[m[K In member function ‘[01m[Kvoid fast_planner::FastExplorationManager::shortenPath(std::vector<Eigen::Matrix<double, 3, 1> >&)[m[K’:
[01m[K/home/zqh/phoenixZ/racer_explore/src/RACER/swarm_exploration/exploration_manager/src/fast_exploration_manager.cpp:562:23:[m[K [01;35m[Kwarning: [m[Kcomparison of integer expressions of different signedness: ‘[01m[Kint[m[K’ and ‘[01m[Kstd::vector<Eigen::Matrix<double, 3, 1> >::size_type[m[K’ {aka ‘[01m[Klong unsigned int[m[K’} [[01;35m[K-Wsign-compare[m[K]
  562 |     for (int i = 1; [01;35m[Ki < path.size() - 1[m[K; ++i)
      |                     [01;35m[K~~^~~~~~~~~~~~~~~~~[m[K
[01m[K/home/zqh/phoenixZ/racer_explore/src/RACER/swarm_exploration/exploration_manager/src/fast_exploration_manager.cpp:[m[K In member function ‘[01m[Kvoid fast_planner::FastExplorationManager::refineLocalTour(const Vector3d&, const Vector3d&, const Vector3d&, const std::vector<std::vector<Eigen::Matrix<double, 3, 1> > >&, const std::vector<std::vector<double> >&, std::vector<Eigen::Matrix<double, 3, 1> >&, std::vector<double>&)[m[K’:
[01m[K/home/zqh/phoenixZ/racer_explore/src/RACER/swarm_exploration/exploration_manager/src/fast_exploration_manager.cpp:706:23:[m[K [01;35m[Kwarning: [m[Kcomparison of integer expressions of different signedness: ‘[01m[Kint[m[K’ and ‘[01m[Kstd::vector<std::vector<Eigen::Matrix<double, 3, 1> > >::size_type[m[K’ {aka ‘[01m[Klong unsigned int[m[K’} [[01;35m[K-Wsign-compare[m[K]
  706 |     for (int i = 0; [01;35m[Ki < n_points.size()[m[K; ++i)
      |                     [01;35m[K~~^~~~~~~~~~~~~~~~~[m[K
[01m[K/home/zqh/phoenixZ/racer_explore/src/RACER/swarm_exploration/exploration_manager/src/fast_exploration_manager.cpp:709:27:[m[K [01;35m[Kwarning: [m[Kcomparison of integer expressions of different signedness: ‘[01m[Kint[m[K’ and ‘[01m[Kstd::vector<Eigen::Matrix<double, 3, 1> >::size_type[m[K’ {aka ‘[01m[Klong unsigned int[m[K’} [[01;35m[K-Wsign-compare[m[K]
  709 |         for (int j = 0; [01;35m[Kj < n_points[i].size()[m[K; ++j)
      |                         [01;35m[K~~^~~~~~~~~~~~~~~~~~~~[m[K
[01m[K/home/zqh/phoenixZ/racer_explore/src/RACER/swarm_exploration/exploration_manager/src/fast_exploration_manager.cpp:719:19:[m[K [01;35m[Kwarning: [m[Kcomparison of integer expressions of different signedness: ‘[01m[Kint[m[K’ and ‘[01m[Kstd::vector<std::vector<Eigen::Matrix<double, 3, 1> > >::size_type[m[K’ {aka ‘[01m[Klong unsigned int[m[K’} [[01;35m[K-Wsign-compare[m[K]
  719 |             if ([01;35m[Ki == n_points.size() - 1[m[K)
      |                 [01;35m[K~~^~~~~~~~~~~~~~~~~~~~~~[m[K
[01m[K/home/zqh/phoenixZ/racer_explore/src/RACER/swarm_exploration/exploration_manager/src/fast_exploration_manager.cpp:742:23:[m[K [01;35m[Kwarning: [m[Kcomparison of integer expressions of different signedness: ‘[01m[Kint[m[K’ and ‘[01m[Kstd::vector<std::shared_ptr<fast_planner::ViewNode> >::size_type[m[K’ {aka ‘[01m[Klong unsigned int[m[K’} [[01;35m[K-Wsign-compare[m[K]
  742 |     for (int i = 1; [01;35m[Ki < path.size()[m[K; ++i)
      |                     [01;35m[K~~^~~~~~~~~~~~~[m[K
[01m[K/home/zqh/phoenixZ/racer_explore/src/RACER/swarm_exploration/exploration_manager/src/fast_exploration_manager.cpp:690:12:[m[K [01;35m[Kwarning: [m[Kvariable ‘[01m[Kcreate_time[m[K’ set but not used [[01;35m[K-Wunused-but-set-variable[m[K]
  690 |     double [01;35m[Kcreate_time[m[K, search_time, parse_time;
      |            [01;35m[K^~~~~~~~~~~[m[K
[01m[K/home/zqh/phoenixZ/racer_explore/src/RACER/swarm_exploration/exploration_manager/src/fast_exploration_manager.cpp:690:25:[m[K [01;35m[Kwarning: [m[Kvariable ‘[01m[Ksearch_time[m[K’ set but not used [[01;35m[K-Wunused-but-set-variable[m[K]
  690 |     double create_time, [01;35m[Ksearch_time[m[K, parse_time;
      |                         [01;35m[K^~~~~~~~~~~[m[K
[01m[K/home/zqh/phoenixZ/racer_explore/src/RACER/swarm_exploration/exploration_manager/src/fast_exploration_manager.cpp:690:38:[m[K [01;35m[Kwarning: [m[Kvariable ‘[01m[Kparse_time[m[K’ set but not used [[01;35m[K-Wunused-but-set-variable[m[K]
  690 |     double create_time, search_time, [01;35m[Kparse_time[m[K;
      |                                      [01;35m[K^~~~~~~~~~[m[K
[01m[K/home/zqh/phoenixZ/racer_explore/src/RACER/swarm_exploration/exploration_manager/src/fast_exploration_manager.cpp:[m[K In member function ‘[01m[Kvoid fast_planner::FastExplorationManager::allocateGrids(const std::vector<Eigen::Matrix<double, 3, 1> >&, const std::vector<Eigen::Matrix<double, 3, 1> >&, const std::vector<std::vector<int> >&, const std::vector<std::vector<int> >&, const std::vector<int>&, std::vector<int>&, std::vector<int>&)[m[K’:
[01m[K/home/zqh/phoenixZ/racer_explore/src/RACER/swarm_exploration/exploration_manager/src/fast_exploration_manager.cpp:821:23:[m[K [01;35m[Kwarning: [m[Kcomparison of integer expressions of different signedness: ‘[01m[Kint[m[K’ and ‘[01m[Kstd::vector<int>::size_type[m[K’ {aka ‘[01m[Klong unsigned int[m[K’} [[01;35m[K-Wsign-compare[m[K]
  821 |     for (int i = 0; [01;35m[Ki < grid_ids.size()[m[K; ++i)
      |                     [01;35m[K~~^~~~~~~~~~~~~~~~~[m[K
[01m[K/home/zqh/phoenixZ/racer_explore/src/RACER/swarm_exploration/exploration_manager/src/fast_exploration_manager.cpp:879:27:[m[K [01;35m[Kwarning: [m[Kcomparison of integer expressions of different signedness: ‘[01m[Kint[m[K’ and ‘[01m[Kstd::vector<int>::size_type[m[K’ {aka ‘[01m[Klong unsigned int[m[K’} [[01;35m[K-Wsign-compare[m[K]
  879 |         for (int i = 0; [01;35m[Ki < grid_ids.size()[m[K; ++i)
      |                         [01;35m[K~~^~~~~~~~~~~~~~~~~[m[K
[01m[K/home/zqh/phoenixZ/racer_explore/src/RACER/swarm_exploration/exploration_manager/src/fast_exploration_manager.cpp:979:23:[m[K [01;35m[Kwarning: [m[Kcomparison of integer expressions of different signedness: ‘[01m[Kint[m[K’ and ‘[01m[Kstd::vector<std::vector<int> >::size_type[m[K’ {aka ‘[01m[Klong unsigned int[m[K’} [[01;35m[K-Wsign-compare[m[K]
  979 |     for (int i = 1; [01;35m[Ki < tours.size()[m[K; ++i)
      |                     [01;35m[K~~^~~~~~~~~~~~~~[m[K
[01m[K/home/zqh/phoenixZ/racer_explore/src/RACER/swarm_exploration/exploration_manager/src/fast_exploration_manager.cpp:778:10:[m[K [01;35m[Kwarning: [m[Kvariable ‘[01m[Kt2[m[K’ set but not used [[01;35m[K-Wunused-but-set-variable[m[K]
  778 |     auto [01;35m[Kt2[m[K = t1;
      |          [01;35m[K^~[m[K
[01m[K/home/zqh/phoenixZ/racer_explore/src/RACER/swarm_exploration/exploration_manager/src/fast_exploration_manager.cpp:810:9:[m[K [01;35m[Kwarning: [m[Kunused variable ‘[01m[Kunknown[m[K’ [[01;35m[K-Wunused-variable[m[K]
  810 |     int [01;35m[Kunknown[m[K;
      |         [01;35m[K^~~~~~~[m[K
[01m[K/home/zqh/phoenixZ/racer_explore/src/RACER/swarm_exploration/exploration_manager/src/fast_exploration_manager.cpp:812:12:[m[K [01;35m[Kwarning: [m[Kunused variable ‘[01m[Kmat_time[m[K’ [[01;35m[K-Wunused-variable[m[K]
  812 |     double [01;35m[Kmat_time[m[K = (ros::Time::now() - t1).toSec();
      |            [01;35m[K^~~~~~~~[m[K
[01m[K/home/zqh/phoenixZ/racer_explore/src/RACER/swarm_exploration/exploration_manager/src/fast_exploration_manager.cpp:930:12:[m[K [01;35m[Kwarning: [m[Kunused variable ‘[01m[Kmtsp_time[m[K’ [[01;35m[K-Wunused-variable[m[K]
  930 |     double [01;35m[Kmtsp_time[m[K = (ros::Time::now() - t1).toSec();
      |            [01;35m[K^~~~~~~~~[m[K
[01m[K/home/zqh/phoenixZ/racer_explore/src/RACER/swarm_exploration/exploration_manager/src/fast_exploration_manager.cpp:[m[K In member function ‘[01m[Kdouble fast_planner::FastExplorationManager::computeGridPathCost(const Vector3d&, const std::vector<int>&, const std::vector<int>&, const std::vector<std::vector<int> >&, const std::vector<std::vector<int> >&, const double&)[m[K’:
[01m[K/home/zqh/phoenixZ/racer_explore/src/RACER/swarm_exploration/exploration_manager/src/fast_exploration_manager.cpp:1020:23:[m[K [01;35m[Kwarning: [m[Kcomparison of integer expressions of different signedness: ‘[01m[Kint[m[K’ and ‘[01m[Kstd::vector<int>::size_type[m[K’ {aka ‘[01m[Klong unsigned int[m[K’} [[01;35m[K-Wsign-compare[m[K]
 1020 |     for (int i = 0; [01;35m[Ki < grid_ids.size() - 1[m[K; ++i)
      |                     [01;35m[K~~^~~~~~~~~~~~~~~~~~~~~[m[K
[01m[K/home/zqh/phoenixZ/racer_explore/src/RACER/swarm_exploration/exploration_manager/src/fast_exploration_manager.cpp:[m[K In member function ‘[01m[Kbool fast_planner::FastExplorationManager::findGlobalTourOfGrid(const std::vector<Eigen::Matrix<double, 3, 1> >&, const std::vector<Eigen::Matrix<double, 3, 1> >&, std::vector<int>&, std::vector<std::vector<int> >&, bool)[m[K’:
[01m[K/home/zqh/phoenixZ/racer_explore/src/RACER/swarm_exploration/exploration_manager/src/fast_exploration_manager.cpp:1182:23:[m[K [01;35m[Kwarning: [m[Kcomparison of integer expressions of different signedness: ‘[01m[Kint[m[K’ and ‘[01m[Kstd::vector<std::vector<int> >::size_type[m[K’ {aka ‘[01m[Klong unsigned int[m[K’} [[01;35m[K-Wsign-compare[m[K]
 1182 |     for (int i = 1; [01;35m[Ki < tours.size()[m[K; ++i)
      |                     [01;35m[K~~^~~~~~~~~~~~~~[m[K
[01m[K/home/zqh/phoenixZ/racer_explore/src/RACER/swarm_exploration/exploration_manager/src/fast_exploration_manager.cpp:1074:12:[m[K [01;35m[Kwarning: [m[Kunused variable ‘[01m[Kmat_time[m[K’ [[01;35m[K-Wunused-variable[m[K]
 1074 |     double [01;35m[Kmat_time[m[K = (ros::Time::now() - t1).toSec();
      |            [01;35m[K^~~~~~~~[m[K
[01m[K/home/zqh/phoenixZ/racer_explore/src/RACER/swarm_exploration/exploration_manager/src/fast_exploration_manager.cpp:1130:12:[m[K [01;35m[Kwarning: [m[Kunused variable ‘[01m[Kmtsp_time[m[K’ [[01;35m[K-Wunused-variable[m[K]
 1130 |     double [01;35m[Kmtsp_time[m[K = (ros::Time::now() - t1).toSec();
      |            [01;35m[K^~~~~~~~~[m[K
[01m[K/home/zqh/phoenixZ/racer_explore/src/RACER/swarm_exploration/exploration_manager/src/fast_exploration_manager.cpp:[m[K In member function ‘[01m[Kvoid fast_planner::FastExplorationManager::findTourOfFrontier(const Vector3d&, const Vector3d&, const Vector3d&, const std::vector<int>&, const std::vector<Eigen::Matrix<double, 3, 1> >&, std::vector<int>&)[m[K’:
[01m[K/home/zqh/phoenixZ/racer_explore/src/RACER/swarm_exploration/exploration_manager/src/fast_exploration_manager.cpp:1331:23:[m[K [01;35m[Kwarning: [m[Kcomparison of integer expressions of different signedness: ‘[01m[Kint[m[K’ and ‘[01m[Kstd::vector<std::vector<int> >::size_type[m[K’ {aka ‘[01m[Klong unsigned int[m[K’} [[01;35m[K-Wsign-compare[m[K]
 1331 |     for (int i = 1; [01;35m[Ki < tours.size()[m[K; ++i)
      |                     [01;35m[K~~^~~~~~~~~~~~~~[m[K
[01m[K/home/zqh/phoenixZ/racer_explore/src/RACER/swarm_exploration/exploration_manager/src/fast_exploration_manager.cpp:1356:23:[m[K [01;35m[Kwarning: [m[Kcomparison of integer expressions of different signedness: ‘[01m[Kint[m[K’ and ‘[01m[Kstd::vector<int>::size_type[m[K’ {aka ‘[01m[Klong unsigned int[m[K’} [[01;35m[K-Wsign-compare[m[K]
 1356 |     for (int i = 0; [01;35m[Ki < indices.size()[m[K; ++i)
      |                     [01;35m[K~~^~~~~~~~~~~~~~~~[m[K
[01m[K/home/zqh/phoenixZ/racer_explore/src/RACER/swarm_exploration/exploration_manager/src/fast_exploration_manager.cpp:1236:12:[m[K [01;35m[Kwarning: [m[Kunused variable ‘[01m[Kmat_time[m[K’ [[01;35m[K-Wunused-variable[m[K]
 1236 |     double [01;35m[Kmat_time[m[K = (ros::Time::now() - t1).toSec();
      |            [01;35m[K^~~~~~~~[m[K
[01m[K/home/zqh/phoenixZ/racer_explore/src/RACER/swarm_exploration/exploration_manager/src/fast_exploration_manager.cpp:1287:12:[m[K [01;35m[Kwarning: [m[Kunused variable ‘[01m[Kmtsp_time[m[K’ [[01;35m[K-Wunused-variable[m[K]
 1287 |     double [01;35m[Kmtsp_time[m[K = (ros::Time::now() - t1).toSec();
      |            [01;35m[K^~~~~~~~~[m[K
[01m[K/home/zqh/phoenixZ/racer_explore/src/RACER/swarm_exploration/exploration_manager/src/fast_exploration_manager.cpp:1374:12:[m[K [01;35m[Kwarning: [m[Kunused variable ‘[01m[Kparse_time[m[K’ [[01;35m[K-Wunused-variable[m[K]
 1374 |     double [01;35m[Kparse_time[m[K = (ros::Time::now() - t1).toSec();
      |            [01;35m[K^~~~~~~~~~[m[K
[01m[K/home/zqh/phoenixZ/racer_explore/src/RACER/swarm_exploration/exploration_manager/src/fast_exploration_manager.cpp:[m[K In member function ‘[01m[Kint fast_planner::FastExplorationManager::planExploreMotion(const Vector3d&, const Vector3d&, const Vector3d&, const Vector3d&)[m[K’:
[01m[K/home/zqh/phoenixZ/racer_explore/src/RACER/swarm_exploration/exploration_manager/src/fast_exploration_manager.cpp:154:27:[m[K [01;35m[Kwarning: [m[Kcomparison of integer expressions of different signedness: ‘[01m[Kint[m[K’ and ‘[01m[Kstd::vector<Eigen::Matrix<double, 3, 1> >::size_type[m[K’ {aka ‘[01m[Klong unsigned int[m[K’} [[01;35m[K-Wsign-compare[m[K]
  154 |         for (int i = 0; [01;35m[Ki < ed_->averages_.size()[m[K; ++i)
      |                         [01;35m[K~~^~~~~~~~~~~~~~~~~~~~~~~[m[K
[01m[K/home/zqh/phoenixZ/racer_explore/src/RACER/swarm_exploration/exploration_manager/src/fast_exploration_manager.cpp:178:27:[m[K [01;35m[Kwarning: [m[Kcomparison of integer expressions of different signedness: ‘[01m[Kint[m[K’ and ‘[01m[Kstd::vector<Eigen::Matrix<double, 3, 1> >::size_type[m[K’ {aka ‘[01m[Klong unsigned int[m[K’} [[01;35m[K-Wsign-compare[m[K]
  178 |         for (int i = 0; [01;35m[Ki < ed_->points_.size()[m[K; ++i)
      |                         [01;35m[K~~^~~~~~~~~~~~~~~~~~~~~[m[K
[01m[K/home/zqh/phoenixZ/racer_explore/src/RACER/swarm_exploration/exploration_manager/src/fast_exploration_manager.cpp:221:35:[m[K [01;35m[Kwarning: [m[Kcomparison of integer expressions of different signedness: ‘[01m[Kint[m[K’ and ‘[01m[Kstd::vector<Eigen::Matrix<double, 3, 1> >::size_type[m[K’ {aka ‘[01m[Klong unsigned int[m[K’} [[01;35m[K-Wsign-compare[m[K]
  221 |                 for (int i = 0; [01;35m[Ki < ed_->n_points_[0].size()[m[K; ++i)
      |                                 [01;35m[K~~^~~~~~~~~~~~~~~~~~~~~~~~~~[m[K
[01m[K/home/zqh/phoenixZ/racer_explore/src/RACER/swarm_exploration/exploration_manager/src/fast_exploration_manager.cpp:308:27:[m[K [01;35m[Kwarning: [m[Kcomparison of integer expressions of different signedness: ‘[01m[Kint[m[K’ and ‘[01m[Kstd::vector<Eigen::Matrix<double, 3, 1> >::size_type[m[K’ {aka ‘[01m[Klong unsigned int[m[K’} [[01;35m[K-Wsign-compare[m[K]
  308 |         for (int i = 0; [01;35m[Ki < ed_->refined_points_.size()[m[K; ++i)
      |                         [01;35m[K~~^~~~~~~~~~~~~~~~~~~~~~~~~~~~~[m[K
[01m[K/home/zqh/phoenixZ/racer_explore/src/RACER/swarm_exploration/exploration_manager/src/fast_exploration_manager.cpp:315:27:[m[K [01;35m[Kwarning: [m[Kcomparison of integer expressions of different signedness: ‘[01m[Kint[m[K’ and ‘[01m[Kstd::vector<Eigen::Matrix<double, 3, 1> >::size_type[m[K’ {aka ‘[01m[Klong unsigned int[m[K’} [[01;35m[K-Wsign-compare[m[K]
  315 |         for (int i = 0; [01;35m[Ki < ed_->refined_points_.size()[m[K; ++i)
      |                         [01;35m[K~~^~~~~~~~~~~~~~~~~~~~~~~~~~~~~[m[K
[01m[K/home/zqh/phoenixZ/racer_explore/src/RACER/swarm_exploration/exploration_manager/src/fast_exploration_manager.cpp:323:16:[m[K [01;35m[Kwarning: [m[Kunused variable ‘[01m[Klocal_time[m[K’ [[01;35m[K-Wunused-variable[m[K]
  323 |         double [01;35m[Klocal_time[m[K = (ros::Time::now() - t1).toSec();
      |                [01;35m[K^~~~~~~~~~[m[K
[01m[K/home/zqh/phoenixZ/racer_explore/src/RACER/swarm_exploration/exploration_manager/src/fast_exploration_manager.cpp:[m[K In member function ‘[01m[Kint fast_planner::FastExplorationManager::planTrajToView(const Vector3d&, const Vector3d&, const Vector3d&, const Vector3d&, const Vector3d&, const double&)[m[K’:
[01m[K/home/zqh/phoenixZ/racer_explore/src/RACER/swarm_exploration/exploration_manager/src/fast_exploration_manager.cpp:407:27:[m[K [01;35m[Kwarning: [m[Kcomparison of integer expressions of different signedness: ‘[01m[Kint[m[K’ and ‘[01m[Kstd::vector<Eigen::Matrix<double, 3, 1> >::size_type[m[K’ {aka ‘[01m[Klong unsigned int[m[K’} [[01;35m[K-Wsign-compare[m[K]
  407 |         for (int i = 1; [01;35m[Ki < ed_->path_next_goal_.size()[m[K && len2 < radius_far; ++i)
      |                         [01;35m[K~~^~~~~~~~~~~~~~~~~~~~~~~~~~~~~[m[K
[01m[K/home/zqh/phoenixZ/racer_explore/src/RACER/swarm_exploration/exploration_manager/src/fast_exploration_manager.cpp:359:10:[m[K [01;35m[Kwarning: [m[Kunused variable ‘[01m[Kgoal_unknown[m[K’ [[01;35m[K-Wunused-variable[m[K]
  359 |     bool [01;35m[Kgoal_unknown[m[K = (edt_environment_->sdf_map_->getOccupancy(next_pos) == SDFMap::UNKNOWN); // 目标点是不是未知区域
      |          [01;35m[K^~~~~~~~~~~~[m[K
[01m[K/home/zqh/phoenixZ/racer_explore/src/RACER/swarm_exploration/exploration_manager/src/fast_exploration_manager.cpp:432:12:[m[K [01;35m[Kwarning: [m[Kunused variable ‘[01m[Ktraj_plan_time[m[K’ [[01;35m[K-Wunused-variable[m[K]
  432 |     double [01;35m[Ktraj_plan_time[m[K = (ros::Time::now() - t1).toSec(); // 算位置路径花了多久
      |            [01;35m[K^~~~~~~~~~~~~~[m[K
[01m[K/home/zqh/phoenixZ/racer_explore/src/RACER/swarm_exploration/exploration_manager/src/fast_exploration_manager.cpp:436:12:[m[K [01;35m[Kwarning: [m[Kunused variable ‘[01m[Kyaw_time[m[K’ [[01;35m[K-Wunused-variable[m[K]
  436 |     double [01;35m[Kyaw_time[m[K = (ros::Time::now() - t1).toSec();                       // 记录航向规划所需的时间
      |            [01;35m[K^~~~~~~~[m[K
[01m[K/home/zqh/phoenixZ/racer_explore/src/RACER/swarm_exploration/exploration_manager/src/fast_exploration_manager.cpp:[m[K In member function ‘[01m[Kint fast_planner::FastExplorationManager::updateFrontierStruct(const Vector3d&)[m[K’:
[01m[K/home/zqh/phoenixZ/racer_explore/src/RACER/swarm_exploration/exploration_manager/src/fast_exploration_manager.cpp:478:23:[m[K [01;35m[Kwarning: [m[Kcomparison of integer expressions of different signedness: ‘[01m[Kint[m[K’ and ‘[01m[Kstd::vector<Eigen::Matrix<double, 3, 1> >::size_type[m[K’ {aka ‘[01m[Klong unsigned int[m[K’} [[01;35m[K-Wsign-compare[m[K]
  478 |     for (int i = 0; [01;35m[Ki < ed_->points_.size()[m[K; ++i)
      |                     [01;35m[K~~^~~~~~~~~~~~~~~~~~~~~[m[K
[01m[K/home/zqh/phoenixZ/racer_explore/src/RACER/swarm_exploration/exploration_manager/src/fast_exploration_manager.cpp:451:10:[m[K [01;35m[Kwarning: [m[Kvariable ‘[01m[Kt2[m[K’ set but not used [[01;35m[K-Wunused-but-set-variable[m[K]
  451 |     auto [01;35m[Kt2[m[K = t1;
      |          [01;35m[K^~[m[K
[01m[K/home/zqh/phoenixZ/racer_explore/src/RACER/swarm_exploration/exploration_manager/src/fast_exploration_manager.cpp:494:12:[m[K [01;35m[Kwarning: [m[Kunused variable ‘[01m[Ktotal_time[m[K’ [[01;35m[K-Wunused-variable[m[K]
  494 |     double [01;35m[Ktotal_time[m[K = frontier_time + view_time + mat_time;
      |            [01;35m[K^~~~~~~~~~[m[K
In file included from [01m[K/opt/ros/noetic/include/ros/ros.h:40[m[K,
                 from [01m[K/home/zqh/phoenixZ/racer_explore/src/RACER/swarm_exploration/active_perception/include/active_perception/frontier_finder.h:4[m[K,
                 from [01m[K/home/zqh/phoenixZ/racer_explore/src/RACER/swarm_exploration/exploration_manager/src/fast_exploration_manager.cpp:2[m[K:
[01m[K/home/zqh/phoenixZ/racer_explore/src/RACER/swarm_exploration/exploration_manager/src/fast_exploration_manager.cpp:[m[K In member function ‘[01m[Kvoid fast_planner::FastExplorationManager::findGridAndFrontierPath(const Vector3d&, const Vector3d&, const Vector3d&, std::vector<int>&, std::vector<int>&)[m[K’:
[01m[K/home/zqh/phoenixZ/racer_explore/src/RACER/swarm_exploration/exploration_manager/src/fast_exploration_manager.cpp:530:14:[m[K [01;35m[Kwarning: [m[Kformat ‘[01m[K%d[m[K’ expects argument of type ‘[01m[Kint[m[K’, but argument 8 has type ‘[01m[Kstd::vector<int>::size_type[m[K’ {aka ‘[01m[Klong unsigned int[m[K’} [[01;35m[K-Wformat=[m[K]
  530 |     ROS_INFO([01;35m[K"Find frontier tour, %d involved------------"[m[K, [32m[Kftr_ids.size()[m[K);
      |              [01;35m[K^~~~~~~~~~~~~~~~~~~~~~~~~~~~~~~~~~~~~~~~~~~~~[m[K  [32m[K~~~~~~~~~~~~~~[m[K
      |                                                                         [32m[K|[m[K
      |                                                                         [32m[Kstd::vector<int>::size_type {aka long unsigned int}[m[K
[01m[K/home/zqh/phoenixZ/racer_explore/src/RACER/swarm_exploration/exploration_manager/src/fast_exploration_manager.cpp:530:36:[m[K [01;36m[Knote: [m[Kformat string is defined here
  530 |     ROS_INFO("Find frontier tour, [01;36m[K%d[m[K involved------------", ftr_ids.size());
      |                                   [01;36m[K~^[m[K
      |                                    [01;36m[K|[m[K
      |                                    [01;36m[Kint[m[K
      |                                   [32m[K%ld[m[K
[01m[K/home/zqh/phoenixZ/racer_explore/src/RACER/swarm_exploration/exploration_manager/src/fast_exploration_manager.cpp:[m[K In member function ‘[01m[Kvoid fast_planner::FastExplorationManager::shortenPath(std::vector<Eigen::Matrix<double, 3, 1> >&)[m[K’:
[01m[K/home/zqh/phoenixZ/racer_explore/src/RACER/swarm_exploration/exploration_manager/src/fast_exploration_manager.cpp:562:23:[m[K [01;35m[Kwarning: [m[Kcomparison of integer expressions of different signedness: ‘[01m[Kint[m[K’ and ‘[01m[Kstd::vector<Eigen::Matrix<double, 3, 1> >::size_type[m[K’ {aka ‘[01m[Klong unsigned int[m[K’} [[01;35m[K-Wsign-compare[m[K]
  562 |     for (int i = 1; [01;35m[Ki < path.size() - 1[m[K; ++i)
      |                     [01;35m[K~~^~~~~~~~~~~~~~~~~[m[K
[01m[K/home/zqh/phoenixZ/racer_explore/src/RACER/swarm_exploration/exploration_manager/src/fast_exploration_manager.cpp:[m[K In member function ‘[01m[Kvoid fast_planner::FastExplorationManager::refineLocalTour(const Vector3d&, const Vector3d&, const Vector3d&, const std::vector<std::vector<Eigen::Matrix<double, 3, 1> > >&, const std::vector<std::vector<double> >&, std::vector<Eigen::Matrix<double, 3, 1> >&, std::vector<double>&)[m[K’:
[01m[K/home/zqh/phoenixZ/racer_explore/src/RACER/swarm_exploration/exploration_manager/src/fast_exploration_manager.cpp:706:23:[m[K [01;35m[Kwarning: [m[Kcomparison of integer expressions of different signedness: ‘[01m[Kint[m[K’ and ‘[01m[Kstd::vector<std::vector<Eigen::Matrix<double, 3, 1> > >::size_type[m[K’ {aka ‘[01m[Klong unsigned int[m[K’} [[01;35m[K-Wsign-compare[m[K]
  706 |     for (int i = 0; [01;35m[Ki < n_points.size()[m[K; ++i)
      |                     [01;35m[K~~^~~~~~~~~~~~~~~~~[m[K
[01m[K/home/zqh/phoenixZ/racer_explore/src/RACER/swarm_exploration/exploration_manager/src/fast_exploration_manager.cpp:709:27:[m[K [01;35m[Kwarning: [m[Kcomparison of integer expressions of different signedness: ‘[01m[Kint[m[K’ and ‘[01m[Kstd::vector<Eigen::Matrix<double, 3, 1> >::size_type[m[K’ {aka ‘[01m[Klong unsigned int[m[K’} [[01;35m[K-Wsign-compare[m[K]
  709 |         for (int j = 0; [01;35m[Kj < n_points[i].size()[m[K; ++j)
      |                         [01;35m[K~~^~~~~~~~~~~~~~~~~~~~[m[K
[01m[K/home/zqh/phoenixZ/racer_explore/src/RACER/swarm_exploration/exploration_manager/src/fast_exploration_manager.cpp:719:19:[m[K [01;35m[Kwarning: [m[Kcomparison of integer expressions of different signedness: ‘[01m[Kint[m[K’ and ‘[01m[Kstd::vector<std::vector<Eigen::Matrix<double, 3, 1> > >::size_type[m[K’ {aka ‘[01m[Klong unsigned int[m[K’} [[01;35m[K-Wsign-compare[m[K]
  719 |             if ([01;35m[Ki == n_points.size() - 1[m[K)
      |                 [01;35m[K~~^~~~~~~~~~~~~~~~~~~~~~[m[K
[01m[K/home/zqh/phoenixZ/racer_explore/src/RACER/swarm_exploration/exploration_manager/src/fast_exploration_manager.cpp:742:23:[m[K [01;35m[Kwarning: [m[Kcomparison of integer expressions of different signedness: ‘[01m[Kint[m[K’ and ‘[01m[Kstd::vector<std::shared_ptr<fast_planner::ViewNode> >::size_type[m[K’ {aka ‘[01m[Klong unsigned int[m[K’} [[01;35m[K-Wsign-compare[m[K]
  742 |     for (int i = 1; [01;35m[Ki < path.size()[m[K; ++i)
      |                     [01;35m[K~~^~~~~~~~~~~~~[m[K
[01m[K/home/zqh/phoenixZ/racer_explore/src/RACER/swarm_exploration/exploration_manager/src/fast_exploration_manager.cpp:690:12:[m[K [01;35m[Kwarning: [m[Kvariable ‘[01m[Kcreate_time[m[K’ set but not used [[01;35m[K-Wunused-but-set-variable[m[K]
  690 |     double [01;35m[Kcreate_time[m[K, search_time, parse_time;
      |            [01;35m[K^~~~~~~~~~~[m[K
[01m[K/home/zqh/phoenixZ/racer_explore/src/RACER/swarm_exploration/exploration_manager/src/fast_exploration_manager.cpp:690:25:[m[K [01;35m[Kwarning: [m[Kvariable ‘[01m[Ksearch_time[m[K’ set but not used [[01;35m[K-Wunused-but-set-variable[m[K]
  690 |     double create_time, [01;35m[Ksearch_time[m[K, parse_time;
      |                         [01;35m[K^~~~~~~~~~~[m[K
[01m[K/home/zqh/phoenixZ/racer_explore/src/RACER/swarm_exploration/exploration_manager/src/fast_exploration_manager.cpp:690:38:[m[K [01;35m[Kwarning: [m[Kvariable ‘[01m[Kparse_time[m[K’ set but not used [[01;35m[K-Wunused-but-set-variable[m[K]
  690 |     double create_time, search_time, [01;35m[Kparse_time[m[K;
      |                                      [01;35m[K^~~~~~~~~~[m[K
[01m[K/home/zqh/phoenixZ/racer_explore/src/RACER/swarm_exploration/exploration_manager/src/fast_exploration_manager.cpp:[m[K In member function ‘[01m[Kvoid fast_planner::FastExplorationManager::allocateGrids(const std::vector<Eigen::Matrix<double, 3, 1> >&, const std::vector<Eigen::Matrix<double, 3, 1> >&, const std::vector<std::vector<int> >&, const std::vector<std::vector<int> >&, const std::vector<int>&, std::vector<int>&, std::vector<int>&)[m[K’:
[01m[K/home/zqh/phoenixZ/racer_explore/src/RACER/swarm_exploration/exploration_manager/src/fast_exploration_manager.cpp:821:23:[m[K [01;35m[Kwarning: [m[Kcomparison of integer expressions of different signedness: ‘[01m[Kint[m[K’ and ‘[01m[Kstd::vector<int>::size_type[m[K’ {aka ‘[01m[Klong unsigned int[m[K’} [[01;35m[K-Wsign-compare[m[K]
  821 |     for (int i = 0; [01;35m[Ki < grid_ids.size()[m[K; ++i)
      |                     [01;35m[K~~^~~~~~~~~~~~~~~~~[m[K
[01m[K/home/zqh/phoenixZ/racer_explore/src/RACER/swarm_exploration/exploration_manager/src/fast_exploration_manager.cpp:879:27:[m[K [01;35m[Kwarning: [m[Kcomparison of integer expressions of different signedness: ‘[01m[Kint[m[K’ and ‘[01m[Kstd::vector<int>::size_type[m[K’ {aka ‘[01m[Klong unsigned int[m[K’} [[01;35m[K-Wsign-compare[m[K]
  879 |         for (int i = 0; [01;35m[Ki < grid_ids.size()[m[K; ++i)
      |                         [01;35m[K~~^~~~~~~~~~~~~~~~~[m[K
[01m[K/home/zqh/phoenixZ/racer_explore/src/RACER/swarm_exploration/exploration_manager/src/fast_exploration_manager.cpp:979:23:[m[K [01;35m[Kwarning: [m[Kcomparison of integer expressions of different signedness: ‘[01m[Kint[m[K’ and ‘[01m[Kstd::vector<std::vector<int> >::size_type[m[K’ {aka ‘[01m[Klong unsigned int[m[K’} [[01;35m[K-Wsign-compare[m[K]
  979 |     for (int i = 1; [01;35m[Ki < tours.size()[m[K; ++i)
      |                     [01;35m[K~~^~~~~~~~~~~~~~[m[K
[01m[K/home/zqh/phoenixZ/racer_explore/src/RACER/swarm_exploration/exploration_manager/src/fast_exploration_manager.cpp:778:10:[m[K [01;35m[Kwarning: [m[Kvariable ‘[01m[Kt2[m[K’ set but not used [[01;35m[K-Wunused-but-set-variable[m[K]
  778 |     auto [01;35m[Kt2[m[K = t1;
      |          [01;35m[K^~[m[K
[01m[K/home/zqh/phoenixZ/racer_explore/src/RACER/swarm_exploration/exploration_manager/src/fast_exploration_manager.cpp:810:9:[m[K [01;35m[Kwarning: [m[Kunused variable ‘[01m[Kunknown[m[K’ [[01;35m[K-Wunused-variable[m[K]
  810 |     int [01;35m[Kunknown[m[K;
      |         [01;35m[K^~~~~~~[m[K
[01m[K/home/zqh/phoenixZ/racer_explore/src/RACER/swarm_exploration/exploration_manager/src/fast_exploration_manager.cpp:812:12:[m[K [01;35m[Kwarning: [m[Kunused variable ‘[01m[Kmat_time[m[K’ [[01;35m[K-Wunused-variable[m[K]
  812 |     double [01;35m[Kmat_time[m[K = (ros::Time::now() - t1).toSec();
      |            [01;35m[K^~~~~~~~[m[K
[01m[K/home/zqh/phoenixZ/racer_explore/src/RACER/swarm_exploration/exploration_manager/src/fast_exploration_manager.cpp:930:12:[m[K [01;35m[Kwarning: [m[Kunused variable ‘[01m[Kmtsp_time[m[K’ [[01;35m[K-Wunused-variable[m[K]
  930 |     double [01;35m[Kmtsp_time[m[K = (ros::Time::now() - t1).toSec();
      |            [01;35m[K^~~~~~~~~[m[K
[01m[K/home/zqh/phoenixZ/racer_explore/src/RACER/swarm_exploration/exploration_manager/src/fast_exploration_manager.cpp:[m[K In member function ‘[01m[Kdouble fast_planner::FastExplorationManager::computeGridPathCost(const Vector3d&, const std::vector<int>&, const std::vector<int>&, const std::vector<std::vector<int> >&, const std::vector<std::vector<int> >&, const double&)[m[K’:
[01m[K/home/zqh/phoenixZ/racer_explore/src/RACER/swarm_exploration/exploration_manager/src/fast_exploration_manager.cpp:1020:23:[m[K [01;35m[Kwarning: [m[Kcomparison of integer expressions of different signedness: ‘[01m[Kint[m[K’ and ‘[01m[Kstd::vector<int>::size_type[m[K’ {aka ‘[01m[Klong unsigned int[m[K’} [[01;35m[K-Wsign-compare[m[K]
 1020 |     for (int i = 0; [01;35m[Ki < grid_ids.size() - 1[m[K; ++i)
      |                     [01;35m[K~~^~~~~~~~~~~~~~~~~~~~~[m[K
[01m[K/home/zqh/phoenixZ/racer_explore/src/RACER/swarm_exploration/exploration_manager/src/fast_exploration_manager.cpp:[m[K In member function ‘[01m[Kbool fast_planner::FastExplorationManager::findGlobalTourOfGrid(const std::vector<Eigen::Matrix<double, 3, 1> >&, const std::vector<Eigen::Matrix<double, 3, 1> >&, std::vector<int>&, std::vector<std::vector<int> >&, bool)[m[K’:
[01m[K/home/zqh/phoenixZ/racer_explore/src/RACER/swarm_exploration/exploration_manager/src/fast_exploration_manager.cpp:1182:23:[m[K [01;35m[Kwarning: [m[Kcomparison of integer expressions of different signedness: ‘[01m[Kint[m[K’ and ‘[01m[Kstd::vector<std::vector<int> >::size_type[m[K’ {aka ‘[01m[Klong unsigned int[m[K’} [[01;35m[K-Wsign-compare[m[K]
 1182 |     for (int i = 1; [01;35m[Ki < tours.size()[m[K; ++i)
      |                     [01;35m[K~~^~~~~~~~~~~~~~[m[K
[01m[K/home/zqh/phoenixZ/racer_explore/src/RACER/swarm_exploration/exploration_manager/src/fast_exploration_manager.cpp:1074:12:[m[K [01;35m[Kwarning: [m[Kunused variable ‘[01m[Kmat_time[m[K’ [[01;35m[K-Wunused-variable[m[K]
 1074 |     double [01;35m[Kmat_time[m[K = (ros::Time::now() - t1).toSec();
      |            [01;35m[K^~~~~~~~[m[K
[01m[K/home/zqh/phoenixZ/racer_explore/src/RACER/swarm_exploration/exploration_manager/src/fast_exploration_manager.cpp:1130:12:[m[K [01;35m[Kwarning: [m[Kunused variable ‘[01m[Kmtsp_time[m[K’ [[01;35m[K-Wunused-variable[m[K]
 1130 |     double [01;35m[Kmtsp_time[m[K = (ros::Time::now() - t1).toSec();
      |            [01;35m[K^~~~~~~~~[m[K
[01m[K/home/zqh/phoenixZ/racer_explore/src/RACER/swarm_exploration/exploration_manager/src/fast_exploration_manager.cpp:[m[K In member function ‘[01m[Kvoid fast_planner::FastExplorationManager::findTourOfFrontier(const Vector3d&, const Vector3d&, const Vector3d&, const std::vector<int>&, const std::vector<Eigen::Matrix<double, 3, 1> >&, std::vector<int>&)[m[K’:
[01m[K/home/zqh/phoenixZ/racer_explore/src/RACER/swarm_exploration/exploration_manager/src/fast_exploration_manager.cpp:1331:23:[m[K [01;35m[Kwarning: [m[Kcomparison of integer expressions of different signedness: ‘[01m[Kint[m[K’ and ‘[01m[Kstd::vector<std::vector<int> >::size_type[m[K’ {aka ‘[01m[Klong unsigned int[m[K’} [[01;35m[K-Wsign-compare[m[K]
 1331 |     for (int i = 1; [01;35m[Ki < tours.size()[m[K; ++i)
      |                     [01;35m[K~~^~~~~~~~~~~~~~[m[K
[01m[K/home/zqh/phoenixZ/racer_explore/src/RACER/swarm_exploration/exploration_manager/src/fast_exploration_manager.cpp:1356:23:[m[K [01;35m[Kwarning: [m[Kcomparison of integer expressions of different signedness: ‘[01m[Kint[m[K’ and ‘[01m[Kstd::vector<int>::size_type[m[K’ {aka ‘[01m[Klong unsigned int[m[K’} [[01;35m[K-Wsign-compare[m[K]
 1356 |     for (int i = 0; [01;35m[Ki < indices.size()[m[K; ++i)
      |                     [01;35m[K~~^~~~~~~~~~~~~~~~[m[K
[01m[K/home/zqh/phoenixZ/racer_explore/src/RACER/swarm_exploration/exploration_manager/src/fast_exploration_manager.cpp:1236:12:[m[K [01;35m[Kwarning: [m[Kunused variable ‘[01m[Kmat_time[m[K’ [[01;35m[K-Wunused-variable[m[K]
 1236 |     double [01;35m[Kmat_time[m[K = (ros::Time::now() - t1).toSec();
      |            [01;35m[K^~~~~~~~[m[K
[01m[K/home/zqh/phoenixZ/racer_explore/src/RACER/swarm_exploration/exploration_manager/src/fast_exploration_manager.cpp:1287:12:[m[K [01;35m[Kwarning: [m[Kunused variable ‘[01m[Kmtsp_time[m[K’ [[01;35m[K-Wunused-variable[m[K]
 1287 |     double [01;35m[Kmtsp_time[m[K = (ros::Time::now() - t1).toSec();
      |            [01;35m[K^~~~~~~~~[m[K
[01m[K/home/zqh/phoenixZ/racer_explore/src/RACER/swarm_exploration/exploration_manager/src/fast_exploration_manager.cpp:1374:12:[m[K [01;35m[Kwarning: [m[Kunused variable ‘[01m[Kparse_time[m[K’ [[01;35m[K-Wunused-variable[m[K]
 1374 |     double [01;35m[Kparse_time[m[K = (ros::Time::now() - t1).toSec();
      |            [01;35m[K^~~~~~~~~~[m[K
In file included from [01m[K/home/zqh/phoenixZ/racer_explore/src/RACER/swarm_exploration/exploration_manager/src/fast_exploration_fsm.cpp:8[m[K:
[01m[K/home/zqh/phoenixZ/racer_explore/src/RACER/swarm_exploration/exploration_manager/include/exploration_manager/fast_exploration_fsm.h:79:59:[m[K [01;31m[Kerror: [m[K‘[01m[KDroneStateConstPtr[m[K’ in namespace ‘[01m[Kexploration_manager[m[K’ does not name a type
   79 |     void droneStateMsgCallback(const exploration_manager::[01;31m[KDroneStateConstPtr[m[K &msg);
      |                                                           [01;31m[K^~~~~~~~~~~~~~~~~~[m[K
[01m[K/home/zqh/phoenixZ/racer_explore/src/RACER/swarm_exploration/exploration_manager/src/ground_node.cpp:[m[K In member function ‘[01m[Kvoid ExplGroundNode::HGridCallback(const HGridConstPtr&)[m[K’:
[01m[K/home/zqh/phoenixZ/racer_explore/src/RACER/swarm_exploration/exploration_manager/src/ground_node.cpp:106:23:[m[K [01;35m[Kwarning: [m[Kcomparison of integer expressions of different signedness: ‘[01m[Kint[m[K’ and ‘[01m[Kstd::vector<geometry_msgs::Point_<std::allocator<void> >, std::allocator<geometry_msgs::Point_<std::allocator<void> > > >::size_type[m[K’ {aka ‘[01m[Klong unsigned int[m[K’} [[01;35m[K-Wsign-compare[m[K]
  106 |     for (int i = 0; [01;35m[Ki < msg->points1.size()[m[K; ++i) {
      |                     [01;35m[K~~^~~~~~~~~~~~~~~~~~~~~[m[K
[01m[K/home/zqh/phoenixZ/racer_explore/src/RACER/swarm_exploration/exploration_manager/src/ground_node.cpp:[m[K In member function ‘[01m[Kvoid ExplGroundNode::gridTourCallback(const GridTourConstPtr&)[m[K’:
[01m[K/home/zqh/phoenixZ/racer_explore/src/RACER/swarm_exploration/exploration_manager/src/ground_node.cpp:148:23:[m[K [01;35m[Kwarning: [m[Kcomparison of integer expressions of different signedness: ‘[01m[Kint[m[K’ and ‘[01m[Kstd::vector<geometry_msgs::Point_<std::allocator<void> >, std::allocator<geometry_msgs::Point_<std::allocator<void> > > >::size_type[m[K’ {aka ‘[01m[Klong unsigned int[m[K’} [[01;35m[K-Wsign-compare[m[K]
  148 |     for (int i = 0; [01;35m[Ki < msg->points.size() - 1[m[K; ++i) {
      |                     [01;35m[K~~^~~~~~~~~~~~~~~~~~~~~~~~[m[K
[01m[K/home/zqh/phoenixZ/racer_explore/src/RACER/swarm_exploration/exploration_manager/src/fast_exploration_fsm.cpp:[m[K In member function ‘[01m[Kvoid fast_planner::FastExplorationFSM::init(ros::NodeHandle&)[m[K’:
[01m[K/home/zqh/phoenixZ/racer_explore/src/RACER/swarm_exploration/exploration_manager/src/fast_exploration_fsm.cpp:79:58:[m[K [01;31m[Kerror: [m[K‘[01m[KDroneState[m[K’ is not a member of ‘[01m[Kexploration_manager[m[K’
   79 |     drone_state_pub_ = nh.advertise<exploration_manager::[01;31m[KDroneState[m[K>("/swarm_expl/drone_state_send", 10);
      |                                                          [01;31m[K^~~~~~~~~~[m[K
[01m[K/home/zqh/phoenixZ/racer_explore/src/RACER/swarm_exploration/exploration_manager/src/fast_exploration_fsm.cpp:79:58:[m[K [01;36m[Knote: [m[Ksuggested alternatives:
In file included from [01m[K/home/zqh/phoenixZ/racer_explore/src/RACER/swarm_exploration/exploration_manager/src/fast_exploration_fsm.cpp:7[m[K:
[01m[K/home/zqh/phoenixZ/racer_explore/src/RACER/swarm_exploration/exploration_manager/include/exploration_manager/expl_data.h:51:8:[m[K [01;36m[Knote: [m[K  ‘[01m[Kfast_planner::DroneState[m[K’
   51 | struct [01;36m[KDroneState[m[K
      |        [01;36m[K^~~~~~~~~~[m[K
In file included from [01m[K/home/zqh/phoenixZ/racer_explore/src/RACER/swarm_exploration/exploration_manager/include/exploration_manager/fast_exploration_fsm.h:7[m[K,
                 from [01m[K/home/zqh/phoenixZ/racer_explore/src/RACER/swarm_exploration/exploration_manager/src/fast_exploration_fsm.cpp:8[m[K:
[01m[K/home/zqh/phoenixZ/racer_explore/devel/.private/msg_set/include/msg_set/DroneState.h:83:55:[m[K [01;36m[Knote: [m[K  ‘[01m[Kmsg_set::DroneState[m[K’
   83 | typedef ::msg_set::DroneState_<std::allocator<void> > [01;36m[KDroneState[m[K;
      |                                                       [01;36m[K^~~~~~~~~~[m[K
[01m[K/home/zqh/phoenixZ/racer_explore/src/RACER/swarm_exploration/exploration_manager/src/fast_exploration_fsm.cpp:79:58:[m[K [01;31m[Kerror: [m[K‘[01m[KDroneState[m[K’ is not a member of ‘[01m[Kexploration_manager[m[K’
   79 |     drone_state_pub_ = nh.advertise<exploration_manager::[01;31m[KDroneState[m[K>("/swarm_expl/drone_state_send", 10);
      |                                                          [01;31m[K^~~~~~~~~~[m[K
[01m[K/home/zqh/phoenixZ/racer_explore/src/RACER/swarm_exploration/exploration_manager/src/fast_exploration_fsm.cpp:79:58:[m[K [01;36m[Knote: [m[Ksuggested alternatives:
In file included from [01m[K/home/zqh/phoenixZ/racer_explore/src/RACER/swarm_exploration/exploration_manager/src/fast_exploration_fsm.cpp:7[m[K:
[01m[K/home/zqh/phoenixZ/racer_explore/src/RACER/swarm_exploration/exploration_manager/include/exploration_manager/expl_data.h:51:8:[m[K [01;36m[Knote: [m[K  ‘[01m[Kfast_planner::DroneState[m[K’
   51 | struct [01;36m[KDroneState[m[K
      |        [01;36m[K^~~~~~~~~~[m[K
In file included from [01m[K/home/zqh/phoenixZ/racer_explore/src/RACER/swarm_exploration/exploration_manager/include/exploration_manager/fast_exploration_fsm.h:7[m[K,
                 from [01m[K/home/zqh/phoenixZ/racer_explore/src/RACER/swarm_exploration/exploration_manager/src/fast_exploration_fsm.cpp:8[m[K:
[01m[K/home/zqh/phoenixZ/racer_explore/devel/.private/msg_set/include/msg_set/DroneState.h:83:55:[m[K [01;36m[Knote: [m[K  ‘[01m[Kmsg_set::DroneState[m[K’
   83 | typedef ::msg_set::DroneState_<std::allocator<void> > [01;36m[KDroneState[m[K;
      |                                                       [01;36m[K^~~~~~~~~~[m[K
[01m[K/home/zqh/phoenixZ/racer_explore/src/RACER/swarm_exploration/exploration_manager/src/fast_exploration_fsm.cpp:79:104:[m[K [01;31m[Kerror: [m[Kno matching function for call to ‘[01m[Kros::NodeHandle::advertise<<expression error> >(const char [29], int)[m[K’
   79 |     drone_state_pub_ = nh.advertise<exploration_manager::DroneState>("/swarm_expl/drone_state_send", 10[01;31m[K)[m[K;
      |                                                                                                        [01;31m[K^[m[K
In file included from [01m[K/opt/ros/noetic/include/ros/ros.h:45[m[K,
                 from [01m[K/home/zqh/phoenixZ/racer_explore/src/RACER/swarm_exploration/exploration_manager/include/exploration_manager/fast_exploration_manager.h:4[m[K,
                 from [01m[K/home/zqh/phoenixZ/racer_explore/src/RACER/swarm_exploration/exploration_manager/src/fast_exploration_fsm.cpp:1[m[K:
[01m[K/opt/ros/noetic/include/ros/node_handle.h:247:15:[m[K [01;36m[Knote: [m[Kcandidate: ‘[01m[Ktemplate<class M> ros::Publisher ros::NodeHandle::advertise(const string&, uint32_t, bool)[m[K’
  247 |     Publisher [01;36m[Kadvertise[m[K(const std::string& topic, uint32_t queue_size, bool latch = false)
      |               [01;36m[K^~~~~~~~~[m[K
[01m[K/opt/ros/noetic/include/ros/node_handle.h:247:15:[m[K [01;36m[Knote: [m[K  template argument deduction/substitution failed:
[01m[K/home/zqh/phoenixZ/racer_explore/src/RACER/swarm_exploration/exploration_manager/src/fast_exploration_fsm.cpp:79:104:[m[K [01;31m[Kerror: [m[Ktemplate argument 1 is invalid
   79 |     drone_state_pub_ = nh.advertise<exploration_manager::DroneState>("/swarm_expl/drone_state_send", 10[01;31m[K)[m[K;
      |                                                                                                        [01;31m[K^[m[K
In file included from [01m[K/opt/ros/noetic/include/ros/ros.h:45[m[K,
                 from [01m[K/home/zqh/phoenixZ/racer_explore/src/RACER/swarm_exploration/exploration_manager/include/exploration_manager/fast_exploration_manager.h:4[m[K,
                 from [01m[K/home/zqh/phoenixZ/racer_explore/src/RACER/swarm_exploration/exploration_manager/src/fast_exploration_fsm.cpp:1[m[K:
[01m[K/opt/ros/noetic/include/ros/node_handle.h:313:13:[m[K [01;36m[Knote: [m[Kcandidate: ‘[01m[Ktemplate<class M> ros::Publisher ros::NodeHandle::advertise(const string&, uint32_t, const SubscriberStatusCallback&, const SubscriberStatusCallback&, const VoidConstPtr&, bool)[m[K’
  313 |   Publisher [01;36m[Kadvertise[m[K(const std::string& topic, uint32_t queue_size,
      |             [01;36m[K^~~~~~~~~[m[K
[01m[K/opt/ros/noetic/include/ros/node_handle.h:313:13:[m[K [01;36m[Knote: [m[K  template argument deduction/substitution failed:
[01m[K/home/zqh/phoenixZ/racer_explore/src/RACER/swarm_exploration/exploration_manager/src/fast_exploration_fsm.cpp:79:104:[m[K [01;31m[Kerror: [m[Ktemplate argument 1 is invalid
   79 |     drone_state_pub_ = nh.advertise<exploration_manager::DroneState>("/swarm_expl/drone_state_send", 10[01;31m[K)[m[K;
      |                                                                                                        [01;31m[K^[m[K
In file included from [01m[K/opt/ros/noetic/include/ros/ros.h:40[m[K,
                 from [01m[K/home/zqh/phoenixZ/racer_explore/src/RACER/swarm_exploration/exploration_manager/include/exploration_manager/fast_exploration_manager.h:4[m[K,
                 from [01m[K/home/zqh/phoenixZ/racer_explore/src/RACER/swarm_exploration/exploration_manager/src/fast_exploration_fsm.cpp:1[m[K:
[01m[K/home/zqh/phoenixZ/racer_explore/src/RACER/swarm_exploration/exploration_manager/src/fast_exploration_fsm.cpp:[m[K In member function ‘[01m[Kvoid fast_planner::FastExplorationFSM::FSMCallback(const ros::TimerEvent&)[m[K’:
[01m[K/home/zqh/phoenixZ/racer_explore/src/RACER/swarm_exploration/exploration_manager/src/fast_exploration_fsm.cpp:189:26:[m[K [01;35m[Kwarning: [m[Ktoo many arguments for format [[01;35m[K-Wformat-extra-args[m[K]
  189 |                 ROS_INFO([01;35m[K"drone%d: start planner!!!"[m[K, getId(), fd_->exec_start_time_.toSec());
      |                          [01;35m[K^~~~~~~~~~~~~~~~~~~~~~~~~~~[m[K
[01m[K/home/zqh/phoenixZ/racer_explore/src/RACER/swarm_exploration/exploration_manager/src/fast_exploration_fsm.cpp:[m[K In member function ‘[01m[Kvoid fast_planner::FastExplorationFSM::visualize(int)[m[K’:
[01m[K/home/zqh/phoenixZ/racer_explore/src/RACER/swarm_exploration/exploration_manager/src/fast_exploration_fsm.cpp:396:27:[m[K [01;35m[Kwarning: [m[Kcomparison of integer expressions of different signedness: ‘[01m[Kint[m[K’ and ‘[01m[Kstd::vector<std::vector<Eigen::Matrix<double, 3, 1> > >::size_type[m[K’ {aka ‘[01m[Klong unsigned int[m[K’} [[01;35m[K-Wsign-compare[m[K]
  396 |         for (int i = 0; [01;35m[Ki < ed_ptr->frontiers_.size()[m[K; ++i)
      |                         [01;35m[K~~^~~~~~~~~~~~~~~~~~~~~~~~~~~[m[K
[01m[K/home/zqh/phoenixZ/racer_explore/src/RACER/swarm_exploration/exploration_manager/src/fast_exploration_fsm.cpp:395:20:[m[K [01;35m[Kwarning: [m[Kunused variable ‘[01m[Klast_dftr_num[m[K’ [[01;35m[K-Wunused-variable[m[K]
  395 |         static int [01;35m[Klast_dftr_num[m[K = 0;
      |                    [01;35m[K^~~~~~~~~~~~~[m[K
[01m[K/home/zqh/phoenixZ/racer_explore/src/RACER/swarm_exploration/exploration_manager/src/fast_exploration_fsm.cpp:453:31:[m[K [01;35m[Kwarning: [m[Kcomparison of integer expressions of different signedness: ‘[01m[Kint[m[K’ and ‘[01m[Kstd::vector<Eigen::Matrix<double, 3, 1> >::size_type[m[K’ {aka ‘[01m[Klong unsigned int[m[K’} [[01;35m[K-Wsign-compare[m[K]
  453 |             for (int i = 0; [01;35m[Ki < pts.size()[m[K; ++i)
      |                             [01;35m[K~~^~~~~~~~~~~~[m[K
[01m[K/home/zqh/phoenixZ/racer_explore/src/RACER/swarm_exploration/exploration_manager/src/fast_exploration_fsm.cpp:489:27:[m[K [01;35m[Kwarning: [m[Kcomparison of integer expressions of different signedness: ‘[01m[Kint[m[K’ and ‘[01m[Kstd::vector<Eigen::Matrix<double, 3, 1> >::size_type[m[K’ {aka ‘[01m[Klong unsigned int[m[K’} [[01;35m[K-Wsign-compare[m[K]
  489 |         for (int i = 0; [01;35m[Ki < grid_tour.size()[m[K; ++i)
      |                         [01;35m[K~~^~~~~~~~~~~~~~~~~~[m[K
[01m[K/home/zqh/phoenixZ/racer_explore/src/RACER/swarm_exploration/exploration_manager/src/fast_exploration_fsm.cpp:382:10:[m[K [01;35m[Kwarning: [m[Kunused variable ‘[01m[Kplan_data[m[K’ [[01;35m[K-Wunused-variable[m[K]
  382 |     auto [01;35m[Kplan_data[m[K = &planner_manager_->plan_data_;
      |          [01;35m[K^~~~~~~~~[m[K
[01m[K/home/zqh/phoenixZ/racer_explore/src/RACER/swarm_exploration/exploration_manager/src/fast_exploration_fsm.cpp:[m[K In member function ‘[01m[Kvoid fast_planner::FastExplorationFSM::frontierCallback(const ros::TimerEvent&)[m[K’:
[01m[K/home/zqh/phoenixZ/racer_explore/src/RACER/swarm_exploration/exploration_manager/src/fast_exploration_fsm.cpp:642:27:[m[K [01;35m[Kwarning: [m[Kcomparison of integer expressions of different signedness: ‘[01m[Kint[m[K’ and ‘[01m[Kstd::vector<std::vector<Eigen::Matrix<double, 3, 1> > >::size_type[m[K’ {aka ‘[01m[Klong unsigned int[m[K’} [[01;35m[K-Wsign-compare[m[K]
  642 |         for (int i = 0; [01;35m[Ki < ed->frontiers_.size()[m[K; ++i)
      |                         [01;35m[K~~^~~~~~~~~~~~~~~~~~~~~~~[m[K
[01m[K/home/zqh/phoenixZ/racer_explore/src/RACER/swarm_exploration/exploration_manager/src/fast_exploration_fsm.cpp:[m[K In member function ‘[01m[Kvoid fast_planner::FastExplorationFSM::droneStateTimerCallback(const ros::TimerEvent&)[m[K’:
[01m[K/home/zqh/phoenixZ/racer_explore/src/RACER/swarm_exploration/exploration_manager/src/fast_exploration_fsm.cpp:754:26:[m[K [01;31m[Kerror: [m[K‘[01m[KDroneState[m[K’ is not a member of ‘[01m[Kexploration_manager[m[K’
  754 |     exploration_manager::[01;31m[KDroneState[m[K msg;
      |                          [01;31m[K^~~~~~~~~~[m[K
[01m[K/home/zqh/phoenixZ/racer_explore/src/RACER/swarm_exploration/exploration_manager/src/fast_exploration_fsm.cpp:754:26:[m[K [01;36m[Knote: [m[Ksuggested alternatives:
In file included from [01m[K/home/zqh/phoenixZ/racer_explore/src/RACER/swarm_exploration/exploration_manager/src/fast_exploration_fsm.cpp:7[m[K:
[01m[K/home/zqh/phoenixZ/racer_explore/src/RACER/swarm_exploration/exploration_manager/include/exploration_manager/expl_data.h:51:8:[m[K [01;36m[Knote: [m[K  ‘[01m[Kfast_planner::DroneState[m[K’
   51 | struct [01;36m[KDroneState[m[K
      |        [01;36m[K^~~~~~~~~~[m[K
In file included from [01m[K/home/zqh/phoenixZ/racer_explore/src/RACER/swarm_exploration/exploration_manager/include/exploration_manager/fast_exploration_fsm.h:7[m[K,
                 from [01m[K/home/zqh/phoenixZ/racer_explore/src/RACER/swarm_exploration/exploration_manager/src/fast_exploration_fsm.cpp:8[m[K:
[01m[K/home/zqh/phoenixZ/racer_explore/devel/.private/msg_set/include/msg_set/DroneState.h:83:55:[m[K [01;36m[Knote: [m[K  ‘[01m[Kmsg_set::DroneState[m[K’
   83 | typedef ::msg_set::DroneState_<std::allocator<void> > [01;36m[KDroneState[m[K;
      |                                                       [01;36m[K^~~~~~~~~~[m[K
[01m[K/home/zqh/phoenixZ/racer_explore/src/RACER/swarm_exploration/exploration_manager/src/fast_exploration_fsm.cpp:755:5:[m[K [01;31m[Kerror: [m[K‘[01m[Kmsg[m[K’ was not declared in this scope
  755 |     [01;31m[Kmsg[m[K.drone_id = getId();
      |     [01;31m[K^~~[m[K
[01m[K/home/zqh/phoenixZ/racer_explore/src/RACER/swarm_exploration/exploration_manager/src/fast_exploration_fsm.cpp:[m[K At global scope:
[01m[K/home/zqh/phoenixZ/racer_explore/src/RACER/swarm_exploration/exploration_manager/src/fast_exploration_fsm.cpp:786:75:[m[K [01;31m[Kerror: [m[K‘[01m[KDroneStateConstPtr[m[K’ in namespace ‘[01m[Kexploration_manager[m[K’ does not name a type
  786 | void FastExplorationFSM::droneStateMsgCallback(const exploration_manager::[01;31m[KDroneStateConstPtr[m[K &msg)
      |                                                                           [01;31m[K^~~~~~~~~~~~~~~~~~[m[K
[01m[K/home/zqh/phoenixZ/racer_explore/src/RACER/swarm_exploration/exploration_manager/src/fast_exploration_fsm.cpp:[m[K In member function ‘[01m[Kvoid fast_planner::FastExplorationFSM::droneStateMsgCallback(const int&)[m[K’:
[01m[K/home/zqh/phoenixZ/racer_explore/src/RACER/swarm_exploration/exploration_manager/src/fast_exploration_fsm.cpp:789:12:[m[K [01;31m[Kerror: [m[Kbase operand of ‘[01m[K->[m[K’ is not a pointer
  789 |     if (msg[01;31m[K->[m[Kdrone_id == getId())
      |            [01;31m[K^~[m[K
[01m[K/home/zqh/phoenixZ/racer_explore/src/RACER/swarm_exploration/exploration_manager/src/fast_exploration_fsm.cpp:793:32:[m[K [01;31m[Kerror: [m[Kbase operand of ‘[01m[K->[m[K’ is not a pointer
  793 |     Eigen::Vector3d msg_pos(msg[01;31m[K->[m[Kpos[0], msg->pos[1], msg->pos[2]);
      |                                [01;31m[K^~[m[K
[01m[K/home/zqh/phoenixZ/racer_explore/src/RACER/swarm_exploration/exploration_manager/src/fast_exploration_fsm.cpp:793:45:[m[K [01;31m[Kerror: [m[Kbase operand of ‘[01m[K->[m[K’ is not a pointer
  793 |     Eigen::Vector3d msg_pos(msg->pos[0], msg[01;31m[K->[m[Kpos[1], msg->pos[2]);
      |                                             [01;31m[K^~[m[K
[01m[K/home/zqh/phoenixZ/racer_explore/src/RACER/swarm_exploration/exploration_manager/src/fast_exploration_fsm.cpp:793:58:[m[K [01;31m[Kerror: [m[Kbase operand of ‘[01m[K->[m[K’ is not a pointer
  793 |     Eigen::Vector3d msg_pos(msg->pos[0], msg->pos[1], msg[01;31m[K->[m[Kpos[2]);
      |                                                          [01;31m[K^~[m[K
[01m[K/home/zqh/phoenixZ/racer_explore/src/RACER/swarm_exploration/exploration_manager/src/fast_exploration_fsm.cpp:796:61:[m[K [01;31m[Kerror: [m[Kbase operand of ‘[01m[K->[m[K’ is not a pointer
  796 |     auto &drone_state = expl_manager_->ed_->swarm_state_[msg[01;31m[K->[m[Kdrone_id - 1];
      |                                                             [01;31m[K^~[m[K
[01m[K/home/zqh/phoenixZ/racer_explore/src/RACER/swarm_exploration/exploration_manager/src/fast_exploration_fsm.cpp:797:41:[m[K [01;31m[Kerror: [m[Kbase operand of ‘[01m[K->[m[K’ is not a pointer
  797 |     if (drone_state.stamp_ + 1e-4 >= msg[01;31m[K->[m[Kstamp)
      |                                         [01;31m[K^~[m[K
[01m[K/home/zqh/phoenixZ/racer_explore/src/RACER/swarm_exploration/exploration_manager/src/fast_exploration_fsm.cpp:800:43:[m[K [01;31m[Kerror: [m[Kbase operand of ‘[01m[K->[m[K’ is not a pointer
  800 |     drone_state.pos_ = Eigen::Vector3d(msg[01;31m[K->[m[Kpos[0], msg->pos[1], msg->pos[2]);
      |                                           [01;31m[K^~[m[K
[01m[K/home/zqh/phoenixZ/racer_explore/src/RACER/swarm_exploration/exploration_manager/src/fast_exploration_fsm.cpp:800:56:[m[K [01;31m[Kerror: [m[Kbase operand of ‘[01m[K->[m[K’ is not a pointer
  800 |     drone_state.pos_ = Eigen::Vector3d(msg->pos[0], msg[01;31m[K->[m[Kpos[1], msg->pos[2]);
      |                                                        [01;31m[K^~[m[K
[01m[K/home/zqh/phoenixZ/racer_explore/src/RACER/swarm_exploration/exploration_manager/src/fast_exploration_fsm.cpp:800:69:[m[K [01;31m[Kerror: [m[Kbase operand of ‘[01m[K->[m[K’ is not a pointer
  800 |     drone_state.pos_ = Eigen::Vector3d(msg->pos[0], msg->pos[1], msg[01;31m[K->[m[Kpos[2]);
      |                                                                     [01;31m[K^~[m[K
[01m[K/home/zqh/phoenixZ/racer_explore/src/RACER/swarm_exploration/exploration_manager/src/fast_exploration_fsm.cpp:801:43:[m[K [01;31m[Kerror: [m[Kbase operand of ‘[01m[K->[m[K’ is not a pointer
  801 |     drone_state.vel_ = Eigen::Vector3d(msg[01;31m[K->[m[Kvel[0], msg->vel[1], msg->vel[2]);
      |                                           [01;31m[K^~[m[K
[01m[K/home/zqh/phoenixZ/racer_explore/src/RACER/swarm_exploration/exploration_manager/src/fast_exploration_fsm.cpp:801:56:[m[K [01;31m[Kerror: [m[Kbase operand of ‘[01m[K->[m[K’ is not a pointer
  801 |     drone_state.vel_ = Eigen::Vector3d(msg->vel[0], msg[01;31m[K->[m[Kvel[1], msg->vel[2]);
      |                                                        [01;31m[K^~[m[K
[01m[K/home/zqh/phoenixZ/racer_explore/src/RACER/swarm_exploration/exploration_manager/src/fast_exploration_fsm.cpp:801:69:[m[K [01;31m[Kerror: [m[Kbase operand of ‘[01m[K->[m[K’ is not a pointer
  801 |     drone_state.vel_ = Eigen::Vector3d(msg->vel[0], msg->vel[1], msg[01;31m[K->[m[Kvel[2]);
      |                                                                     [01;31m[K^~[m[K
[01m[K/home/zqh/phoenixZ/racer_explore/src/RACER/swarm_exploration/exploration_manager/src/fast_exploration_fsm.cpp:802:27:[m[K [01;31m[Kerror: [m[Kbase operand of ‘[01m[K->[m[K’ is not a pointer
  802 |     drone_state.yaw_ = msg[01;31m[K->[m[Kyaw;
      |                           [01;31m[K^~[m[K
[01m[K/home/zqh/phoenixZ/racer_explore/src/RACER/swarm_exploration/exploration_manager/src/fast_exploration_fsm.cpp:804:23:[m[K [01;31m[Kerror: [m[Kbase operand of ‘[01m[K->[m[K’ is not a pointer
  804 |     for (auto id : msg[01;31m[K->[m[Kgrid_ids)
      |                       [01;31m[K^~[m[K
[01m[K/home/zqh/phoenixZ/racer_explore/src/RACER/swarm_exploration/exploration_manager/src/fast_exploration_fsm.cpp:806:29:[m[K [01;31m[Kerror: [m[Kbase operand of ‘[01m[K->[m[K’ is not a pointer
  806 |     drone_state.stamp_ = msg[01;31m[K->[m[Kstamp;
      |                             [01;31m[K^~[m[K
[01m[K/home/zqh/phoenixZ/racer_explore/src/RACER/swarm_exploration/exploration_manager/src/fast_exploration_fsm.cpp:807:43:[m[K [01;31m[Kerror: [m[Kbase operand of ‘[01m[K->[m[K’ is not a pointer
  807 |     drone_state.recent_attempt_time_ = msg[01;31m[K->[m[Krecent_attempt_time;
      |                                           [01;31m[K^~[m[K
[01m[K/home/zqh/phoenixZ/racer_explore/src/RACER/swarm_exploration/exploration_manager/src/fast_exploration_fsm.cpp:793:21:[m[K [01;35m[Kwarning: [m[Kunused variable ‘[01m[Kmsg_pos[m[K’ [[01;35m[K-Wunused-variable[m[K]
  793 |     Eigen::Vector3d [01;35m[Kmsg_pos[m[K(msg->pos[0], msg->pos[1], msg->pos[2]);
      |                     [01;35m[K^~~~~~~[m[K
[01m[K/home/zqh/phoenixZ/racer_explore/src/RACER/swarm_exploration/exploration_manager/src/fast_exploration_fsm.cpp:[m[K In member function ‘[01m[Kvoid fast_planner::FastExplorationFSM::optTimerCallback(const ros::TimerEvent&)[m[K’:
[01m[K/home/zqh/phoenixZ/racer_explore/src/RACER/swarm_exploration/exploration_manager/src/fast_exploration_fsm.cpp:833:23:[m[K [01;35m[Kwarning: [m[Kcomparison of integer expressions of different signedness: ‘[01m[Kint[m[K’ and ‘[01m[Kstd::vector<fast_planner::DroneState>::size_type[m[K’ {aka ‘[01m[Klong unsigned int[m[K’} [[01;35m[K-Wsign-compare[m[K]
  833 |     for (int i = 0; [01;35m[Ki < states.size()[m[K; ++i)
      |                     [01;35m[K~~^~~~~~~~~~~~~~~[m[K
[01m[K/home/zqh/phoenixZ/racer_explore/src/RACER/swarm_exploration/exploration_manager/src/fast_exploration_fsm.cpp:822:10:[m[K [01;35m[Kwarning: [m[Kunused variable ‘[01m[Kurgent[m[K’ [[01;35m[K-Wunused-variable[m[K]
  822 |     bool [01;35m[Kurgent[m[K = state1.grid_ids_.empty(); //判断当前无人机是否有任务
      |          [01;35m[K^~~~~~[m[K
[01m[K/home/zqh/phoenixZ/racer_explore/src/RACER/swarm_exploration/exploration_manager/src/fast_exploration_fsm.cpp:[m[K In member function ‘[01m[Kvoid fast_planner::FastExplorationFSM::swarmTrajCallback(const BsplineConstPtr&)[m[K’:
[01m[K/home/zqh/phoenixZ/racer_explore/src/RACER/swarm_exploration/exploration_manager/src/fast_exploration_fsm.cpp:1226:23:[m[K [01;35m[Kwarning: [m[Kcomparison of integer expressions of different signedness: ‘[01m[Kint[m[K’ and ‘[01m[Kstd::vector<double>::size_type[m[K’ {aka ‘[01m[Klong unsigned int[m[K’} [[01;35m[K-Wsign-compare[m[K]
 1226 |     for (int i = 0; [01;35m[Ki < msg->knots.size()[m[K; ++i)
      |                     [01;35m[K~~^~~~~~~~~~~~~~~~~~~[m[K
[01m[K/home/zqh/phoenixZ/racer_explore/src/RACER/swarm_exploration/exploration_manager/src/fast_exploration_fsm.cpp:1229:23:[m[K [01;35m[Kwarning: [m[Kcomparison of integer expressions of different signedness: ‘[01m[Kint[m[K’ and ‘[01m[Kstd::vector<geometry_msgs::Point_<std::allocator<void> >, std::allocator<geometry_msgs::Point_<std::allocator<void> > > >::size_type[m[K’ {aka ‘[01m[Klong unsigned int[m[K’} [[01;35m[K-Wsign-compare[m[K]
 1229 |     for (int i = 0; [01;35m[Ki < msg->pos_pts.size()[m[K; ++i)
      |                     [01;35m[K~~^~~~~~~~~~~~~~~~~~~~~[m[K
In file included from [01m[K/opt/ros/noetic/include/ros/serialization.h:37[m[K,
                 from [01m[K/opt/ros/noetic/include/ros/publisher.h:34[m[K,
                 from [01m[K/opt/ros/noetic/include/ros/node_handle.h:32[m[K,
                 from [01m[K/opt/ros/noetic/include/ros/ros.h:45[m[K,
                 from [01m[K/home/zqh/phoenixZ/racer_explore/src/RACER/swarm_exploration/exploration_manager/include/exploration_manager/fast_exploration_manager.h:4[m[K,
                 from [01m[K/home/zqh/phoenixZ/racer_explore/src/RACER/swarm_exploration/exploration_manager/src/fast_exploration_fsm.cpp:1[m[K:
/opt/ros/noetic/include/ros/message_traits.h: In instantiation of ‘[01m[Kstatic const char* ros::message_traits::MD5Sum<M>::value() [with M = int][m[K’:
[01m[K/opt/ros/noetic/include/ros/message_traits.h:227:102:[m[K   required from ‘[01m[Kconst char* ros::message_traits::md5sum() [with M = int][m[K’
[01m[K/opt/ros/noetic/include/ros/subscribe_options.h:89:49:[m[K   required from ‘[01m[Kvoid ros::SubscribeOptions::initByFullCallbackType(const string&, uint32_t, const boost::function<void(P)>&, const boost::function<boost::shared_ptr<typename ros::ParameterAdapter<P>::Message>()>&) [with P = const int&; std::string = std::__cxx11::basic_string<char>; uint32_t = unsigned int; typename ros::ParameterAdapter<P>::Message = int][m[K’
[01m[K/opt/ros/noetic/include/ros/node_handle.h:404:5:[m[K   required from ‘[01m[Kros::Subscriber ros::NodeHandle::subscribe(const string&, uint32_t, void (T::*)(M), T*, const ros::TransportHints&) [with M = const int&; T = fast_planner::FastExplorationFSM; std::string = std::__cxx11::basic_string<char>; uint32_t = unsigned int][m[K’
[01m[K/home/zqh/phoenixZ/racer_explore/src/RACER/swarm_exploration/exploration_manager/src/fast_exploration_fsm.cpp:67:121:[m[K   required from here
[01m[K/opt/ros/noetic/include/ros/message_traits.h:120:28:[m[K [01;31m[Kerror: [m[K‘[01m[K__s_getMD5Sum[m[K’ is not a member of ‘[01m[Kint[m[K’
  120 |     return [01;31m[KM::__s_getMD5Sum()[m[K.c_str();
      |            [01;31m[K~~~~~~~~~~~~~~~~^~[m[K
/opt/ros/noetic/include/ros/message_traits.h: In instantiation of ‘[01m[Kstatic const char* ros::message_traits::DataType<M>::value() [with M = int][m[K’:
[01m[K/opt/ros/noetic/include/ros/message_traits.h:236:104:[m[K   required from ‘[01m[Kconst char* ros::message_traits::datatype() [with M = int][m[K’
[01m[K/opt/ros/noetic/include/ros/subscribe_options.h:90:53:[m[K   required from ‘[01m[Kvoid ros::SubscribeOptions::initByFullCallbackType(const string&, uint32_t, const boost::function<void(P)>&, const boost::function<boost::shared_ptr<typename ros::ParameterAdapter<P>::Message>()>&) [with P = const int&; std::string = std::__cxx11::basic_string<char>; uint32_t = unsigned int; typename ros::ParameterAdapter<P>::Message = int][m[K’
[01m[K/opt/ros/noetic/include/ros/node_handle.h:404:5:[m[K   required from ‘[01m[Kros::Subscriber ros::NodeHandle::subscribe(const string&, uint32_t, void (T::*)(M), T*, const ros::TransportHints&) [with M = const int&; T = fast_planner::FastExplorationFSM; std::string = std::__cxx11::basic_string<char>; uint32_t = unsigned int][m[K’
[01m[K/home/zqh/phoenixZ/racer_explore/src/RACER/swarm_exploration/exploration_manager/src/fast_exploration_fsm.cpp:67:121:[m[K   required from here
[01m[K/opt/ros/noetic/include/ros/message_traits.h:137:30:[m[K [01;31m[Kerror: [m[K‘[01m[K__s_getDataType[m[K’ is not a member of ‘[01m[Kint[m[K’
  137 |     return [01;31m[KM::__s_getDataType()[m[K.c_str();
      |            [01;31m[K~~~~~~~~~~~~~~~~~~^~[m[K
[01m[K/home/zqh/phoenixZ/racer_explore/src/RACER/swarm_exploration/exploration_manager/src/fast_exploration_fsm.cpp:[m[K At global scope:
[01m[K/home/zqh/phoenixZ/racer_explore/src/RACER/swarm_exploration/exploration_manager/src/fast_exploration_fsm.cpp:395:20:[m[K [01;35m[Kwarning: [m[K‘[01m[Klast_dftr_num[m[K’ defined but not used [[01;35m[K-Wunused-variable[m[K]
  395 |         static int [01;35m[Klast_dftr_num[m[K = 0;
      |                    [01;35m[K^~~~~~~~~~~~~[m[K
make[2]: *** [CMakeFiles/exploration_node.dir/build.make:76: CMakeFiles/exploration_node.dir/src/fast_exploration_fsm.cpp.o] Error 1
make[1]: *** [CMakeFiles/Makefile2:2617: CMakeFiles/exploration_node.dir/all] Error 2
make[1]: *** Waiting for unfinished jobs....
make: *** [Makefile:141: all] Error 2
