[  0%] Built target geometry_msgs_generate_messages_cpp
[  0%] Built target geometry_msgs_generate_messages_py
[  0%] Built target geometry_msgs_generate_messages_nodejs
[  0%] Built target geometry_msgs_generate_messages_lisp
[  0%] Built target geometry_msgs_generate_messages_eus
[  5%] [32m[1mLinking CXX executable /home/zqh/phoenixZ/racer_explore/devel/.private/exploration_manager/lib/exploration_manager/ground_node[0m
[  5%] [32m[1mLinking CXX executable /home/zqh/phoenixZ/racer_explore/devel/.private/exploration_manager/lib/exploration_manager/exploration_node[0m
[  5%] Built target _exploration_manager_generate_messages_check_deps_PairOpt
[  5%] Built target _exploration_manager_generate_messages_check_deps_DroneState
[  5%] Built target _exploration_manager_generate_messages_check_deps_HGrid
[  5%] Built target _exploration_manager_generate_messages_check_deps_PairOptResponse
[  5%] Built target _exploration_manager_generate_messages_check_deps_GridTour
[ 73%] Built target exploration_manager_generate_messages_cpp
[ 73%] Built target exploration_manager_generate_messages_lisp
[ 73%] Built target exploration_manager_generate_messages_nodejs
[ 73%] Built target exploration_manager_generate_messages_py
[ 85%] Built target exploration_manager_generate_messages_eus
[ 85%] Built target exploration_manager_generate_messages
[100%] Built target ground_node
[100%] Built target exploration_node
