[35m[1mScanning dependencies of target racer2gazebo_cmd[0m
[  0%] Built target geometry_msgs_generate_messages_cpp
[  0%] Built target exploration_manager_xacro_generated_to_devel_space_
[  5%] Built target sensor_pos
[  5%] Built target geometry_msgs_generate_messages_py
[  5%] Built target geometry_msgs_generate_messages_lisp
[  5%] Built target geometry_msgs_generate_messages_nodejs
[  5%] Built target geometry_msgs_generate_messages_eus
[  7%] [32mBuilding CXX object CMakeFiles/racer2gazebo_cmd.dir/src/racer2gazebo_cmd.cpp.o[0m
[ 15%] Built target ground_node
[ 26%] Built target exploration_node
[ 26%] Built target _exploration_manager_generate_messages_check_deps_PairOptResponse
[ 26%] Built target _exploration_manager_generate_messages_check_deps_PairOpt
[ 26%] Built target _exploration_manager_generate_messages_check_deps_HGrid
[ 26%] Built target _exploration_manager_generate_messages_check_deps_DroneState
[ 26%] Built target _exploration_manager_generate_messages_check_deps_GridTour
[ 86%] Built target exploration_manager_generate_messages_nodejs
[ 86%] Built target exploration_manager_generate_messages_py
[ 86%] Built target exploration_manager_generate_messages_lisp
[ 86%] Built target exploration_manager_generate_messages_cpp
[ 97%] Built target exploration_manager_generate_messages_eus
[ 97%] Built target exploration_manager_generate_messages
[01m[K/home/zqh/phoenixZ/racer_explore/src/RACER/swarm_exploration/exploration_manager/src/racer2gazebo_cmd.cpp:[m[K In member function ‘[01m[Kvoid PurePursuitController::publishTwist()[m[K’:
[01m[K/home/zqh/phoenixZ/racer_explore/src/RACER/swarm_exploration/exploration_manager/src/racer2gazebo_cmd.cpp:240:16:[m[K [01;35m[Kwarning: [m[Kunused variable ‘[01m[Klocal_x[m[K’ [[01;35m[K-Wunused-variable[m[K]
  240 |         double [01;35m[Klocal_x[m[K = cos(current_yaw_) * dx + sin(current_yaw_) * dy;
      |                [01;35m[K^~~~~~~[m[K
[100%] [32m[1mLinking CXX executable /home/zqh/phoenixZ/racer_explore/devel/.private/exploration_manager/lib/exploration_manager/racer2gazebo_cmd[0m
[100%] Built target racer2gazebo_cmd
