[  0%] Built target geometry_msgs_generate_messages_py
[  5%] Built target sensor_pos
[  5%] Built target geometry_msgs_generate_messages_cpp
[  5%] Built target geometry_msgs_generate_messages_eus
[  5%] Built target exploration_manager_xacro_generated_to_devel_space_
[ 10%] Built target racer2gazebo_cmd
[ 10%] Built target geometry_msgs_generate_messages_nodejs
[ 10%] Built target geometry_msgs_generate_messages_lisp
[ 18%] Built target ground_node
[ 28%] Built target exploration_node
[ 28%] Built target _exploration_manager_generate_messages_check_deps_PairOpt
[ 28%] Built target _exploration_manager_generate_messages_check_deps_HGrid
[ 28%] Built target _exploration_manager_generate_messages_check_deps_GridTour
[ 28%] Built target _exploration_manager_generate_messages_check_deps_PairOptResponse
[ 28%] Built target _exploration_manager_generate_messages_check_deps_DroneState
[ 52%] Built target exploration_manager_generate_messages_lisp
[ 55%] Built target exploration_manager_generate_messages_cpp
[ 71%] Built target exploration_manager_generate_messages_py
[ 84%] Built target exploration_manager_generate_messages_nodejs
[100%] Built target exploration_manager_generate_messages_eus
[100%] Built target exploration_manager_generate_messages
