[  0%] Built target geometry_msgs_generate_messages_cpp
[  0%] Built target geometry_msgs_generate_messages_eus
[  0%] Built target geometry_msgs_generate_messages_lisp
[  0%] Built target geometry_msgs_generate_messages_nodejs
[  0%] Built target geometry_msgs_generate_messages_py
[  2%] [32m[1mLinking CXX executable /home/zqh/phoenixZ/racer_explore/devel/.private/exploration_manager/lib/exploration_manager/exploration_node[0m
[  5%] [32m[1mLinking CXX executable /home/zqh/phoenixZ/racer_explore/devel/.private/exploration_manager/lib/exploration_manager/ground_node[0m
[  5%] Built target _exploration_manager_generate_messages_check_deps_HGrid
[  5%] Built target _exploration_manager_generate_messages_check_deps_GridTour
[  5%] Built target _exploration_manager_generate_messages_check_deps_PairOptResponse
[  5%] Built target _exploration_manager_generate_messages_check_deps_DroneState
[  5%] Built target _exploration_manager_generate_messages_check_deps_PairOpt
[ 55%] Built target exploration_manager_generate_messages_py
[ 55%] Built target exploration_manager_generate_messages_lisp
[ 55%] Built target exploration_manager_generate_messages_eus
[ 82%] Built target exploration_manager_generate_messages_nodejs
[ 85%] Built target exploration_manager_generate_messages_cpp
[ 85%] Built target exploration_manager_generate_messages
[ 91%] Built target ground_node
[100%] Built target exploration_node
