[  0%] Built target geometry_msgs_generate_messages_eus
[  0%] Built target geometry_msgs_generate_messages_py
[  0%] Built target exploration_manager_xacro_generated_to_devel_space_
[  2%] [32m[1mLinking CXX executable /home/zqh/phoenixZ/racer_explore/devel/.private/exploration_manager/lib/exploration_manager/sensor_pos[0m
[  2%] Built target geometry_msgs_generate_messages_lisp
[  5%] [32m[1mLinking CXX executable /home/zqh/phoenixZ/racer_explore/devel/.private/exploration_manager/lib/exploration_manager/ground_node[0m
[  5%] Built target geometry_msgs_generate_messages_cpp
[  5%] Built target geometry_msgs_generate_messages_nodejs
[  8%] [32m[1mLinking CXX executable /home/zqh/phoenixZ/racer_explore/devel/.private/exploration_manager/lib/exploration_manager/exploration_node[0m
[  8%] Built target _exploration_manager_generate_messages_check_deps_GridTour
[  8%] Built target _exploration_manager_generate_messages_check_deps_PairOptResponse
[  8%] Built target _exploration_manager_generate_messages_check_deps_DroneState
[  8%] Built target _exploration_manager_generate_messages_check_deps_PairOpt
[  8%] Built target _exploration_manager_generate_messages_check_deps_HGrid
[ 69%] Built target exploration_manager_generate_messages_lisp
[ 69%] Built target exploration_manager_generate_messages_cpp
[ 69%] Built target exploration_manager_generate_messages_eus
[ 69%] Built target exploration_manager_generate_messages_py
[ 83%] Built target exploration_manager_generate_messages_nodejs
[ 83%] Built target exploration_manager_generate_messages
[ 86%] Built target sensor_pos
[ 91%] Built target ground_node
[100%] Built target exploration_node
