[35m[1mScanning dependencies of target racer2gazebo_cmd[0m
[35m[1mScanning dependencies of target ground_node[0m
[  0%] Built target exploration_manager_xacro_generated_to_devel_space_
[  0%] Built target geometry_msgs_generate_messages_eus
[  0%] Built target geometry_msgs_generate_messages_nodejs
[  0%] Built target geometry_msgs_generate_messages_lisp
[  0%] Built target geometry_msgs_generate_messages_py
[  0%] Built target geometry_msgs_generate_messages_cpp
[  2%] [32m[1mLinking CXX executable /home/zqh/phoenixZ/racer_explore/devel/.private/exploration_manager/lib/exploration_manager/sensor_pos[0m
[  5%] [32mBuilding CXX object CMakeFiles/racer2gazebo_cmd.dir/src/racer2gazebo_cmd.cpp.o[0m
[  7%] [32m[1mLinking CXX executable /home/zqh/phoenixZ/racer_explore/devel/.private/exploration_manager/lib/exploration_manager/exploration_node[0m
[  7%] Built target _exploration_manager_generate_messages_check_deps_PairOptResponse
[  7%] Built target _exploration_manager_generate_messages_check_deps_GridTour
[  7%] Built target _exploration_manager_generate_messages_check_deps_PairOpt
[  7%] Built target _exploration_manager_generate_messages_check_deps_HGrid
[ 10%] [32mBuilding CXX object CMakeFiles/ground_node.dir/src/ground_node.cpp.o[0m
[ 10%] Built target _exploration_manager_generate_messages_check_deps_DroneState
[ 78%] Built target exploration_manager_generate_messages_lisp
[ 78%] Built target exploration_manager_generate_messages_nodejs
[ 78%] Built target exploration_manager_generate_messages_py
[ 78%] Built target exploration_manager_generate_messages_cpp
[ 81%] Built target exploration_manager_generate_messages_eus
[ 81%] Built target exploration_manager_generate_messages
[ 84%] Built target sensor_pos
[ 92%] Built target exploration_node
[01m[K/home/zqh/phoenixZ/racer_explore/src/RACER/swarm_exploration/exploration_manager/src/racer2gazebo_cmd.cpp:[m[K In constructor ‘[01m[KCommandConverter::CommandConverter()[m[K’:
[01m[K/home/zqh/phoenixZ/racer_explore/src/RACER/swarm_exploration/exploration_manager/src/racer2gazebo_cmd.cpp:164:9:[m[K [01;35m[Kwarning: [m[K‘[01m[KCommandConverter::car_id_num_[m[K’ will be initialized after [[01;35m[K-Wreorder[m[K]
  164 |     int [01;35m[Kcar_id_num_[m[K;
      |         [01;35m[K^~~~~~~~~~~[m[K
[01m[K/home/zqh/phoenixZ/racer_explore/src/RACER/swarm_exploration/exploration_manager/src/racer2gazebo_cmd.cpp:162:10:[m[K [01;35m[Kwarning: [m[K  ‘[01m[Kbool CommandConverter::mission_done_[m[K’ [[01;35m[K-Wreorder[m[K]
  162 |     bool [01;35m[Kmission_done_[m[K;
      |          [01;35m[K^~~~~~~~~~~~~[m[K
[01m[K/home/zqh/phoenixZ/racer_explore/src/RACER/swarm_exploration/exploration_manager/src/racer2gazebo_cmd.cpp:11:5:[m[K [01;35m[Kwarning: [m[K  when initialized here [[01;35m[K-Wreorder[m[K]
   11 |     [01;35m[KCommandConverter[m[K()
      |     [01;35m[K^~~~~~~~~~~~~~~~[m[K
[ 94%] [32m[1mLinking CXX executable /home/zqh/phoenixZ/racer_explore/devel/.private/exploration_manager/lib/exploration_manager/racer2gazebo_cmd[0m
[ 94%] Built target racer2gazebo_cmd
[01m[K/home/zqh/phoenixZ/racer_explore/src/RACER/swarm_exploration/exploration_manager/src/ground_node.cpp:[m[K In member function ‘[01m[Kvoid ExplGroundNode::HGridCallback(const HGridConstPtr&)[m[K’:
[01m[K/home/zqh/phoenixZ/racer_explore/src/RACER/swarm_exploration/exploration_manager/src/ground_node.cpp:106:23:[m[K [01;35m[Kwarning: [m[Kcomparison of integer expressions of different signedness: ‘[01m[Kint[m[K’ and ‘[01m[Kstd::vector<geometry_msgs::Point_<std::allocator<void> >, std::allocator<geometry_msgs::Point_<std::allocator<void> > > >::size_type[m[K’ {aka ‘[01m[Klong unsigned int[m[K’} [[01;35m[K-Wsign-compare[m[K]
  106 |     for (int i = 0; [01;35m[Ki < msg->points1.size()[m[K; ++i) {
      |                     [01;35m[K~~^~~~~~~~~~~~~~~~~~~~~[m[K
[01m[K/home/zqh/phoenixZ/racer_explore/src/RACER/swarm_exploration/exploration_manager/src/ground_node.cpp:[m[K In member function ‘[01m[Kvoid ExplGroundNode::gridTourCallback(const GridTourConstPtr&)[m[K’:
[01m[K/home/zqh/phoenixZ/racer_explore/src/RACER/swarm_exploration/exploration_manager/src/ground_node.cpp:148:23:[m[K [01;35m[Kwarning: [m[Kcomparison of integer expressions of different signedness: ‘[01m[Kint[m[K’ and ‘[01m[Kstd::vector<geometry_msgs::Point_<std::allocator<void> >, std::allocator<geometry_msgs::Point_<std::allocator<void> > > >::size_type[m[K’ {aka ‘[01m[Klong unsigned int[m[K’} [[01;35m[K-Wsign-compare[m[K]
  148 |     for (int i = 0; [01;35m[Ki < msg->points.size() - 1[m[K; ++i) {
      |                     [01;35m[K~~^~~~~~~~~~~~~~~~~~~~~~~~[m[K
[ 97%] [32m[1mLinking CXX executable /home/zqh/phoenixZ/racer_explore/devel/.private/exploration_manager/lib/exploration_manager/ground_node[0m
[100%] Built target ground_node
