[  0%] Built target exploration_manager_xacro_generated_to_devel_space_
[  5%] Built target sensor_pos
[  5%] Built target geometry_msgs_generate_messages_py
[  5%] Built target geometry_msgs_generate_messages_cpp
[  5%] Built target geometry_msgs_generate_messages_eus
[  5%] Built target geometry_msgs_generate_messages_lisp
[ 13%] Built target ground_node
[ 13%] Built target geometry_msgs_generate_messages_nodejs
[ 16%] Built target _exploration_manager_generate_messages_check_deps_PairOptResponse
[ 25%] Built target exploration_node
[ 25%] Built target _exploration_manager_generate_messages_check_deps_GridTour
[ 25%] Built target _exploration_manager_generate_messages_check_deps_DroneState
[ 25%] Built target _exploration_manager_generate_messages_check_deps_PairOpt
[ 25%] Built target _exploration_manager_generate_messages_check_deps_HGrid
[ 38%] Built target exploration_manager_generate_messages_cpp
[ 55%] Built target exploration_manager_generate_messages_py
[ 69%] Built target exploration_manager_generate_messages_nodejs
[ 86%] Built target exploration_manager_generate_messages_eus
[100%] Built target exploration_manager_generate_messages_lisp
[100%] Built target exploration_manager_generate_messages
