Symlinking /home/racer_ws/devel/include/exploration_manager/PairOpt.h
Symlinking /home/racer_ws/devel/include/exploration_manager/HGrid.h
Symlinking /home/racer_ws/devel/include/exploration_manager/GridTour.h
Symlinking /home/racer_ws/devel/include/exploration_manager/PairOptResponse.h
Symlinking /home/racer_ws/devel/include/exploration_manager/DroneState.h
Symlinking /home/racer_ws/devel/share/roseus/ros/exploration_manager/manifest.l
Symlinking /home/racer_ws/devel/share/roseus/ros/exploration_manager/msg/HGrid.l
Symlinking /home/racer_ws/devel/share/roseus/ros/exploration_manager/msg/PairOptResponse.l
Symlinking /home/racer_ws/devel/share/roseus/ros/exploration_manager/msg/PairOpt.l
Symlinking /home/racer_ws/devel/share/roseus/ros/exploration_manager/msg/GridTour.l
Symlinking /home/racer_ws/devel/share/roseus/ros/exploration_manager/msg/DroneState.l
Symlinking /home/racer_ws/devel/share/common-lisp/ros/exploration_manager/msg/_package_PairOptResponse.lisp
Symlinking /home/racer_ws/devel/share/common-lisp/ros/exploration_manager/msg/PairOptResponse.lisp
Symlinking /home/racer_ws/devel/share/common-lisp/ros/exploration_manager/msg/GridTour.lisp
Symlinking /home/racer_ws/devel/share/common-lisp/ros/exploration_manager/msg/_package.lisp
Symlinking /home/racer_ws/devel/share/common-lisp/ros/exploration_manager/msg/_package_DroneState.lisp
Symlinking /home/racer_ws/devel/share/common-lisp/ros/exploration_manager/msg/HGrid.lisp
Symlinking /home/racer_ws/devel/share/common-lisp/ros/exploration_manager/msg/DroneState.lisp
Symlinking /home/racer_ws/devel/share/common-lisp/ros/exploration_manager/msg/_package_GridTour.lisp
Symlinking /home/racer_ws/devel/share/common-lisp/ros/exploration_manager/msg/_package_PairOpt.lisp
Symlinking /home/racer_ws/devel/share/common-lisp/ros/exploration_manager/msg/_package_HGrid.lisp
Symlinking /home/racer_ws/devel/share/common-lisp/ros/exploration_manager/msg/exploration_manager-msg.asd
Symlinking /home/racer_ws/devel/share/common-lisp/ros/exploration_manager/msg/PairOpt.lisp
Symlinking /home/racer_ws/devel/share/exploration_manager/cmake/exploration_manager-msg-paths.cmake
Symlinking /home/racer_ws/devel/share/exploration_manager/cmake/exploration_managerConfig.cmake
Symlinking /home/racer_ws/devel/share/exploration_manager/cmake/exploration_managerConfig-version.cmake
Symlinking /home/racer_ws/devel/share/exploration_manager/cmake/exploration_manager-msg-extras.cmake
Symlinking /home/racer_ws/devel/share/gennodejs/ros/exploration_manager/_index.js
Symlinking /home/racer_ws/devel/share/gennodejs/ros/exploration_manager/msg/_index.js
Symlinking /home/racer_ws/devel/share/gennodejs/ros/exploration_manager/msg/DroneState.js
Symlinking /home/racer_ws/devel/share/gennodejs/ros/exploration_manager/msg/PairOptResponse.js
Symlinking /home/racer_ws/devel/share/gennodejs/ros/exploration_manager/msg/HGrid.js
Symlinking /home/racer_ws/devel/share/gennodejs/ros/exploration_manager/msg/GridTour.js
Symlinking /home/racer_ws/devel/share/gennodejs/ros/exploration_manager/msg/PairOpt.js
Symlinking /home/racer_ws/devel/lib/python3/dist-packages/exploration_manager/__init__.py
Symlinking /home/racer_ws/devel/lib/python3/dist-packages/exploration_manager/msg/_PairOpt.py
Symlinking /home/racer_ws/devel/lib/python3/dist-packages/exploration_manager/msg/_GridTour.py
Symlinking /home/racer_ws/devel/lib/python3/dist-packages/exploration_manager/msg/_PairOptResponse.py
Symlinking /home/racer_ws/devel/lib/python3/dist-packages/exploration_manager/msg/__init__.py
Symlinking /home/racer_ws/devel/lib/python3/dist-packages/exploration_manager/msg/_DroneState.py
Symlinking /home/racer_ws/devel/lib/python3/dist-packages/exploration_manager/msg/_HGrid.py
Symlinking /home/racer_ws/devel/lib/exploration_manager/ground_node
Symlinking /home/racer_ws/devel/lib/exploration_manager/exploration_node
Symlinking /home/racer_ws/devel/lib/pkgconfig/exploration_manager.pc
Cleaning: (/home/zqh/phoenixZ/racer_ws/devel/.private/exploration_manager/cmake.lock, /home/zqh/phoenixZ/racer_ws/devel/./cmake.lock)
Cleaning: (/home/zqh/phoenixZ/racer_ws/devel/.private/exploration_manager/include/exploration_manager/PairOpt.h, /home/zqh/phoenixZ/racer_ws/devel/include/exploration_manager/PairOpt.h)
Cleaning: (/home/zqh/phoenixZ/racer_ws/devel/.private/exploration_manager/include/exploration_manager/HGrid.h, /home/zqh/phoenixZ/racer_ws/devel/include/exploration_manager/HGrid.h)
Cleaning: (/home/zqh/phoenixZ/racer_ws/devel/.private/exploration_manager/include/exploration_manager/GridTour.h, /home/zqh/phoenixZ/racer_ws/devel/include/exploration_manager/GridTour.h)
Cleaning: (/home/zqh/phoenixZ/racer_ws/devel/.private/exploration_manager/include/exploration_manager/PairOptResponse.h, /home/zqh/phoenixZ/racer_ws/devel/include/exploration_manager/PairOptResponse.h)
Cleaning: (/home/zqh/phoenixZ/racer_ws/devel/.private/exploration_manager/include/exploration_manager/DroneState.h, /home/zqh/phoenixZ/racer_ws/devel/include/exploration_manager/DroneState.h)
Cleaning: (/home/zqh/phoenixZ/racer_ws/devel/.private/exploration_manager/share/roseus/ros/exploration_manager/manifest.l, /home/zqh/phoenixZ/racer_ws/devel/share/roseus/ros/exploration_manager/manifest.l)
Cleaning: (/home/zqh/phoenixZ/racer_ws/devel/.private/exploration_manager/share/roseus/ros/exploration_manager/msg/HGrid.l, /home/zqh/phoenixZ/racer_ws/devel/share/roseus/ros/exploration_manager/msg/HGrid.l)
Cleaning: (/home/zqh/phoenixZ/racer_ws/devel/.private/exploration_manager/share/roseus/ros/exploration_manager/msg/PairOptResponse.l, /home/zqh/phoenixZ/racer_ws/devel/share/roseus/ros/exploration_manager/msg/PairOptResponse.l)
Cleaning: (/home/zqh/phoenixZ/racer_ws/devel/.private/exploration_manager/share/roseus/ros/exploration_manager/msg/PairOpt.l, /home/zqh/phoenixZ/racer_ws/devel/share/roseus/ros/exploration_manager/msg/PairOpt.l)
Cleaning: (/home/zqh/phoenixZ/racer_ws/devel/.private/exploration_manager/share/roseus/ros/exploration_manager/msg/GridTour.l, /home/zqh/phoenixZ/racer_ws/devel/share/roseus/ros/exploration_manager/msg/GridTour.l)
Cleaning: (/home/zqh/phoenixZ/racer_ws/devel/.private/exploration_manager/share/roseus/ros/exploration_manager/msg/DroneState.l, /home/zqh/phoenixZ/racer_ws/devel/share/roseus/ros/exploration_manager/msg/DroneState.l)
Cleaning: (/home/zqh/phoenixZ/racer_ws/devel/.private/exploration_manager/share/common-lisp/ros/exploration_manager/msg/_package_PairOptResponse.lisp, /home/zqh/phoenixZ/racer_ws/devel/share/common-lisp/ros/exploration_manager/msg/_package_PairOptResponse.lisp)
Cleaning: (/home/zqh/phoenixZ/racer_ws/devel/.private/exploration_manager/share/common-lisp/ros/exploration_manager/msg/PairOptResponse.lisp, /home/zqh/phoenixZ/racer_ws/devel/share/common-lisp/ros/exploration_manager/msg/PairOptResponse.lisp)
Cleaning: (/home/zqh/phoenixZ/racer_ws/devel/.private/exploration_manager/share/common-lisp/ros/exploration_manager/msg/GridTour.lisp, /home/zqh/phoenixZ/racer_ws/devel/share/common-lisp/ros/exploration_manager/msg/GridTour.lisp)
Cleaning: (/home/zqh/phoenixZ/racer_ws/devel/.private/exploration_manager/share/common-lisp/ros/exploration_manager/msg/_package.lisp, /home/zqh/phoenixZ/racer_ws/devel/share/common-lisp/ros/exploration_manager/msg/_package.lisp)
Cleaning: (/home/zqh/phoenixZ/racer_ws/devel/.private/exploration_manager/share/common-lisp/ros/exploration_manager/msg/_package_DroneState.lisp, /home/zqh/phoenixZ/racer_ws/devel/share/common-lisp/ros/exploration_manager/msg/_package_DroneState.lisp)
Cleaning: (/home/zqh/phoenixZ/racer_ws/devel/.private/exploration_manager/share/common-lisp/ros/exploration_manager/msg/HGrid.lisp, /home/zqh/phoenixZ/racer_ws/devel/share/common-lisp/ros/exploration_manager/msg/HGrid.lisp)
Cleaning: (/home/zqh/phoenixZ/racer_ws/devel/.private/exploration_manager/share/common-lisp/ros/exploration_manager/msg/DroneState.lisp, /home/zqh/phoenixZ/racer_ws/devel/share/common-lisp/ros/exploration_manager/msg/DroneState.lisp)
Cleaning: (/home/zqh/phoenixZ/racer_ws/devel/.private/exploration_manager/share/common-lisp/ros/exploration_manager/msg/_package_GridTour.lisp, /home/zqh/phoenixZ/racer_ws/devel/share/common-lisp/ros/exploration_manager/msg/_package_GridTour.lisp)
Cleaning: (/home/zqh/phoenixZ/racer_ws/devel/.private/exploration_manager/share/common-lisp/ros/exploration_manager/msg/_package_PairOpt.lisp, /home/zqh/phoenixZ/racer_ws/devel/share/common-lisp/ros/exploration_manager/msg/_package_PairOpt.lisp)
Cleaning: (/home/zqh/phoenixZ/racer_ws/devel/.private/exploration_manager/share/common-lisp/ros/exploration_manager/msg/_package_HGrid.lisp, /home/zqh/phoenixZ/racer_ws/devel/share/common-lisp/ros/exploration_manager/msg/_package_HGrid.lisp)
Cleaning: (/home/zqh/phoenixZ/racer_ws/devel/.private/exploration_manager/share/common-lisp/ros/exploration_manager/msg/exploration_manager-msg.asd, /home/zqh/phoenixZ/racer_ws/devel/share/common-lisp/ros/exploration_manager/msg/exploration_manager-msg.asd)
Cleaning: (/home/zqh/phoenixZ/racer_ws/devel/.private/exploration_manager/share/common-lisp/ros/exploration_manager/msg/PairOpt.lisp, /home/zqh/phoenixZ/racer_ws/devel/share/common-lisp/ros/exploration_manager/msg/PairOpt.lisp)
Cleaning: (/home/zqh/phoenixZ/racer_ws/devel/.private/exploration_manager/share/exploration_manager/cmake/exploration_manager-msg-paths.cmake, /home/zqh/phoenixZ/racer_ws/devel/share/exploration_manager/cmake/exploration_manager-msg-paths.cmake)
Cleaning: (/home/zqh/phoenixZ/racer_ws/devel/.private/exploration_manager/share/exploration_manager/cmake/exploration_managerConfig.cmake, /home/zqh/phoenixZ/racer_ws/devel/share/exploration_manager/cmake/exploration_managerConfig.cmake)
Cleaning: (/home/zqh/phoenixZ/racer_ws/devel/.private/exploration_manager/share/exploration_manager/cmake/exploration_managerConfig-version.cmake, /home/zqh/phoenixZ/racer_ws/devel/share/exploration_manager/cmake/exploration_managerConfig-version.cmake)
Cleaning: (/home/zqh/phoenixZ/racer_ws/devel/.private/exploration_manager/share/exploration_manager/cmake/exploration_manager-msg-extras.cmake, /home/zqh/phoenixZ/racer_ws/devel/share/exploration_manager/cmake/exploration_manager-msg-extras.cmake)
Cleaning: (/home/zqh/phoenixZ/racer_ws/devel/.private/exploration_manager/share/gennodejs/ros/exploration_manager/_index.js, /home/zqh/phoenixZ/racer_ws/devel/share/gennodejs/ros/exploration_manager/_index.js)
Cleaning: (/home/zqh/phoenixZ/racer_ws/devel/.private/exploration_manager/share/gennodejs/ros/exploration_manager/msg/_index.js, /home/zqh/phoenixZ/racer_ws/devel/share/gennodejs/ros/exploration_manager/msg/_index.js)
Cleaning: (/home/zqh/phoenixZ/racer_ws/devel/.private/exploration_manager/share/gennodejs/ros/exploration_manager/msg/DroneState.js, /home/zqh/phoenixZ/racer_ws/devel/share/gennodejs/ros/exploration_manager/msg/DroneState.js)
Cleaning: (/home/zqh/phoenixZ/racer_ws/devel/.private/exploration_manager/share/gennodejs/ros/exploration_manager/msg/PairOptResponse.js, /home/zqh/phoenixZ/racer_ws/devel/share/gennodejs/ros/exploration_manager/msg/PairOptResponse.js)
Cleaning: (/home/zqh/phoenixZ/racer_ws/devel/.private/exploration_manager/share/gennodejs/ros/exploration_manager/msg/HGrid.js, /home/zqh/phoenixZ/racer_ws/devel/share/gennodejs/ros/exploration_manager/msg/HGrid.js)
Cleaning: (/home/zqh/phoenixZ/racer_ws/devel/.private/exploration_manager/share/gennodejs/ros/exploration_manager/msg/GridTour.js, /home/zqh/phoenixZ/racer_ws/devel/share/gennodejs/ros/exploration_manager/msg/GridTour.js)
Cleaning: (/home/zqh/phoenixZ/racer_ws/devel/.private/exploration_manager/share/gennodejs/ros/exploration_manager/msg/PairOpt.js, /home/zqh/phoenixZ/racer_ws/devel/share/gennodejs/ros/exploration_manager/msg/PairOpt.js)
Cleaning: (/home/zqh/phoenixZ/racer_ws/devel/.private/exploration_manager/lib/python3/dist-packages/exploration_manager/__init__.py, /home/zqh/phoenixZ/racer_ws/devel/lib/python3/dist-packages/exploration_manager/__init__.py)
Cleaning: (/home/zqh/phoenixZ/racer_ws/devel/.private/exploration_manager/lib/python3/dist-packages/exploration_manager/msg/_PairOpt.py, /home/zqh/phoenixZ/racer_ws/devel/lib/python3/dist-packages/exploration_manager/msg/_PairOpt.py)
Cleaning: (/home/zqh/phoenixZ/racer_ws/devel/.private/exploration_manager/lib/python3/dist-packages/exploration_manager/msg/_GridTour.py, /home/zqh/phoenixZ/racer_ws/devel/lib/python3/dist-packages/exploration_manager/msg/_GridTour.py)
Cleaning: (/home/zqh/phoenixZ/racer_ws/devel/.private/exploration_manager/lib/python3/dist-packages/exploration_manager/msg/_PairOptResponse.py, /home/zqh/phoenixZ/racer_ws/devel/lib/python3/dist-packages/exploration_manager/msg/_PairOptResponse.py)
Cleaning: (/home/zqh/phoenixZ/racer_ws/devel/.private/exploration_manager/lib/python3/dist-packages/exploration_manager/msg/__init__.py, /home/zqh/phoenixZ/racer_ws/devel/lib/python3/dist-packages/exploration_manager/msg/__init__.py)
Cleaning: (/home/zqh/phoenixZ/racer_ws/devel/.private/exploration_manager/lib/python3/dist-packages/exploration_manager/msg/_DroneState.py, /home/zqh/phoenixZ/racer_ws/devel/lib/python3/dist-packages/exploration_manager/msg/_DroneState.py)
Cleaning: (/home/zqh/phoenixZ/racer_ws/devel/.private/exploration_manager/lib/python3/dist-packages/exploration_manager/msg/_HGrid.py, /home/zqh/phoenixZ/racer_ws/devel/lib/python3/dist-packages/exploration_manager/msg/_HGrid.py)
Cleaning: (/home/zqh/phoenixZ/racer_ws/devel/.private/exploration_manager/lib/exploration_manager/ground_node, /home/zqh/phoenixZ/racer_ws/devel/lib/exploration_manager/ground_node)
Cleaning: (/home/zqh/phoenixZ/racer_ws/devel/.private/exploration_manager/lib/exploration_manager/exploration_node, /home/zqh/phoenixZ/racer_ws/devel/lib/exploration_manager/exploration_node)
Cleaning: (/home/zqh/phoenixZ/racer_ws/devel/.private/exploration_manager/lib/pkgconfig/exploration_manager.pc, /home/zqh/phoenixZ/racer_ws/devel/lib/pkgconfig/exploration_manager.pc)
Unlinking: /home/zqh/phoenixZ/racer_ws/devel/include/exploration_manager/PairOpt.h
Already unlinked: {}
Unlinking: /home/zqh/phoenixZ/racer_ws/devel/include/exploration_manager/HGrid.h
Already unlinked: {}
Unlinking: /home/zqh/phoenixZ/racer_ws/devel/include/exploration_manager/GridTour.h
Already unlinked: {}
Unlinking: /home/zqh/phoenixZ/racer_ws/devel/include/exploration_manager/PairOptResponse.h
Already unlinked: {}
Unlinking: /home/zqh/phoenixZ/racer_ws/devel/include/exploration_manager/DroneState.h
Already unlinked: {}
Unlinking: /home/zqh/phoenixZ/racer_ws/devel/share/roseus/ros/exploration_manager/manifest.l
Already unlinked: {}
Unlinking: /home/zqh/phoenixZ/racer_ws/devel/share/roseus/ros/exploration_manager/msg/HGrid.l
Already unlinked: {}
Unlinking: /home/zqh/phoenixZ/racer_ws/devel/share/roseus/ros/exploration_manager/msg/PairOptResponse.l
Already unlinked: {}
Unlinking: /home/zqh/phoenixZ/racer_ws/devel/share/roseus/ros/exploration_manager/msg/PairOpt.l
Already unlinked: {}
Unlinking: /home/zqh/phoenixZ/racer_ws/devel/share/roseus/ros/exploration_manager/msg/GridTour.l
Already unlinked: {}
Unlinking: /home/zqh/phoenixZ/racer_ws/devel/share/roseus/ros/exploration_manager/msg/DroneState.l
Already unlinked: {}
Unlinking: /home/zqh/phoenixZ/racer_ws/devel/share/common-lisp/ros/exploration_manager/msg/_package_PairOptResponse.lisp
Already unlinked: {}
Unlinking: /home/zqh/phoenixZ/racer_ws/devel/share/common-lisp/ros/exploration_manager/msg/PairOptResponse.lisp
Already unlinked: {}
Unlinking: /home/zqh/phoenixZ/racer_ws/devel/share/common-lisp/ros/exploration_manager/msg/GridTour.lisp
Already unlinked: {}
Unlinking: /home/zqh/phoenixZ/racer_ws/devel/share/common-lisp/ros/exploration_manager/msg/_package.lisp
Already unlinked: {}
Unlinking: /home/zqh/phoenixZ/racer_ws/devel/share/common-lisp/ros/exploration_manager/msg/_package_DroneState.lisp
Already unlinked: {}
Unlinking: /home/zqh/phoenixZ/racer_ws/devel/share/common-lisp/ros/exploration_manager/msg/HGrid.lisp
Already unlinked: {}
Unlinking: /home/zqh/phoenixZ/racer_ws/devel/share/common-lisp/ros/exploration_manager/msg/DroneState.lisp
Already unlinked: {}
Unlinking: /home/zqh/phoenixZ/racer_ws/devel/share/common-lisp/ros/exploration_manager/msg/_package_GridTour.lisp
Already unlinked: {}
Unlinking: /home/zqh/phoenixZ/racer_ws/devel/share/common-lisp/ros/exploration_manager/msg/_package_PairOpt.lisp
Already unlinked: {}
Unlinking: /home/zqh/phoenixZ/racer_ws/devel/share/common-lisp/ros/exploration_manager/msg/_package_HGrid.lisp
Already unlinked: {}
Unlinking: /home/zqh/phoenixZ/racer_ws/devel/share/common-lisp/ros/exploration_manager/msg/exploration_manager-msg.asd
Already unlinked: {}
Unlinking: /home/zqh/phoenixZ/racer_ws/devel/share/common-lisp/ros/exploration_manager/msg/PairOpt.lisp
Already unlinked: {}
Unlinking: /home/zqh/phoenixZ/racer_ws/devel/share/exploration_manager/cmake/exploration_manager-msg-paths.cmake
Already unlinked: {}
Unlinking: /home/zqh/phoenixZ/racer_ws/devel/share/exploration_manager/cmake/exploration_managerConfig.cmake
Already unlinked: {}
Unlinking: /home/zqh/phoenixZ/racer_ws/devel/share/exploration_manager/cmake/exploration_managerConfig-version.cmake
Already unlinked: {}
Unlinking: /home/zqh/phoenixZ/racer_ws/devel/share/exploration_manager/cmake/exploration_manager-msg-extras.cmake
Already unlinked: {}
Unlinking: /home/zqh/phoenixZ/racer_ws/devel/share/gennodejs/ros/exploration_manager/_index.js
Already unlinked: {}
Unlinking: /home/zqh/phoenixZ/racer_ws/devel/share/gennodejs/ros/exploration_manager/msg/_index.js
Already unlinked: {}
Unlinking: /home/zqh/phoenixZ/racer_ws/devel/share/gennodejs/ros/exploration_manager/msg/DroneState.js
Already unlinked: {}
Unlinking: /home/zqh/phoenixZ/racer_ws/devel/share/gennodejs/ros/exploration_manager/msg/PairOptResponse.js
Already unlinked: {}
Unlinking: /home/zqh/phoenixZ/racer_ws/devel/share/gennodejs/ros/exploration_manager/msg/HGrid.js
Already unlinked: {}
Unlinking: /home/zqh/phoenixZ/racer_ws/devel/share/gennodejs/ros/exploration_manager/msg/GridTour.js
Already unlinked: {}
Unlinking: /home/zqh/phoenixZ/racer_ws/devel/share/gennodejs/ros/exploration_manager/msg/PairOpt.js
Already unlinked: {}
Unlinking: /home/zqh/phoenixZ/racer_ws/devel/lib/python3/dist-packages/exploration_manager/__init__.py
Already unlinked: {}
Unlinking: /home/zqh/phoenixZ/racer_ws/devel/lib/python3/dist-packages/exploration_manager/msg/_PairOpt.py
Already unlinked: {}
Unlinking: /home/zqh/phoenixZ/racer_ws/devel/lib/python3/dist-packages/exploration_manager/msg/_GridTour.py
Already unlinked: {}
Unlinking: /home/zqh/phoenixZ/racer_ws/devel/lib/python3/dist-packages/exploration_manager/msg/_PairOptResponse.py
Already unlinked: {}
Unlinking: /home/zqh/phoenixZ/racer_ws/devel/lib/python3/dist-packages/exploration_manager/msg/__init__.py
Already unlinked: {}
Unlinking: /home/zqh/phoenixZ/racer_ws/devel/lib/python3/dist-packages/exploration_manager/msg/_DroneState.py
Already unlinked: {}
Unlinking: /home/zqh/phoenixZ/racer_ws/devel/lib/python3/dist-packages/exploration_manager/msg/_HGrid.py
Already unlinked: {}
Unlinking: /home/zqh/phoenixZ/racer_ws/devel/lib/exploration_manager/ground_node
Already unlinked: {}
Unlinking: /home/zqh/phoenixZ/racer_ws/devel/lib/exploration_manager/exploration_node
Already unlinked: {}
Unlinking: /home/zqh/phoenixZ/racer_ws/devel/lib/pkgconfig/exploration_manager.pc
Already unlinked: {}
