[35m[1mScanning dependencies of target racer2gazebo_cmd[0m
[  0%] Built target exploration_manager_xacro_generated_to_devel_space_
[  0%] Built target geometry_msgs_generate_messages_lisp
[  0%] Built target geometry_msgs_generate_messages_cpp
[  0%] Built target geometry_msgs_generate_messages_py
[  0%] Built target geometry_msgs_generate_messages_nodejs
[  0%] Built target geometry_msgs_generate_messages_eus
[  5%] Built target sensor_pos
[  7%] [32mBuilding CXX object CMakeFiles/racer2gazebo_cmd.dir/src/racer2gazebo_cmd.cpp.o[0m
[ 15%] Built target ground_node
[ 26%] Built target exploration_node
[ 26%] Built target _exploration_manager_generate_messages_check_deps_DroneState
[ 26%] Built target _exploration_manager_generate_messages_check_deps_PairOptResponse
[ 26%] Built target _exploration_manager_generate_messages_check_deps_GridTour
[ 26%] Built target _exploration_manager_generate_messages_check_deps_HGrid
[ 26%] Built target _exploration_manager_generate_messages_check_deps_PairOpt
[ 94%] Built target exploration_manager_generate_messages_cpp
[ 94%] Built target exploration_manager_generate_messages_lisp
[ 94%] Built target exploration_manager_generate_messages_nodejs
[ 94%] Built target exploration_manager_generate_messages_eus
[ 97%] Built target exploration_manager_generate_messages_py
[ 97%] Built target exploration_manager_generate_messages
[01m[K/home/zqh/phoenixZ/racer_explore/src/RACER/swarm_exploration/exploration_manager/src/racer2gazebo_cmd.cpp:[m[K In constructor ‘[01m[KCommandConverter::CommandConverter()[m[K’:
[01m[K/home/zqh/phoenixZ/racer_explore/src/RACER/swarm_exploration/exploration_manager/src/racer2gazebo_cmd.cpp:166:9:[m[K [01;35m[Kwarning: [m[K‘[01m[KCommandConverter::car_id_num_[m[K’ will be initialized after [[01;35m[K-Wreorder[m[K]
  166 |     int [01;35m[Kcar_id_num_[m[K;
      |         [01;35m[K^~~~~~~~~~~[m[K
[01m[K/home/zqh/phoenixZ/racer_explore/src/RACER/swarm_exploration/exploration_manager/src/racer2gazebo_cmd.cpp:164:10:[m[K [01;35m[Kwarning: [m[K  ‘[01m[Kbool CommandConverter::mission_done_[m[K’ [[01;35m[K-Wreorder[m[K]
  164 |     bool [01;35m[Kmission_done_[m[K;
      |          [01;35m[K^~~~~~~~~~~~~[m[K
[01m[K/home/zqh/phoenixZ/racer_explore/src/RACER/swarm_exploration/exploration_manager/src/racer2gazebo_cmd.cpp:11:5:[m[K [01;35m[Kwarning: [m[K  when initialized here [[01;35m[K-Wreorder[m[K]
   11 |     [01;35m[KCommandConverter[m[K()
      |     [01;35m[K^~~~~~~~~~~~~~~~[m[K
[100%] [32m[1mLinking CXX executable /home/zqh/phoenixZ/racer_explore/devel/.private/exploration_manager/lib/exploration_manager/racer2gazebo_cmd[0m
[100%] Built target racer2gazebo_cmd
