[01m[K/home/zqh/phoenixZ/racer_ws/src/RACER/swarm_exploration/exploration_manager/src/fast_exploration_manager.cpp:[m[K In member function ‘[01m[Kint fast_planner::FastExplorationManager::planExploreMotion(const Vector3d&, const Vector3d&, const Vector3d&, const Vector3d&)[m[K’:
[01m[K/home/zqh/phoenixZ/racer_ws/src/RACER/swarm_exploration/exploration_manager/src/fast_exploration_manager.cpp:156:27:[m[K [01;35m[Kwarning: [m[Kcomparison of integer expressions of different signedness: ‘[01m[Kint[m[K’ and ‘[01m[Kstd::vector<Eigen::Matrix<double, 3, 1> >::size_type[m[K’ {aka ‘[01m[Klong unsigned int[m[K’} [[01;35m[K-Wsign-compare[m[K]
  156 |         for (int i = 0; [01;35m[Ki < ed_->averages_.size()[m[K; ++i)
      |                         [01;35m[K~~^~~~~~~~~~~~~~~~~~~~~~~[m[K
[01m[K/home/zqh/phoenixZ/racer_ws/src/RACER/swarm_exploration/exploration_manager/src/fast_exploration_manager.cpp:181:27:[m[K [01;35m[Kwarning: [m[Kcomparison of integer expressions of different signedness: ‘[01m[Kint[m[K’ and ‘[01m[Kstd::vector<Eigen::Matrix<double, 3, 1> >::size_type[m[K’ {aka ‘[01m[Klong unsigned int[m[K’} [[01;35m[K-Wsign-compare[m[K]
  181 |         for (int i = 0; [01;35m[Ki < ed_->points_.size()[m[K; ++i)
      |                         [01;35m[K~~^~~~~~~~~~~~~~~~~~~~~[m[K
[01m[K/home/zqh/phoenixZ/racer_ws/src/RACER/swarm_exploration/exploration_manager/src/fast_exploration_manager.cpp:224:35:[m[K [01;35m[Kwarning: [m[Kcomparison of integer expressions of different signedness: ‘[01m[Kint[m[K’ and ‘[01m[Kstd::vector<Eigen::Matrix<double, 3, 1> >::size_type[m[K’ {aka ‘[01m[Klong unsigned int[m[K’} [[01;35m[K-Wsign-compare[m[K]
  224 |                 for (int i = 0; [01;35m[Ki < ed_->n_points_[0].size()[m[K; ++i)
      |                                 [01;35m[K~~^~~~~~~~~~~~~~~~~~~~~~~~~~[m[K
[01m[K/home/zqh/phoenixZ/racer_ws/src/RACER/swarm_exploration/exploration_manager/src/fast_exploration_manager.cpp:[m[K In member function ‘[01m[Kint fast_planner::FastExplorationManager::planExploreMotion(const Vector3d&, const Vector3d&, const Vector3d&, const Vector3d&)[m[K’:
[01m[K/home/zqh/phoenixZ/racer_ws/src/RACER/swarm_exploration/exploration_manager/src/fast_exploration_manager.cpp:156:27:[m[K [01;35m[Kwarning: [m[Kcomparison of integer expressions of different signedness: ‘[01m[Kint[m[K’ and ‘[01m[Kstd::vector<Eigen::Matrix<double, 3, 1> >::size_type[m[K’ {aka ‘[01m[Klong unsigned int[m[K’} [[01;35m[K-Wsign-compare[m[K]
  156 |         for (int i = 0; [01;35m[Ki < ed_->averages_.size()[m[K; ++i)
      |                         [01;35m[K~~^~~~~~~~~~~~~~~~~~~~~~~[m[K
[01m[K/home/zqh/phoenixZ/racer_ws/src/RACER/swarm_exploration/exploration_manager/src/fast_exploration_manager.cpp:181:27:[m[K [01;35m[Kwarning: [m[Kcomparison of integer expressions of different signedness: ‘[01m[Kint[m[K’ and ‘[01m[Kstd::vector<Eigen::Matrix<double, 3, 1> >::size_type[m[K’ {aka ‘[01m[Klong unsigned int[m[K’} [[01;35m[K-Wsign-compare[m[K]
  181 |         for (int i = 0; [01;35m[Ki < ed_->points_.size()[m[K; ++i)
      |                         [01;35m[K~~^~~~~~~~~~~~~~~~~~~~~[m[K
[01m[K/home/zqh/phoenixZ/racer_ws/src/RACER/swarm_exploration/exploration_manager/src/fast_exploration_manager.cpp:303:27:[m[K [01;35m[Kwarning: [m[Kcomparison of integer expressions of different signedness: ‘[01m[Kint[m[K’ and ‘[01m[Kstd::vector<Eigen::Matrix<double, 3, 1> >::size_type[m[K’ {aka ‘[01m[Klong unsigned int[m[K’} [[01;35m[K-Wsign-compare[m[K]
  303 |         for (int i = 0; [01;35m[Ki < ed_->refined_points_.size()[m[K; ++i)
      |                         [01;35m[K~~^~~~~~~~~~~~~~~~~~~~~~~~~~~~~[m[K
[01m[K/home/zqh/phoenixZ/racer_ws/src/RACER/swarm_exploration/exploration_manager/src/fast_exploration_manager.cpp:310:27:[m[K [01;35m[Kwarning: [m[Kcomparison of integer expressions of different signedness: ‘[01m[Kint[m[K’ and ‘[01m[Kstd::vector<Eigen::Matrix<double, 3, 1> >::size_type[m[K’ {aka ‘[01m[Klong unsigned int[m[K’} [[01;35m[K-Wsign-compare[m[K]
  310 |         for (int i = 0; [01;35m[Ki < ed_->refined_points_.size()[m[K; ++i)
      |                         [01;35m[K~~^~~~~~~~~~~~~~~~~~~~~~~~~~~~~[m[K
[01m[K/home/zqh/phoenixZ/racer_ws/src/RACER/swarm_exploration/exploration_manager/src/fast_exploration_manager.cpp:224:35:[m[K [01;35m[Kwarning: [m[Kcomparison of integer expressions of different signedness: ‘[01m[Kint[m[K’ and ‘[01m[Kstd::vector<Eigen::Matrix<double, 3, 1> >::size_type[m[K’ {aka ‘[01m[Klong unsigned int[m[K’} [[01;35m[K-Wsign-compare[m[K]
  224 |                 for (int i = 0; [01;35m[Ki < ed_->n_points_[0].size()[m[K; ++i)
      |                                 [01;35m[K~~^~~~~~~~~~~~~~~~~~~~~~~~~~[m[K
[01m[K/home/zqh/phoenixZ/racer_ws/src/RACER/swarm_exploration/exploration_manager/src/fast_exploration_manager.cpp:[m[K In member function ‘[01m[Kint fast_planner::FastExplorationManager::planTrajToView(const Vector3d&, const Vector3d&, const Vector3d&, const Vector3d&, const Vector3d&, const double&)[m[K’:
[01m[K/home/zqh/phoenixZ/racer_ws/src/RACER/swarm_exploration/exploration_manager/src/fast_exploration_manager.cpp:395:27:[m[K [01;35m[Kwarning: [m[Kcomparison of integer expressions of different signedness: ‘[01m[Kint[m[K’ and ‘[01m[Kstd::vector<Eigen::Matrix<double, 3, 1> >::size_type[m[K’ {aka ‘[01m[Klong unsigned int[m[K’} [[01;35m[K-Wsign-compare[m[K]
  395 |         for (int i = 1; [01;35m[Ki < ed_->path_next_goal_.size()[m[K && len2 < radius_far; ++i)
      |                         [01;35m[K~~^~~~~~~~~~~~~~~~~~~~~~~~~~~~~[m[K
[01m[K/home/zqh/phoenixZ/racer_ws/src/RACER/swarm_exploration/exploration_manager/src/fast_exploration_manager.cpp:353:10:[m[K [01;35m[Kwarning: [m[Kunused variable ‘[01m[Kgoal_unknown[m[K’ [[01;35m[K-Wunused-variable[m[K]
  353 |     bool [01;35m[Kgoal_unknown[m[K = (edt_environment_->sdf_map_->getOccupancy(next_pos) == SDFMap::UNKNOWN);  // 目标点是不是未知区域
      |          [01;35m[K^~~~~~~~~~~~[m[K
[01m[K/home/zqh/phoenixZ/racer_ws/src/RACER/swarm_exploration/exploration_manager/src/fast_exploration_manager.cpp:[m[K In member function ‘[01m[Kint fast_planner::FastExplorationManager::updateFrontierStruct(const Vector3d&)[m[K’:
[01m[K/home/zqh/phoenixZ/racer_ws/src/RACER/swarm_exploration/exploration_manager/src/fast_exploration_manager.cpp:467:23:[m[K [01;35m[Kwarning: [m[Kcomparison of integer expressions of different signedness: ‘[01m[Kint[m[K’ and ‘[01m[Kstd::vector<Eigen::Matrix<double, 3, 1> >::size_type[m[K’ {aka ‘[01m[Klong unsigned int[m[K’} [[01;35m[K-Wsign-compare[m[K]
  467 |     for (int i = 0; [01;35m[Ki < ed_->points_.size()[m[K; ++i)
      |                     [01;35m[K~~^~~~~~~~~~~~~~~~~~~~~[m[K
[01m[K/home/zqh/phoenixZ/racer_ws/src/RACER/swarm_exploration/exploration_manager/src/fast_exploration_manager.cpp:483:12:[m[K [01;35m[Kwarning: [m[Kunused variable ‘[01m[Ktotal_time[m[K’ [[01;35m[K-Wunused-variable[m[K]
  483 |     double [01;35m[Ktotal_time[m[K = frontier_time + view_time + mat_time;
      |            [01;35m[K^~~~~~~~~~[m[K
In file included from [01m[K/opt/ros/noetic/include/ros/ros.h:40[m[K,
                 from [01m[K/home/zqh/phoenixZ/racer_ws/src/RACER/swarm_exploration/active_perception/include/active_perception/frontier_finder.h:4[m[K,
                 from [01m[K/home/zqh/phoenixZ/racer_ws/src/RACER/swarm_exploration/exploration_manager/src/fast_exploration_manager.cpp:2[m[K:
[01m[K/home/zqh/phoenixZ/racer_ws/src/RACER/swarm_exploration/exploration_manager/src/fast_exploration_manager.cpp:[m[K In member function ‘[01m[Kvoid fast_planner::FastExplorationManager::findGridAndFrontierPath(const Vector3d&, const Vector3d&, const Vector3d&, std::vector<int>&, std::vector<int>&)[m[K’:
[01m[K/home/zqh/phoenixZ/racer_ws/src/RACER/swarm_exploration/exploration_manager/src/fast_exploration_manager.cpp:520:14:[m[K [01;35m[Kwarning: [m[Kformat ‘[01m[K%d[m[K’ expects argument of type ‘[01m[Kint[m[K’, but argument 8 has type ‘[01m[Kstd::vector<int>::size_type[m[K’ {aka ‘[01m[Klong unsigned int[m[K’} [[01;35m[K-Wformat=[m[K]
  520 |     ROS_INFO([01;35m[K"Find frontier tour, %d involved------------"[m[K, [32m[Kftr_ids.size()[m[K);
      |              [01;35m[K^~~~~~~~~~~~~~~~~~~~~~~~~~~~~~~~~~~~~~~~~~~~~[m[K  [32m[K~~~~~~~~~~~~~~[m[K
      |                                                                         [32m[K|[m[K
      |                                                                         [32m[Kstd::vector<int>::size_type {aka long unsigned int}[m[K
[01m[K/home/zqh/phoenixZ/racer_ws/src/RACER/swarm_exploration/exploration_manager/src/fast_exploration_manager.cpp:520:36:[m[K [01;36m[Knote: [m[Kformat string is defined here
  520 |     ROS_INFO("Find frontier tour, [01;36m[K%d[m[K involved------------", ftr_ids.size());
      |                                   [01;36m[K~^[m[K
      |                                    [01;36m[K|[m[K
      |                                    [01;36m[Kint[m[K
      |                                   [32m[K%ld[m[K
[01m[K/home/zqh/phoenixZ/racer_ws/src/RACER/swarm_exploration/exploration_manager/src/fast_exploration_manager.cpp:[m[K In member function ‘[01m[Kvoid fast_planner::FastExplorationManager::shortenPath(std::vector<Eigen::Matrix<double, 3, 1> >&)[m[K’:
[01m[K/home/zqh/phoenixZ/racer_ws/src/RACER/swarm_exploration/exploration_manager/src/fast_exploration_manager.cpp:552:23:[m[K [01;35m[Kwarning: [m[Kcomparison of integer expressions of different signedness: ‘[01m[Kint[m[K’ and ‘[01m[Kstd::vector<Eigen::Matrix<double, 3, 1> >::size_type[m[K’ {aka ‘[01m[Klong unsigned int[m[K’} [[01;35m[K-Wsign-compare[m[K]
  552 |     for (int i = 1; [01;35m[Ki < path.size() - 1[m[K; ++i)
      |                     [01;35m[K~~^~~~~~~~~~~~~~~~~[m[K
[01m[K/home/zqh/phoenixZ/racer_ws/src/RACER/swarm_exploration/exploration_manager/src/fast_exploration_manager.cpp:303:27:[m[K [01;35m[Kwarning: [m[Kcomparison of integer expressions of different signedness: ‘[01m[Kint[m[K’ and ‘[01m[Kstd::vector<Eigen::Matrix<double, 3, 1> >::size_type[m[K’ {aka ‘[01m[Klong unsigned int[m[K’} [[01;35m[K-Wsign-compare[m[K]
  303 |         for (int i = 0; [01;35m[Ki < ed_->refined_points_.size()[m[K; ++i)
      |                         [01;35m[K~~^~~~~~~~~~~~~~~~~~~~~~~~~~~~~[m[K
[01m[K/home/zqh/phoenixZ/racer_ws/src/RACER/swarm_exploration/exploration_manager/src/fast_exploration_manager.cpp:310:27:[m[K [01;35m[Kwarning: [m[Kcomparison of integer expressions of different signedness: ‘[01m[Kint[m[K’ and ‘[01m[Kstd::vector<Eigen::Matrix<double, 3, 1> >::size_type[m[K’ {aka ‘[01m[Klong unsigned int[m[K’} [[01;35m[K-Wsign-compare[m[K]
  310 |         for (int i = 0; [01;35m[Ki < ed_->refined_points_.size()[m[K; ++i)
      |                         [01;35m[K~~^~~~~~~~~~~~~~~~~~~~~~~~~~~~~[m[K
[01m[K/home/zqh/phoenixZ/racer_ws/src/RACER/swarm_exploration/exploration_manager/src/fast_exploration_manager.cpp:[m[K In member function ‘[01m[Kint fast_planner::FastExplorationManager::planTrajToView(const Vector3d&, const Vector3d&, const Vector3d&, const Vector3d&, const Vector3d&, const double&)[m[K’:
[01m[K/home/zqh/phoenixZ/racer_ws/src/RACER/swarm_exploration/exploration_manager/src/fast_exploration_manager.cpp:395:27:[m[K [01;35m[Kwarning: [m[Kcomparison of integer expressions of different signedness: ‘[01m[Kint[m[K’ and ‘[01m[Kstd::vector<Eigen::Matrix<double, 3, 1> >::size_type[m[K’ {aka ‘[01m[Klong unsigned int[m[K’} [[01;35m[K-Wsign-compare[m[K]
  395 |         for (int i = 1; [01;35m[Ki < ed_->path_next_goal_.size()[m[K && len2 < radius_far; ++i)
      |                         [01;35m[K~~^~~~~~~~~~~~~~~~~~~~~~~~~~~~~[m[K
[01m[K/home/zqh/phoenixZ/racer_ws/src/RACER/swarm_exploration/exploration_manager/src/fast_exploration_manager.cpp:353:10:[m[K [01;35m[Kwarning: [m[Kunused variable ‘[01m[Kgoal_unknown[m[K’ [[01;35m[K-Wunused-variable[m[K]
  353 |     bool [01;35m[Kgoal_unknown[m[K = (edt_environment_->sdf_map_->getOccupancy(next_pos) == SDFMap::UNKNOWN);  // 目标点是不是未知区域
      |          [01;35m[K^~~~~~~~~~~~[m[K
[01m[K/home/zqh/phoenixZ/racer_ws/src/RACER/swarm_exploration/exploration_manager/src/fast_exploration_manager.cpp:[m[K In member function ‘[01m[Kint fast_planner::FastExplorationManager::updateFrontierStruct(const Vector3d&)[m[K’:
[01m[K/home/zqh/phoenixZ/racer_ws/src/RACER/swarm_exploration/exploration_manager/src/fast_exploration_manager.cpp:467:23:[m[K [01;35m[Kwarning: [m[Kcomparison of integer expressions of different signedness: ‘[01m[Kint[m[K’ and ‘[01m[Kstd::vector<Eigen::Matrix<double, 3, 1> >::size_type[m[K’ {aka ‘[01m[Klong unsigned int[m[K’} [[01;35m[K-Wsign-compare[m[K]
  467 |     for (int i = 0; [01;35m[Ki < ed_->points_.size()[m[K; ++i)
      |                     [01;35m[K~~^~~~~~~~~~~~~~~~~~~~~[m[K
[01m[K/home/zqh/phoenixZ/racer_ws/src/RACER/swarm_exploration/exploration_manager/src/fast_exploration_manager.cpp:483:12:[m[K [01;35m[Kwarning: [m[Kunused variable ‘[01m[Ktotal_time[m[K’ [[01;35m[K-Wunused-variable[m[K]
  483 |     double [01;35m[Ktotal_time[m[K = frontier_time + view_time + mat_time;
      |            [01;35m[K^~~~~~~~~~[m[K
[01m[K/home/zqh/phoenixZ/racer_ws/src/RACER/swarm_exploration/exploration_manager/src/fast_exploration_manager.cpp:[m[K In member function ‘[01m[Kvoid fast_planner::FastExplorationManager::refineLocalTour(const Vector3d&, const Vector3d&, const Vector3d&, const std::vector<std::vector<Eigen::Matrix<double, 3, 1> > >&, const std::vector<std::vector<double> >&, std::vector<Eigen::Matrix<double, 3, 1> >&, std::vector<double>&)[m[K’:
[01m[K/home/zqh/phoenixZ/racer_ws/src/RACER/swarm_exploration/exploration_manager/src/fast_exploration_manager.cpp:694:23:[m[K [01;35m[Kwarning: [m[Kcomparison of integer expressions of different signedness: ‘[01m[Kint[m[K’ and ‘[01m[Kstd::vector<std::vector<Eigen::Matrix<double, 3, 1> > >::size_type[m[K’ {aka ‘[01m[Klong unsigned int[m[K’} [[01;35m[K-Wsign-compare[m[K]
  694 |     for (int i = 0; [01;35m[Ki < n_points.size()[m[K; ++i)
      |                     [01;35m[K~~^~~~~~~~~~~~~~~~~[m[K
[01m[K/home/zqh/phoenixZ/racer_ws/src/RACER/swarm_exploration/exploration_manager/src/fast_exploration_manager.cpp:697:27:[m[K [01;35m[Kwarning: [m[Kcomparison of integer expressions of different signedness: ‘[01m[Kint[m[K’ and ‘[01m[Kstd::vector<Eigen::Matrix<double, 3, 1> >::size_type[m[K’ {aka ‘[01m[Klong unsigned int[m[K’} [[01;35m[K-Wsign-compare[m[K]
  697 |         for (int j = 0; [01;35m[Kj < n_points[i].size()[m[K; ++j)
      |                         [01;35m[K~~^~~~~~~~~~~~~~~~~~~~[m[K
[01m[K/home/zqh/phoenixZ/racer_ws/src/RACER/swarm_exploration/exploration_manager/src/fast_exploration_manager.cpp:707:19:[m[K [01;35m[Kwarning: [m[Kcomparison of integer expressions of different signedness: ‘[01m[Kint[m[K’ and ‘[01m[Kstd::vector<std::vector<Eigen::Matrix<double, 3, 1> > >::size_type[m[K’ {aka ‘[01m[Klong unsigned int[m[K’} [[01;35m[K-Wsign-compare[m[K]
  707 |             if ([01;35m[Ki == n_points.size() - 1[m[K)
      |                 [01;35m[K~~^~~~~~~~~~~~~~~~~~~~~~[m[K
[01m[K/home/zqh/phoenixZ/racer_ws/src/RACER/swarm_exploration/exploration_manager/src/fast_exploration_manager.cpp:730:23:[m[K [01;35m[Kwarning: [m[Kcomparison of integer expressions of different signedness: ‘[01m[Kint[m[K’ and ‘[01m[Kstd::vector<std::shared_ptr<fast_planner::ViewNode> >::size_type[m[K’ {aka ‘[01m[Klong unsigned int[m[K’} [[01;35m[K-Wsign-compare[m[K]
  730 |     for (int i = 1; [01;35m[Ki < path.size()[m[K; ++i)
      |                     [01;35m[K~~^~~~~~~~~~~~~[m[K
In file included from [01m[K/opt/ros/noetic/include/ros/ros.h:40[m[K,
                 from [01m[K/home/zqh/phoenixZ/racer_ws/src/RACER/swarm_exploration/active_perception/include/active_perception/frontier_finder.h:4[m[K,
                 from [01m[K/home/zqh/phoenixZ/racer_ws/src/RACER/swarm_exploration/exploration_manager/src/fast_exploration_manager.cpp:2[m[K:
[01m[K/home/zqh/phoenixZ/racer_ws/src/RACER/swarm_exploration/exploration_manager/src/fast_exploration_manager.cpp:[m[K In member function ‘[01m[Kvoid fast_planner::FastExplorationManager::findGridAndFrontierPath(const Vector3d&, const Vector3d&, const Vector3d&, std::vector<int>&, std::vector<int>&)[m[K’:
[01m[K/home/zqh/phoenixZ/racer_ws/src/RACER/swarm_exploration/exploration_manager/src/fast_exploration_manager.cpp:520:14:[m[K [01;35m[Kwarning: [m[Kformat ‘[01m[K%d[m[K’ expects argument of type ‘[01m[Kint[m[K’, but argument 8 has type ‘[01m[Kstd::vector<int>::size_type[m[K’ {aka ‘[01m[Klong unsigned int[m[K’} [[01;35m[K-Wformat=[m[K]
  520 |     ROS_INFO([01;35m[K"Find frontier tour, %d involved------------"[m[K, [32m[Kftr_ids.size()[m[K);
      |              [01;35m[K^~~~~~~~~~~~~~~~~~~~~~~~~~~~~~~~~~~~~~~~~~~~~[m[K  [32m[K~~~~~~~~~~~~~~[m[K
      |                                                                         [32m[K|[m[K
      |                                                                         [32m[Kstd::vector<int>::size_type {aka long unsigned int}[m[K
[01m[K/home/zqh/phoenixZ/racer_ws/src/RACER/swarm_exploration/exploration_manager/src/fast_exploration_manager.cpp:520:36:[m[K [01;36m[Knote: [m[Kformat string is defined here
  520 |     ROS_INFO("Find frontier tour, [01;36m[K%d[m[K involved------------", ftr_ids.size());
      |                                   [01;36m[K~^[m[K
      |                                    [01;36m[K|[m[K
      |                                    [01;36m[Kint[m[K
      |                                   [32m[K%ld[m[K
[01m[K/home/zqh/phoenixZ/racer_ws/src/RACER/swarm_exploration/exploration_manager/src/fast_exploration_manager.cpp:678:12:[m[K [01;35m[Kwarning: [m[Kvariable ‘[01m[Kcreate_time[m[K’ set but not used [[01;35m[K-Wunused-but-set-variable[m[K]
  678 |     double [01;35m[Kcreate_time[m[K, search_time, parse_time;
      |            [01;35m[K^~~~~~~~~~~[m[K
[01m[K/home/zqh/phoenixZ/racer_ws/src/RACER/swarm_exploration/exploration_manager/src/fast_exploration_manager.cpp:678:25:[m[K [01;35m[Kwarning: [m[Kvariable ‘[01m[Ksearch_time[m[K’ set but not used [[01;35m[K-Wunused-but-set-variable[m[K]
  678 |     double create_time, [01;35m[Ksearch_time[m[K, parse_time;
      |                         [01;35m[K^~~~~~~~~~~[m[K
[01m[K/home/zqh/phoenixZ/racer_ws/src/RACER/swarm_exploration/exploration_manager/src/fast_exploration_manager.cpp:678:38:[m[K [01;35m[Kwarning: [m[Kvariable ‘[01m[Kparse_time[m[K’ set but not used [[01;35m[K-Wunused-but-set-variable[m[K]
  678 |     double create_time, search_time, [01;35m[Kparse_time[m[K;
      |                                      [01;35m[K^~~~~~~~~~[m[K
[01m[K/home/zqh/phoenixZ/racer_ws/src/RACER/swarm_exploration/exploration_manager/src/fast_exploration_manager.cpp:[m[K In member function ‘[01m[Kvoid fast_planner::FastExplorationManager::allocateGrids(const std::vector<Eigen::Matrix<double, 3, 1> >&, const std::vector<Eigen::Matrix<double, 3, 1> >&, const std::vector<std::vector<int> >&, const std::vector<std::vector<int> >&, const std::vector<int>&, std::vector<int>&, std::vector<int>&)[m[K’:
[01m[K/home/zqh/phoenixZ/racer_ws/src/RACER/swarm_exploration/exploration_manager/src/fast_exploration_manager.cpp:801:23:[m[K [01;35m[Kwarning: [m[Kcomparison of integer expressions of different signedness: ‘[01m[Kint[m[K’ and ‘[01m[Kstd::vector<int>::size_type[m[K’ {aka ‘[01m[Klong unsigned int[m[K’} [[01;35m[K-Wsign-compare[m[K]
  801 |     for (int i = 0; [01;35m[Ki < grid_ids.size()[m[K; ++i)
      |                     [01;35m[K~~^~~~~~~~~~~~~~~~~[m[K
[01m[K/home/zqh/phoenixZ/racer_ws/src/RACER/swarm_exploration/exploration_manager/src/fast_exploration_manager.cpp:[m[K In member function ‘[01m[Kvoid fast_planner::FastExplorationManager::shortenPath(std::vector<Eigen::Matrix<double, 3, 1> >&)[m[K’:
[01m[K/home/zqh/phoenixZ/racer_ws/src/RACER/swarm_exploration/exploration_manager/src/fast_exploration_manager.cpp:552:23:[m[K [01;35m[Kwarning: [m[Kcomparison of integer expressions of different signedness: ‘[01m[Kint[m[K’ and ‘[01m[Kstd::vector<Eigen::Matrix<double, 3, 1> >::size_type[m[K’ {aka ‘[01m[Klong unsigned int[m[K’} [[01;35m[K-Wsign-compare[m[K]
  552 |     for (int i = 1; [01;35m[Ki < path.size() - 1[m[K; ++i)
      |                     [01;35m[K~~^~~~~~~~~~~~~~~~~[m[K
[01m[K/home/zqh/phoenixZ/racer_ws/src/RACER/swarm_exploration/exploration_manager/src/fast_exploration_manager.cpp:858:27:[m[K [01;35m[Kwarning: [m[Kcomparison of integer expressions of different signedness: ‘[01m[Kint[m[K’ and ‘[01m[Kstd::vector<int>::size_type[m[K’ {aka ‘[01m[Klong unsigned int[m[K’} [[01;35m[K-Wsign-compare[m[K]
  858 |         for (int i = 0; [01;35m[Ki < grid_ids.size()[m[K; ++i)
      |                         [01;35m[K~~^~~~~~~~~~~~~~~~~[m[K
[01m[K/home/zqh/phoenixZ/racer_ws/src/RACER/swarm_exploration/exploration_manager/src/fast_exploration_manager.cpp:958:23:[m[K [01;35m[Kwarning: [m[Kcomparison of integer expressions of different signedness: ‘[01m[Kint[m[K’ and ‘[01m[Kstd::vector<std::vector<int> >::size_type[m[K’ {aka ‘[01m[Klong unsigned int[m[K’} [[01;35m[K-Wsign-compare[m[K]
  958 |     for (int i = 1; [01;35m[Ki < tours.size()[m[K; ++i)
      |                     [01;35m[K~~^~~~~~~~~~~~~~[m[K
[01m[K/home/zqh/phoenixZ/racer_ws/src/RACER/swarm_exploration/exploration_manager/src/fast_exploration_manager.cpp:762:10:[m[K [01;35m[Kwarning: [m[Kvariable ‘[01m[Kt2[m[K’ set but not used [[01;35m[K-Wunused-but-set-variable[m[K]
  762 |     auto [01;35m[Kt2[m[K = t1;
      |          [01;35m[K^~[m[K
[01m[K/home/zqh/phoenixZ/racer_ws/src/RACER/swarm_exploration/exploration_manager/src/fast_exploration_manager.cpp:790:9:[m[K [01;35m[Kwarning: [m[Kunused variable ‘[01m[Kunknown[m[K’ [[01;35m[K-Wunused-variable[m[K]
  790 |     int [01;35m[Kunknown[m[K;
      |         [01;35m[K^~~~~~~[m[K
[01m[K/home/zqh/phoenixZ/racer_ws/src/RACER/swarm_exploration/exploration_manager/src/fast_exploration_manager.cpp:792:12:[m[K [01;35m[Kwarning: [m[Kunused variable ‘[01m[Kmat_time[m[K’ [[01;35m[K-Wunused-variable[m[K]
  792 |     double [01;35m[Kmat_time[m[K = (ros::Time::now() - t1).toSec();
      |            [01;35m[K^~~~~~~~[m[K
[01m[K/home/zqh/phoenixZ/racer_ws/src/RACER/swarm_exploration/exploration_manager/src/fast_exploration_manager.cpp:[m[K In member function ‘[01m[Kdouble fast_planner::FastExplorationManager::computeGridPathCost(const Vector3d&, const std::vector<int>&, const std::vector<int>&, const std::vector<std::vector<int> >&, const std::vector<std::vector<int> >&, const double&)[m[K’:
[01m[K/home/zqh/phoenixZ/racer_ws/src/RACER/swarm_exploration/exploration_manager/src/fast_exploration_manager.cpp:1000:23:[m[K [01;35m[Kwarning: [m[Kcomparison of integer expressions of different signedness: ‘[01m[Kint[m[K’ and ‘[01m[Kstd::vector<int>::size_type[m[K’ {aka ‘[01m[Klong unsigned int[m[K’} [[01;35m[K-Wsign-compare[m[K]
 1000 |     for (int i = 0; [01;35m[Ki < grid_ids.size() - 1[m[K; ++i)
      |                     [01;35m[K~~^~~~~~~~~~~~~~~~~~~~~[m[K
[01m[K/home/zqh/phoenixZ/racer_ws/src/RACER/swarm_exploration/exploration_manager/src/fast_exploration_manager.cpp:[m[K In member function ‘[01m[Kbool fast_planner::FastExplorationManager::findGlobalTourOfGrid(const std::vector<Eigen::Matrix<double, 3, 1> >&, const std::vector<Eigen::Matrix<double, 3, 1> >&, std::vector<int>&, std::vector<std::vector<int> >&, bool)[m[K’:
[01m[K/home/zqh/phoenixZ/racer_ws/src/RACER/swarm_exploration/exploration_manager/src/fast_exploration_manager.cpp:1164:23:[m[K [01;35m[Kwarning: [m[Kcomparison of integer expressions of different signedness: ‘[01m[Kint[m[K’ and ‘[01m[Kstd::vector<std::vector<int> >::size_type[m[K’ {aka ‘[01m[Klong unsigned int[m[K’} [[01;35m[K-Wsign-compare[m[K]
 1164 |     for (int i = 1; [01;35m[Ki < tours.size()[m[K; ++i)
      |                     [01;35m[K~~^~~~~~~~~~~~~~[m[K
[01m[K/home/zqh/phoenixZ/racer_ws/src/RACER/swarm_exploration/exploration_manager/src/fast_exploration_manager.cpp:1056:12:[m[K [01;35m[Kwarning: [m[Kunused variable ‘[01m[Kmat_time[m[K’ [[01;35m[K-Wunused-variable[m[K]
 1056 |     double [01;35m[Kmat_time[m[K = (ros::Time::now() - t1).toSec();
      |            [01;35m[K^~~~~~~~[m[K
[01m[K/home/zqh/phoenixZ/racer_ws/src/RACER/swarm_exploration/exploration_manager/src/fast_exploration_manager.cpp:1112:12:[m[K [01;35m[Kwarning: [m[Kunused variable ‘[01m[Kmtsp_time[m[K’ [[01;35m[K-Wunused-variable[m[K]
 1112 |     double [01;35m[Kmtsp_time[m[K = (ros::Time::now() - t1).toSec();
      |            [01;35m[K^~~~~~~~~[m[K
[01m[K/home/zqh/phoenixZ/racer_ws/src/RACER/swarm_exploration/exploration_manager/src/fast_exploration_manager.cpp:[m[K In member function ‘[01m[Kvoid fast_planner::FastExplorationManager::findTourOfFrontier(const Vector3d&, const Vector3d&, const Vector3d&, const std::vector<int>&, const std::vector<Eigen::Matrix<double, 3, 1> >&, std::vector<int>&)[m[K’:
[01m[K/home/zqh/phoenixZ/racer_ws/src/RACER/swarm_exploration/exploration_manager/src/fast_exploration_manager.cpp:1315:23:[m[K [01;35m[Kwarning: [m[Kcomparison of integer expressions of different signedness: ‘[01m[Kint[m[K’ and ‘[01m[Kstd::vector<std::vector<int> >::size_type[m[K’ {aka ‘[01m[Klong unsigned int[m[K’} [[01;35m[K-Wsign-compare[m[K]
 1315 |     for (int i = 1; [01;35m[Ki < tours.size()[m[K; ++i)
      |                     [01;35m[K~~^~~~~~~~~~~~~~[m[K
[01m[K/home/zqh/phoenixZ/racer_ws/src/RACER/swarm_exploration/exploration_manager/src/fast_exploration_manager.cpp:1340:23:[m[K [01;35m[Kwarning: [m[Kcomparison of integer expressions of different signedness: ‘[01m[Kint[m[K’ and ‘[01m[Kstd::vector<int>::size_type[m[K’ {aka ‘[01m[Klong unsigned int[m[K’} [[01;35m[K-Wsign-compare[m[K]
 1340 |     for (int i = 0; [01;35m[Ki < indices.size()[m[K; ++i)
      |                     [01;35m[K~~^~~~~~~~~~~~~~~~[m[K
[01m[K/home/zqh/phoenixZ/racer_ws/src/RACER/swarm_exploration/exploration_manager/src/fast_exploration_manager.cpp:1220:12:[m[K [01;35m[Kwarning: [m[Kunused variable ‘[01m[Kmat_time[m[K’ [[01;35m[K-Wunused-variable[m[K]
 1220 |     double [01;35m[Kmat_time[m[K = (ros::Time::now() - t1).toSec();
      |            [01;35m[K^~~~~~~~[m[K
[01m[K/home/zqh/phoenixZ/racer_ws/src/RACER/swarm_exploration/exploration_manager/src/fast_exploration_manager.cpp:1271:12:[m[K [01;35m[Kwarning: [m[Kunused variable ‘[01m[Kmtsp_time[m[K’ [[01;35m[K-Wunused-variable[m[K]
 1271 |     double [01;35m[Kmtsp_time[m[K = (ros::Time::now() - t1).toSec();
      |            [01;35m[K^~~~~~~~~[m[K
[01m[K/home/zqh/phoenixZ/racer_ws/src/RACER/swarm_exploration/exploration_manager/src/fast_exploration_manager.cpp:1358:12:[m[K [01;35m[Kwarning: [m[Kunused variable ‘[01m[Kparse_time[m[K’ [[01;35m[K-Wunused-variable[m[K]
 1358 |     double [01;35m[Kparse_time[m[K = (ros::Time::now() - t1).toSec();
      |            [01;35m[K^~~~~~~~~~[m[K
[01m[K/home/zqh/phoenixZ/racer_ws/src/RACER/swarm_exploration/exploration_manager/src/fast_exploration_manager.cpp:[m[K In member function ‘[01m[Kvoid fast_planner::FastExplorationManager::refineLocalTour(const Vector3d&, const Vector3d&, const Vector3d&, const std::vector<std::vector<Eigen::Matrix<double, 3, 1> > >&, const std::vector<std::vector<double> >&, std::vector<Eigen::Matrix<double, 3, 1> >&, std::vector<double>&)[m[K’:
[01m[K/home/zqh/phoenixZ/racer_ws/src/RACER/swarm_exploration/exploration_manager/src/fast_exploration_manager.cpp:694:23:[m[K [01;35m[Kwarning: [m[Kcomparison of integer expressions of different signedness: ‘[01m[Kint[m[K’ and ‘[01m[Kstd::vector<std::vector<Eigen::Matrix<double, 3, 1> > >::size_type[m[K’ {aka ‘[01m[Klong unsigned int[m[K’} [[01;35m[K-Wsign-compare[m[K]
  694 |     for (int i = 0; [01;35m[Ki < n_points.size()[m[K; ++i)
      |                     [01;35m[K~~^~~~~~~~~~~~~~~~~[m[K
[01m[K/home/zqh/phoenixZ/racer_ws/src/RACER/swarm_exploration/exploration_manager/src/fast_exploration_manager.cpp:697:27:[m[K [01;35m[Kwarning: [m[Kcomparison of integer expressions of different signedness: ‘[01m[Kint[m[K’ and ‘[01m[Kstd::vector<Eigen::Matrix<double, 3, 1> >::size_type[m[K’ {aka ‘[01m[Klong unsigned int[m[K’} [[01;35m[K-Wsign-compare[m[K]
  697 |         for (int j = 0; [01;35m[Kj < n_points[i].size()[m[K; ++j)
      |                         [01;35m[K~~^~~~~~~~~~~~~~~~~~~~[m[K
[01m[K/home/zqh/phoenixZ/racer_ws/src/RACER/swarm_exploration/exploration_manager/src/fast_exploration_manager.cpp:707:19:[m[K [01;35m[Kwarning: [m[Kcomparison of integer expressions of different signedness: ‘[01m[Kint[m[K’ and ‘[01m[Kstd::vector<std::vector<Eigen::Matrix<double, 3, 1> > >::size_type[m[K’ {aka ‘[01m[Klong unsigned int[m[K’} [[01;35m[K-Wsign-compare[m[K]
  707 |             if ([01;35m[Ki == n_points.size() - 1[m[K)
      |                 [01;35m[K~~^~~~~~~~~~~~~~~~~~~~~~[m[K
[01m[K/home/zqh/phoenixZ/racer_ws/src/RACER/swarm_exploration/exploration_manager/src/fast_exploration_manager.cpp:730:23:[m[K [01;35m[Kwarning: [m[Kcomparison of integer expressions of different signedness: ‘[01m[Kint[m[K’ and ‘[01m[Kstd::vector<std::shared_ptr<fast_planner::ViewNode> >::size_type[m[K’ {aka ‘[01m[Klong unsigned int[m[K’} [[01;35m[K-Wsign-compare[m[K]
  730 |     for (int i = 1; [01;35m[Ki < path.size()[m[K; ++i)
      |                     [01;35m[K~~^~~~~~~~~~~~~[m[K
[01m[K/home/zqh/phoenixZ/racer_ws/src/RACER/swarm_exploration/exploration_manager/src/fast_exploration_manager.cpp:678:12:[m[K [01;35m[Kwarning: [m[Kvariable ‘[01m[Kcreate_time[m[K’ set but not used [[01;35m[K-Wunused-but-set-variable[m[K]
  678 |     double [01;35m[Kcreate_time[m[K, search_time, parse_time;
      |            [01;35m[K^~~~~~~~~~~[m[K
[01m[K/home/zqh/phoenixZ/racer_ws/src/RACER/swarm_exploration/exploration_manager/src/fast_exploration_manager.cpp:678:25:[m[K [01;35m[Kwarning: [m[Kvariable ‘[01m[Ksearch_time[m[K’ set but not used [[01;35m[K-Wunused-but-set-variable[m[K]
  678 |     double create_time, [01;35m[Ksearch_time[m[K, parse_time;
      |                         [01;35m[K^~~~~~~~~~~[m[K
[01m[K/home/zqh/phoenixZ/racer_ws/src/RACER/swarm_exploration/exploration_manager/src/fast_exploration_manager.cpp:678:38:[m[K [01;35m[Kwarning: [m[Kvariable ‘[01m[Kparse_time[m[K’ set but not used [[01;35m[K-Wunused-but-set-variable[m[K]
  678 |     double create_time, search_time, [01;35m[Kparse_time[m[K;
      |                                      [01;35m[K^~~~~~~~~~[m[K
[01m[K/home/zqh/phoenixZ/racer_ws/src/RACER/swarm_exploration/exploration_manager/src/fast_exploration_manager.cpp:[m[K In member function ‘[01m[Kvoid fast_planner::FastExplorationManager::allocateGrids(const std::vector<Eigen::Matrix<double, 3, 1> >&, const std::vector<Eigen::Matrix<double, 3, 1> >&, const std::vector<std::vector<int> >&, const std::vector<std::vector<int> >&, const std::vector<int>&, std::vector<int>&, std::vector<int>&)[m[K’:
[01m[K/home/zqh/phoenixZ/racer_ws/src/RACER/swarm_exploration/exploration_manager/src/fast_exploration_manager.cpp:801:23:[m[K [01;35m[Kwarning: [m[Kcomparison of integer expressions of different signedness: ‘[01m[Kint[m[K’ and ‘[01m[Kstd::vector<int>::size_type[m[K’ {aka ‘[01m[Klong unsigned int[m[K’} [[01;35m[K-Wsign-compare[m[K]
  801 |     for (int i = 0; [01;35m[Ki < grid_ids.size()[m[K; ++i)
      |                     [01;35m[K~~^~~~~~~~~~~~~~~~~[m[K
[01m[K/home/zqh/phoenixZ/racer_ws/src/RACER/swarm_exploration/exploration_manager/src/fast_exploration_manager.cpp:858:27:[m[K [01;35m[Kwarning: [m[Kcomparison of integer expressions of different signedness: ‘[01m[Kint[m[K’ and ‘[01m[Kstd::vector<int>::size_type[m[K’ {aka ‘[01m[Klong unsigned int[m[K’} [[01;35m[K-Wsign-compare[m[K]
  858 |         for (int i = 0; [01;35m[Ki < grid_ids.size()[m[K; ++i)
      |                         [01;35m[K~~^~~~~~~~~~~~~~~~~[m[K
[01m[K/home/zqh/phoenixZ/racer_ws/src/RACER/swarm_exploration/exploration_manager/src/fast_exploration_manager.cpp:958:23:[m[K [01;35m[Kwarning: [m[Kcomparison of integer expressions of different signedness: ‘[01m[Kint[m[K’ and ‘[01m[Kstd::vector<std::vector<int> >::size_type[m[K’ {aka ‘[01m[Klong unsigned int[m[K’} [[01;35m[K-Wsign-compare[m[K]
  958 |     for (int i = 1; [01;35m[Ki < tours.size()[m[K; ++i)
      |                     [01;35m[K~~^~~~~~~~~~~~~~[m[K
[01m[K/home/zqh/phoenixZ/racer_ws/src/RACER/swarm_exploration/exploration_manager/src/fast_exploration_manager.cpp:762:10:[m[K [01;35m[Kwarning: [m[Kvariable ‘[01m[Kt2[m[K’ set but not used [[01;35m[K-Wunused-but-set-variable[m[K]
  762 |     auto [01;35m[Kt2[m[K = t1;
      |          [01;35m[K^~[m[K
[01m[K/home/zqh/phoenixZ/racer_ws/src/RACER/swarm_exploration/exploration_manager/src/fast_exploration_manager.cpp:790:9:[m[K [01;35m[Kwarning: [m[Kunused variable ‘[01m[Kunknown[m[K’ [[01;35m[K-Wunused-variable[m[K]
  790 |     int [01;35m[Kunknown[m[K;
      |         [01;35m[K^~~~~~~[m[K
[01m[K/home/zqh/phoenixZ/racer_ws/src/RACER/swarm_exploration/exploration_manager/src/fast_exploration_manager.cpp:792:12:[m[K [01;35m[Kwarning: [m[Kunused variable ‘[01m[Kmat_time[m[K’ [[01;35m[K-Wunused-variable[m[K]
  792 |     double [01;35m[Kmat_time[m[K = (ros::Time::now() - t1).toSec();
      |            [01;35m[K^~~~~~~~[m[K
[01m[K/home/zqh/phoenixZ/racer_ws/src/RACER/swarm_exploration/exploration_manager/src/fast_exploration_manager.cpp:[m[K In member function ‘[01m[Kdouble fast_planner::FastExplorationManager::computeGridPathCost(const Vector3d&, const std::vector<int>&, const std::vector<int>&, const std::vector<std::vector<int> >&, const std::vector<std::vector<int> >&, const double&)[m[K’:
[01m[K/home/zqh/phoenixZ/racer_ws/src/RACER/swarm_exploration/exploration_manager/src/fast_exploration_manager.cpp:1000:23:[m[K [01;35m[Kwarning: [m[Kcomparison of integer expressions of different signedness: ‘[01m[Kint[m[K’ and ‘[01m[Kstd::vector<int>::size_type[m[K’ {aka ‘[01m[Klong unsigned int[m[K’} [[01;35m[K-Wsign-compare[m[K]
 1000 |     for (int i = 0; [01;35m[Ki < grid_ids.size() - 1[m[K; ++i)
      |                     [01;35m[K~~^~~~~~~~~~~~~~~~~~~~~[m[K
[01m[K/home/zqh/phoenixZ/racer_ws/src/RACER/swarm_exploration/exploration_manager/src/fast_exploration_manager.cpp:[m[K In member function ‘[01m[Kbool fast_planner::FastExplorationManager::findGlobalTourOfGrid(const std::vector<Eigen::Matrix<double, 3, 1> >&, const std::vector<Eigen::Matrix<double, 3, 1> >&, std::vector<int>&, std::vector<std::vector<int> >&, bool)[m[K’:
[01m[K/home/zqh/phoenixZ/racer_ws/src/RACER/swarm_exploration/exploration_manager/src/fast_exploration_manager.cpp:1164:23:[m[K [01;35m[Kwarning: [m[Kcomparison of integer expressions of different signedness: ‘[01m[Kint[m[K’ and ‘[01m[Kstd::vector<std::vector<int> >::size_type[m[K’ {aka ‘[01m[Klong unsigned int[m[K’} [[01;35m[K-Wsign-compare[m[K]
 1164 |     for (int i = 1; [01;35m[Ki < tours.size()[m[K; ++i)
      |                     [01;35m[K~~^~~~~~~~~~~~~~[m[K
[01m[K/home/zqh/phoenixZ/racer_ws/src/RACER/swarm_exploration/exploration_manager/src/fast_exploration_manager.cpp:1056:12:[m[K [01;35m[Kwarning: [m[Kunused variable ‘[01m[Kmat_time[m[K’ [[01;35m[K-Wunused-variable[m[K]
 1056 |     double [01;35m[Kmat_time[m[K = (ros::Time::now() - t1).toSec();
      |            [01;35m[K^~~~~~~~[m[K
[01m[K/home/zqh/phoenixZ/racer_ws/src/RACER/swarm_exploration/exploration_manager/src/fast_exploration_manager.cpp:1112:12:[m[K [01;35m[Kwarning: [m[Kunused variable ‘[01m[Kmtsp_time[m[K’ [[01;35m[K-Wunused-variable[m[K]
 1112 |     double [01;35m[Kmtsp_time[m[K = (ros::Time::now() - t1).toSec();
      |            [01;35m[K^~~~~~~~~[m[K
[01m[K/home/zqh/phoenixZ/racer_ws/src/RACER/swarm_exploration/exploration_manager/src/fast_exploration_manager.cpp:[m[K In member function ‘[01m[Kvoid fast_planner::FastExplorationManager::findTourOfFrontier(const Vector3d&, const Vector3d&, const Vector3d&, const std::vector<int>&, const std::vector<Eigen::Matrix<double, 3, 1> >&, std::vector<int>&)[m[K’:
[01m[K/home/zqh/phoenixZ/racer_ws/src/RACER/swarm_exploration/exploration_manager/src/fast_exploration_manager.cpp:1315:23:[m[K [01;35m[Kwarning: [m[Kcomparison of integer expressions of different signedness: ‘[01m[Kint[m[K’ and ‘[01m[Kstd::vector<std::vector<int> >::size_type[m[K’ {aka ‘[01m[Klong unsigned int[m[K’} [[01;35m[K-Wsign-compare[m[K]
 1315 |     for (int i = 1; [01;35m[Ki < tours.size()[m[K; ++i)
      |                     [01;35m[K~~^~~~~~~~~~~~~~[m[K
[01m[K/home/zqh/phoenixZ/racer_ws/src/RACER/swarm_exploration/exploration_manager/src/fast_exploration_manager.cpp:1340:23:[m[K [01;35m[Kwarning: [m[Kcomparison of integer expressions of different signedness: ‘[01m[Kint[m[K’ and ‘[01m[Kstd::vector<int>::size_type[m[K’ {aka ‘[01m[Klong unsigned int[m[K’} [[01;35m[K-Wsign-compare[m[K]
 1340 |     for (int i = 0; [01;35m[Ki < indices.size()[m[K; ++i)
      |                     [01;35m[K~~^~~~~~~~~~~~~~~~[m[K
[01m[K/home/zqh/phoenixZ/racer_ws/src/RACER/swarm_exploration/exploration_manager/src/fast_exploration_manager.cpp:1220:12:[m[K [01;35m[Kwarning: [m[Kunused variable ‘[01m[Kmat_time[m[K’ [[01;35m[K-Wunused-variable[m[K]
 1220 |     double [01;35m[Kmat_time[m[K = (ros::Time::now() - t1).toSec();
      |            [01;35m[K^~~~~~~~[m[K
[01m[K/home/zqh/phoenixZ/racer_ws/src/RACER/swarm_exploration/exploration_manager/src/fast_exploration_manager.cpp:1271:12:[m[K [01;35m[Kwarning: [m[Kunused variable ‘[01m[Kmtsp_time[m[K’ [[01;35m[K-Wunused-variable[m[K]
 1271 |     double [01;35m[Kmtsp_time[m[K = (ros::Time::now() - t1).toSec();
      |            [01;35m[K^~~~~~~~~[m[K
[01m[K/home/zqh/phoenixZ/racer_ws/src/RACER/swarm_exploration/exploration_manager/src/fast_exploration_manager.cpp:1358:12:[m[K [01;35m[Kwarning: [m[Kunused variable ‘[01m[Kparse_time[m[K’ [[01;35m[K-Wunused-variable[m[K]
 1358 |     double [01;35m[Kparse_time[m[K = (ros::Time::now() - t1).toSec();
      |            [01;35m[K^~~~~~~~~~[m[K
