[35m[1mScanning dependencies of target racer2gazebo_cmd[0m
[  0%] Built target exploration_manager_xacro_generated_to_devel_space_
[  0%] Built target geometry_msgs_generate_messages_eus
[  0%] Built target geometry_msgs_generate_messages_nodejs
[  0%] Built target geometry_msgs_generate_messages_py
[  0%] Built target geometry_msgs_generate_messages_cpp
[  2%] [32mBuilding CXX object CMakeFiles/racer2gazebo_cmd.dir/src/racer2gazebo_cmd.cpp.o[0m
[  5%] Built target geometry_msgs_generate_messages_lisp
[  5%] [32m[1mLinking CXX executable /home/zqh/phoenixZ/racer_explore/devel/.private/exploration_manager/lib/exploration_manager/sensor_pos[0m
[  7%] [32m[1mLinking CXX executable /home/zqh/phoenixZ/racer_explore/devel/.private/exploration_manager/lib/exploration_manager/exploration_node[0m
[ 10%] [32m[1mLinking CXX executable /home/zqh/phoenixZ/racer_explore/devel/.private/exploration_manager/lib/exploration_manager/ground_node[0m
[ 10%] Built target _exploration_manager_generate_messages_check_deps_HGrid
[ 10%] Built target _exploration_manager_generate_messages_check_deps_PairOptResponse
[ 10%] Built target _exploration_manager_generate_messages_check_deps_PairOpt
[ 10%] Built target _exploration_manager_generate_messages_check_deps_DroneState
[ 10%] Built target _exploration_manager_generate_messages_check_deps_GridTour
[ 52%] Built target exploration_manager_generate_messages_nodejs
[ 52%] Built target exploration_manager_generate_messages_py
[ 52%] Built target exploration_manager_generate_messages_cpp
[ 65%] Built target exploration_manager_generate_messages_lisp
[ 81%] Built target exploration_manager_generate_messages_eus
[ 81%] Built target exploration_manager_generate_messages
[ 84%] Built target sensor_pos
[ 89%] Built target ground_node
[ 97%] Built target exploration_node
[01m[K/home/zqh/phoenixZ/racer_explore/src/RACER/swarm_exploration/exploration_manager/src/racer2gazebo_cmd.cpp:[m[K In constructor ‘[01m[KCommandConverter::CommandConverter()[m[K’:
[01m[K/home/zqh/phoenixZ/racer_explore/src/RACER/swarm_exploration/exploration_manager/src/racer2gazebo_cmd.cpp:157:9:[m[K [01;35m[Kwarning: [m[K‘[01m[KCommandConverter::car_id_num_[m[K’ will be initialized after [[01;35m[K-Wreorder[m[K]
  157 |     int [01;35m[Kcar_id_num_[m[K;
      |         [01;35m[K^~~~~~~~~~~[m[K
[01m[K/home/zqh/phoenixZ/racer_explore/src/RACER/swarm_exploration/exploration_manager/src/racer2gazebo_cmd.cpp:155:10:[m[K [01;35m[Kwarning: [m[K  ‘[01m[Kbool CommandConverter::mission_done_[m[K’ [[01;35m[K-Wreorder[m[K]
  155 |     bool [01;35m[Kmission_done_[m[K;
      |          [01;35m[K^~~~~~~~~~~~~[m[K
[01m[K/home/zqh/phoenixZ/racer_explore/src/RACER/swarm_exploration/exploration_manager/src/racer2gazebo_cmd.cpp:11:5:[m[K [01;35m[Kwarning: [m[K  when initialized here [[01;35m[K-Wreorder[m[K]
   11 |     [01;35m[KCommandConverter[m[K()
      |     [01;35m[K^~~~~~~~~~~~~~~~[m[K
[100%] [32m[1mLinking CXX executable /home/zqh/phoenixZ/racer_explore/devel/.private/exploration_manager/lib/exploration_manager/racer2gazebo_cmd[0m
[100%] Built target racer2gazebo_cmd
