[  0%] Built target exploration_manager_xacro_generated_to_devel_space_
[  0%] Built target geometry_msgs_generate_messages_cpp
[  6%] Built target racer2gazebo_cmd
[  6%] Built target geometry_msgs_generate_messages_py
[ 12%] Built target sensor_pos
[ 12%] Built target geometry_msgs_generate_messages_nodejs
[ 12%] Built target geometry_msgs_generate_messages_eus
[ 12%] Built target geometry_msgs_generate_messages_lisp
[ 27%] Built target ground_node
[ 33%] Built target exploration_node
[ 33%] Built target _exploration_manager_generate_messages_check_deps_PairOptResponse
[ 33%] Built target _exploration_manager_generate_messages_check_deps_GridTour
[ 33%] Built target _exploration_manager_generate_messages_check_deps_PairOpt
[ 33%] Built target _exploration_manager_generate_messages_check_deps_HGrid
[ 66%] Built target exploration_manager_generate_messages_cpp
[ 66%] Built target exploration_manager_generate_messages_nodejs
[ 72%] Built target exploration_manager_generate_messages_py
[ 96%] Built target exploration_manager_generate_messages_eus
[100%] Built target exploration_manager_generate_messages_lisp
[100%] Built target exploration_manager_generate_messages
