[  3%] Built target exploration_manager_xacro_generated_to_devel_space_
[  3%] [32m[1mLinking CXX executable /home/zqh/phoenixZ/racer_explore/devel/.private/exploration_manager/lib/exploration_manager/racer2gazebo_cmd[0m
[  3%] Built target geometry_msgs_generate_messages_nodejs
[  6%] [32m[1mLinking CXX executable /home/zqh/phoenixZ/racer_explore/devel/.private/exploration_manager/lib/exploration_manager/sensor_pos[0m
[  6%] Built target geometry_msgs_generate_messages_eus
[  6%] Built target geometry_msgs_generate_messages_cpp
[  6%] Built target geometry_msgs_generate_messages_py
[  6%] Built target geometry_msgs_generate_messages_lisp
[  9%] [32m[1mLinking CXX executable /home/zqh/phoenixZ/racer_explore/devel/.private/exploration_manager/lib/exploration_manager/ground_node[0m
[ 12%] [32m[1mLinking CXX executable /home/zqh/phoenixZ/racer_explore/devel/.private/exploration_manager/lib/exploration_manager/exploration_node[0m
[ 12%] Built target _exploration_manager_generate_messages_check_deps_GridTour
[ 12%] Built target _exploration_manager_generate_messages_check_deps_PairOptResponse
[ 12%] Built target _exploration_manager_generate_messages_check_deps_HGrid
[ 12%] Built target _exploration_manager_generate_messages_check_deps_PairOpt
[ 24%] Built target exploration_manager_generate_messages_nodejs
[ 36%] Built target exploration_manager_generate_messages_lisp
[ 51%] Built target exploration_manager_generate_messages_py
[ 63%] Built target exploration_manager_generate_messages_cpp
[ 78%] Built target exploration_manager_generate_messages_eus
[ 78%] Built target exploration_manager_generate_messages
[ 84%] Built target sensor_pos
[ 84%] Built target racer2gazebo_cmd
[ 90%] Built target ground_node
[100%] Built target exploration_node
