Symlinking /home/zqh/phoenixZ/racer_explore/devel/share/map_generator/cmake/map_generatorConfig.cmake
Symlinking /home/zqh/phoenixZ/racer_explore/devel/share/map_generator/cmake/map_generatorConfig-version.cmake
Symlinking /home/zqh/phoenixZ/racer_explore/devel/lib/pkgconfig/map_generator.pc
Symlinking /home/zqh/phoenixZ/racer_explore/devel/lib/map_generator/map_recorder
Symlinking /home/zqh/phoenixZ/racer_explore/devel/lib/map_generator/pilar_map
Symlinking /home/zqh/phoenixZ/racer_explore/devel/lib/map_generator/click_map
Symlinking /home/zqh/phoenixZ/racer_explore/devel/lib/map_generator/map_pub
Cleaning: (/root/jky/racer_explore/devel/.private/map_generator/cmake.lock, /root/jky/racer_explore/devel/./cmake.lock)
Cleaning: (/root/jky/racer_explore/devel/.private/map_generator/share/map_generator/cmake/map_generatorConfig.cmake, /root/jky/racer_explore/devel/share/map_generator/cmake/map_generatorConfig.cmake)
Cleaning: (/root/jky/racer_explore/devel/.private/map_generator/share/map_generator/cmake/map_generatorConfig-version.cmake, /root/jky/racer_explore/devel/share/map_generator/cmake/map_generatorConfig-version.cmake)
Cleaning: (/root/jky/racer_explore/devel/.private/map_generator/lib/pkgconfig/map_generator.pc, /root/jky/racer_explore/devel/lib/pkgconfig/map_generator.pc)
Cleaning: (/root/jky/racer_explore/devel/.private/map_generator/lib/map_generator/map_recorder, /root/jky/racer_explore/devel/lib/map_generator/map_recorder)
Cleaning: (/root/jky/racer_explore/devel/.private/map_generator/lib/map_generator/pilar_map, /root/jky/racer_explore/devel/lib/map_generator/pilar_map)
Cleaning: (/root/jky/racer_explore/devel/.private/map_generator/lib/map_generator/click_map, /root/jky/racer_explore/devel/lib/map_generator/click_map)
Cleaning: (/root/jky/racer_explore/devel/.private/map_generator/lib/map_generator/map_pub, /root/jky/racer_explore/devel/lib/map_generator/map_pub)
Unlinking: /root/jky/racer_explore/devel/share/map_generator/cmake/map_generatorConfig.cmake
Already unlinked: {}
Unlinking: /root/jky/racer_explore/devel/share/map_generator/cmake/map_generatorConfig-version.cmake
Already unlinked: {}
Unlinking: /root/jky/racer_explore/devel/lib/pkgconfig/map_generator.pc
Already unlinked: {}
Unlinking: /root/jky/racer_explore/devel/lib/map_generator/map_recorder
Already unlinked: {}
Unlinking: /root/jky/racer_explore/devel/lib/map_generator/pilar_map
Already unlinked: {}
Unlinking: /root/jky/racer_explore/devel/lib/map_generator/click_map
Already unlinked: {}
Unlinking: /root/jky/racer_explore/devel/lib/map_generator/map_pub
Already unlinked: {}
